[2024-05-09T02:40:06.677+0000] {local_task_job_runner.py:120} INFO - ::group::Pre task execution logs
[2024-05-09T02:40:06.722+0000] {taskinstance.py:2073} INFO - Dependencies all met for dep_context=non-requeueable deps ti=<TaskInstance: my_dag_trigger.task_id_C scheduled__2024-05-08T00:00:00+00:00 [queued]>
[2024-05-09T02:40:06.740+0000] {taskinstance.py:2073} INFO - Dependencies all met for dep_context=requeueable deps ti=<TaskInstance: my_dag_trigger.task_id_C scheduled__2024-05-08T00:00:00+00:00 [queued]>
[2024-05-09T02:40:06.741+0000] {taskinstance.py:2303} INFO - Starting attempt 1 of 3
[2024-05-09T02:40:06.767+0000] {taskinstance.py:2327} INFO - Executing <Task(PythonOperator): task_id_C> on 2024-05-08 00:00:00+00:00
[2024-05-09T02:40:06.779+0000] {warnings.py:110} WARNING - /home/***/.local/lib/python3.12/site-packages/***/task/task_runner/standard_task_runner.py:61: DeprecationWarning: This process (pid=3806) is multi-threaded, use of fork() may lead to deadlocks in the child.
  pid = os.fork()

[2024-05-09T02:40:06.782+0000] {standard_task_runner.py:63} INFO - Started process 3808 to run task
[2024-05-09T02:40:06.782+0000] {standard_task_runner.py:90} INFO - Running: ['***', 'tasks', 'run', 'my_dag_trigger', 'task_id_C', 'scheduled__2024-05-08T00:00:00+00:00', '--job-id', '51', '--raw', '--subdir', 'DAGS_FOLDER/my_dag_trigger.py', '--cfg-path', '/tmp/tmpquh1ntrw']
[2024-05-09T02:40:06.786+0000] {standard_task_runner.py:91} INFO - Job 51: Subtask task_id_C
[2024-05-09T02:40:06.856+0000] {task_command.py:426} INFO - Running <TaskInstance: my_dag_trigger.task_id_C scheduled__2024-05-08T00:00:00+00:00 [running]> on host 2b3626ba2b72
[2024-05-09T02:40:06.987+0000] {taskinstance.py:2644} INFO - Exporting env vars: AIRFLOW_CTX_DAG_OWNER='satyendra' AIRFLOW_CTX_DAG_ID='my_dag_trigger' AIRFLOW_CTX_TASK_ID='task_id_C' AIRFLOW_CTX_EXECUTION_DATE='2024-05-08T00:00:00+00:00' AIRFLOW_CTX_TRY_NUMBER='1' AIRFLOW_CTX_DAG_RUN_ID='scheduled__2024-05-08T00:00:00+00:00'
[2024-05-09T02:40:06.990+0000] {taskinstance.py:430} INFO - ::endgroup::
[2024-05-09T02:40:06.991+0000] {logging_mixin.py:188} INFO - Execution of task C
[2024-05-09T02:40:06.992+0000] {python.py:237} INFO - Done. Returned value was: None
[2024-05-09T02:40:06.992+0000] {taskinstance.py:441} INFO - ::group::Post task execution logs
[2024-05-09T02:40:07.005+0000] {taskinstance.py:1205} INFO - Marking task as SUCCESS. dag_id=my_dag_trigger, task_id=task_id_C, execution_date=20240508T000000, start_date=20240509T024006, end_date=20240509T024007
[2024-05-09T02:40:07.080+0000] {local_task_job_runner.py:240} INFO - Task exited with return code 0
[2024-05-09T02:40:07.106+0000] {taskinstance.py:3482} INFO - 0 downstream tasks scheduled from follow-on schedule check
[2024-05-09T02:40:07.146+0000] {local_task_job_runner.py:222} INFO - ::endgroup::
