[2024-05-02T05:54:08.688+0000] {processor.py:161} INFO - Started process (PID=44) to work on /home/airflow/.local/lib/python3.12/site-packages/airflow/example_dags/example_sla_dag.py
[2024-05-02T05:54:08.690+0000] {processor.py:830} INFO - Processing file /home/airflow/.local/lib/python3.12/site-packages/airflow/example_dags/example_sla_dag.py for tasks to queue
[2024-05-02T05:54:08.693+0000] {logging_mixin.py:188} INFO - [2024-05-02T05:54:08.692+0000] {dagbag.py:540} INFO - Filling up the DagBag from /home/airflow/.local/lib/python3.12/site-packages/airflow/example_dags/example_sla_dag.py
[2024-05-02T05:54:08.719+0000] {processor.py:840} INFO - DAG(s) 'example_sla_dag' retrieved from /home/airflow/.local/lib/python3.12/site-packages/airflow/example_dags/example_sla_dag.py
[2024-05-02T05:54:09.039+0000] {logging_mixin.py:188} INFO - [2024-05-02T05:54:09.038+0000] {dag.py:3096} INFO - Sync 1 DAGs
[2024-05-02T05:54:09.126+0000] {logging_mixin.py:188} INFO - [2024-05-02T05:54:09.126+0000] {dag.py:3954} INFO - Setting next_dagrun for example_sla_dag to 2024-05-02 05:52:00+00:00, run_after=2024-05-02 05:54:00+00:00
[2024-05-02T05:54:09.195+0000] {processor.py:183} INFO - Processing /home/airflow/.local/lib/python3.12/site-packages/airflow/example_dags/example_sla_dag.py took 0.516 seconds
[2024-05-02T05:54:39.691+0000] {processor.py:161} INFO - Started process (PID=102) to work on /home/airflow/.local/lib/python3.12/site-packages/airflow/example_dags/example_sla_dag.py
[2024-05-02T05:54:39.693+0000] {processor.py:830} INFO - Processing file /home/airflow/.local/lib/python3.12/site-packages/airflow/example_dags/example_sla_dag.py for tasks to queue
[2024-05-02T05:54:39.698+0000] {logging_mixin.py:188} INFO - [2024-05-02T05:54:39.697+0000] {dagbag.py:540} INFO - Filling up the DagBag from /home/airflow/.local/lib/python3.12/site-packages/airflow/example_dags/example_sla_dag.py
[2024-05-02T05:54:39.734+0000] {processor.py:840} INFO - DAG(s) 'example_sla_dag' retrieved from /home/airflow/.local/lib/python3.12/site-packages/airflow/example_dags/example_sla_dag.py
[2024-05-02T05:54:39.802+0000] {logging_mixin.py:188} INFO - [2024-05-02T05:54:39.800+0000] {dag.py:3096} INFO - Sync 1 DAGs
[2024-05-02T05:54:39.896+0000] {logging_mixin.py:188} INFO - [2024-05-02T05:54:39.895+0000] {dag.py:3954} INFO - Setting next_dagrun for example_sla_dag to 2024-05-02 05:52:00+00:00, run_after=2024-05-02 05:54:00+00:00
[2024-05-02T05:54:40.001+0000] {processor.py:183} INFO - Processing /home/airflow/.local/lib/python3.12/site-packages/airflow/example_dags/example_sla_dag.py took 0.338 seconds
[2024-05-02T05:55:11.653+0000] {processor.py:161} INFO - Started process (PID=160) to work on /home/airflow/.local/lib/python3.12/site-packages/airflow/example_dags/example_sla_dag.py
[2024-05-02T05:55:11.662+0000] {processor.py:830} INFO - Processing file /home/airflow/.local/lib/python3.12/site-packages/airflow/example_dags/example_sla_dag.py for tasks to queue
[2024-05-02T05:55:11.667+0000] {logging_mixin.py:188} INFO - [2024-05-02T05:55:11.667+0000] {dagbag.py:540} INFO - Filling up the DagBag from /home/airflow/.local/lib/python3.12/site-packages/airflow/example_dags/example_sla_dag.py
[2024-05-02T05:55:11.738+0000] {processor.py:840} INFO - DAG(s) 'example_sla_dag' retrieved from /home/airflow/.local/lib/python3.12/site-packages/airflow/example_dags/example_sla_dag.py
[2024-05-02T05:55:11.792+0000] {logging_mixin.py:188} INFO - [2024-05-02T05:55:11.792+0000] {dag.py:3096} INFO - Sync 1 DAGs
[2024-05-02T05:55:12.009+0000] {logging_mixin.py:188} INFO - [2024-05-02T05:55:11.997+0000] {dag.py:3954} INFO - Setting next_dagrun for example_sla_dag to 2024-05-02 05:52:00+00:00, run_after=2024-05-02 05:54:00+00:00
[2024-05-02T05:55:12.212+0000] {processor.py:183} INFO - Processing /home/airflow/.local/lib/python3.12/site-packages/airflow/example_dags/example_sla_dag.py took 0.609 seconds
[2024-05-02T05:55:44.430+0000] {processor.py:161} INFO - Started process (PID=216) to work on /home/airflow/.local/lib/python3.12/site-packages/airflow/example_dags/example_sla_dag.py
[2024-05-02T05:55:44.449+0000] {processor.py:830} INFO - Processing file /home/airflow/.local/lib/python3.12/site-packages/airflow/example_dags/example_sla_dag.py for tasks to queue
[2024-05-02T05:55:44.470+0000] {logging_mixin.py:188} INFO - [2024-05-02T05:55:44.467+0000] {dagbag.py:540} INFO - Filling up the DagBag from /home/airflow/.local/lib/python3.12/site-packages/airflow/example_dags/example_sla_dag.py
[2024-05-02T05:55:44.691+0000] {processor.py:840} INFO - DAG(s) 'example_sla_dag' retrieved from /home/airflow/.local/lib/python3.12/site-packages/airflow/example_dags/example_sla_dag.py
[2024-05-02T05:55:45.674+0000] {logging_mixin.py:188} INFO - [2024-05-02T05:55:45.673+0000] {dag.py:3096} INFO - Sync 1 DAGs
[2024-05-02T05:55:46.052+0000] {logging_mixin.py:188} INFO - [2024-05-02T05:55:46.051+0000] {dag.py:3954} INFO - Setting next_dagrun for example_sla_dag to 2024-05-02 05:52:00+00:00, run_after=2024-05-02 05:54:00+00:00
[2024-05-02T05:55:46.499+0000] {processor.py:183} INFO - Processing /home/airflow/.local/lib/python3.12/site-packages/airflow/example_dags/example_sla_dag.py took 2.119 seconds
[2024-05-02T05:56:50.682+0000] {processor.py:161} INFO - Started process (PID=263) to work on /home/airflow/.local/lib/python3.12/site-packages/airflow/example_dags/example_sla_dag.py
[2024-05-02T05:56:50.695+0000] {processor.py:830} INFO - Processing file /home/airflow/.local/lib/python3.12/site-packages/airflow/example_dags/example_sla_dag.py for tasks to queue
[2024-05-02T05:56:50.707+0000] {logging_mixin.py:188} INFO - [2024-05-02T05:56:50.701+0000] {dagbag.py:540} INFO - Filling up the DagBag from /home/airflow/.local/lib/python3.12/site-packages/airflow/example_dags/example_sla_dag.py
[2024-05-02T05:56:50.821+0000] {processor.py:840} INFO - DAG(s) 'example_sla_dag' retrieved from /home/airflow/.local/lib/python3.12/site-packages/airflow/example_dags/example_sla_dag.py
[2024-05-02T05:56:51.071+0000] {logging_mixin.py:188} INFO - [2024-05-02T05:56:51.071+0000] {dag.py:3096} INFO - Sync 1 DAGs
[2024-05-02T05:56:51.348+0000] {logging_mixin.py:188} INFO - [2024-05-02T05:56:51.347+0000] {dag.py:3954} INFO - Setting next_dagrun for example_sla_dag to 2024-05-02 05:54:00+00:00, run_after=2024-05-02 05:56:00+00:00
[2024-05-02T05:56:51.523+0000] {processor.py:183} INFO - Processing /home/airflow/.local/lib/python3.12/site-packages/airflow/example_dags/example_sla_dag.py took 0.876 seconds
[2024-05-02T05:57:54.280+0000] {processor.py:161} INFO - Started process (PID=311) to work on /home/airflow/.local/lib/python3.12/site-packages/airflow/example_dags/example_sla_dag.py
[2024-05-02T05:57:54.297+0000] {processor.py:830} INFO - Processing file /home/airflow/.local/lib/python3.12/site-packages/airflow/example_dags/example_sla_dag.py for tasks to queue
[2024-05-02T05:57:54.569+0000] {logging_mixin.py:188} INFO - [2024-05-02T05:57:54.499+0000] {dagbag.py:540} INFO - Filling up the DagBag from /home/airflow/.local/lib/python3.12/site-packages/airflow/example_dags/example_sla_dag.py
[2024-05-02T05:57:54.920+0000] {processor.py:840} INFO - DAG(s) 'example_sla_dag' retrieved from /home/airflow/.local/lib/python3.12/site-packages/airflow/example_dags/example_sla_dag.py
[2024-05-02T05:57:56.696+0000] {logging_mixin.py:188} INFO - [2024-05-02T05:57:56.636+0000] {dag.py:3096} INFO - Sync 1 DAGs
[2024-05-02T05:57:58.512+0000] {logging_mixin.py:188} INFO - [2024-05-02T05:57:58.474+0000] {dag.py:3954} INFO - Setting next_dagrun for example_sla_dag to 2024-05-02 05:54:00+00:00, run_after=2024-05-02 05:56:00+00:00
[2024-05-02T05:57:59.338+0000] {processor.py:183} INFO - Processing /home/airflow/.local/lib/python3.12/site-packages/airflow/example_dags/example_sla_dag.py took 5.233 seconds
[2024-05-02T05:58:44.565+0000] {processor.py:161} INFO - Started process (PID=345) to work on /home/airflow/.local/lib/python3.12/site-packages/airflow/example_dags/example_sla_dag.py
[2024-05-02T05:58:44.577+0000] {processor.py:830} INFO - Processing file /home/airflow/.local/lib/python3.12/site-packages/airflow/example_dags/example_sla_dag.py for tasks to queue
[2024-05-02T05:58:44.594+0000] {logging_mixin.py:188} INFO - [2024-05-02T05:58:44.593+0000] {dagbag.py:540} INFO - Filling up the DagBag from /home/airflow/.local/lib/python3.12/site-packages/airflow/example_dags/example_sla_dag.py
[2024-05-02T05:58:44.690+0000] {processor.py:840} INFO - DAG(s) 'example_sla_dag' retrieved from /home/airflow/.local/lib/python3.12/site-packages/airflow/example_dags/example_sla_dag.py
[2024-05-02T05:58:45.251+0000] {logging_mixin.py:188} INFO - [2024-05-02T05:58:45.251+0000] {dag.py:3096} INFO - Sync 1 DAGs
[2024-05-02T08:58:47.184+0000] {logging_mixin.py:188} INFO - [2024-05-02T08:58:47.184+0000] {dag.py:3954} INFO - Setting next_dagrun for example_sla_dag to 2024-05-02 08:56:00+00:00, run_after=2024-05-02 08:58:00+00:00
[2024-05-02T08:58:51.842+0000] {processor.py:183} INFO - Processing /home/airflow/.local/lib/python3.12/site-packages/airflow/example_dags/example_sla_dag.py took 6.356 seconds
[2024-05-02T23:42:51.238+0000] {processor.py:161} INFO - Started process (PID=384) to work on /home/airflow/.local/lib/python3.12/site-packages/airflow/example_dags/example_sla_dag.py
[2024-05-02T23:42:51.254+0000] {processor.py:830} INFO - Processing file /home/airflow/.local/lib/python3.12/site-packages/airflow/example_dags/example_sla_dag.py for tasks to queue
[2024-05-02T23:42:51.270+0000] {logging_mixin.py:188} INFO - [2024-05-02T23:42:51.269+0000] {dagbag.py:540} INFO - Filling up the DagBag from /home/airflow/.local/lib/python3.12/site-packages/airflow/example_dags/example_sla_dag.py
[2024-05-02T23:42:51.295+0000] {processor.py:840} INFO - DAG(s) 'example_sla_dag' retrieved from /home/airflow/.local/lib/python3.12/site-packages/airflow/example_dags/example_sla_dag.py
[2024-05-02T23:42:52.479+0000] {logging_mixin.py:188} INFO - [2024-05-02T23:42:52.478+0000] {dag.py:3096} INFO - Sync 1 DAGs
[2024-05-02T23:42:52.665+0000] {logging_mixin.py:188} INFO - [2024-05-02T23:42:52.664+0000] {dag.py:3954} INFO - Setting next_dagrun for example_sla_dag to 2024-05-02 23:40:00+00:00, run_after=2024-05-02 23:42:00+00:00
[2024-05-02T23:42:52.756+0000] {processor.py:183} INFO - Processing /home/airflow/.local/lib/python3.12/site-packages/airflow/example_dags/example_sla_dag.py took 1.524 seconds
[2024-05-02T23:43:32.567+0000] {processor.py:161} INFO - Started process (PID=443) to work on /home/airflow/.local/lib/python3.12/site-packages/airflow/example_dags/example_sla_dag.py
[2024-05-02T23:43:32.758+0000] {processor.py:830} INFO - Processing file /home/airflow/.local/lib/python3.12/site-packages/airflow/example_dags/example_sla_dag.py for tasks to queue
[2024-05-02T23:43:32.882+0000] {logging_mixin.py:188} INFO - [2024-05-02T23:43:32.789+0000] {dagbag.py:540} INFO - Filling up the DagBag from /home/airflow/.local/lib/python3.12/site-packages/airflow/example_dags/example_sla_dag.py
[2024-05-02T23:43:33.688+0000] {processor.py:840} INFO - DAG(s) 'example_sla_dag' retrieved from /home/airflow/.local/lib/python3.12/site-packages/airflow/example_dags/example_sla_dag.py
[2024-05-02T23:43:35.023+0000] {logging_mixin.py:188} INFO - [2024-05-02T23:43:35.021+0000] {dag.py:3096} INFO - Sync 1 DAGs
[2024-05-02T23:43:35.139+0000] {logging_mixin.py:188} INFO - [2024-05-02T23:43:35.138+0000] {dag.py:3954} INFO - Setting next_dagrun for example_sla_dag to 2024-05-02 23:40:00+00:00, run_after=2024-05-02 23:42:00+00:00
[2024-05-02T23:43:35.201+0000] {processor.py:183} INFO - Processing /home/airflow/.local/lib/python3.12/site-packages/airflow/example_dags/example_sla_dag.py took 3.220 seconds
[2024-05-02T23:44:20.989+0000] {processor.py:161} INFO - Started process (PID=475) to work on /home/airflow/.local/lib/python3.12/site-packages/airflow/example_dags/example_sla_dag.py
[2024-05-02T23:44:20.991+0000] {processor.py:830} INFO - Processing file /home/airflow/.local/lib/python3.12/site-packages/airflow/example_dags/example_sla_dag.py for tasks to queue
[2024-05-02T23:44:20.993+0000] {logging_mixin.py:188} INFO - [2024-05-02T23:44:20.992+0000] {dagbag.py:540} INFO - Filling up the DagBag from /home/airflow/.local/lib/python3.12/site-packages/airflow/example_dags/example_sla_dag.py
[2024-05-02T23:44:21.015+0000] {processor.py:840} INFO - DAG(s) 'example_sla_dag' retrieved from /home/airflow/.local/lib/python3.12/site-packages/airflow/example_dags/example_sla_dag.py
[2024-05-02T23:44:21.055+0000] {logging_mixin.py:188} INFO - [2024-05-02T23:44:21.055+0000] {dag.py:3096} INFO - Sync 1 DAGs
[2024-05-02T23:44:21.113+0000] {logging_mixin.py:188} INFO - [2024-05-02T23:44:21.113+0000] {dag.py:3954} INFO - Setting next_dagrun for example_sla_dag to 2024-05-02 23:42:00+00:00, run_after=2024-05-02 23:44:00+00:00
[2024-05-02T23:44:21.148+0000] {processor.py:183} INFO - Processing /home/airflow/.local/lib/python3.12/site-packages/airflow/example_dags/example_sla_dag.py took 0.173 seconds
[2024-05-02T23:44:51.879+0000] {processor.py:161} INFO - Started process (PID=533) to work on /home/airflow/.local/lib/python3.12/site-packages/airflow/example_dags/example_sla_dag.py
[2024-05-02T23:44:51.885+0000] {processor.py:830} INFO - Processing file /home/airflow/.local/lib/python3.12/site-packages/airflow/example_dags/example_sla_dag.py for tasks to queue
[2024-05-02T23:44:51.886+0000] {logging_mixin.py:188} INFO - [2024-05-02T23:44:51.886+0000] {dagbag.py:540} INFO - Filling up the DagBag from /home/airflow/.local/lib/python3.12/site-packages/airflow/example_dags/example_sla_dag.py
[2024-05-02T23:44:51.901+0000] {processor.py:840} INFO - DAG(s) 'example_sla_dag' retrieved from /home/airflow/.local/lib/python3.12/site-packages/airflow/example_dags/example_sla_dag.py
[2024-05-02T23:44:51.935+0000] {logging_mixin.py:188} INFO - [2024-05-02T23:44:51.935+0000] {dag.py:3096} INFO - Sync 1 DAGs
[2024-05-02T23:44:51.980+0000] {logging_mixin.py:188} INFO - [2024-05-02T23:44:51.980+0000] {dag.py:3954} INFO - Setting next_dagrun for example_sla_dag to 2024-05-02 23:42:00+00:00, run_after=2024-05-02 23:44:00+00:00
[2024-05-02T23:44:52.014+0000] {processor.py:183} INFO - Processing /home/airflow/.local/lib/python3.12/site-packages/airflow/example_dags/example_sla_dag.py took 0.144 seconds
[2024-05-02T23:45:24.863+0000] {processor.py:161} INFO - Started process (PID=591) to work on /home/airflow/.local/lib/python3.12/site-packages/airflow/example_dags/example_sla_dag.py
[2024-05-02T23:45:24.877+0000] {processor.py:830} INFO - Processing file /home/airflow/.local/lib/python3.12/site-packages/airflow/example_dags/example_sla_dag.py for tasks to queue
[2024-05-02T23:45:24.880+0000] {logging_mixin.py:188} INFO - [2024-05-02T23:45:24.879+0000] {dagbag.py:540} INFO - Filling up the DagBag from /home/airflow/.local/lib/python3.12/site-packages/airflow/example_dags/example_sla_dag.py
[2024-05-02T23:45:24.902+0000] {processor.py:840} INFO - DAG(s) 'example_sla_dag' retrieved from /home/airflow/.local/lib/python3.12/site-packages/airflow/example_dags/example_sla_dag.py
[2024-05-02T23:45:24.979+0000] {logging_mixin.py:188} INFO - [2024-05-02T23:45:24.979+0000] {dag.py:3096} INFO - Sync 1 DAGs
[2024-05-02T23:45:25.048+0000] {logging_mixin.py:188} INFO - [2024-05-02T23:45:25.048+0000] {dag.py:3954} INFO - Setting next_dagrun for example_sla_dag to 2024-05-02 23:42:00+00:00, run_after=2024-05-02 23:44:00+00:00
[2024-05-02T23:45:25.108+0000] {processor.py:183} INFO - Processing /home/airflow/.local/lib/python3.12/site-packages/airflow/example_dags/example_sla_dag.py took 0.300 seconds
[2024-05-02T23:45:55.790+0000] {processor.py:161} INFO - Started process (PID=649) to work on /home/airflow/.local/lib/python3.12/site-packages/airflow/example_dags/example_sla_dag.py
[2024-05-02T23:45:55.791+0000] {processor.py:830} INFO - Processing file /home/airflow/.local/lib/python3.12/site-packages/airflow/example_dags/example_sla_dag.py for tasks to queue
[2024-05-02T23:45:55.792+0000] {logging_mixin.py:188} INFO - [2024-05-02T23:45:55.792+0000] {dagbag.py:540} INFO - Filling up the DagBag from /home/airflow/.local/lib/python3.12/site-packages/airflow/example_dags/example_sla_dag.py
[2024-05-02T23:45:55.803+0000] {processor.py:840} INFO - DAG(s) 'example_sla_dag' retrieved from /home/airflow/.local/lib/python3.12/site-packages/airflow/example_dags/example_sla_dag.py
[2024-05-02T23:45:55.830+0000] {logging_mixin.py:188} INFO - [2024-05-02T23:45:55.830+0000] {dag.py:3096} INFO - Sync 1 DAGs
[2024-05-02T23:45:55.866+0000] {logging_mixin.py:188} INFO - [2024-05-02T23:45:55.866+0000] {dag.py:3954} INFO - Setting next_dagrun for example_sla_dag to 2024-05-02 23:42:00+00:00, run_after=2024-05-02 23:44:00+00:00
[2024-05-02T23:45:55.897+0000] {processor.py:183} INFO - Processing /home/airflow/.local/lib/python3.12/site-packages/airflow/example_dags/example_sla_dag.py took 0.117 seconds
[2024-05-02T23:46:25.970+0000] {processor.py:161} INFO - Started process (PID=707) to work on /home/airflow/.local/lib/python3.12/site-packages/airflow/example_dags/example_sla_dag.py
[2024-05-02T23:46:25.972+0000] {processor.py:830} INFO - Processing file /home/airflow/.local/lib/python3.12/site-packages/airflow/example_dags/example_sla_dag.py for tasks to queue
[2024-05-02T23:46:25.974+0000] {logging_mixin.py:188} INFO - [2024-05-02T23:46:25.973+0000] {dagbag.py:540} INFO - Filling up the DagBag from /home/airflow/.local/lib/python3.12/site-packages/airflow/example_dags/example_sla_dag.py
[2024-05-02T23:46:25.988+0000] {processor.py:840} INFO - DAG(s) 'example_sla_dag' retrieved from /home/airflow/.local/lib/python3.12/site-packages/airflow/example_dags/example_sla_dag.py
[2024-05-02T23:46:26.021+0000] {logging_mixin.py:188} INFO - [2024-05-02T23:46:26.021+0000] {dag.py:3096} INFO - Sync 1 DAGs
[2024-05-02T23:46:26.073+0000] {logging_mixin.py:188} INFO - [2024-05-02T23:46:26.073+0000] {dag.py:3954} INFO - Setting next_dagrun for example_sla_dag to 2024-05-02 23:44:00+00:00, run_after=2024-05-02 23:46:00+00:00
[2024-05-02T23:46:26.134+0000] {processor.py:183} INFO - Processing /home/airflow/.local/lib/python3.12/site-packages/airflow/example_dags/example_sla_dag.py took 0.174 seconds
[2024-05-02T23:46:56.355+0000] {processor.py:161} INFO - Started process (PID=771) to work on /home/airflow/.local/lib/python3.12/site-packages/airflow/example_dags/example_sla_dag.py
[2024-05-02T23:46:56.356+0000] {processor.py:830} INFO - Processing file /home/airflow/.local/lib/python3.12/site-packages/airflow/example_dags/example_sla_dag.py for tasks to queue
[2024-05-02T23:46:56.358+0000] {logging_mixin.py:188} INFO - [2024-05-02T23:46:56.357+0000] {dagbag.py:540} INFO - Filling up the DagBag from /home/airflow/.local/lib/python3.12/site-packages/airflow/example_dags/example_sla_dag.py
[2024-05-02T23:46:56.368+0000] {processor.py:840} INFO - DAG(s) 'example_sla_dag' retrieved from /home/airflow/.local/lib/python3.12/site-packages/airflow/example_dags/example_sla_dag.py
[2024-05-02T23:46:56.393+0000] {logging_mixin.py:188} INFO - [2024-05-02T23:46:56.393+0000] {dag.py:3096} INFO - Sync 1 DAGs
[2024-05-02T23:46:56.425+0000] {logging_mixin.py:188} INFO - [2024-05-02T23:46:56.425+0000] {dag.py:3954} INFO - Setting next_dagrun for example_sla_dag to 2024-05-02 23:44:00+00:00, run_after=2024-05-02 23:46:00+00:00
[2024-05-02T23:46:56.449+0000] {processor.py:183} INFO - Processing /home/airflow/.local/lib/python3.12/site-packages/airflow/example_dags/example_sla_dag.py took 0.103 seconds
[2024-05-02T23:47:26.817+0000] {processor.py:161} INFO - Started process (PID=829) to work on /home/airflow/.local/lib/python3.12/site-packages/airflow/example_dags/example_sla_dag.py
[2024-05-02T23:47:26.819+0000] {processor.py:830} INFO - Processing file /home/airflow/.local/lib/python3.12/site-packages/airflow/example_dags/example_sla_dag.py for tasks to queue
[2024-05-02T23:47:26.820+0000] {logging_mixin.py:188} INFO - [2024-05-02T23:47:26.819+0000] {dagbag.py:540} INFO - Filling up the DagBag from /home/airflow/.local/lib/python3.12/site-packages/airflow/example_dags/example_sla_dag.py
[2024-05-02T23:47:26.834+0000] {processor.py:840} INFO - DAG(s) 'example_sla_dag' retrieved from /home/airflow/.local/lib/python3.12/site-packages/airflow/example_dags/example_sla_dag.py
[2024-05-02T23:47:26.862+0000] {logging_mixin.py:188} INFO - [2024-05-02T23:47:26.862+0000] {dag.py:3096} INFO - Sync 1 DAGs
[2024-05-02T23:47:26.896+0000] {logging_mixin.py:188} INFO - [2024-05-02T23:47:26.895+0000] {dag.py:3954} INFO - Setting next_dagrun for example_sla_dag to 2024-05-02 23:44:00+00:00, run_after=2024-05-02 23:46:00+00:00
[2024-05-02T23:47:26.922+0000] {processor.py:183} INFO - Processing /home/airflow/.local/lib/python3.12/site-packages/airflow/example_dags/example_sla_dag.py took 0.113 seconds
[2024-05-02T23:47:57.046+0000] {processor.py:161} INFO - Started process (PID=887) to work on /home/airflow/.local/lib/python3.12/site-packages/airflow/example_dags/example_sla_dag.py
[2024-05-02T23:47:57.048+0000] {processor.py:830} INFO - Processing file /home/airflow/.local/lib/python3.12/site-packages/airflow/example_dags/example_sla_dag.py for tasks to queue
[2024-05-02T23:47:57.049+0000] {logging_mixin.py:188} INFO - [2024-05-02T23:47:57.048+0000] {dagbag.py:540} INFO - Filling up the DagBag from /home/airflow/.local/lib/python3.12/site-packages/airflow/example_dags/example_sla_dag.py
[2024-05-02T23:47:57.062+0000] {processor.py:840} INFO - DAG(s) 'example_sla_dag' retrieved from /home/airflow/.local/lib/python3.12/site-packages/airflow/example_dags/example_sla_dag.py
[2024-05-02T23:47:57.089+0000] {logging_mixin.py:188} INFO - [2024-05-02T23:47:57.088+0000] {dag.py:3096} INFO - Sync 1 DAGs
[2024-05-02T23:47:57.123+0000] {logging_mixin.py:188} INFO - [2024-05-02T23:47:57.123+0000] {dag.py:3954} INFO - Setting next_dagrun for example_sla_dag to 2024-05-02 23:44:00+00:00, run_after=2024-05-02 23:46:00+00:00
[2024-05-02T23:47:57.148+0000] {processor.py:183} INFO - Processing /home/airflow/.local/lib/python3.12/site-packages/airflow/example_dags/example_sla_dag.py took 0.110 seconds
[2024-05-02T23:48:27.399+0000] {processor.py:161} INFO - Started process (PID=945) to work on /home/airflow/.local/lib/python3.12/site-packages/airflow/example_dags/example_sla_dag.py
[2024-05-02T23:48:27.400+0000] {processor.py:830} INFO - Processing file /home/airflow/.local/lib/python3.12/site-packages/airflow/example_dags/example_sla_dag.py for tasks to queue
[2024-05-02T23:48:27.402+0000] {logging_mixin.py:188} INFO - [2024-05-02T23:48:27.401+0000] {dagbag.py:540} INFO - Filling up the DagBag from /home/airflow/.local/lib/python3.12/site-packages/airflow/example_dags/example_sla_dag.py
[2024-05-02T23:48:27.414+0000] {processor.py:840} INFO - DAG(s) 'example_sla_dag' retrieved from /home/airflow/.local/lib/python3.12/site-packages/airflow/example_dags/example_sla_dag.py
[2024-05-02T23:48:27.441+0000] {logging_mixin.py:188} INFO - [2024-05-02T23:48:27.440+0000] {dag.py:3096} INFO - Sync 1 DAGs
[2024-05-02T23:48:27.472+0000] {logging_mixin.py:188} INFO - [2024-05-02T23:48:27.472+0000] {dag.py:3954} INFO - Setting next_dagrun for example_sla_dag to 2024-05-02 23:46:00+00:00, run_after=2024-05-02 23:48:00+00:00
[2024-05-02T23:48:27.496+0000] {processor.py:183} INFO - Processing /home/airflow/.local/lib/python3.12/site-packages/airflow/example_dags/example_sla_dag.py took 0.105 seconds
[2024-05-02T23:48:58.682+0000] {processor.py:161} INFO - Started process (PID=1003) to work on /home/airflow/.local/lib/python3.12/site-packages/airflow/example_dags/example_sla_dag.py
[2024-05-02T23:48:58.683+0000] {processor.py:830} INFO - Processing file /home/airflow/.local/lib/python3.12/site-packages/airflow/example_dags/example_sla_dag.py for tasks to queue
[2024-05-02T23:48:58.684+0000] {logging_mixin.py:188} INFO - [2024-05-02T23:48:58.684+0000] {dagbag.py:540} INFO - Filling up the DagBag from /home/airflow/.local/lib/python3.12/site-packages/airflow/example_dags/example_sla_dag.py
[2024-05-02T23:48:58.696+0000] {processor.py:840} INFO - DAG(s) 'example_sla_dag' retrieved from /home/airflow/.local/lib/python3.12/site-packages/airflow/example_dags/example_sla_dag.py
[2024-05-02T23:48:58.720+0000] {logging_mixin.py:188} INFO - [2024-05-02T23:48:58.719+0000] {dag.py:3096} INFO - Sync 1 DAGs
[2024-05-02T23:48:58.935+0000] {logging_mixin.py:188} INFO - [2024-05-02T23:48:58.934+0000] {dag.py:3954} INFO - Setting next_dagrun for example_sla_dag to 2024-05-02 23:46:00+00:00, run_after=2024-05-02 23:48:00+00:00
[2024-05-02T23:48:58.960+0000] {processor.py:183} INFO - Processing /home/airflow/.local/lib/python3.12/site-packages/airflow/example_dags/example_sla_dag.py took 0.286 seconds
[2024-05-02T23:49:29.342+0000] {processor.py:161} INFO - Started process (PID=1060) to work on /home/airflow/.local/lib/python3.12/site-packages/airflow/example_dags/example_sla_dag.py
[2024-05-02T23:49:29.344+0000] {processor.py:830} INFO - Processing file /home/airflow/.local/lib/python3.12/site-packages/airflow/example_dags/example_sla_dag.py for tasks to queue
[2024-05-02T23:49:29.346+0000] {logging_mixin.py:188} INFO - [2024-05-02T23:49:29.345+0000] {dagbag.py:540} INFO - Filling up the DagBag from /home/airflow/.local/lib/python3.12/site-packages/airflow/example_dags/example_sla_dag.py
[2024-05-02T23:49:29.366+0000] {processor.py:840} INFO - DAG(s) 'example_sla_dag' retrieved from /home/airflow/.local/lib/python3.12/site-packages/airflow/example_dags/example_sla_dag.py
[2024-05-02T23:49:29.408+0000] {logging_mixin.py:188} INFO - [2024-05-02T23:49:29.408+0000] {dag.py:3096} INFO - Sync 1 DAGs
[2024-05-02T23:49:29.805+0000] {logging_mixin.py:188} INFO - [2024-05-02T23:49:29.804+0000] {dag.py:3954} INFO - Setting next_dagrun for example_sla_dag to 2024-05-02 23:46:00+00:00, run_after=2024-05-02 23:48:00+00:00
[2024-05-02T23:49:29.846+0000] {processor.py:183} INFO - Processing /home/airflow/.local/lib/python3.12/site-packages/airflow/example_dags/example_sla_dag.py took 0.517 seconds
[2024-05-02T23:50:00.610+0000] {processor.py:161} INFO - Started process (PID=1118) to work on /home/airflow/.local/lib/python3.12/site-packages/airflow/example_dags/example_sla_dag.py
[2024-05-02T23:50:00.611+0000] {processor.py:830} INFO - Processing file /home/airflow/.local/lib/python3.12/site-packages/airflow/example_dags/example_sla_dag.py for tasks to queue
[2024-05-02T23:50:00.613+0000] {logging_mixin.py:188} INFO - [2024-05-02T23:50:00.612+0000] {dagbag.py:540} INFO - Filling up the DagBag from /home/airflow/.local/lib/python3.12/site-packages/airflow/example_dags/example_sla_dag.py
[2024-05-02T23:50:00.626+0000] {processor.py:840} INFO - DAG(s) 'example_sla_dag' retrieved from /home/airflow/.local/lib/python3.12/site-packages/airflow/example_dags/example_sla_dag.py
[2024-05-02T23:50:00.656+0000] {logging_mixin.py:188} INFO - [2024-05-02T23:50:00.656+0000] {dag.py:3096} INFO - Sync 1 DAGs
[2024-05-02T23:50:00.699+0000] {logging_mixin.py:188} INFO - [2024-05-02T23:50:00.698+0000] {dag.py:3954} INFO - Setting next_dagrun for example_sla_dag to 2024-05-02 23:48:00+00:00, run_after=2024-05-02 23:50:00+00:00
[2024-05-02T23:50:00.728+0000] {processor.py:183} INFO - Processing /home/airflow/.local/lib/python3.12/site-packages/airflow/example_dags/example_sla_dag.py took 0.130 seconds
[2024-05-02T23:50:30.839+0000] {processor.py:161} INFO - Started process (PID=1176) to work on /home/airflow/.local/lib/python3.12/site-packages/airflow/example_dags/example_sla_dag.py
[2024-05-02T23:50:30.840+0000] {processor.py:830} INFO - Processing file /home/airflow/.local/lib/python3.12/site-packages/airflow/example_dags/example_sla_dag.py for tasks to queue
[2024-05-02T23:50:30.842+0000] {logging_mixin.py:188} INFO - [2024-05-02T23:50:30.841+0000] {dagbag.py:540} INFO - Filling up the DagBag from /home/airflow/.local/lib/python3.12/site-packages/airflow/example_dags/example_sla_dag.py
[2024-05-02T23:50:30.856+0000] {processor.py:840} INFO - DAG(s) 'example_sla_dag' retrieved from /home/airflow/.local/lib/python3.12/site-packages/airflow/example_dags/example_sla_dag.py
[2024-05-02T23:50:30.888+0000] {logging_mixin.py:188} INFO - [2024-05-02T23:50:30.888+0000] {dag.py:3096} INFO - Sync 1 DAGs
[2024-05-02T23:50:30.930+0000] {logging_mixin.py:188} INFO - [2024-05-02T23:50:30.930+0000] {dag.py:3954} INFO - Setting next_dagrun for example_sla_dag to 2024-05-02 23:48:00+00:00, run_after=2024-05-02 23:50:00+00:00
[2024-05-02T23:50:30.961+0000] {processor.py:183} INFO - Processing /home/airflow/.local/lib/python3.12/site-packages/airflow/example_dags/example_sla_dag.py took 0.132 seconds
[2024-05-02T23:51:01.386+0000] {processor.py:161} INFO - Started process (PID=1234) to work on /home/airflow/.local/lib/python3.12/site-packages/airflow/example_dags/example_sla_dag.py
[2024-05-02T23:51:01.387+0000] {processor.py:830} INFO - Processing file /home/airflow/.local/lib/python3.12/site-packages/airflow/example_dags/example_sla_dag.py for tasks to queue
[2024-05-02T23:51:01.388+0000] {logging_mixin.py:188} INFO - [2024-05-02T23:51:01.388+0000] {dagbag.py:540} INFO - Filling up the DagBag from /home/airflow/.local/lib/python3.12/site-packages/airflow/example_dags/example_sla_dag.py
[2024-05-02T23:51:01.399+0000] {processor.py:840} INFO - DAG(s) 'example_sla_dag' retrieved from /home/airflow/.local/lib/python3.12/site-packages/airflow/example_dags/example_sla_dag.py
[2024-05-02T23:51:01.425+0000] {logging_mixin.py:188} INFO - [2024-05-02T23:51:01.424+0000] {dag.py:3096} INFO - Sync 1 DAGs
[2024-05-02T23:51:01.458+0000] {logging_mixin.py:188} INFO - [2024-05-02T23:51:01.457+0000] {dag.py:3954} INFO - Setting next_dagrun for example_sla_dag to 2024-05-02 23:48:00+00:00, run_after=2024-05-02 23:50:00+00:00
[2024-05-02T23:51:01.484+0000] {processor.py:183} INFO - Processing /home/airflow/.local/lib/python3.12/site-packages/airflow/example_dags/example_sla_dag.py took 0.106 seconds
[2024-05-02T23:51:31.620+0000] {processor.py:161} INFO - Started process (PID=1292) to work on /home/airflow/.local/lib/python3.12/site-packages/airflow/example_dags/example_sla_dag.py
[2024-05-02T23:51:31.621+0000] {processor.py:830} INFO - Processing file /home/airflow/.local/lib/python3.12/site-packages/airflow/example_dags/example_sla_dag.py for tasks to queue
[2024-05-02T23:51:31.623+0000] {logging_mixin.py:188} INFO - [2024-05-02T23:51:31.622+0000] {dagbag.py:540} INFO - Filling up the DagBag from /home/airflow/.local/lib/python3.12/site-packages/airflow/example_dags/example_sla_dag.py
[2024-05-02T23:51:31.633+0000] {processor.py:840} INFO - DAG(s) 'example_sla_dag' retrieved from /home/airflow/.local/lib/python3.12/site-packages/airflow/example_dags/example_sla_dag.py
[2024-05-02T23:51:31.661+0000] {logging_mixin.py:188} INFO - [2024-05-02T23:51:31.661+0000] {dag.py:3096} INFO - Sync 1 DAGs
[2024-05-02T23:51:31.697+0000] {logging_mixin.py:188} INFO - [2024-05-02T23:51:31.697+0000] {dag.py:3954} INFO - Setting next_dagrun for example_sla_dag to 2024-05-02 23:48:00+00:00, run_after=2024-05-02 23:50:00+00:00
[2024-05-02T23:51:31.727+0000] {processor.py:183} INFO - Processing /home/airflow/.local/lib/python3.12/site-packages/airflow/example_dags/example_sla_dag.py took 0.114 seconds
[2024-05-02T23:52:01.848+0000] {processor.py:161} INFO - Started process (PID=1350) to work on /home/airflow/.local/lib/python3.12/site-packages/airflow/example_dags/example_sla_dag.py
[2024-05-02T23:52:01.849+0000] {processor.py:830} INFO - Processing file /home/airflow/.local/lib/python3.12/site-packages/airflow/example_dags/example_sla_dag.py for tasks to queue
[2024-05-02T23:52:01.851+0000] {logging_mixin.py:188} INFO - [2024-05-02T23:52:01.851+0000] {dagbag.py:540} INFO - Filling up the DagBag from /home/airflow/.local/lib/python3.12/site-packages/airflow/example_dags/example_sla_dag.py
[2024-05-02T23:52:01.867+0000] {processor.py:840} INFO - DAG(s) 'example_sla_dag' retrieved from /home/airflow/.local/lib/python3.12/site-packages/airflow/example_dags/example_sla_dag.py
[2024-05-02T23:52:01.898+0000] {logging_mixin.py:188} INFO - [2024-05-02T23:52:01.898+0000] {dag.py:3096} INFO - Sync 1 DAGs
[2024-05-02T23:52:01.938+0000] {logging_mixin.py:188} INFO - [2024-05-02T23:52:01.938+0000] {dag.py:3954} INFO - Setting next_dagrun for example_sla_dag to 2024-05-02 23:50:00+00:00, run_after=2024-05-02 23:52:00+00:00
[2024-05-02T23:52:01.966+0000] {processor.py:183} INFO - Processing /home/airflow/.local/lib/python3.12/site-packages/airflow/example_dags/example_sla_dag.py took 0.128 seconds
[2024-05-02T23:52:32.360+0000] {processor.py:161} INFO - Started process (PID=1409) to work on /home/airflow/.local/lib/python3.12/site-packages/airflow/example_dags/example_sla_dag.py
[2024-05-02T23:52:32.361+0000] {processor.py:830} INFO - Processing file /home/airflow/.local/lib/python3.12/site-packages/airflow/example_dags/example_sla_dag.py for tasks to queue
[2024-05-02T23:52:32.363+0000] {logging_mixin.py:188} INFO - [2024-05-02T23:52:32.362+0000] {dagbag.py:540} INFO - Filling up the DagBag from /home/airflow/.local/lib/python3.12/site-packages/airflow/example_dags/example_sla_dag.py
[2024-05-02T23:52:32.377+0000] {processor.py:840} INFO - DAG(s) 'example_sla_dag' retrieved from /home/airflow/.local/lib/python3.12/site-packages/airflow/example_dags/example_sla_dag.py
[2024-05-02T23:52:32.407+0000] {logging_mixin.py:188} INFO - [2024-05-02T23:52:32.407+0000] {dag.py:3096} INFO - Sync 1 DAGs
[2024-05-02T23:52:32.444+0000] {logging_mixin.py:188} INFO - [2024-05-02T23:52:32.444+0000] {dag.py:3954} INFO - Setting next_dagrun for example_sla_dag to 2024-05-02 23:50:00+00:00, run_after=2024-05-02 23:52:00+00:00
[2024-05-02T23:52:32.472+0000] {processor.py:183} INFO - Processing /home/airflow/.local/lib/python3.12/site-packages/airflow/example_dags/example_sla_dag.py took 0.123 seconds
[2024-05-02T23:53:02.567+0000] {processor.py:161} INFO - Started process (PID=1467) to work on /home/airflow/.local/lib/python3.12/site-packages/airflow/example_dags/example_sla_dag.py
[2024-05-02T23:53:02.568+0000] {processor.py:830} INFO - Processing file /home/airflow/.local/lib/python3.12/site-packages/airflow/example_dags/example_sla_dag.py for tasks to queue
[2024-05-02T23:53:02.570+0000] {logging_mixin.py:188} INFO - [2024-05-02T23:53:02.569+0000] {dagbag.py:540} INFO - Filling up the DagBag from /home/airflow/.local/lib/python3.12/site-packages/airflow/example_dags/example_sla_dag.py
[2024-05-02T23:53:02.580+0000] {processor.py:840} INFO - DAG(s) 'example_sla_dag' retrieved from /home/airflow/.local/lib/python3.12/site-packages/airflow/example_dags/example_sla_dag.py
[2024-05-02T23:53:02.608+0000] {logging_mixin.py:188} INFO - [2024-05-02T23:53:02.607+0000] {dag.py:3096} INFO - Sync 1 DAGs
[2024-05-02T23:53:02.647+0000] {logging_mixin.py:188} INFO - [2024-05-02T23:53:02.647+0000] {dag.py:3954} INFO - Setting next_dagrun for example_sla_dag to 2024-05-02 23:50:00+00:00, run_after=2024-05-02 23:52:00+00:00
[2024-05-02T23:53:02.675+0000] {processor.py:183} INFO - Processing /home/airflow/.local/lib/python3.12/site-packages/airflow/example_dags/example_sla_dag.py took 0.116 seconds
[2024-05-02T23:53:33.519+0000] {processor.py:161} INFO - Started process (PID=1525) to work on /home/airflow/.local/lib/python3.12/site-packages/airflow/example_dags/example_sla_dag.py
[2024-05-02T23:53:33.520+0000] {processor.py:830} INFO - Processing file /home/airflow/.local/lib/python3.12/site-packages/airflow/example_dags/example_sla_dag.py for tasks to queue
[2024-05-02T23:53:33.522+0000] {logging_mixin.py:188} INFO - [2024-05-02T23:53:33.521+0000] {dagbag.py:540} INFO - Filling up the DagBag from /home/airflow/.local/lib/python3.12/site-packages/airflow/example_dags/example_sla_dag.py
[2024-05-02T23:53:33.536+0000] {processor.py:840} INFO - DAG(s) 'example_sla_dag' retrieved from /home/airflow/.local/lib/python3.12/site-packages/airflow/example_dags/example_sla_dag.py
[2024-05-02T23:53:33.565+0000] {logging_mixin.py:188} INFO - [2024-05-02T23:53:33.565+0000] {dag.py:3096} INFO - Sync 1 DAGs
[2024-05-02T23:53:33.596+0000] {logging_mixin.py:188} INFO - [2024-05-02T23:53:33.596+0000] {dag.py:3954} INFO - Setting next_dagrun for example_sla_dag to 2024-05-02 23:50:00+00:00, run_after=2024-05-02 23:52:00+00:00
[2024-05-02T23:53:33.621+0000] {processor.py:183} INFO - Processing /home/airflow/.local/lib/python3.12/site-packages/airflow/example_dags/example_sla_dag.py took 0.110 seconds
[2024-05-02T23:54:04.088+0000] {processor.py:161} INFO - Started process (PID=1583) to work on /home/airflow/.local/lib/python3.12/site-packages/airflow/example_dags/example_sla_dag.py
[2024-05-02T23:54:04.090+0000] {processor.py:830} INFO - Processing file /home/airflow/.local/lib/python3.12/site-packages/airflow/example_dags/example_sla_dag.py for tasks to queue
[2024-05-02T23:54:04.091+0000] {logging_mixin.py:188} INFO - [2024-05-02T23:54:04.091+0000] {dagbag.py:540} INFO - Filling up the DagBag from /home/airflow/.local/lib/python3.12/site-packages/airflow/example_dags/example_sla_dag.py
[2024-05-02T23:54:04.104+0000] {processor.py:840} INFO - DAG(s) 'example_sla_dag' retrieved from /home/airflow/.local/lib/python3.12/site-packages/airflow/example_dags/example_sla_dag.py
[2024-05-02T23:54:04.135+0000] {logging_mixin.py:188} INFO - [2024-05-02T23:54:04.135+0000] {dag.py:3096} INFO - Sync 1 DAGs
[2024-05-02T23:54:04.175+0000] {logging_mixin.py:188} INFO - [2024-05-02T23:54:04.175+0000] {dag.py:3954} INFO - Setting next_dagrun for example_sla_dag to 2024-05-02 23:52:00+00:00, run_after=2024-05-02 23:54:00+00:00
[2024-05-02T23:54:04.205+0000] {processor.py:183} INFO - Processing /home/airflow/.local/lib/python3.12/site-packages/airflow/example_dags/example_sla_dag.py took 0.126 seconds
[2024-05-02T23:54:34.732+0000] {processor.py:161} INFO - Started process (PID=1641) to work on /home/airflow/.local/lib/python3.12/site-packages/airflow/example_dags/example_sla_dag.py
[2024-05-02T23:54:34.734+0000] {processor.py:830} INFO - Processing file /home/airflow/.local/lib/python3.12/site-packages/airflow/example_dags/example_sla_dag.py for tasks to queue
[2024-05-02T23:54:34.735+0000] {logging_mixin.py:188} INFO - [2024-05-02T23:54:34.734+0000] {dagbag.py:540} INFO - Filling up the DagBag from /home/airflow/.local/lib/python3.12/site-packages/airflow/example_dags/example_sla_dag.py
[2024-05-02T23:54:34.749+0000] {processor.py:840} INFO - DAG(s) 'example_sla_dag' retrieved from /home/airflow/.local/lib/python3.12/site-packages/airflow/example_dags/example_sla_dag.py
[2024-05-02T23:54:34.775+0000] {logging_mixin.py:188} INFO - [2024-05-02T23:54:34.775+0000] {dag.py:3096} INFO - Sync 1 DAGs
[2024-05-02T23:54:34.806+0000] {logging_mixin.py:188} INFO - [2024-05-02T23:54:34.806+0000] {dag.py:3954} INFO - Setting next_dagrun for example_sla_dag to 2024-05-02 23:52:00+00:00, run_after=2024-05-02 23:54:00+00:00
[2024-05-02T23:54:34.830+0000] {processor.py:183} INFO - Processing /home/airflow/.local/lib/python3.12/site-packages/airflow/example_dags/example_sla_dag.py took 0.106 seconds
[2024-05-02T23:55:05.320+0000] {processor.py:161} INFO - Started process (PID=1699) to work on /home/airflow/.local/lib/python3.12/site-packages/airflow/example_dags/example_sla_dag.py
[2024-05-02T23:55:05.321+0000] {processor.py:830} INFO - Processing file /home/airflow/.local/lib/python3.12/site-packages/airflow/example_dags/example_sla_dag.py for tasks to queue
[2024-05-02T23:55:05.323+0000] {logging_mixin.py:188} INFO - [2024-05-02T23:55:05.322+0000] {dagbag.py:540} INFO - Filling up the DagBag from /home/airflow/.local/lib/python3.12/site-packages/airflow/example_dags/example_sla_dag.py
[2024-05-02T23:55:05.333+0000] {processor.py:840} INFO - DAG(s) 'example_sla_dag' retrieved from /home/airflow/.local/lib/python3.12/site-packages/airflow/example_dags/example_sla_dag.py
[2024-05-02T23:55:05.357+0000] {logging_mixin.py:188} INFO - [2024-05-02T23:55:05.357+0000] {dag.py:3096} INFO - Sync 1 DAGs
[2024-05-02T23:55:05.387+0000] {logging_mixin.py:188} INFO - [2024-05-02T23:55:05.387+0000] {dag.py:3954} INFO - Setting next_dagrun for example_sla_dag to 2024-05-02 23:52:00+00:00, run_after=2024-05-02 23:54:00+00:00
[2024-05-02T23:55:05.414+0000] {processor.py:183} INFO - Processing /home/airflow/.local/lib/python3.12/site-packages/airflow/example_dags/example_sla_dag.py took 0.101 seconds
[2024-05-02T23:55:35.602+0000] {processor.py:161} INFO - Started process (PID=1756) to work on /home/airflow/.local/lib/python3.12/site-packages/airflow/example_dags/example_sla_dag.py
[2024-05-02T23:55:35.603+0000] {processor.py:830} INFO - Processing file /home/airflow/.local/lib/python3.12/site-packages/airflow/example_dags/example_sla_dag.py for tasks to queue
[2024-05-02T23:55:35.607+0000] {logging_mixin.py:188} INFO - [2024-05-02T23:55:35.604+0000] {dagbag.py:540} INFO - Filling up the DagBag from /home/airflow/.local/lib/python3.12/site-packages/airflow/example_dags/example_sla_dag.py
[2024-05-02T23:55:35.619+0000] {processor.py:840} INFO - DAG(s) 'example_sla_dag' retrieved from /home/airflow/.local/lib/python3.12/site-packages/airflow/example_dags/example_sla_dag.py
[2024-05-02T23:55:35.647+0000] {logging_mixin.py:188} INFO - [2024-05-02T23:55:35.647+0000] {dag.py:3096} INFO - Sync 1 DAGs
[2024-05-02T23:55:35.688+0000] {logging_mixin.py:188} INFO - [2024-05-02T23:55:35.688+0000] {dag.py:3954} INFO - Setting next_dagrun for example_sla_dag to 2024-05-02 23:52:00+00:00, run_after=2024-05-02 23:54:00+00:00
[2024-05-02T23:55:35.715+0000] {processor.py:183} INFO - Processing /home/airflow/.local/lib/python3.12/site-packages/airflow/example_dags/example_sla_dag.py took 0.121 seconds
[2024-05-02T23:56:05.906+0000] {processor.py:161} INFO - Started process (PID=1813) to work on /home/airflow/.local/lib/python3.12/site-packages/airflow/example_dags/example_sla_dag.py
[2024-05-02T23:56:05.907+0000] {processor.py:830} INFO - Processing file /home/airflow/.local/lib/python3.12/site-packages/airflow/example_dags/example_sla_dag.py for tasks to queue
[2024-05-02T23:56:05.909+0000] {logging_mixin.py:188} INFO - [2024-05-02T23:56:05.908+0000] {dagbag.py:540} INFO - Filling up the DagBag from /home/airflow/.local/lib/python3.12/site-packages/airflow/example_dags/example_sla_dag.py
[2024-05-02T23:56:05.926+0000] {processor.py:840} INFO - DAG(s) 'example_sla_dag' retrieved from /home/airflow/.local/lib/python3.12/site-packages/airflow/example_dags/example_sla_dag.py
[2024-05-02T23:56:05.963+0000] {logging_mixin.py:188} INFO - [2024-05-02T23:56:05.962+0000] {dag.py:3096} INFO - Sync 1 DAGs
[2024-05-02T23:56:06.007+0000] {logging_mixin.py:188} INFO - [2024-05-02T23:56:06.007+0000] {dag.py:3954} INFO - Setting next_dagrun for example_sla_dag to 2024-05-02 23:54:00+00:00, run_after=2024-05-02 23:56:00+00:00
[2024-05-02T23:56:06.046+0000] {processor.py:183} INFO - Processing /home/airflow/.local/lib/python3.12/site-packages/airflow/example_dags/example_sla_dag.py took 0.152 seconds
[2024-05-02T23:56:36.917+0000] {processor.py:161} INFO - Started process (PID=1871) to work on /home/airflow/.local/lib/python3.12/site-packages/airflow/example_dags/example_sla_dag.py
[2024-05-02T23:56:36.918+0000] {processor.py:830} INFO - Processing file /home/airflow/.local/lib/python3.12/site-packages/airflow/example_dags/example_sla_dag.py for tasks to queue
[2024-05-02T23:56:36.920+0000] {logging_mixin.py:188} INFO - [2024-05-02T23:56:36.919+0000] {dagbag.py:540} INFO - Filling up the DagBag from /home/airflow/.local/lib/python3.12/site-packages/airflow/example_dags/example_sla_dag.py
[2024-05-02T23:56:36.933+0000] {processor.py:840} INFO - DAG(s) 'example_sla_dag' retrieved from /home/airflow/.local/lib/python3.12/site-packages/airflow/example_dags/example_sla_dag.py
[2024-05-02T23:56:36.962+0000] {logging_mixin.py:188} INFO - [2024-05-02T23:56:36.962+0000] {dag.py:3096} INFO - Sync 1 DAGs
[2024-05-02T23:56:36.998+0000] {logging_mixin.py:188} INFO - [2024-05-02T23:56:36.997+0000] {dag.py:3954} INFO - Setting next_dagrun for example_sla_dag to 2024-05-02 23:54:00+00:00, run_after=2024-05-02 23:56:00+00:00
[2024-05-02T23:56:37.024+0000] {processor.py:183} INFO - Processing /home/airflow/.local/lib/python3.12/site-packages/airflow/example_dags/example_sla_dag.py took 0.118 seconds
[2024-05-02T23:57:07.771+0000] {processor.py:161} INFO - Started process (PID=1929) to work on /home/airflow/.local/lib/python3.12/site-packages/airflow/example_dags/example_sla_dag.py
[2024-05-02T23:57:07.772+0000] {processor.py:830} INFO - Processing file /home/airflow/.local/lib/python3.12/site-packages/airflow/example_dags/example_sla_dag.py for tasks to queue
[2024-05-02T23:57:07.773+0000] {logging_mixin.py:188} INFO - [2024-05-02T23:57:07.773+0000] {dagbag.py:540} INFO - Filling up the DagBag from /home/airflow/.local/lib/python3.12/site-packages/airflow/example_dags/example_sla_dag.py
[2024-05-02T23:57:07.784+0000] {processor.py:840} INFO - DAG(s) 'example_sla_dag' retrieved from /home/airflow/.local/lib/python3.12/site-packages/airflow/example_dags/example_sla_dag.py
[2024-05-02T23:57:07.812+0000] {logging_mixin.py:188} INFO - [2024-05-02T23:57:07.811+0000] {dag.py:3096} INFO - Sync 1 DAGs
[2024-05-02T23:57:07.843+0000] {logging_mixin.py:188} INFO - [2024-05-02T23:57:07.843+0000] {dag.py:3954} INFO - Setting next_dagrun for example_sla_dag to 2024-05-02 23:54:00+00:00, run_after=2024-05-02 23:56:00+00:00
[2024-05-02T23:57:07.872+0000] {processor.py:183} INFO - Processing /home/airflow/.local/lib/python3.12/site-packages/airflow/example_dags/example_sla_dag.py took 0.109 seconds
