[2024-05-02T05:54:23.386+0000] {processor.py:161} INFO - Started process (PID=69) to work on /home/airflow/.local/lib/python3.12/site-packages/airflow/example_dags/example_xcomargs.py
[2024-05-02T05:54:23.388+0000] {processor.py:830} INFO - Processing file /home/airflow/.local/lib/python3.12/site-packages/airflow/example_dags/example_xcomargs.py for tasks to queue
[2024-05-02T05:54:23.393+0000] {logging_mixin.py:188} INFO - [2024-05-02T05:54:23.392+0000] {dagbag.py:540} INFO - Filling up the DagBag from /home/airflow/.local/lib/python3.12/site-packages/airflow/example_dags/example_xcomargs.py
[2024-05-02T05:54:23.419+0000] {processor.py:840} INFO - DAG(s) 'example_xcom_args_with_operators', 'example_xcom_args' retrieved from /home/airflow/.local/lib/python3.12/site-packages/airflow/example_dags/example_xcomargs.py
[2024-05-02T05:54:23.752+0000] {logging_mixin.py:188} INFO - [2024-05-02T05:54:23.752+0000] {dag.py:3096} INFO - Sync 2 DAGs
[2024-05-02T05:54:23.847+0000] {logging_mixin.py:188} INFO - [2024-05-02T05:54:23.847+0000] {dag.py:3954} INFO - Setting next_dagrun for example_xcom_args to None, run_after=None
[2024-05-02T05:54:23.868+0000] {logging_mixin.py:188} INFO - [2024-05-02T05:54:23.868+0000] {dag.py:3954} INFO - Setting next_dagrun for example_xcom_args_with_operators to None, run_after=None
[2024-05-02T05:54:24.040+0000] {processor.py:183} INFO - Processing /home/airflow/.local/lib/python3.12/site-packages/airflow/example_dags/example_xcomargs.py took 0.666 seconds
[2024-05-02T05:54:54.726+0000] {processor.py:161} INFO - Started process (PID=127) to work on /home/airflow/.local/lib/python3.12/site-packages/airflow/example_dags/example_xcomargs.py
[2024-05-02T05:54:54.736+0000] {processor.py:830} INFO - Processing file /home/airflow/.local/lib/python3.12/site-packages/airflow/example_dags/example_xcomargs.py for tasks to queue
[2024-05-02T05:54:54.753+0000] {logging_mixin.py:188} INFO - [2024-05-02T05:54:54.749+0000] {dagbag.py:540} INFO - Filling up the DagBag from /home/airflow/.local/lib/python3.12/site-packages/airflow/example_dags/example_xcomargs.py
[2024-05-02T05:54:54.798+0000] {processor.py:840} INFO - DAG(s) 'example_xcom_args', 'example_xcom_args_with_operators' retrieved from /home/airflow/.local/lib/python3.12/site-packages/airflow/example_dags/example_xcomargs.py
[2024-05-02T05:54:54.991+0000] {logging_mixin.py:188} INFO - [2024-05-02T05:54:54.990+0000] {dag.py:3096} INFO - Sync 2 DAGs
[2024-05-02T05:54:55.054+0000] {logging_mixin.py:188} INFO - [2024-05-02T05:54:55.053+0000] {dag.py:3954} INFO - Setting next_dagrun for example_xcom_args to None, run_after=None
[2024-05-02T05:54:55.063+0000] {logging_mixin.py:188} INFO - [2024-05-02T05:54:55.063+0000] {dag.py:3954} INFO - Setting next_dagrun for example_xcom_args_with_operators to None, run_after=None
[2024-05-02T05:54:55.130+0000] {processor.py:183} INFO - Processing /home/airflow/.local/lib/python3.12/site-packages/airflow/example_dags/example_xcomargs.py took 0.457 seconds
[2024-05-02T05:55:25.554+0000] {processor.py:161} INFO - Started process (PID=185) to work on /home/airflow/.local/lib/python3.12/site-packages/airflow/example_dags/example_xcomargs.py
[2024-05-02T05:55:25.570+0000] {processor.py:830} INFO - Processing file /home/airflow/.local/lib/python3.12/site-packages/airflow/example_dags/example_xcomargs.py for tasks to queue
[2024-05-02T05:55:25.574+0000] {logging_mixin.py:188} INFO - [2024-05-02T05:55:25.573+0000] {dagbag.py:540} INFO - Filling up the DagBag from /home/airflow/.local/lib/python3.12/site-packages/airflow/example_dags/example_xcomargs.py
[2024-05-02T05:55:25.646+0000] {processor.py:840} INFO - DAG(s) 'example_xcom_args_with_operators', 'example_xcom_args' retrieved from /home/airflow/.local/lib/python3.12/site-packages/airflow/example_dags/example_xcomargs.py
[2024-05-02T05:55:25.789+0000] {logging_mixin.py:188} INFO - [2024-05-02T05:55:25.779+0000] {dag.py:3096} INFO - Sync 2 DAGs
[2024-05-02T05:55:25.886+0000] {logging_mixin.py:188} INFO - [2024-05-02T05:55:25.885+0000] {dag.py:3954} INFO - Setting next_dagrun for example_xcom_args to None, run_after=None
[2024-05-02T05:55:25.916+0000] {logging_mixin.py:188} INFO - [2024-05-02T05:55:25.916+0000] {dag.py:3954} INFO - Setting next_dagrun for example_xcom_args_with_operators to None, run_after=None
[2024-05-02T05:55:26.030+0000] {processor.py:183} INFO - Processing /home/airflow/.local/lib/python3.12/site-packages/airflow/example_dags/example_xcomargs.py took 0.498 seconds
[2024-05-02T05:56:35.234+0000] {processor.py:161} INFO - Started process (PID=249) to work on /home/airflow/.local/lib/python3.12/site-packages/airflow/example_dags/example_xcomargs.py
[2024-05-02T05:56:37.080+0000] {processor.py:830} INFO - Processing file /home/airflow/.local/lib/python3.12/site-packages/airflow/example_dags/example_xcomargs.py for tasks to queue
[2024-05-02T05:56:37.104+0000] {logging_mixin.py:188} INFO - [2024-05-02T05:56:37.103+0000] {dagbag.py:540} INFO - Filling up the DagBag from /home/airflow/.local/lib/python3.12/site-packages/airflow/example_dags/example_xcomargs.py
[2024-05-02T05:56:37.413+0000] {processor.py:840} INFO - DAG(s) 'example_xcom_args_with_operators', 'example_xcom_args' retrieved from /home/airflow/.local/lib/python3.12/site-packages/airflow/example_dags/example_xcomargs.py
[2024-05-02T05:56:40.439+0000] {logging_mixin.py:188} INFO - [2024-05-02T05:56:40.438+0000] {dag.py:3096} INFO - Sync 2 DAGs
[2024-05-02T05:56:40.723+0000] {logging_mixin.py:188} INFO - [2024-05-02T05:56:40.722+0000] {dag.py:3954} INFO - Setting next_dagrun for example_xcom_args to None, run_after=None
[2024-05-02T05:56:40.772+0000] {logging_mixin.py:188} INFO - [2024-05-02T05:56:40.771+0000] {dag.py:3954} INFO - Setting next_dagrun for example_xcom_args_with_operators to None, run_after=None
[2024-05-02T05:56:43.476+0000] {processor.py:183} INFO - Processing /home/airflow/.local/lib/python3.12/site-packages/airflow/example_dags/example_xcomargs.py took 8.640 seconds
[2024-05-02T05:58:26.971+0000] {processor.py:161} INFO - Started process (PID=336) to work on /home/airflow/.local/lib/python3.12/site-packages/airflow/example_dags/example_xcomargs.py
[2024-05-02T05:58:27.069+0000] {processor.py:830} INFO - Processing file /home/airflow/.local/lib/python3.12/site-packages/airflow/example_dags/example_xcomargs.py for tasks to queue
[2024-05-02T05:58:27.079+0000] {logging_mixin.py:188} INFO - [2024-05-02T05:58:27.078+0000] {dagbag.py:540} INFO - Filling up the DagBag from /home/airflow/.local/lib/python3.12/site-packages/airflow/example_dags/example_xcomargs.py
[2024-05-02T05:58:27.426+0000] {processor.py:840} INFO - DAG(s) 'example_xcom_args_with_operators', 'example_xcom_args' retrieved from /home/airflow/.local/lib/python3.12/site-packages/airflow/example_dags/example_xcomargs.py
[2024-05-02T05:58:27.631+0000] {logging_mixin.py:188} INFO - [2024-05-02T05:58:27.630+0000] {dag.py:3096} INFO - Sync 2 DAGs
[2024-05-02T05:58:27.720+0000] {logging_mixin.py:188} INFO - [2024-05-02T05:58:27.719+0000] {dag.py:3954} INFO - Setting next_dagrun for example_xcom_args to None, run_after=None
[2024-05-02T05:58:27.808+0000] {logging_mixin.py:188} INFO - [2024-05-02T05:58:27.807+0000] {dag.py:3954} INFO - Setting next_dagrun for example_xcom_args_with_operators to None, run_after=None
[2024-05-02T05:58:27.928+0000] {processor.py:183} INFO - Processing /home/airflow/.local/lib/python3.12/site-packages/airflow/example_dags/example_xcomargs.py took 1.075 seconds
[2024-05-02T23:43:00.083+0000] {processor.py:161} INFO - Started process (PID=404) to work on /home/airflow/.local/lib/python3.12/site-packages/airflow/example_dags/example_xcomargs.py
[2024-05-02T23:43:00.093+0000] {processor.py:830} INFO - Processing file /home/airflow/.local/lib/python3.12/site-packages/airflow/example_dags/example_xcomargs.py for tasks to queue
[2024-05-02T23:43:00.095+0000] {logging_mixin.py:188} INFO - [2024-05-02T23:43:00.094+0000] {dagbag.py:540} INFO - Filling up the DagBag from /home/airflow/.local/lib/python3.12/site-packages/airflow/example_dags/example_xcomargs.py
[2024-05-02T23:43:00.116+0000] {processor.py:840} INFO - DAG(s) 'example_xcom_args', 'example_xcom_args_with_operators' retrieved from /home/airflow/.local/lib/python3.12/site-packages/airflow/example_dags/example_xcomargs.py
[2024-05-02T23:43:00.178+0000] {logging_mixin.py:188} INFO - [2024-05-02T23:43:00.178+0000] {dag.py:3096} INFO - Sync 2 DAGs
[2024-05-02T23:43:00.206+0000] {logging_mixin.py:188} INFO - [2024-05-02T23:43:00.206+0000] {dag.py:3954} INFO - Setting next_dagrun for example_xcom_args to None, run_after=None
[2024-05-02T23:43:00.214+0000] {logging_mixin.py:188} INFO - [2024-05-02T23:43:00.214+0000] {dag.py:3954} INFO - Setting next_dagrun for example_xcom_args_with_operators to None, run_after=None
[2024-05-02T23:43:00.249+0000] {processor.py:183} INFO - Processing /home/airflow/.local/lib/python3.12/site-packages/airflow/example_dags/example_xcomargs.py took 0.179 seconds
[2024-05-02T23:44:19.371+0000] {processor.py:161} INFO - Started process (PID=468) to work on /home/airflow/.local/lib/python3.12/site-packages/airflow/example_dags/example_xcomargs.py
[2024-05-02T23:44:19.373+0000] {processor.py:830} INFO - Processing file /home/airflow/.local/lib/python3.12/site-packages/airflow/example_dags/example_xcomargs.py for tasks to queue
[2024-05-02T23:44:19.375+0000] {logging_mixin.py:188} INFO - [2024-05-02T23:44:19.374+0000] {dagbag.py:540} INFO - Filling up the DagBag from /home/airflow/.local/lib/python3.12/site-packages/airflow/example_dags/example_xcomargs.py
[2024-05-02T23:44:19.392+0000] {processor.py:840} INFO - DAG(s) 'example_xcom_args_with_operators', 'example_xcom_args' retrieved from /home/airflow/.local/lib/python3.12/site-packages/airflow/example_dags/example_xcomargs.py
[2024-05-02T23:44:19.637+0000] {logging_mixin.py:188} INFO - [2024-05-02T23:44:19.636+0000] {dag.py:3096} INFO - Sync 2 DAGs
[2024-05-02T23:44:19.657+0000] {logging_mixin.py:188} INFO - [2024-05-02T23:44:19.657+0000] {dag.py:3954} INFO - Setting next_dagrun for example_xcom_args to None, run_after=None
[2024-05-02T23:44:19.662+0000] {logging_mixin.py:188} INFO - [2024-05-02T23:44:19.661+0000] {dag.py:3954} INFO - Setting next_dagrun for example_xcom_args_with_operators to None, run_after=None
[2024-05-02T23:44:19.746+0000] {processor.py:183} INFO - Processing /home/airflow/.local/lib/python3.12/site-packages/airflow/example_dags/example_xcomargs.py took 0.387 seconds
[2024-05-02T23:44:50.336+0000] {processor.py:161} INFO - Started process (PID=526) to work on /home/airflow/.local/lib/python3.12/site-packages/airflow/example_dags/example_xcomargs.py
[2024-05-02T23:44:50.338+0000] {processor.py:830} INFO - Processing file /home/airflow/.local/lib/python3.12/site-packages/airflow/example_dags/example_xcomargs.py for tasks to queue
[2024-05-02T23:44:50.339+0000] {logging_mixin.py:188} INFO - [2024-05-02T23:44:50.339+0000] {dagbag.py:540} INFO - Filling up the DagBag from /home/airflow/.local/lib/python3.12/site-packages/airflow/example_dags/example_xcomargs.py
[2024-05-02T23:44:50.351+0000] {processor.py:840} INFO - DAG(s) 'example_xcom_args', 'example_xcom_args_with_operators' retrieved from /home/airflow/.local/lib/python3.12/site-packages/airflow/example_dags/example_xcomargs.py
[2024-05-02T23:44:50.400+0000] {logging_mixin.py:188} INFO - [2024-05-02T23:44:50.400+0000] {dag.py:3096} INFO - Sync 2 DAGs
[2024-05-02T23:44:50.427+0000] {logging_mixin.py:188} INFO - [2024-05-02T23:44:50.427+0000] {dag.py:3954} INFO - Setting next_dagrun for example_xcom_args to None, run_after=None
[2024-05-02T23:44:50.435+0000] {logging_mixin.py:188} INFO - [2024-05-02T23:44:50.434+0000] {dag.py:3954} INFO - Setting next_dagrun for example_xcom_args_with_operators to None, run_after=None
[2024-05-02T23:44:50.467+0000] {processor.py:183} INFO - Processing /home/airflow/.local/lib/python3.12/site-packages/airflow/example_dags/example_xcomargs.py took 0.140 seconds
[2024-05-02T23:45:23.373+0000] {processor.py:161} INFO - Started process (PID=585) to work on /home/airflow/.local/lib/python3.12/site-packages/airflow/example_dags/example_xcomargs.py
[2024-05-02T23:45:23.377+0000] {processor.py:830} INFO - Processing file /home/airflow/.local/lib/python3.12/site-packages/airflow/example_dags/example_xcomargs.py for tasks to queue
[2024-05-02T23:45:23.379+0000] {logging_mixin.py:188} INFO - [2024-05-02T23:45:23.378+0000] {dagbag.py:540} INFO - Filling up the DagBag from /home/airflow/.local/lib/python3.12/site-packages/airflow/example_dags/example_xcomargs.py
[2024-05-02T23:45:23.417+0000] {processor.py:840} INFO - DAG(s) 'example_xcom_args', 'example_xcom_args_with_operators' retrieved from /home/airflow/.local/lib/python3.12/site-packages/airflow/example_dags/example_xcomargs.py
[2024-05-02T23:45:23.499+0000] {logging_mixin.py:188} INFO - [2024-05-02T23:45:23.499+0000] {dag.py:3096} INFO - Sync 2 DAGs
[2024-05-02T23:45:23.545+0000] {logging_mixin.py:188} INFO - [2024-05-02T23:45:23.545+0000] {dag.py:3954} INFO - Setting next_dagrun for example_xcom_args to None, run_after=None
[2024-05-02T23:45:23.554+0000] {logging_mixin.py:188} INFO - [2024-05-02T23:45:23.554+0000] {dag.py:3954} INFO - Setting next_dagrun for example_xcom_args_with_operators to None, run_after=None
[2024-05-02T23:45:23.624+0000] {processor.py:183} INFO - Processing /home/airflow/.local/lib/python3.12/site-packages/airflow/example_dags/example_xcomargs.py took 0.267 seconds
[2024-05-02T23:45:54.312+0000] {processor.py:161} INFO - Started process (PID=643) to work on /home/airflow/.local/lib/python3.12/site-packages/airflow/example_dags/example_xcomargs.py
[2024-05-02T23:45:54.345+0000] {processor.py:830} INFO - Processing file /home/airflow/.local/lib/python3.12/site-packages/airflow/example_dags/example_xcomargs.py for tasks to queue
[2024-05-02T23:45:54.347+0000] {logging_mixin.py:188} INFO - [2024-05-02T23:45:54.346+0000] {dagbag.py:540} INFO - Filling up the DagBag from /home/airflow/.local/lib/python3.12/site-packages/airflow/example_dags/example_xcomargs.py
[2024-05-02T23:45:54.364+0000] {processor.py:840} INFO - DAG(s) 'example_xcom_args', 'example_xcom_args_with_operators' retrieved from /home/airflow/.local/lib/python3.12/site-packages/airflow/example_dags/example_xcomargs.py
[2024-05-02T23:45:54.400+0000] {logging_mixin.py:188} INFO - [2024-05-02T23:45:54.400+0000] {dag.py:3096} INFO - Sync 2 DAGs
[2024-05-02T23:45:54.422+0000] {logging_mixin.py:188} INFO - [2024-05-02T23:45:54.421+0000] {dag.py:3954} INFO - Setting next_dagrun for example_xcom_args to None, run_after=None
[2024-05-02T23:45:54.427+0000] {logging_mixin.py:188} INFO - [2024-05-02T23:45:54.427+0000] {dag.py:3954} INFO - Setting next_dagrun for example_xcom_args_with_operators to None, run_after=None
[2024-05-02T23:45:54.453+0000] {processor.py:183} INFO - Processing /home/airflow/.local/lib/python3.12/site-packages/airflow/example_dags/example_xcomargs.py took 0.151 seconds
[2024-05-02T23:46:24.627+0000] {processor.py:161} INFO - Started process (PID=701) to work on /home/airflow/.local/lib/python3.12/site-packages/airflow/example_dags/example_xcomargs.py
[2024-05-02T23:46:24.628+0000] {processor.py:830} INFO - Processing file /home/airflow/.local/lib/python3.12/site-packages/airflow/example_dags/example_xcomargs.py for tasks to queue
[2024-05-02T23:46:24.630+0000] {logging_mixin.py:188} INFO - [2024-05-02T23:46:24.629+0000] {dagbag.py:540} INFO - Filling up the DagBag from /home/airflow/.local/lib/python3.12/site-packages/airflow/example_dags/example_xcomargs.py
[2024-05-02T23:46:24.642+0000] {processor.py:840} INFO - DAG(s) 'example_xcom_args', 'example_xcom_args_with_operators' retrieved from /home/airflow/.local/lib/python3.12/site-packages/airflow/example_dags/example_xcomargs.py
[2024-05-02T23:46:24.676+0000] {logging_mixin.py:188} INFO - [2024-05-02T23:46:24.676+0000] {dag.py:3096} INFO - Sync 2 DAGs
[2024-05-02T23:46:24.723+0000] {logging_mixin.py:188} INFO - [2024-05-02T23:46:24.722+0000] {dag.py:3954} INFO - Setting next_dagrun for example_xcom_args to None, run_after=None
[2024-05-02T23:46:24.729+0000] {logging_mixin.py:188} INFO - [2024-05-02T23:46:24.729+0000] {dag.py:3954} INFO - Setting next_dagrun for example_xcom_args_with_operators to None, run_after=None
[2024-05-02T23:46:24.766+0000] {processor.py:183} INFO - Processing /home/airflow/.local/lib/python3.12/site-packages/airflow/example_dags/example_xcomargs.py took 0.146 seconds
[2024-05-02T23:46:54.936+0000] {processor.py:161} INFO - Started process (PID=759) to work on /home/airflow/.local/lib/python3.12/site-packages/airflow/example_dags/example_xcomargs.py
[2024-05-02T23:46:54.938+0000] {processor.py:830} INFO - Processing file /home/airflow/.local/lib/python3.12/site-packages/airflow/example_dags/example_xcomargs.py for tasks to queue
[2024-05-02T23:46:54.939+0000] {logging_mixin.py:188} INFO - [2024-05-02T23:46:54.939+0000] {dagbag.py:540} INFO - Filling up the DagBag from /home/airflow/.local/lib/python3.12/site-packages/airflow/example_dags/example_xcomargs.py
[2024-05-02T23:46:54.949+0000] {processor.py:840} INFO - DAG(s) 'example_xcom_args', 'example_xcom_args_with_operators' retrieved from /home/airflow/.local/lib/python3.12/site-packages/airflow/example_dags/example_xcomargs.py
[2024-05-02T23:46:54.979+0000] {logging_mixin.py:188} INFO - [2024-05-02T23:46:54.979+0000] {dag.py:3096} INFO - Sync 2 DAGs
[2024-05-02T23:46:54.997+0000] {logging_mixin.py:188} INFO - [2024-05-02T23:46:54.997+0000] {dag.py:3954} INFO - Setting next_dagrun for example_xcom_args to None, run_after=None
[2024-05-02T23:46:55.003+0000] {logging_mixin.py:188} INFO - [2024-05-02T23:46:55.003+0000] {dag.py:3954} INFO - Setting next_dagrun for example_xcom_args_with_operators to None, run_after=None
[2024-05-02T23:46:55.025+0000] {processor.py:183} INFO - Processing /home/airflow/.local/lib/python3.12/site-packages/airflow/example_dags/example_xcomargs.py took 0.104 seconds
[2024-05-02T23:47:25.204+0000] {processor.py:161} INFO - Started process (PID=817) to work on /home/airflow/.local/lib/python3.12/site-packages/airflow/example_dags/example_xcomargs.py
[2024-05-02T23:47:25.205+0000] {processor.py:830} INFO - Processing file /home/airflow/.local/lib/python3.12/site-packages/airflow/example_dags/example_xcomargs.py for tasks to queue
[2024-05-02T23:47:25.206+0000] {logging_mixin.py:188} INFO - [2024-05-02T23:47:25.206+0000] {dagbag.py:540} INFO - Filling up the DagBag from /home/airflow/.local/lib/python3.12/site-packages/airflow/example_dags/example_xcomargs.py
[2024-05-02T23:47:25.219+0000] {processor.py:840} INFO - DAG(s) 'example_xcom_args_with_operators', 'example_xcom_args' retrieved from /home/airflow/.local/lib/python3.12/site-packages/airflow/example_dags/example_xcomargs.py
[2024-05-02T23:47:25.250+0000] {logging_mixin.py:188} INFO - [2024-05-02T23:47:25.250+0000] {dag.py:3096} INFO - Sync 2 DAGs
[2024-05-02T23:47:25.266+0000] {logging_mixin.py:188} INFO - [2024-05-02T23:47:25.266+0000] {dag.py:3954} INFO - Setting next_dagrun for example_xcom_args to None, run_after=None
[2024-05-02T23:47:25.271+0000] {logging_mixin.py:188} INFO - [2024-05-02T23:47:25.271+0000] {dag.py:3954} INFO - Setting next_dagrun for example_xcom_args_with_operators to None, run_after=None
[2024-05-02T23:47:25.292+0000] {processor.py:183} INFO - Processing /home/airflow/.local/lib/python3.12/site-packages/airflow/example_dags/example_xcomargs.py took 0.095 seconds
[2024-05-02T23:47:55.445+0000] {processor.py:161} INFO - Started process (PID=875) to work on /home/airflow/.local/lib/python3.12/site-packages/airflow/example_dags/example_xcomargs.py
[2024-05-02T23:47:55.446+0000] {processor.py:830} INFO - Processing file /home/airflow/.local/lib/python3.12/site-packages/airflow/example_dags/example_xcomargs.py for tasks to queue
[2024-05-02T23:47:55.447+0000] {logging_mixin.py:188} INFO - [2024-05-02T23:47:55.447+0000] {dagbag.py:540} INFO - Filling up the DagBag from /home/airflow/.local/lib/python3.12/site-packages/airflow/example_dags/example_xcomargs.py
[2024-05-02T23:47:55.457+0000] {processor.py:840} INFO - DAG(s) 'example_xcom_args_with_operators', 'example_xcom_args' retrieved from /home/airflow/.local/lib/python3.12/site-packages/airflow/example_dags/example_xcomargs.py
[2024-05-02T23:47:55.485+0000] {logging_mixin.py:188} INFO - [2024-05-02T23:47:55.484+0000] {dag.py:3096} INFO - Sync 2 DAGs
[2024-05-02T23:47:55.502+0000] {logging_mixin.py:188} INFO - [2024-05-02T23:47:55.501+0000] {dag.py:3954} INFO - Setting next_dagrun for example_xcom_args to None, run_after=None
[2024-05-02T23:47:55.507+0000] {logging_mixin.py:188} INFO - [2024-05-02T23:47:55.506+0000] {dag.py:3954} INFO - Setting next_dagrun for example_xcom_args_with_operators to None, run_after=None
[2024-05-02T23:47:55.531+0000] {processor.py:183} INFO - Processing /home/airflow/.local/lib/python3.12/site-packages/airflow/example_dags/example_xcomargs.py took 0.092 seconds
[2024-05-02T23:48:25.881+0000] {processor.py:161} INFO - Started process (PID=933) to work on /home/airflow/.local/lib/python3.12/site-packages/airflow/example_dags/example_xcomargs.py
[2024-05-02T23:48:25.882+0000] {processor.py:830} INFO - Processing file /home/airflow/.local/lib/python3.12/site-packages/airflow/example_dags/example_xcomargs.py for tasks to queue
[2024-05-02T23:48:25.883+0000] {logging_mixin.py:188} INFO - [2024-05-02T23:48:25.883+0000] {dagbag.py:540} INFO - Filling up the DagBag from /home/airflow/.local/lib/python3.12/site-packages/airflow/example_dags/example_xcomargs.py
[2024-05-02T23:48:25.893+0000] {processor.py:840} INFO - DAG(s) 'example_xcom_args', 'example_xcom_args_with_operators' retrieved from /home/airflow/.local/lib/python3.12/site-packages/airflow/example_dags/example_xcomargs.py
[2024-05-02T23:48:25.922+0000] {logging_mixin.py:188} INFO - [2024-05-02T23:48:25.922+0000] {dag.py:3096} INFO - Sync 2 DAGs
[2024-05-02T23:48:25.940+0000] {logging_mixin.py:188} INFO - [2024-05-02T23:48:25.939+0000] {dag.py:3954} INFO - Setting next_dagrun for example_xcom_args to None, run_after=None
[2024-05-02T23:48:25.945+0000] {logging_mixin.py:188} INFO - [2024-05-02T23:48:25.944+0000] {dag.py:3954} INFO - Setting next_dagrun for example_xcom_args_with_operators to None, run_after=None
[2024-05-02T23:48:25.968+0000] {processor.py:183} INFO - Processing /home/airflow/.local/lib/python3.12/site-packages/airflow/example_dags/example_xcomargs.py took 0.094 seconds
[2024-05-02T23:48:56.703+0000] {processor.py:161} INFO - Started process (PID=998) to work on /home/airflow/.local/lib/python3.12/site-packages/airflow/example_dags/example_xcomargs.py
[2024-05-02T23:48:56.704+0000] {processor.py:830} INFO - Processing file /home/airflow/.local/lib/python3.12/site-packages/airflow/example_dags/example_xcomargs.py for tasks to queue
[2024-05-02T23:48:56.705+0000] {logging_mixin.py:188} INFO - [2024-05-02T23:48:56.705+0000] {dagbag.py:540} INFO - Filling up the DagBag from /home/airflow/.local/lib/python3.12/site-packages/airflow/example_dags/example_xcomargs.py
[2024-05-02T23:48:56.716+0000] {processor.py:840} INFO - DAG(s) 'example_xcom_args_with_operators', 'example_xcom_args' retrieved from /home/airflow/.local/lib/python3.12/site-packages/airflow/example_dags/example_xcomargs.py
[2024-05-02T23:48:56.749+0000] {logging_mixin.py:188} INFO - [2024-05-02T23:48:56.749+0000] {dag.py:3096} INFO - Sync 2 DAGs
[2024-05-02T23:48:56.945+0000] {logging_mixin.py:188} INFO - [2024-05-02T23:48:56.944+0000] {dag.py:3954} INFO - Setting next_dagrun for example_xcom_args to None, run_after=None
[2024-05-02T23:48:56.950+0000] {logging_mixin.py:188} INFO - [2024-05-02T23:48:56.950+0000] {dag.py:3954} INFO - Setting next_dagrun for example_xcom_args_with_operators to None, run_after=None
[2024-05-02T23:48:56.970+0000] {processor.py:183} INFO - Processing /home/airflow/.local/lib/python3.12/site-packages/airflow/example_dags/example_xcomargs.py took 0.276 seconds
[2024-05-02T23:49:27.278+0000] {processor.py:161} INFO - Started process (PID=1055) to work on /home/airflow/.local/lib/python3.12/site-packages/airflow/example_dags/example_xcomargs.py
[2024-05-02T23:49:27.280+0000] {processor.py:830} INFO - Processing file /home/airflow/.local/lib/python3.12/site-packages/airflow/example_dags/example_xcomargs.py for tasks to queue
[2024-05-02T23:49:27.281+0000] {logging_mixin.py:188} INFO - [2024-05-02T23:49:27.281+0000] {dagbag.py:540} INFO - Filling up the DagBag from /home/airflow/.local/lib/python3.12/site-packages/airflow/example_dags/example_xcomargs.py
[2024-05-02T23:49:27.295+0000] {processor.py:840} INFO - DAG(s) 'example_xcom_args_with_operators', 'example_xcom_args' retrieved from /home/airflow/.local/lib/python3.12/site-packages/airflow/example_dags/example_xcomargs.py
[2024-05-02T23:49:27.337+0000] {logging_mixin.py:188} INFO - [2024-05-02T23:49:27.337+0000] {dag.py:3096} INFO - Sync 2 DAGs
[2024-05-02T23:49:27.556+0000] {logging_mixin.py:188} INFO - [2024-05-02T23:49:27.555+0000] {dag.py:3954} INFO - Setting next_dagrun for example_xcom_args to None, run_after=None
[2024-05-02T23:49:27.562+0000] {logging_mixin.py:188} INFO - [2024-05-02T23:49:27.562+0000] {dag.py:3954} INFO - Setting next_dagrun for example_xcom_args_with_operators to None, run_after=None
[2024-05-02T23:49:27.591+0000] {processor.py:183} INFO - Processing /home/airflow/.local/lib/python3.12/site-packages/airflow/example_dags/example_xcomargs.py took 0.323 seconds
[2024-05-02T23:49:58.065+0000] {processor.py:161} INFO - Started process (PID=1113) to work on /home/airflow/.local/lib/python3.12/site-packages/airflow/example_dags/example_xcomargs.py
[2024-05-02T23:49:58.067+0000] {processor.py:830} INFO - Processing file /home/airflow/.local/lib/python3.12/site-packages/airflow/example_dags/example_xcomargs.py for tasks to queue
[2024-05-02T23:49:58.069+0000] {logging_mixin.py:188} INFO - [2024-05-02T23:49:58.068+0000] {dagbag.py:540} INFO - Filling up the DagBag from /home/airflow/.local/lib/python3.12/site-packages/airflow/example_dags/example_xcomargs.py
[2024-05-02T23:49:58.086+0000] {processor.py:840} INFO - DAG(s) 'example_xcom_args_with_operators', 'example_xcom_args' retrieved from /home/airflow/.local/lib/python3.12/site-packages/airflow/example_dags/example_xcomargs.py
[2024-05-02T23:49:58.136+0000] {logging_mixin.py:188} INFO - [2024-05-02T23:49:58.136+0000] {dag.py:3096} INFO - Sync 2 DAGs
[2024-05-02T23:49:58.162+0000] {logging_mixin.py:188} INFO - [2024-05-02T23:49:58.161+0000] {dag.py:3954} INFO - Setting next_dagrun for example_xcom_args to None, run_after=None
[2024-05-02T23:49:58.170+0000] {logging_mixin.py:188} INFO - [2024-05-02T23:49:58.169+0000] {dag.py:3954} INFO - Setting next_dagrun for example_xcom_args_with_operators to None, run_after=None
[2024-05-02T23:49:58.203+0000] {processor.py:183} INFO - Processing /home/airflow/.local/lib/python3.12/site-packages/airflow/example_dags/example_xcomargs.py took 0.149 seconds
[2024-05-02T23:50:28.508+0000] {processor.py:161} INFO - Started process (PID=1171) to work on /home/airflow/.local/lib/python3.12/site-packages/airflow/example_dags/example_xcomargs.py
[2024-05-02T23:50:28.510+0000] {processor.py:830} INFO - Processing file /home/airflow/.local/lib/python3.12/site-packages/airflow/example_dags/example_xcomargs.py for tasks to queue
[2024-05-02T23:50:28.512+0000] {logging_mixin.py:188} INFO - [2024-05-02T23:50:28.511+0000] {dagbag.py:540} INFO - Filling up the DagBag from /home/airflow/.local/lib/python3.12/site-packages/airflow/example_dags/example_xcomargs.py
[2024-05-02T23:50:28.526+0000] {processor.py:840} INFO - DAG(s) 'example_xcom_args_with_operators', 'example_xcom_args' retrieved from /home/airflow/.local/lib/python3.12/site-packages/airflow/example_dags/example_xcomargs.py
[2024-05-02T23:50:28.565+0000] {logging_mixin.py:188} INFO - [2024-05-02T23:50:28.564+0000] {dag.py:3096} INFO - Sync 2 DAGs
[2024-05-02T23:50:28.589+0000] {logging_mixin.py:188} INFO - [2024-05-02T23:50:28.589+0000] {dag.py:3954} INFO - Setting next_dagrun for example_xcom_args to None, run_after=None
[2024-05-02T23:50:28.596+0000] {logging_mixin.py:188} INFO - [2024-05-02T23:50:28.595+0000] {dag.py:3954} INFO - Setting next_dagrun for example_xcom_args_with_operators to None, run_after=None
[2024-05-02T23:50:28.622+0000] {processor.py:183} INFO - Processing /home/airflow/.local/lib/python3.12/site-packages/airflow/example_dags/example_xcomargs.py took 0.124 seconds
[2024-05-02T23:50:58.962+0000] {processor.py:161} INFO - Started process (PID=1229) to work on /home/airflow/.local/lib/python3.12/site-packages/airflow/example_dags/example_xcomargs.py
[2024-05-02T23:50:58.964+0000] {processor.py:830} INFO - Processing file /home/airflow/.local/lib/python3.12/site-packages/airflow/example_dags/example_xcomargs.py for tasks to queue
[2024-05-02T23:50:58.965+0000] {logging_mixin.py:188} INFO - [2024-05-02T23:50:58.965+0000] {dagbag.py:540} INFO - Filling up the DagBag from /home/airflow/.local/lib/python3.12/site-packages/airflow/example_dags/example_xcomargs.py
[2024-05-02T23:50:58.976+0000] {processor.py:840} INFO - DAG(s) 'example_xcom_args_with_operators', 'example_xcom_args' retrieved from /home/airflow/.local/lib/python3.12/site-packages/airflow/example_dags/example_xcomargs.py
[2024-05-02T23:50:59.006+0000] {logging_mixin.py:188} INFO - [2024-05-02T23:50:59.005+0000] {dag.py:3096} INFO - Sync 2 DAGs
[2024-05-02T23:50:59.022+0000] {logging_mixin.py:188} INFO - [2024-05-02T23:50:59.021+0000] {dag.py:3954} INFO - Setting next_dagrun for example_xcom_args to None, run_after=None
[2024-05-02T23:50:59.027+0000] {logging_mixin.py:188} INFO - [2024-05-02T23:50:59.027+0000] {dag.py:3954} INFO - Setting next_dagrun for example_xcom_args_with_operators to None, run_after=None
[2024-05-02T23:50:59.052+0000] {processor.py:183} INFO - Processing /home/airflow/.local/lib/python3.12/site-packages/airflow/example_dags/example_xcomargs.py took 0.097 seconds
[2024-05-02T23:51:29.200+0000] {processor.py:161} INFO - Started process (PID=1287) to work on /home/airflow/.local/lib/python3.12/site-packages/airflow/example_dags/example_xcomargs.py
[2024-05-02T23:51:29.201+0000] {processor.py:830} INFO - Processing file /home/airflow/.local/lib/python3.12/site-packages/airflow/example_dags/example_xcomargs.py for tasks to queue
[2024-05-02T23:51:29.203+0000] {logging_mixin.py:188} INFO - [2024-05-02T23:51:29.202+0000] {dagbag.py:540} INFO - Filling up the DagBag from /home/airflow/.local/lib/python3.12/site-packages/airflow/example_dags/example_xcomargs.py
[2024-05-02T23:51:29.216+0000] {processor.py:840} INFO - DAG(s) 'example_xcom_args', 'example_xcom_args_with_operators' retrieved from /home/airflow/.local/lib/python3.12/site-packages/airflow/example_dags/example_xcomargs.py
[2024-05-02T23:51:29.251+0000] {logging_mixin.py:188} INFO - [2024-05-02T23:51:29.250+0000] {dag.py:3096} INFO - Sync 2 DAGs
[2024-05-02T23:51:29.270+0000] {logging_mixin.py:188} INFO - [2024-05-02T23:51:29.269+0000] {dag.py:3954} INFO - Setting next_dagrun for example_xcom_args to None, run_after=None
[2024-05-02T23:51:29.276+0000] {logging_mixin.py:188} INFO - [2024-05-02T23:51:29.276+0000] {dag.py:3954} INFO - Setting next_dagrun for example_xcom_args_with_operators to None, run_after=None
[2024-05-02T23:51:29.296+0000] {processor.py:183} INFO - Processing /home/airflow/.local/lib/python3.12/site-packages/airflow/example_dags/example_xcomargs.py took 0.105 seconds
[2024-05-02T23:51:59.442+0000] {processor.py:161} INFO - Started process (PID=1345) to work on /home/airflow/.local/lib/python3.12/site-packages/airflow/example_dags/example_xcomargs.py
[2024-05-02T23:51:59.443+0000] {processor.py:830} INFO - Processing file /home/airflow/.local/lib/python3.12/site-packages/airflow/example_dags/example_xcomargs.py for tasks to queue
[2024-05-02T23:51:59.444+0000] {logging_mixin.py:188} INFO - [2024-05-02T23:51:59.444+0000] {dagbag.py:540} INFO - Filling up the DagBag from /home/airflow/.local/lib/python3.12/site-packages/airflow/example_dags/example_xcomargs.py
[2024-05-02T23:51:59.455+0000] {processor.py:840} INFO - DAG(s) 'example_xcom_args_with_operators', 'example_xcom_args' retrieved from /home/airflow/.local/lib/python3.12/site-packages/airflow/example_dags/example_xcomargs.py
[2024-05-02T23:51:59.485+0000] {logging_mixin.py:188} INFO - [2024-05-02T23:51:59.484+0000] {dag.py:3096} INFO - Sync 2 DAGs
[2024-05-02T23:51:59.501+0000] {logging_mixin.py:188} INFO - [2024-05-02T23:51:59.500+0000] {dag.py:3954} INFO - Setting next_dagrun for example_xcom_args to None, run_after=None
[2024-05-02T23:51:59.506+0000] {logging_mixin.py:188} INFO - [2024-05-02T23:51:59.506+0000] {dag.py:3954} INFO - Setting next_dagrun for example_xcom_args_with_operators to None, run_after=None
[2024-05-02T23:51:59.531+0000] {processor.py:183} INFO - Processing /home/airflow/.local/lib/python3.12/site-packages/airflow/example_dags/example_xcomargs.py took 0.096 seconds
[2024-05-02T23:52:29.940+0000] {processor.py:161} INFO - Started process (PID=1404) to work on /home/airflow/.local/lib/python3.12/site-packages/airflow/example_dags/example_xcomargs.py
[2024-05-02T23:52:29.941+0000] {processor.py:830} INFO - Processing file /home/airflow/.local/lib/python3.12/site-packages/airflow/example_dags/example_xcomargs.py for tasks to queue
[2024-05-02T23:52:29.942+0000] {logging_mixin.py:188} INFO - [2024-05-02T23:52:29.942+0000] {dagbag.py:540} INFO - Filling up the DagBag from /home/airflow/.local/lib/python3.12/site-packages/airflow/example_dags/example_xcomargs.py
[2024-05-02T23:52:29.952+0000] {processor.py:840} INFO - DAG(s) 'example_xcom_args', 'example_xcom_args_with_operators' retrieved from /home/airflow/.local/lib/python3.12/site-packages/airflow/example_dags/example_xcomargs.py
[2024-05-02T23:52:29.982+0000] {logging_mixin.py:188} INFO - [2024-05-02T23:52:29.981+0000] {dag.py:3096} INFO - Sync 2 DAGs
[2024-05-02T23:52:29.997+0000] {logging_mixin.py:188} INFO - [2024-05-02T23:52:29.997+0000] {dag.py:3954} INFO - Setting next_dagrun for example_xcom_args to None, run_after=None
[2024-05-02T23:52:30.002+0000] {logging_mixin.py:188} INFO - [2024-05-02T23:52:30.002+0000] {dag.py:3954} INFO - Setting next_dagrun for example_xcom_args_with_operators to None, run_after=None
[2024-05-02T23:52:30.026+0000] {processor.py:183} INFO - Processing /home/airflow/.local/lib/python3.12/site-packages/airflow/example_dags/example_xcomargs.py took 0.094 seconds
[2024-05-02T23:53:00.241+0000] {processor.py:161} INFO - Started process (PID=1462) to work on /home/airflow/.local/lib/python3.12/site-packages/airflow/example_dags/example_xcomargs.py
[2024-05-02T23:53:00.242+0000] {processor.py:830} INFO - Processing file /home/airflow/.local/lib/python3.12/site-packages/airflow/example_dags/example_xcomargs.py for tasks to queue
[2024-05-02T23:53:00.243+0000] {logging_mixin.py:188} INFO - [2024-05-02T23:53:00.243+0000] {dagbag.py:540} INFO - Filling up the DagBag from /home/airflow/.local/lib/python3.12/site-packages/airflow/example_dags/example_xcomargs.py
[2024-05-02T23:53:00.257+0000] {processor.py:840} INFO - DAG(s) 'example_xcom_args_with_operators', 'example_xcom_args' retrieved from /home/airflow/.local/lib/python3.12/site-packages/airflow/example_dags/example_xcomargs.py
[2024-05-02T23:53:00.290+0000] {logging_mixin.py:188} INFO - [2024-05-02T23:53:00.290+0000] {dag.py:3096} INFO - Sync 2 DAGs
[2024-05-02T23:53:00.308+0000] {logging_mixin.py:188} INFO - [2024-05-02T23:53:00.307+0000] {dag.py:3954} INFO - Setting next_dagrun for example_xcom_args to None, run_after=None
[2024-05-02T23:53:00.314+0000] {logging_mixin.py:188} INFO - [2024-05-02T23:53:00.314+0000] {dag.py:3954} INFO - Setting next_dagrun for example_xcom_args_with_operators to None, run_after=None
[2024-05-02T23:53:00.337+0000] {processor.py:183} INFO - Processing /home/airflow/.local/lib/python3.12/site-packages/airflow/example_dags/example_xcomargs.py took 0.104 seconds
[2024-05-02T23:53:31.057+0000] {processor.py:161} INFO - Started process (PID=1520) to work on /home/airflow/.local/lib/python3.12/site-packages/airflow/example_dags/example_xcomargs.py
[2024-05-02T23:53:31.059+0000] {processor.py:830} INFO - Processing file /home/airflow/.local/lib/python3.12/site-packages/airflow/example_dags/example_xcomargs.py for tasks to queue
[2024-05-02T23:53:31.061+0000] {logging_mixin.py:188} INFO - [2024-05-02T23:53:31.060+0000] {dagbag.py:540} INFO - Filling up the DagBag from /home/airflow/.local/lib/python3.12/site-packages/airflow/example_dags/example_xcomargs.py
[2024-05-02T23:53:31.073+0000] {processor.py:840} INFO - DAG(s) 'example_xcom_args', 'example_xcom_args_with_operators' retrieved from /home/airflow/.local/lib/python3.12/site-packages/airflow/example_dags/example_xcomargs.py
[2024-05-02T23:53:31.112+0000] {logging_mixin.py:188} INFO - [2024-05-02T23:53:31.111+0000] {dag.py:3096} INFO - Sync 2 DAGs
[2024-05-02T23:53:31.128+0000] {logging_mixin.py:188} INFO - [2024-05-02T23:53:31.128+0000] {dag.py:3954} INFO - Setting next_dagrun for example_xcom_args to None, run_after=None
[2024-05-02T23:53:31.134+0000] {logging_mixin.py:188} INFO - [2024-05-02T23:53:31.133+0000] {dag.py:3954} INFO - Setting next_dagrun for example_xcom_args_with_operators to None, run_after=None
[2024-05-02T23:53:31.156+0000] {processor.py:183} INFO - Processing /home/airflow/.local/lib/python3.12/site-packages/airflow/example_dags/example_xcomargs.py took 0.106 seconds
[2024-05-02T23:54:01.748+0000] {processor.py:161} INFO - Started process (PID=1578) to work on /home/airflow/.local/lib/python3.12/site-packages/airflow/example_dags/example_xcomargs.py
[2024-05-02T23:54:01.750+0000] {processor.py:830} INFO - Processing file /home/airflow/.local/lib/python3.12/site-packages/airflow/example_dags/example_xcomargs.py for tasks to queue
[2024-05-02T23:54:01.751+0000] {logging_mixin.py:188} INFO - [2024-05-02T23:54:01.751+0000] {dagbag.py:540} INFO - Filling up the DagBag from /home/airflow/.local/lib/python3.12/site-packages/airflow/example_dags/example_xcomargs.py
[2024-05-02T23:54:01.764+0000] {processor.py:840} INFO - DAG(s) 'example_xcom_args_with_operators', 'example_xcom_args' retrieved from /home/airflow/.local/lib/python3.12/site-packages/airflow/example_dags/example_xcomargs.py
[2024-05-02T23:54:01.803+0000] {logging_mixin.py:188} INFO - [2024-05-02T23:54:01.802+0000] {dag.py:3096} INFO - Sync 2 DAGs
[2024-05-02T23:54:01.824+0000] {logging_mixin.py:188} INFO - [2024-05-02T23:54:01.824+0000] {dag.py:3954} INFO - Setting next_dagrun for example_xcom_args to None, run_after=None
[2024-05-02T23:54:01.831+0000] {logging_mixin.py:188} INFO - [2024-05-02T23:54:01.831+0000] {dag.py:3954} INFO - Setting next_dagrun for example_xcom_args_with_operators to None, run_after=None
[2024-05-02T23:54:01.859+0000] {processor.py:183} INFO - Processing /home/airflow/.local/lib/python3.12/site-packages/airflow/example_dags/example_xcomargs.py took 0.120 seconds
[2024-05-02T23:54:32.392+0000] {processor.py:161} INFO - Started process (PID=1636) to work on /home/airflow/.local/lib/python3.12/site-packages/airflow/example_dags/example_xcomargs.py
[2024-05-02T23:54:32.393+0000] {processor.py:830} INFO - Processing file /home/airflow/.local/lib/python3.12/site-packages/airflow/example_dags/example_xcomargs.py for tasks to queue
[2024-05-02T23:54:32.395+0000] {logging_mixin.py:188} INFO - [2024-05-02T23:54:32.394+0000] {dagbag.py:540} INFO - Filling up the DagBag from /home/airflow/.local/lib/python3.12/site-packages/airflow/example_dags/example_xcomargs.py
[2024-05-02T23:54:32.405+0000] {processor.py:840} INFO - DAG(s) 'example_xcom_args', 'example_xcom_args_with_operators' retrieved from /home/airflow/.local/lib/python3.12/site-packages/airflow/example_dags/example_xcomargs.py
[2024-05-02T23:54:32.436+0000] {logging_mixin.py:188} INFO - [2024-05-02T23:54:32.436+0000] {dag.py:3096} INFO - Sync 2 DAGs
[2024-05-02T23:54:32.453+0000] {logging_mixin.py:188} INFO - [2024-05-02T23:54:32.452+0000] {dag.py:3954} INFO - Setting next_dagrun for example_xcom_args to None, run_after=None
[2024-05-02T23:54:32.457+0000] {logging_mixin.py:188} INFO - [2024-05-02T23:54:32.457+0000] {dag.py:3954} INFO - Setting next_dagrun for example_xcom_args_with_operators to None, run_after=None
[2024-05-02T23:54:32.492+0000] {processor.py:183} INFO - Processing /home/airflow/.local/lib/python3.12/site-packages/airflow/example_dags/example_xcomargs.py took 0.108 seconds
[2024-05-02T23:55:02.866+0000] {processor.py:161} INFO - Started process (PID=1694) to work on /home/airflow/.local/lib/python3.12/site-packages/airflow/example_dags/example_xcomargs.py
[2024-05-02T23:55:02.868+0000] {processor.py:830} INFO - Processing file /home/airflow/.local/lib/python3.12/site-packages/airflow/example_dags/example_xcomargs.py for tasks to queue
[2024-05-02T23:55:02.869+0000] {logging_mixin.py:188} INFO - [2024-05-02T23:55:02.869+0000] {dagbag.py:540} INFO - Filling up the DagBag from /home/airflow/.local/lib/python3.12/site-packages/airflow/example_dags/example_xcomargs.py
[2024-05-02T23:55:02.884+0000] {processor.py:840} INFO - DAG(s) 'example_xcom_args_with_operators', 'example_xcom_args' retrieved from /home/airflow/.local/lib/python3.12/site-packages/airflow/example_dags/example_xcomargs.py
[2024-05-02T23:55:02.920+0000] {logging_mixin.py:188} INFO - [2024-05-02T23:55:02.919+0000] {dag.py:3096} INFO - Sync 2 DAGs
[2024-05-02T23:55:02.950+0000] {logging_mixin.py:188} INFO - [2024-05-02T23:55:02.949+0000] {dag.py:3954} INFO - Setting next_dagrun for example_xcom_args to None, run_after=None
[2024-05-02T23:55:02.955+0000] {logging_mixin.py:188} INFO - [2024-05-02T23:55:02.954+0000] {dag.py:3954} INFO - Setting next_dagrun for example_xcom_args_with_operators to None, run_after=None
[2024-05-02T23:55:02.976+0000] {processor.py:183} INFO - Processing /home/airflow/.local/lib/python3.12/site-packages/airflow/example_dags/example_xcomargs.py took 0.117 seconds
[2024-05-02T23:55:33.108+0000] {processor.py:161} INFO - Started process (PID=1751) to work on /home/airflow/.local/lib/python3.12/site-packages/airflow/example_dags/example_xcomargs.py
[2024-05-02T23:55:33.112+0000] {processor.py:830} INFO - Processing file /home/airflow/.local/lib/python3.12/site-packages/airflow/example_dags/example_xcomargs.py for tasks to queue
[2024-05-02T23:55:33.114+0000] {logging_mixin.py:188} INFO - [2024-05-02T23:55:33.113+0000] {dagbag.py:540} INFO - Filling up the DagBag from /home/airflow/.local/lib/python3.12/site-packages/airflow/example_dags/example_xcomargs.py
[2024-05-02T23:55:33.137+0000] {processor.py:840} INFO - DAG(s) 'example_xcom_args_with_operators', 'example_xcom_args' retrieved from /home/airflow/.local/lib/python3.12/site-packages/airflow/example_dags/example_xcomargs.py
[2024-05-02T23:55:33.177+0000] {logging_mixin.py:188} INFO - [2024-05-02T23:55:33.176+0000] {dag.py:3096} INFO - Sync 2 DAGs
[2024-05-02T23:55:33.203+0000] {logging_mixin.py:188} INFO - [2024-05-02T23:55:33.203+0000] {dag.py:3954} INFO - Setting next_dagrun for example_xcom_args to None, run_after=None
[2024-05-02T23:55:33.209+0000] {logging_mixin.py:188} INFO - [2024-05-02T23:55:33.208+0000] {dag.py:3954} INFO - Setting next_dagrun for example_xcom_args_with_operators to None, run_after=None
[2024-05-02T23:55:33.233+0000] {processor.py:183} INFO - Processing /home/airflow/.local/lib/python3.12/site-packages/airflow/example_dags/example_xcomargs.py took 0.134 seconds
[2024-05-02T23:56:03.504+0000] {processor.py:161} INFO - Started process (PID=1808) to work on /home/airflow/.local/lib/python3.12/site-packages/airflow/example_dags/example_xcomargs.py
[2024-05-02T23:56:03.506+0000] {processor.py:830} INFO - Processing file /home/airflow/.local/lib/python3.12/site-packages/airflow/example_dags/example_xcomargs.py for tasks to queue
[2024-05-02T23:56:03.508+0000] {logging_mixin.py:188} INFO - [2024-05-02T23:56:03.507+0000] {dagbag.py:540} INFO - Filling up the DagBag from /home/airflow/.local/lib/python3.12/site-packages/airflow/example_dags/example_xcomargs.py
[2024-05-02T23:56:03.530+0000] {processor.py:840} INFO - DAG(s) 'example_xcom_args_with_operators', 'example_xcom_args' retrieved from /home/airflow/.local/lib/python3.12/site-packages/airflow/example_dags/example_xcomargs.py
[2024-05-02T23:56:03.570+0000] {logging_mixin.py:188} INFO - [2024-05-02T23:56:03.570+0000] {dag.py:3096} INFO - Sync 2 DAGs
[2024-05-02T23:56:03.595+0000] {logging_mixin.py:188} INFO - [2024-05-02T23:56:03.594+0000] {dag.py:3954} INFO - Setting next_dagrun for example_xcom_args to None, run_after=None
[2024-05-02T23:56:03.602+0000] {logging_mixin.py:188} INFO - [2024-05-02T23:56:03.601+0000] {dag.py:3954} INFO - Setting next_dagrun for example_xcom_args_with_operators to None, run_after=None
[2024-05-02T23:56:03.630+0000] {processor.py:183} INFO - Processing /home/airflow/.local/lib/python3.12/site-packages/airflow/example_dags/example_xcomargs.py took 0.136 seconds
[2024-05-02T23:56:34.488+0000] {processor.py:161} INFO - Started process (PID=1866) to work on /home/airflow/.local/lib/python3.12/site-packages/airflow/example_dags/example_xcomargs.py
[2024-05-02T23:56:34.489+0000] {processor.py:830} INFO - Processing file /home/airflow/.local/lib/python3.12/site-packages/airflow/example_dags/example_xcomargs.py for tasks to queue
[2024-05-02T23:56:34.490+0000] {logging_mixin.py:188} INFO - [2024-05-02T23:56:34.490+0000] {dagbag.py:540} INFO - Filling up the DagBag from /home/airflow/.local/lib/python3.12/site-packages/airflow/example_dags/example_xcomargs.py
[2024-05-02T23:56:34.500+0000] {processor.py:840} INFO - DAG(s) 'example_xcom_args_with_operators', 'example_xcom_args' retrieved from /home/airflow/.local/lib/python3.12/site-packages/airflow/example_dags/example_xcomargs.py
[2024-05-02T23:56:34.529+0000] {logging_mixin.py:188} INFO - [2024-05-02T23:56:34.529+0000] {dag.py:3096} INFO - Sync 2 DAGs
[2024-05-02T23:56:34.549+0000] {logging_mixin.py:188} INFO - [2024-05-02T23:56:34.549+0000] {dag.py:3954} INFO - Setting next_dagrun for example_xcom_args to None, run_after=None
[2024-05-02T23:56:34.555+0000] {logging_mixin.py:188} INFO - [2024-05-02T23:56:34.554+0000] {dag.py:3954} INFO - Setting next_dagrun for example_xcom_args_with_operators to None, run_after=None
[2024-05-02T23:56:34.577+0000] {processor.py:183} INFO - Processing /home/airflow/.local/lib/python3.12/site-packages/airflow/example_dags/example_xcomargs.py took 0.096 seconds
[2024-05-02T23:57:05.341+0000] {processor.py:161} INFO - Started process (PID=1924) to work on /home/airflow/.local/lib/python3.12/site-packages/airflow/example_dags/example_xcomargs.py
[2024-05-02T23:57:05.342+0000] {processor.py:830} INFO - Processing file /home/airflow/.local/lib/python3.12/site-packages/airflow/example_dags/example_xcomargs.py for tasks to queue
[2024-05-02T23:57:05.344+0000] {logging_mixin.py:188} INFO - [2024-05-02T23:57:05.343+0000] {dagbag.py:540} INFO - Filling up the DagBag from /home/airflow/.local/lib/python3.12/site-packages/airflow/example_dags/example_xcomargs.py
[2024-05-02T23:57:05.356+0000] {processor.py:840} INFO - DAG(s) 'example_xcom_args', 'example_xcom_args_with_operators' retrieved from /home/airflow/.local/lib/python3.12/site-packages/airflow/example_dags/example_xcomargs.py
[2024-05-02T23:57:05.389+0000] {logging_mixin.py:188} INFO - [2024-05-02T23:57:05.389+0000] {dag.py:3096} INFO - Sync 2 DAGs
[2024-05-02T23:57:05.410+0000] {logging_mixin.py:188} INFO - [2024-05-02T23:57:05.409+0000] {dag.py:3954} INFO - Setting next_dagrun for example_xcom_args to None, run_after=None
[2024-05-02T23:57:05.414+0000] {logging_mixin.py:188} INFO - [2024-05-02T23:57:05.414+0000] {dag.py:3954} INFO - Setting next_dagrun for example_xcom_args_with_operators to None, run_after=None
[2024-05-02T23:57:05.439+0000] {processor.py:183} INFO - Processing /home/airflow/.local/lib/python3.12/site-packages/airflow/example_dags/example_xcomargs.py took 0.106 seconds
