[2024-05-02T05:54:09.659+0000] {processor.py:161} INFO - Started process (PID=47) to work on /home/airflow/.local/lib/python3.12/site-packages/airflow/example_dags/example_branch_operator_decorator.py
[2024-05-02T05:54:09.675+0000] {processor.py:830} INFO - Processing file /home/airflow/.local/lib/python3.12/site-packages/airflow/example_dags/example_branch_operator_decorator.py for tasks to queue
[2024-05-02T05:54:09.681+0000] {logging_mixin.py:188} INFO - [2024-05-02T05:54:09.681+0000] {dagbag.py:540} INFO - Filling up the DagBag from /home/airflow/.local/lib/python3.12/site-packages/airflow/example_dags/example_branch_operator_decorator.py
[2024-05-02T05:54:09.906+0000] {processor.py:840} INFO - DAG(s) 'example_branch_python_operator_decorator' retrieved from /home/airflow/.local/lib/python3.12/site-packages/airflow/example_dags/example_branch_operator_decorator.py
[2024-05-02T05:54:10.437+0000] {logging_mixin.py:188} INFO - [2024-05-02T05:54:10.437+0000] {dag.py:3096} INFO - Sync 1 DAGs
[2024-05-02T05:54:10.503+0000] {logging_mixin.py:188} INFO - [2024-05-02T05:54:10.503+0000] {dag.py:3954} INFO - Setting next_dagrun for example_branch_python_operator_decorator to 2024-05-01 00:00:00+00:00, run_after=2024-05-02 00:00:00+00:00
[2024-05-02T05:54:10.602+0000] {processor.py:183} INFO - Processing /home/airflow/.local/lib/python3.12/site-packages/airflow/example_dags/example_branch_operator_decorator.py took 0.972 seconds
[2024-05-02T05:54:41.269+0000] {processor.py:161} INFO - Started process (PID=105) to work on /home/airflow/.local/lib/python3.12/site-packages/airflow/example_dags/example_branch_operator_decorator.py
[2024-05-02T05:54:41.272+0000] {processor.py:830} INFO - Processing file /home/airflow/.local/lib/python3.12/site-packages/airflow/example_dags/example_branch_operator_decorator.py for tasks to queue
[2024-05-02T05:54:41.276+0000] {logging_mixin.py:188} INFO - [2024-05-02T05:54:41.275+0000] {dagbag.py:540} INFO - Filling up the DagBag from /home/airflow/.local/lib/python3.12/site-packages/airflow/example_dags/example_branch_operator_decorator.py
[2024-05-02T05:54:41.340+0000] {processor.py:840} INFO - DAG(s) 'example_branch_python_operator_decorator' retrieved from /home/airflow/.local/lib/python3.12/site-packages/airflow/example_dags/example_branch_operator_decorator.py
[2024-05-02T05:54:41.443+0000] {logging_mixin.py:188} INFO - [2024-05-02T05:54:41.442+0000] {dag.py:3096} INFO - Sync 1 DAGs
[2024-05-02T05:54:41.503+0000] {logging_mixin.py:188} INFO - [2024-05-02T05:54:41.502+0000] {dag.py:3954} INFO - Setting next_dagrun for example_branch_python_operator_decorator to 2024-05-01 00:00:00+00:00, run_after=2024-05-02 00:00:00+00:00
[2024-05-02T05:54:41.556+0000] {processor.py:183} INFO - Processing /home/airflow/.local/lib/python3.12/site-packages/airflow/example_dags/example_branch_operator_decorator.py took 0.301 seconds
[2024-05-02T05:55:14.515+0000] {processor.py:161} INFO - Started process (PID=163) to work on /home/airflow/.local/lib/python3.12/site-packages/airflow/example_dags/example_branch_operator_decorator.py
[2024-05-02T05:55:14.519+0000] {processor.py:830} INFO - Processing file /home/airflow/.local/lib/python3.12/site-packages/airflow/example_dags/example_branch_operator_decorator.py for tasks to queue
[2024-05-02T05:55:14.533+0000] {logging_mixin.py:188} INFO - [2024-05-02T05:55:14.532+0000] {dagbag.py:540} INFO - Filling up the DagBag from /home/airflow/.local/lib/python3.12/site-packages/airflow/example_dags/example_branch_operator_decorator.py
[2024-05-02T05:55:14.659+0000] {processor.py:840} INFO - DAG(s) 'example_branch_python_operator_decorator' retrieved from /home/airflow/.local/lib/python3.12/site-packages/airflow/example_dags/example_branch_operator_decorator.py
[2024-05-02T05:55:14.858+0000] {logging_mixin.py:188} INFO - [2024-05-02T05:55:14.858+0000] {dag.py:3096} INFO - Sync 1 DAGs
[2024-05-02T05:55:14.971+0000] {logging_mixin.py:188} INFO - [2024-05-02T05:55:14.971+0000] {dag.py:3954} INFO - Setting next_dagrun for example_branch_python_operator_decorator to 2024-05-01 00:00:00+00:00, run_after=2024-05-02 00:00:00+00:00
[2024-05-02T05:55:15.068+0000] {processor.py:183} INFO - Processing /home/airflow/.local/lib/python3.12/site-packages/airflow/example_dags/example_branch_operator_decorator.py took 0.586 seconds
[2024-05-02T05:55:48.760+0000] {processor.py:161} INFO - Started process (PID=219) to work on /home/airflow/.local/lib/python3.12/site-packages/airflow/example_dags/example_branch_operator_decorator.py
[2024-05-02T05:55:48.769+0000] {processor.py:830} INFO - Processing file /home/airflow/.local/lib/python3.12/site-packages/airflow/example_dags/example_branch_operator_decorator.py for tasks to queue
[2024-05-02T05:55:48.787+0000] {logging_mixin.py:188} INFO - [2024-05-02T05:55:48.786+0000] {dagbag.py:540} INFO - Filling up the DagBag from /home/airflow/.local/lib/python3.12/site-packages/airflow/example_dags/example_branch_operator_decorator.py
[2024-05-02T05:55:49.083+0000] {processor.py:840} INFO - DAG(s) 'example_branch_python_operator_decorator' retrieved from /home/airflow/.local/lib/python3.12/site-packages/airflow/example_dags/example_branch_operator_decorator.py
[2024-05-02T05:55:49.646+0000] {logging_mixin.py:188} INFO - [2024-05-02T05:55:49.645+0000] {dag.py:3096} INFO - Sync 1 DAGs
[2024-05-02T05:55:50.478+0000] {logging_mixin.py:188} INFO - [2024-05-02T05:55:50.477+0000] {dag.py:3954} INFO - Setting next_dagrun for example_branch_python_operator_decorator to 2024-05-01 00:00:00+00:00, run_after=2024-05-02 00:00:00+00:00
[2024-05-02T05:55:51.302+0000] {processor.py:183} INFO - Processing /home/airflow/.local/lib/python3.12/site-packages/airflow/example_dags/example_branch_operator_decorator.py took 2.564 seconds
[2024-05-02T05:56:53.625+0000] {processor.py:161} INFO - Started process (PID=266) to work on /home/airflow/.local/lib/python3.12/site-packages/airflow/example_dags/example_branch_operator_decorator.py
[2024-05-02T05:56:53.640+0000] {processor.py:830} INFO - Processing file /home/airflow/.local/lib/python3.12/site-packages/airflow/example_dags/example_branch_operator_decorator.py for tasks to queue
[2024-05-02T05:56:53.653+0000] {logging_mixin.py:188} INFO - [2024-05-02T05:56:53.652+0000] {dagbag.py:540} INFO - Filling up the DagBag from /home/airflow/.local/lib/python3.12/site-packages/airflow/example_dags/example_branch_operator_decorator.py
[2024-05-02T05:56:53.934+0000] {processor.py:840} INFO - DAG(s) 'example_branch_python_operator_decorator' retrieved from /home/airflow/.local/lib/python3.12/site-packages/airflow/example_dags/example_branch_operator_decorator.py
[2024-05-02T05:56:54.330+0000] {logging_mixin.py:188} INFO - [2024-05-02T05:56:54.330+0000] {dag.py:3096} INFO - Sync 1 DAGs
[2024-05-02T05:56:54.746+0000] {logging_mixin.py:188} INFO - [2024-05-02T05:56:54.746+0000] {dag.py:3954} INFO - Setting next_dagrun for example_branch_python_operator_decorator to 2024-05-01 00:00:00+00:00, run_after=2024-05-02 00:00:00+00:00
[2024-05-02T05:56:55.016+0000] {processor.py:183} INFO - Processing /home/airflow/.local/lib/python3.12/site-packages/airflow/example_dags/example_branch_operator_decorator.py took 1.474 seconds
[2024-05-02T05:58:11.776+0000] {processor.py:161} INFO - Started process (PID=314) to work on /home/airflow/.local/lib/python3.12/site-packages/airflow/example_dags/example_branch_operator_decorator.py
[2024-05-02T05:58:11.795+0000] {processor.py:830} INFO - Processing file /home/airflow/.local/lib/python3.12/site-packages/airflow/example_dags/example_branch_operator_decorator.py for tasks to queue
[2024-05-02T05:58:11.803+0000] {logging_mixin.py:188} INFO - [2024-05-02T05:58:11.802+0000] {dagbag.py:540} INFO - Filling up the DagBag from /home/airflow/.local/lib/python3.12/site-packages/airflow/example_dags/example_branch_operator_decorator.py
[2024-05-02T05:58:12.184+0000] {processor.py:840} INFO - DAG(s) 'example_branch_python_operator_decorator' retrieved from /home/airflow/.local/lib/python3.12/site-packages/airflow/example_dags/example_branch_operator_decorator.py
[2024-05-02T05:58:14.697+0000] {logging_mixin.py:188} INFO - [2024-05-02T05:58:14.696+0000] {dag.py:3096} INFO - Sync 1 DAGs
[2024-05-02T05:58:15.769+0000] {logging_mixin.py:188} INFO - [2024-05-02T05:58:15.769+0000] {dag.py:3954} INFO - Setting next_dagrun for example_branch_python_operator_decorator to 2024-05-01 00:00:00+00:00, run_after=2024-05-02 00:00:00+00:00
[2024-05-02T05:58:15.979+0000] {processor.py:183} INFO - Processing /home/airflow/.local/lib/python3.12/site-packages/airflow/example_dags/example_branch_operator_decorator.py took 4.310 seconds
[2024-05-02T23:42:53.163+0000] {processor.py:161} INFO - Started process (PID=387) to work on /home/airflow/.local/lib/python3.12/site-packages/airflow/example_dags/example_branch_operator_decorator.py
[2024-05-02T23:42:53.165+0000] {processor.py:830} INFO - Processing file /home/airflow/.local/lib/python3.12/site-packages/airflow/example_dags/example_branch_operator_decorator.py for tasks to queue
[2024-05-02T23:42:53.167+0000] {logging_mixin.py:188} INFO - [2024-05-02T23:42:53.166+0000] {dagbag.py:540} INFO - Filling up the DagBag from /home/airflow/.local/lib/python3.12/site-packages/airflow/example_dags/example_branch_operator_decorator.py
[2024-05-02T23:42:53.283+0000] {processor.py:840} INFO - DAG(s) 'example_branch_python_operator_decorator' retrieved from /home/airflow/.local/lib/python3.12/site-packages/airflow/example_dags/example_branch_operator_decorator.py
[2024-05-02T23:42:53.724+0000] {logging_mixin.py:188} INFO - [2024-05-02T23:42:53.724+0000] {dag.py:3096} INFO - Sync 1 DAGs
[2024-05-02T23:42:53.939+0000] {logging_mixin.py:188} INFO - [2024-05-02T23:42:53.939+0000] {dag.py:3954} INFO - Setting next_dagrun for example_branch_python_operator_decorator to 2024-05-01 00:00:00+00:00, run_after=2024-05-02 00:00:00+00:00
[2024-05-02T23:42:54.270+0000] {processor.py:183} INFO - Processing /home/airflow/.local/lib/python3.12/site-packages/airflow/example_dags/example_branch_operator_decorator.py took 1.121 seconds
[2024-05-02T23:44:08.505+0000] {processor.py:161} INFO - Started process (PID=451) to work on /home/airflow/.local/lib/python3.12/site-packages/airflow/example_dags/example_branch_operator_decorator.py
[2024-05-02T23:44:08.516+0000] {processor.py:830} INFO - Processing file /home/airflow/.local/lib/python3.12/site-packages/airflow/example_dags/example_branch_operator_decorator.py for tasks to queue
[2024-05-02T23:44:08.530+0000] {logging_mixin.py:188} INFO - [2024-05-02T23:44:08.527+0000] {dagbag.py:540} INFO - Filling up the DagBag from /home/airflow/.local/lib/python3.12/site-packages/airflow/example_dags/example_branch_operator_decorator.py
[2024-05-02T23:44:08.848+0000] {processor.py:840} INFO - DAG(s) 'example_branch_python_operator_decorator' retrieved from /home/airflow/.local/lib/python3.12/site-packages/airflow/example_dags/example_branch_operator_decorator.py
[2024-05-02T23:44:09.660+0000] {logging_mixin.py:188} INFO - [2024-05-02T23:44:09.660+0000] {dag.py:3096} INFO - Sync 1 DAGs
[2024-05-02T23:44:10.554+0000] {logging_mixin.py:188} INFO - [2024-05-02T23:44:10.553+0000] {dag.py:3954} INFO - Setting next_dagrun for example_branch_python_operator_decorator to 2024-05-01 00:00:00+00:00, run_after=2024-05-02 00:00:00+00:00
[2024-05-02T23:44:10.644+0000] {processor.py:183} INFO - Processing /home/airflow/.local/lib/python3.12/site-packages/airflow/example_dags/example_branch_operator_decorator.py took 2.376 seconds
[2024-05-02T23:44:40.818+0000] {processor.py:161} INFO - Started process (PID=509) to work on /home/airflow/.local/lib/python3.12/site-packages/airflow/example_dags/example_branch_operator_decorator.py
[2024-05-02T23:44:40.831+0000] {processor.py:830} INFO - Processing file /home/airflow/.local/lib/python3.12/site-packages/airflow/example_dags/example_branch_operator_decorator.py for tasks to queue
[2024-05-02T23:44:40.834+0000] {logging_mixin.py:188} INFO - [2024-05-02T23:44:40.833+0000] {dagbag.py:540} INFO - Filling up the DagBag from /home/airflow/.local/lib/python3.12/site-packages/airflow/example_dags/example_branch_operator_decorator.py
[2024-05-02T23:44:40.950+0000] {processor.py:840} INFO - DAG(s) 'example_branch_python_operator_decorator' retrieved from /home/airflow/.local/lib/python3.12/site-packages/airflow/example_dags/example_branch_operator_decorator.py
[2024-05-02T23:44:41.101+0000] {logging_mixin.py:188} INFO - [2024-05-02T23:44:41.101+0000] {dag.py:3096} INFO - Sync 1 DAGs
[2024-05-02T23:44:41.218+0000] {logging_mixin.py:188} INFO - [2024-05-02T23:44:41.218+0000] {dag.py:3954} INFO - Setting next_dagrun for example_branch_python_operator_decorator to 2024-05-01 00:00:00+00:00, run_after=2024-05-02 00:00:00+00:00
[2024-05-02T23:44:41.311+0000] {processor.py:183} INFO - Processing /home/airflow/.local/lib/python3.12/site-packages/airflow/example_dags/example_branch_operator_decorator.py took 0.524 seconds
[2024-05-02T23:45:12.136+0000] {processor.py:161} INFO - Started process (PID=567) to work on /home/airflow/.local/lib/python3.12/site-packages/airflow/example_dags/example_branch_operator_decorator.py
[2024-05-02T23:45:12.143+0000] {processor.py:830} INFO - Processing file /home/airflow/.local/lib/python3.12/site-packages/airflow/example_dags/example_branch_operator_decorator.py for tasks to queue
[2024-05-02T23:45:12.146+0000] {logging_mixin.py:188} INFO - [2024-05-02T23:45:12.145+0000] {dagbag.py:540} INFO - Filling up the DagBag from /home/airflow/.local/lib/python3.12/site-packages/airflow/example_dags/example_branch_operator_decorator.py
[2024-05-02T23:45:12.214+0000] {processor.py:840} INFO - DAG(s) 'example_branch_python_operator_decorator' retrieved from /home/airflow/.local/lib/python3.12/site-packages/airflow/example_dags/example_branch_operator_decorator.py
[2024-05-02T23:45:12.293+0000] {logging_mixin.py:188} INFO - [2024-05-02T23:45:12.293+0000] {dag.py:3096} INFO - Sync 1 DAGs
[2024-05-02T23:45:12.398+0000] {logging_mixin.py:188} INFO - [2024-05-02T23:45:12.398+0000] {dag.py:3954} INFO - Setting next_dagrun for example_branch_python_operator_decorator to 2024-05-01 00:00:00+00:00, run_after=2024-05-02 00:00:00+00:00
[2024-05-02T23:45:12.452+0000] {processor.py:183} INFO - Processing /home/airflow/.local/lib/python3.12/site-packages/airflow/example_dags/example_branch_operator_decorator.py took 0.331 seconds
[2024-05-02T23:45:42.912+0000] {processor.py:161} INFO - Started process (PID=625) to work on /home/airflow/.local/lib/python3.12/site-packages/airflow/example_dags/example_branch_operator_decorator.py
[2024-05-02T23:45:42.913+0000] {processor.py:830} INFO - Processing file /home/airflow/.local/lib/python3.12/site-packages/airflow/example_dags/example_branch_operator_decorator.py for tasks to queue
[2024-05-02T23:45:42.915+0000] {logging_mixin.py:188} INFO - [2024-05-02T23:45:42.914+0000] {dagbag.py:540} INFO - Filling up the DagBag from /home/airflow/.local/lib/python3.12/site-packages/airflow/example_dags/example_branch_operator_decorator.py
[2024-05-02T23:45:42.943+0000] {processor.py:840} INFO - DAG(s) 'example_branch_python_operator_decorator' retrieved from /home/airflow/.local/lib/python3.12/site-packages/airflow/example_dags/example_branch_operator_decorator.py
[2024-05-02T23:45:42.989+0000] {logging_mixin.py:188} INFO - [2024-05-02T23:45:42.988+0000] {dag.py:3096} INFO - Sync 1 DAGs
[2024-05-02T23:45:43.023+0000] {logging_mixin.py:188} INFO - [2024-05-02T23:45:43.023+0000] {dag.py:3954} INFO - Setting next_dagrun for example_branch_python_operator_decorator to 2024-05-01 00:00:00+00:00, run_after=2024-05-02 00:00:00+00:00
[2024-05-02T23:45:43.051+0000] {processor.py:183} INFO - Processing /home/airflow/.local/lib/python3.12/site-packages/airflow/example_dags/example_branch_operator_decorator.py took 0.150 seconds
[2024-05-02T23:46:13.382+0000] {processor.py:161} INFO - Started process (PID=683) to work on /home/airflow/.local/lib/python3.12/site-packages/airflow/example_dags/example_branch_operator_decorator.py
[2024-05-02T23:46:13.383+0000] {processor.py:830} INFO - Processing file /home/airflow/.local/lib/python3.12/site-packages/airflow/example_dags/example_branch_operator_decorator.py for tasks to queue
[2024-05-02T23:46:13.384+0000] {logging_mixin.py:188} INFO - [2024-05-02T23:46:13.384+0000] {dagbag.py:540} INFO - Filling up the DagBag from /home/airflow/.local/lib/python3.12/site-packages/airflow/example_dags/example_branch_operator_decorator.py
[2024-05-02T23:46:13.415+0000] {processor.py:840} INFO - DAG(s) 'example_branch_python_operator_decorator' retrieved from /home/airflow/.local/lib/python3.12/site-packages/airflow/example_dags/example_branch_operator_decorator.py
[2024-05-02T23:46:13.458+0000] {logging_mixin.py:188} INFO - [2024-05-02T23:46:13.457+0000] {dag.py:3096} INFO - Sync 1 DAGs
[2024-05-02T23:46:13.493+0000] {logging_mixin.py:188} INFO - [2024-05-02T23:46:13.492+0000] {dag.py:3954} INFO - Setting next_dagrun for example_branch_python_operator_decorator to 2024-05-01 00:00:00+00:00, run_after=2024-05-02 00:00:00+00:00
[2024-05-02T23:46:13.523+0000] {processor.py:183} INFO - Processing /home/airflow/.local/lib/python3.12/site-packages/airflow/example_dags/example_branch_operator_decorator.py took 0.149 seconds
[2024-05-02T23:46:43.687+0000] {processor.py:161} INFO - Started process (PID=741) to work on /home/airflow/.local/lib/python3.12/site-packages/airflow/example_dags/example_branch_operator_decorator.py
[2024-05-02T23:46:43.689+0000] {processor.py:830} INFO - Processing file /home/airflow/.local/lib/python3.12/site-packages/airflow/example_dags/example_branch_operator_decorator.py for tasks to queue
[2024-05-02T23:46:43.690+0000] {logging_mixin.py:188} INFO - [2024-05-02T23:46:43.690+0000] {dagbag.py:540} INFO - Filling up the DagBag from /home/airflow/.local/lib/python3.12/site-packages/airflow/example_dags/example_branch_operator_decorator.py
[2024-05-02T23:46:43.721+0000] {processor.py:840} INFO - DAG(s) 'example_branch_python_operator_decorator' retrieved from /home/airflow/.local/lib/python3.12/site-packages/airflow/example_dags/example_branch_operator_decorator.py
[2024-05-02T23:46:43.758+0000] {logging_mixin.py:188} INFO - [2024-05-02T23:46:43.758+0000] {dag.py:3096} INFO - Sync 1 DAGs
[2024-05-02T23:46:43.793+0000] {logging_mixin.py:188} INFO - [2024-05-02T23:46:43.792+0000] {dag.py:3954} INFO - Setting next_dagrun for example_branch_python_operator_decorator to 2024-05-01 00:00:00+00:00, run_after=2024-05-02 00:00:00+00:00
[2024-05-02T23:46:43.819+0000] {processor.py:183} INFO - Processing /home/airflow/.local/lib/python3.12/site-packages/airflow/example_dags/example_branch_operator_decorator.py took 0.143 seconds
[2024-05-02T23:47:13.891+0000] {processor.py:161} INFO - Started process (PID=799) to work on /home/airflow/.local/lib/python3.12/site-packages/airflow/example_dags/example_branch_operator_decorator.py
[2024-05-02T23:47:13.893+0000] {processor.py:830} INFO - Processing file /home/airflow/.local/lib/python3.12/site-packages/airflow/example_dags/example_branch_operator_decorator.py for tasks to queue
[2024-05-02T23:47:13.895+0000] {logging_mixin.py:188} INFO - [2024-05-02T23:47:13.894+0000] {dagbag.py:540} INFO - Filling up the DagBag from /home/airflow/.local/lib/python3.12/site-packages/airflow/example_dags/example_branch_operator_decorator.py
[2024-05-02T23:47:13.933+0000] {processor.py:840} INFO - DAG(s) 'example_branch_python_operator_decorator' retrieved from /home/airflow/.local/lib/python3.12/site-packages/airflow/example_dags/example_branch_operator_decorator.py
[2024-05-02T23:47:13.987+0000] {logging_mixin.py:188} INFO - [2024-05-02T23:47:13.986+0000] {dag.py:3096} INFO - Sync 1 DAGs
[2024-05-02T23:47:14.033+0000] {logging_mixin.py:188} INFO - [2024-05-02T23:47:14.032+0000] {dag.py:3954} INFO - Setting next_dagrun for example_branch_python_operator_decorator to 2024-05-01 00:00:00+00:00, run_after=2024-05-02 00:00:00+00:00
[2024-05-02T23:47:14.074+0000] {processor.py:183} INFO - Processing /home/airflow/.local/lib/python3.12/site-packages/airflow/example_dags/example_branch_operator_decorator.py took 0.195 seconds
[2024-05-02T23:47:44.182+0000] {processor.py:161} INFO - Started process (PID=857) to work on /home/airflow/.local/lib/python3.12/site-packages/airflow/example_dags/example_branch_operator_decorator.py
[2024-05-02T23:47:44.183+0000] {processor.py:830} INFO - Processing file /home/airflow/.local/lib/python3.12/site-packages/airflow/example_dags/example_branch_operator_decorator.py for tasks to queue
[2024-05-02T23:47:44.184+0000] {logging_mixin.py:188} INFO - [2024-05-02T23:47:44.184+0000] {dagbag.py:540} INFO - Filling up the DagBag from /home/airflow/.local/lib/python3.12/site-packages/airflow/example_dags/example_branch_operator_decorator.py
[2024-05-02T23:47:44.217+0000] {processor.py:840} INFO - DAG(s) 'example_branch_python_operator_decorator' retrieved from /home/airflow/.local/lib/python3.12/site-packages/airflow/example_dags/example_branch_operator_decorator.py
[2024-05-02T23:47:44.253+0000] {logging_mixin.py:188} INFO - [2024-05-02T23:47:44.253+0000] {dag.py:3096} INFO - Sync 1 DAGs
[2024-05-02T23:47:44.281+0000] {logging_mixin.py:188} INFO - [2024-05-02T23:47:44.281+0000] {dag.py:3954} INFO - Setting next_dagrun for example_branch_python_operator_decorator to 2024-05-01 00:00:00+00:00, run_after=2024-05-02 00:00:00+00:00
[2024-05-02T23:47:44.304+0000] {processor.py:183} INFO - Processing /home/airflow/.local/lib/python3.12/site-packages/airflow/example_dags/example_branch_operator_decorator.py took 0.131 seconds
[2024-05-02T23:48:14.795+0000] {processor.py:161} INFO - Started process (PID=915) to work on /home/airflow/.local/lib/python3.12/site-packages/airflow/example_dags/example_branch_operator_decorator.py
[2024-05-02T23:48:14.798+0000] {processor.py:830} INFO - Processing file /home/airflow/.local/lib/python3.12/site-packages/airflow/example_dags/example_branch_operator_decorator.py for tasks to queue
[2024-05-02T23:48:14.801+0000] {logging_mixin.py:188} INFO - [2024-05-02T23:48:14.801+0000] {dagbag.py:540} INFO - Filling up the DagBag from /home/airflow/.local/lib/python3.12/site-packages/airflow/example_dags/example_branch_operator_decorator.py
[2024-05-02T23:48:14.850+0000] {processor.py:840} INFO - DAG(s) 'example_branch_python_operator_decorator' retrieved from /home/airflow/.local/lib/python3.12/site-packages/airflow/example_dags/example_branch_operator_decorator.py
[2024-05-02T23:48:14.962+0000] {logging_mixin.py:188} INFO - [2024-05-02T23:48:14.962+0000] {dag.py:3096} INFO - Sync 1 DAGs
[2024-05-02T23:48:15.546+0000] {logging_mixin.py:188} INFO - [2024-05-02T23:48:15.546+0000] {dag.py:3954} INFO - Setting next_dagrun for example_branch_python_operator_decorator to 2024-05-01 00:00:00+00:00, run_after=2024-05-02 00:00:00+00:00
[2024-05-02T23:48:15.603+0000] {processor.py:183} INFO - Processing /home/airflow/.local/lib/python3.12/site-packages/airflow/example_dags/example_branch_operator_decorator.py took 0.819 seconds
[2024-05-02T23:48:45.875+0000] {processor.py:161} INFO - Started process (PID=973) to work on /home/airflow/.local/lib/python3.12/site-packages/airflow/example_dags/example_branch_operator_decorator.py
[2024-05-02T23:48:45.876+0000] {processor.py:830} INFO - Processing file /home/airflow/.local/lib/python3.12/site-packages/airflow/example_dags/example_branch_operator_decorator.py for tasks to queue
[2024-05-02T23:48:45.877+0000] {logging_mixin.py:188} INFO - [2024-05-02T23:48:45.877+0000] {dagbag.py:540} INFO - Filling up the DagBag from /home/airflow/.local/lib/python3.12/site-packages/airflow/example_dags/example_branch_operator_decorator.py
[2024-05-02T23:48:45.916+0000] {processor.py:840} INFO - DAG(s) 'example_branch_python_operator_decorator' retrieved from /home/airflow/.local/lib/python3.12/site-packages/airflow/example_dags/example_branch_operator_decorator.py
[2024-05-02T23:48:45.955+0000] {logging_mixin.py:188} INFO - [2024-05-02T23:48:45.954+0000] {dag.py:3096} INFO - Sync 1 DAGs
[2024-05-02T23:48:45.987+0000] {logging_mixin.py:188} INFO - [2024-05-02T23:48:45.987+0000] {dag.py:3954} INFO - Setting next_dagrun for example_branch_python_operator_decorator to 2024-05-01 00:00:00+00:00, run_after=2024-05-02 00:00:00+00:00
[2024-05-02T23:48:46.175+0000] {processor.py:183} INFO - Processing /home/airflow/.local/lib/python3.12/site-packages/airflow/example_dags/example_branch_operator_decorator.py took 0.307 seconds
[2024-05-02T23:49:16.943+0000] {processor.py:161} INFO - Started process (PID=1031) to work on /home/airflow/.local/lib/python3.12/site-packages/airflow/example_dags/example_branch_operator_decorator.py
[2024-05-02T23:49:16.945+0000] {processor.py:830} INFO - Processing file /home/airflow/.local/lib/python3.12/site-packages/airflow/example_dags/example_branch_operator_decorator.py for tasks to queue
[2024-05-02T23:49:16.946+0000] {logging_mixin.py:188} INFO - [2024-05-02T23:49:16.946+0000] {dagbag.py:540} INFO - Filling up the DagBag from /home/airflow/.local/lib/python3.12/site-packages/airflow/example_dags/example_branch_operator_decorator.py
[2024-05-02T23:49:16.975+0000] {processor.py:840} INFO - DAG(s) 'example_branch_python_operator_decorator' retrieved from /home/airflow/.local/lib/python3.12/site-packages/airflow/example_dags/example_branch_operator_decorator.py
[2024-05-02T23:49:17.012+0000] {logging_mixin.py:188} INFO - [2024-05-02T23:49:17.012+0000] {dag.py:3096} INFO - Sync 1 DAGs
[2024-05-02T23:49:17.043+0000] {logging_mixin.py:188} INFO - [2024-05-02T23:49:17.042+0000] {dag.py:3954} INFO - Setting next_dagrun for example_branch_python_operator_decorator to 2024-05-01 00:00:00+00:00, run_after=2024-05-02 00:00:00+00:00
[2024-05-02T23:49:17.223+0000] {processor.py:183} INFO - Processing /home/airflow/.local/lib/python3.12/site-packages/airflow/example_dags/example_branch_operator_decorator.py took 0.288 seconds
[2024-05-02T23:49:47.388+0000] {processor.py:161} INFO - Started process (PID=1088) to work on /home/airflow/.local/lib/python3.12/site-packages/airflow/example_dags/example_branch_operator_decorator.py
[2024-05-02T23:49:47.390+0000] {processor.py:830} INFO - Processing file /home/airflow/.local/lib/python3.12/site-packages/airflow/example_dags/example_branch_operator_decorator.py for tasks to queue
[2024-05-02T23:49:47.392+0000] {logging_mixin.py:188} INFO - [2024-05-02T23:49:47.392+0000] {dagbag.py:540} INFO - Filling up the DagBag from /home/airflow/.local/lib/python3.12/site-packages/airflow/example_dags/example_branch_operator_decorator.py
[2024-05-02T23:49:47.429+0000] {processor.py:840} INFO - DAG(s) 'example_branch_python_operator_decorator' retrieved from /home/airflow/.local/lib/python3.12/site-packages/airflow/example_dags/example_branch_operator_decorator.py
[2024-05-02T23:49:47.483+0000] {logging_mixin.py:188} INFO - [2024-05-02T23:49:47.482+0000] {dag.py:3096} INFO - Sync 1 DAGs
[2024-05-02T23:49:47.521+0000] {logging_mixin.py:188} INFO - [2024-05-02T23:49:47.521+0000] {dag.py:3954} INFO - Setting next_dagrun for example_branch_python_operator_decorator to 2024-05-01 00:00:00+00:00, run_after=2024-05-02 00:00:00+00:00
[2024-05-02T23:49:47.554+0000] {processor.py:183} INFO - Processing /home/airflow/.local/lib/python3.12/site-packages/airflow/example_dags/example_branch_operator_decorator.py took 0.178 seconds
[2024-05-02T23:50:18.248+0000] {processor.py:161} INFO - Started process (PID=1146) to work on /home/airflow/.local/lib/python3.12/site-packages/airflow/example_dags/example_branch_operator_decorator.py
[2024-05-02T23:50:18.251+0000] {processor.py:830} INFO - Processing file /home/airflow/.local/lib/python3.12/site-packages/airflow/example_dags/example_branch_operator_decorator.py for tasks to queue
[2024-05-02T23:50:18.253+0000] {logging_mixin.py:188} INFO - [2024-05-02T23:50:18.252+0000] {dagbag.py:540} INFO - Filling up the DagBag from /home/airflow/.local/lib/python3.12/site-packages/airflow/example_dags/example_branch_operator_decorator.py
[2024-05-02T23:50:18.307+0000] {processor.py:840} INFO - DAG(s) 'example_branch_python_operator_decorator' retrieved from /home/airflow/.local/lib/python3.12/site-packages/airflow/example_dags/example_branch_operator_decorator.py
[2024-05-02T23:50:18.389+0000] {logging_mixin.py:188} INFO - [2024-05-02T23:50:18.389+0000] {dag.py:3096} INFO - Sync 1 DAGs
[2024-05-02T23:50:18.441+0000] {logging_mixin.py:188} INFO - [2024-05-02T23:50:18.441+0000] {dag.py:3954} INFO - Setting next_dagrun for example_branch_python_operator_decorator to 2024-05-01 00:00:00+00:00, run_after=2024-05-02 00:00:00+00:00
[2024-05-02T23:50:18.492+0000] {processor.py:183} INFO - Processing /home/airflow/.local/lib/python3.12/site-packages/airflow/example_dags/example_branch_operator_decorator.py took 0.258 seconds
[2024-05-02T23:50:49.339+0000] {processor.py:161} INFO - Started process (PID=1204) to work on /home/airflow/.local/lib/python3.12/site-packages/airflow/example_dags/example_branch_operator_decorator.py
[2024-05-02T23:50:49.340+0000] {processor.py:830} INFO - Processing file /home/airflow/.local/lib/python3.12/site-packages/airflow/example_dags/example_branch_operator_decorator.py for tasks to queue
[2024-05-02T23:50:49.342+0000] {logging_mixin.py:188} INFO - [2024-05-02T23:50:49.341+0000] {dagbag.py:540} INFO - Filling up the DagBag from /home/airflow/.local/lib/python3.12/site-packages/airflow/example_dags/example_branch_operator_decorator.py
[2024-05-02T23:50:49.370+0000] {processor.py:840} INFO - DAG(s) 'example_branch_python_operator_decorator' retrieved from /home/airflow/.local/lib/python3.12/site-packages/airflow/example_dags/example_branch_operator_decorator.py
[2024-05-02T23:50:49.410+0000] {logging_mixin.py:188} INFO - [2024-05-02T23:50:49.409+0000] {dag.py:3096} INFO - Sync 1 DAGs
[2024-05-02T23:50:49.444+0000] {logging_mixin.py:188} INFO - [2024-05-02T23:50:49.444+0000] {dag.py:3954} INFO - Setting next_dagrun for example_branch_python_operator_decorator to 2024-05-01 00:00:00+00:00, run_after=2024-05-02 00:00:00+00:00
[2024-05-02T23:50:49.472+0000] {processor.py:183} INFO - Processing /home/airflow/.local/lib/python3.12/site-packages/airflow/example_dags/example_branch_operator_decorator.py took 0.141 seconds
[2024-05-02T23:51:19.786+0000] {processor.py:161} INFO - Started process (PID=1262) to work on /home/airflow/.local/lib/python3.12/site-packages/airflow/example_dags/example_branch_operator_decorator.py
[2024-05-02T23:51:19.787+0000] {processor.py:830} INFO - Processing file /home/airflow/.local/lib/python3.12/site-packages/airflow/example_dags/example_branch_operator_decorator.py for tasks to queue
[2024-05-02T23:51:19.789+0000] {logging_mixin.py:188} INFO - [2024-05-02T23:51:19.788+0000] {dagbag.py:540} INFO - Filling up the DagBag from /home/airflow/.local/lib/python3.12/site-packages/airflow/example_dags/example_branch_operator_decorator.py
[2024-05-02T23:51:19.818+0000] {processor.py:840} INFO - DAG(s) 'example_branch_python_operator_decorator' retrieved from /home/airflow/.local/lib/python3.12/site-packages/airflow/example_dags/example_branch_operator_decorator.py
[2024-05-02T23:51:19.862+0000] {logging_mixin.py:188} INFO - [2024-05-02T23:51:19.862+0000] {dag.py:3096} INFO - Sync 1 DAGs
[2024-05-02T23:51:19.895+0000] {logging_mixin.py:188} INFO - [2024-05-02T23:51:19.895+0000] {dag.py:3954} INFO - Setting next_dagrun for example_branch_python_operator_decorator to 2024-05-01 00:00:00+00:00, run_after=2024-05-02 00:00:00+00:00
[2024-05-02T23:51:19.922+0000] {processor.py:183} INFO - Processing /home/airflow/.local/lib/python3.12/site-packages/airflow/example_dags/example_branch_operator_decorator.py took 0.146 seconds
[2024-05-02T23:51:50.053+0000] {processor.py:161} INFO - Started process (PID=1320) to work on /home/airflow/.local/lib/python3.12/site-packages/airflow/example_dags/example_branch_operator_decorator.py
[2024-05-02T23:51:50.055+0000] {processor.py:830} INFO - Processing file /home/airflow/.local/lib/python3.12/site-packages/airflow/example_dags/example_branch_operator_decorator.py for tasks to queue
[2024-05-02T23:51:50.056+0000] {logging_mixin.py:188} INFO - [2024-05-02T23:51:50.056+0000] {dagbag.py:540} INFO - Filling up the DagBag from /home/airflow/.local/lib/python3.12/site-packages/airflow/example_dags/example_branch_operator_decorator.py
[2024-05-02T23:51:50.085+0000] {processor.py:840} INFO - DAG(s) 'example_branch_python_operator_decorator' retrieved from /home/airflow/.local/lib/python3.12/site-packages/airflow/example_dags/example_branch_operator_decorator.py
[2024-05-02T23:51:50.123+0000] {logging_mixin.py:188} INFO - [2024-05-02T23:51:50.122+0000] {dag.py:3096} INFO - Sync 1 DAGs
[2024-05-02T23:51:50.154+0000] {logging_mixin.py:188} INFO - [2024-05-02T23:51:50.154+0000] {dag.py:3954} INFO - Setting next_dagrun for example_branch_python_operator_decorator to 2024-05-01 00:00:00+00:00, run_after=2024-05-02 00:00:00+00:00
[2024-05-02T23:51:50.182+0000] {processor.py:183} INFO - Processing /home/airflow/.local/lib/python3.12/site-packages/airflow/example_dags/example_branch_operator_decorator.py took 0.136 seconds
[2024-05-02T23:52:20.453+0000] {processor.py:161} INFO - Started process (PID=1378) to work on /home/airflow/.local/lib/python3.12/site-packages/airflow/example_dags/example_branch_operator_decorator.py
[2024-05-02T23:52:20.454+0000] {processor.py:830} INFO - Processing file /home/airflow/.local/lib/python3.12/site-packages/airflow/example_dags/example_branch_operator_decorator.py for tasks to queue
[2024-05-02T23:52:20.456+0000] {logging_mixin.py:188} INFO - [2024-05-02T23:52:20.455+0000] {dagbag.py:540} INFO - Filling up the DagBag from /home/airflow/.local/lib/python3.12/site-packages/airflow/example_dags/example_branch_operator_decorator.py
[2024-05-02T23:52:20.491+0000] {processor.py:840} INFO - DAG(s) 'example_branch_python_operator_decorator' retrieved from /home/airflow/.local/lib/python3.12/site-packages/airflow/example_dags/example_branch_operator_decorator.py
[2024-05-02T23:52:20.528+0000] {logging_mixin.py:188} INFO - [2024-05-02T23:52:20.528+0000] {dag.py:3096} INFO - Sync 1 DAGs
[2024-05-02T23:52:20.557+0000] {logging_mixin.py:188} INFO - [2024-05-02T23:52:20.557+0000] {dag.py:3954} INFO - Setting next_dagrun for example_branch_python_operator_decorator to 2024-05-01 00:00:00+00:00, run_after=2024-05-02 00:00:00+00:00
[2024-05-02T23:52:20.582+0000] {processor.py:183} INFO - Processing /home/airflow/.local/lib/python3.12/site-packages/airflow/example_dags/example_branch_operator_decorator.py took 0.141 seconds
[2024-05-02T23:52:50.914+0000] {processor.py:161} INFO - Started process (PID=1437) to work on /home/airflow/.local/lib/python3.12/site-packages/airflow/example_dags/example_branch_operator_decorator.py
[2024-05-02T23:52:50.915+0000] {processor.py:830} INFO - Processing file /home/airflow/.local/lib/python3.12/site-packages/airflow/example_dags/example_branch_operator_decorator.py for tasks to queue
[2024-05-02T23:52:50.917+0000] {logging_mixin.py:188} INFO - [2024-05-02T23:52:50.916+0000] {dagbag.py:540} INFO - Filling up the DagBag from /home/airflow/.local/lib/python3.12/site-packages/airflow/example_dags/example_branch_operator_decorator.py
[2024-05-02T23:52:50.948+0000] {processor.py:840} INFO - DAG(s) 'example_branch_python_operator_decorator' retrieved from /home/airflow/.local/lib/python3.12/site-packages/airflow/example_dags/example_branch_operator_decorator.py
[2024-05-02T23:52:50.984+0000] {logging_mixin.py:188} INFO - [2024-05-02T23:52:50.983+0000] {dag.py:3096} INFO - Sync 1 DAGs
[2024-05-02T23:52:51.012+0000] {logging_mixin.py:188} INFO - [2024-05-02T23:52:51.011+0000] {dag.py:3954} INFO - Setting next_dagrun for example_branch_python_operator_decorator to 2024-05-01 00:00:00+00:00, run_after=2024-05-02 00:00:00+00:00
[2024-05-02T23:52:51.040+0000] {processor.py:183} INFO - Processing /home/airflow/.local/lib/python3.12/site-packages/airflow/example_dags/example_branch_operator_decorator.py took 0.138 seconds
[2024-05-02T23:53:21.924+0000] {processor.py:161} INFO - Started process (PID=1495) to work on /home/airflow/.local/lib/python3.12/site-packages/airflow/example_dags/example_branch_operator_decorator.py
[2024-05-02T23:53:21.926+0000] {processor.py:830} INFO - Processing file /home/airflow/.local/lib/python3.12/site-packages/airflow/example_dags/example_branch_operator_decorator.py for tasks to queue
[2024-05-02T23:53:21.928+0000] {logging_mixin.py:188} INFO - [2024-05-02T23:53:21.927+0000] {dagbag.py:540} INFO - Filling up the DagBag from /home/airflow/.local/lib/python3.12/site-packages/airflow/example_dags/example_branch_operator_decorator.py
[2024-05-02T23:53:21.972+0000] {processor.py:840} INFO - DAG(s) 'example_branch_python_operator_decorator' retrieved from /home/airflow/.local/lib/python3.12/site-packages/airflow/example_dags/example_branch_operator_decorator.py
[2024-05-02T23:53:22.008+0000] {logging_mixin.py:188} INFO - [2024-05-02T23:53:22.008+0000] {dag.py:3096} INFO - Sync 1 DAGs
[2024-05-02T23:53:22.041+0000] {logging_mixin.py:188} INFO - [2024-05-02T23:53:22.041+0000] {dag.py:3954} INFO - Setting next_dagrun for example_branch_python_operator_decorator to 2024-05-01 00:00:00+00:00, run_after=2024-05-02 00:00:00+00:00
[2024-05-02T23:53:22.079+0000] {processor.py:183} INFO - Processing /home/airflow/.local/lib/python3.12/site-packages/airflow/example_dags/example_branch_operator_decorator.py took 0.171 seconds
[2024-05-02T23:53:53.010+0000] {processor.py:161} INFO - Started process (PID=1553) to work on /home/airflow/.local/lib/python3.12/site-packages/airflow/example_dags/example_branch_operator_decorator.py
[2024-05-02T23:53:53.012+0000] {processor.py:830} INFO - Processing file /home/airflow/.local/lib/python3.12/site-packages/airflow/example_dags/example_branch_operator_decorator.py for tasks to queue
[2024-05-02T23:53:53.014+0000] {logging_mixin.py:188} INFO - [2024-05-02T23:53:53.014+0000] {dagbag.py:540} INFO - Filling up the DagBag from /home/airflow/.local/lib/python3.12/site-packages/airflow/example_dags/example_branch_operator_decorator.py
[2024-05-02T23:53:53.061+0000] {processor.py:840} INFO - DAG(s) 'example_branch_python_operator_decorator' retrieved from /home/airflow/.local/lib/python3.12/site-packages/airflow/example_dags/example_branch_operator_decorator.py
[2024-05-02T23:53:53.123+0000] {logging_mixin.py:188} INFO - [2024-05-02T23:53:53.122+0000] {dag.py:3096} INFO - Sync 1 DAGs
[2024-05-02T23:53:53.169+0000] {logging_mixin.py:188} INFO - [2024-05-02T23:53:53.169+0000] {dag.py:3954} INFO - Setting next_dagrun for example_branch_python_operator_decorator to 2024-05-01 00:00:00+00:00, run_after=2024-05-02 00:00:00+00:00
[2024-05-02T23:53:53.252+0000] {processor.py:183} INFO - Processing /home/airflow/.local/lib/python3.12/site-packages/airflow/example_dags/example_branch_operator_decorator.py took 0.258 seconds
[2024-05-02T23:54:23.827+0000] {processor.py:161} INFO - Started process (PID=1611) to work on /home/airflow/.local/lib/python3.12/site-packages/airflow/example_dags/example_branch_operator_decorator.py
[2024-05-02T23:54:23.830+0000] {processor.py:830} INFO - Processing file /home/airflow/.local/lib/python3.12/site-packages/airflow/example_dags/example_branch_operator_decorator.py for tasks to queue
[2024-05-02T23:54:23.832+0000] {logging_mixin.py:188} INFO - [2024-05-02T23:54:23.831+0000] {dagbag.py:540} INFO - Filling up the DagBag from /home/airflow/.local/lib/python3.12/site-packages/airflow/example_dags/example_branch_operator_decorator.py
[2024-05-02T23:54:23.895+0000] {processor.py:840} INFO - DAG(s) 'example_branch_python_operator_decorator' retrieved from /home/airflow/.local/lib/python3.12/site-packages/airflow/example_dags/example_branch_operator_decorator.py
[2024-05-02T23:54:23.964+0000] {logging_mixin.py:188} INFO - [2024-05-02T23:54:23.963+0000] {dag.py:3096} INFO - Sync 1 DAGs
[2024-05-02T23:54:24.006+0000] {logging_mixin.py:188} INFO - [2024-05-02T23:54:24.005+0000] {dag.py:3954} INFO - Setting next_dagrun for example_branch_python_operator_decorator to 2024-05-01 00:00:00+00:00, run_after=2024-05-02 00:00:00+00:00
[2024-05-02T23:54:24.047+0000] {processor.py:183} INFO - Processing /home/airflow/.local/lib/python3.12/site-packages/airflow/example_dags/example_branch_operator_decorator.py took 0.234 seconds
[2024-05-02T23:54:54.254+0000] {processor.py:161} INFO - Started process (PID=1669) to work on /home/airflow/.local/lib/python3.12/site-packages/airflow/example_dags/example_branch_operator_decorator.py
[2024-05-02T23:54:54.256+0000] {processor.py:830} INFO - Processing file /home/airflow/.local/lib/python3.12/site-packages/airflow/example_dags/example_branch_operator_decorator.py for tasks to queue
[2024-05-02T23:54:54.257+0000] {logging_mixin.py:188} INFO - [2024-05-02T23:54:54.257+0000] {dagbag.py:540} INFO - Filling up the DagBag from /home/airflow/.local/lib/python3.12/site-packages/airflow/example_dags/example_branch_operator_decorator.py
[2024-05-02T23:54:54.303+0000] {processor.py:840} INFO - DAG(s) 'example_branch_python_operator_decorator' retrieved from /home/airflow/.local/lib/python3.12/site-packages/airflow/example_dags/example_branch_operator_decorator.py
[2024-05-02T23:54:54.376+0000] {logging_mixin.py:188} INFO - [2024-05-02T23:54:54.376+0000] {dag.py:3096} INFO - Sync 1 DAGs
[2024-05-02T23:54:54.423+0000] {logging_mixin.py:188} INFO - [2024-05-02T23:54:54.423+0000] {dag.py:3954} INFO - Setting next_dagrun for example_branch_python_operator_decorator to 2024-05-01 00:00:00+00:00, run_after=2024-05-02 00:00:00+00:00
[2024-05-02T23:54:54.465+0000] {processor.py:183} INFO - Processing /home/airflow/.local/lib/python3.12/site-packages/airflow/example_dags/example_branch_operator_decorator.py took 0.224 seconds
[2024-05-02T23:55:24.647+0000] {processor.py:161} INFO - Started process (PID=1727) to work on /home/airflow/.local/lib/python3.12/site-packages/airflow/example_dags/example_branch_operator_decorator.py
[2024-05-02T23:55:24.649+0000] {processor.py:830} INFO - Processing file /home/airflow/.local/lib/python3.12/site-packages/airflow/example_dags/example_branch_operator_decorator.py for tasks to queue
[2024-05-02T23:55:24.651+0000] {logging_mixin.py:188} INFO - [2024-05-02T23:55:24.651+0000] {dagbag.py:540} INFO - Filling up the DagBag from /home/airflow/.local/lib/python3.12/site-packages/airflow/example_dags/example_branch_operator_decorator.py
[2024-05-02T23:55:24.687+0000] {processor.py:840} INFO - DAG(s) 'example_branch_python_operator_decorator' retrieved from /home/airflow/.local/lib/python3.12/site-packages/airflow/example_dags/example_branch_operator_decorator.py
[2024-05-02T23:55:24.737+0000] {logging_mixin.py:188} INFO - [2024-05-02T23:55:24.737+0000] {dag.py:3096} INFO - Sync 1 DAGs
[2024-05-02T23:55:24.808+0000] {logging_mixin.py:188} INFO - [2024-05-02T23:55:24.807+0000] {dag.py:3954} INFO - Setting next_dagrun for example_branch_python_operator_decorator to 2024-05-01 00:00:00+00:00, run_after=2024-05-02 00:00:00+00:00
[2024-05-02T23:55:24.840+0000] {processor.py:183} INFO - Processing /home/airflow/.local/lib/python3.12/site-packages/airflow/example_dags/example_branch_operator_decorator.py took 0.203 seconds
[2024-05-02T23:55:55.025+0000] {processor.py:161} INFO - Started process (PID=1785) to work on /home/airflow/.local/lib/python3.12/site-packages/airflow/example_dags/example_branch_operator_decorator.py
[2024-05-02T23:55:55.026+0000] {processor.py:830} INFO - Processing file /home/airflow/.local/lib/python3.12/site-packages/airflow/example_dags/example_branch_operator_decorator.py for tasks to queue
[2024-05-02T23:55:55.027+0000] {logging_mixin.py:188} INFO - [2024-05-02T23:55:55.027+0000] {dagbag.py:540} INFO - Filling up the DagBag from /home/airflow/.local/lib/python3.12/site-packages/airflow/example_dags/example_branch_operator_decorator.py
[2024-05-02T23:55:55.055+0000] {processor.py:840} INFO - DAG(s) 'example_branch_python_operator_decorator' retrieved from /home/airflow/.local/lib/python3.12/site-packages/airflow/example_dags/example_branch_operator_decorator.py
[2024-05-02T23:55:55.094+0000] {logging_mixin.py:188} INFO - [2024-05-02T23:55:55.093+0000] {dag.py:3096} INFO - Sync 1 DAGs
[2024-05-02T23:55:55.126+0000] {logging_mixin.py:188} INFO - [2024-05-02T23:55:55.125+0000] {dag.py:3954} INFO - Setting next_dagrun for example_branch_python_operator_decorator to 2024-05-01 00:00:00+00:00, run_after=2024-05-02 00:00:00+00:00
[2024-05-02T23:55:55.156+0000] {processor.py:183} INFO - Processing /home/airflow/.local/lib/python3.12/site-packages/airflow/example_dags/example_branch_operator_decorator.py took 0.140 seconds
[2024-05-02T23:56:25.210+0000] {processor.py:161} INFO - Started process (PID=1841) to work on /home/airflow/.local/lib/python3.12/site-packages/airflow/example_dags/example_branch_operator_decorator.py
[2024-05-02T23:56:25.212+0000] {processor.py:830} INFO - Processing file /home/airflow/.local/lib/python3.12/site-packages/airflow/example_dags/example_branch_operator_decorator.py for tasks to queue
[2024-05-02T23:56:25.213+0000] {logging_mixin.py:188} INFO - [2024-05-02T23:56:25.213+0000] {dagbag.py:540} INFO - Filling up the DagBag from /home/airflow/.local/lib/python3.12/site-packages/airflow/example_dags/example_branch_operator_decorator.py
[2024-05-02T23:56:25.243+0000] {processor.py:840} INFO - DAG(s) 'example_branch_python_operator_decorator' retrieved from /home/airflow/.local/lib/python3.12/site-packages/airflow/example_dags/example_branch_operator_decorator.py
[2024-05-02T23:56:25.281+0000] {logging_mixin.py:188} INFO - [2024-05-02T23:56:25.281+0000] {dag.py:3096} INFO - Sync 1 DAGs
[2024-05-02T23:56:25.312+0000] {logging_mixin.py:188} INFO - [2024-05-02T23:56:25.312+0000] {dag.py:3954} INFO - Setting next_dagrun for example_branch_python_operator_decorator to 2024-05-01 00:00:00+00:00, run_after=2024-05-02 00:00:00+00:00
[2024-05-02T23:56:25.337+0000] {processor.py:183} INFO - Processing /home/airflow/.local/lib/python3.12/site-packages/airflow/example_dags/example_branch_operator_decorator.py took 0.137 seconds
[2024-05-02T23:56:56.083+0000] {processor.py:161} INFO - Started process (PID=1899) to work on /home/airflow/.local/lib/python3.12/site-packages/airflow/example_dags/example_branch_operator_decorator.py
[2024-05-02T23:56:56.084+0000] {processor.py:830} INFO - Processing file /home/airflow/.local/lib/python3.12/site-packages/airflow/example_dags/example_branch_operator_decorator.py for tasks to queue
[2024-05-02T23:56:56.086+0000] {logging_mixin.py:188} INFO - [2024-05-02T23:56:56.085+0000] {dagbag.py:540} INFO - Filling up the DagBag from /home/airflow/.local/lib/python3.12/site-packages/airflow/example_dags/example_branch_operator_decorator.py
[2024-05-02T23:56:56.119+0000] {processor.py:840} INFO - DAG(s) 'example_branch_python_operator_decorator' retrieved from /home/airflow/.local/lib/python3.12/site-packages/airflow/example_dags/example_branch_operator_decorator.py
[2024-05-02T23:56:56.159+0000] {logging_mixin.py:188} INFO - [2024-05-02T23:56:56.158+0000] {dag.py:3096} INFO - Sync 1 DAGs
[2024-05-02T23:56:56.189+0000] {logging_mixin.py:188} INFO - [2024-05-02T23:56:56.189+0000] {dag.py:3954} INFO - Setting next_dagrun for example_branch_python_operator_decorator to 2024-05-01 00:00:00+00:00, run_after=2024-05-02 00:00:00+00:00
[2024-05-02T23:56:56.216+0000] {processor.py:183} INFO - Processing /home/airflow/.local/lib/python3.12/site-packages/airflow/example_dags/example_branch_operator_decorator.py took 0.141 seconds
