[2024-05-02T05:54:07.788+0000] {processor.py:161} INFO - Started process (PID=43) to work on /home/airflow/.local/lib/python3.12/site-packages/airflow/example_dags/example_branch_day_of_week_operator.py
[2024-05-02T05:54:07.790+0000] {processor.py:830} INFO - Processing file /home/airflow/.local/lib/python3.12/site-packages/airflow/example_dags/example_branch_day_of_week_operator.py for tasks to queue
[2024-05-02T05:54:07.796+0000] {logging_mixin.py:188} INFO - [2024-05-02T05:54:07.794+0000] {dagbag.py:540} INFO - Filling up the DagBag from /home/airflow/.local/lib/python3.12/site-packages/airflow/example_dags/example_branch_day_of_week_operator.py
[2024-05-02T05:54:07.829+0000] {processor.py:840} INFO - DAG(s) 'example_weekday_branch_operator' retrieved from /home/airflow/.local/lib/python3.12/site-packages/airflow/example_dags/example_branch_day_of_week_operator.py
[2024-05-02T05:54:08.322+0000] {logging_mixin.py:188} INFO - [2024-05-02T05:54:08.321+0000] {dag.py:3096} INFO - Sync 1 DAGs
[2024-05-02T05:54:08.397+0000] {logging_mixin.py:188} INFO - [2024-05-02T05:54:08.397+0000] {dag.py:3954} INFO - Setting next_dagrun for example_weekday_branch_operator to 2024-05-01 00:00:00+00:00, run_after=2024-05-02 00:00:00+00:00
[2024-05-02T05:54:08.640+0000] {processor.py:183} INFO - Processing /home/airflow/.local/lib/python3.12/site-packages/airflow/example_dags/example_branch_day_of_week_operator.py took 0.864 seconds
[2024-05-02T05:54:39.084+0000] {processor.py:161} INFO - Started process (PID=101) to work on /home/airflow/.local/lib/python3.12/site-packages/airflow/example_dags/example_branch_day_of_week_operator.py
[2024-05-02T05:54:39.086+0000] {processor.py:830} INFO - Processing file /home/airflow/.local/lib/python3.12/site-packages/airflow/example_dags/example_branch_day_of_week_operator.py for tasks to queue
[2024-05-02T05:54:39.094+0000] {logging_mixin.py:188} INFO - [2024-05-02T05:54:39.091+0000] {dagbag.py:540} INFO - Filling up the DagBag from /home/airflow/.local/lib/python3.12/site-packages/airflow/example_dags/example_branch_day_of_week_operator.py
[2024-05-02T05:54:39.158+0000] {processor.py:840} INFO - DAG(s) 'example_weekday_branch_operator' retrieved from /home/airflow/.local/lib/python3.12/site-packages/airflow/example_dags/example_branch_day_of_week_operator.py
[2024-05-02T05:54:39.338+0000] {logging_mixin.py:188} INFO - [2024-05-02T05:54:39.338+0000] {dag.py:3096} INFO - Sync 1 DAGs
[2024-05-02T05:54:39.562+0000] {logging_mixin.py:188} INFO - [2024-05-02T05:54:39.560+0000] {dag.py:3954} INFO - Setting next_dagrun for example_weekday_branch_operator to 2024-05-01 00:00:00+00:00, run_after=2024-05-02 00:00:00+00:00
[2024-05-02T05:54:39.655+0000] {processor.py:183} INFO - Processing /home/airflow/.local/lib/python3.12/site-packages/airflow/example_dags/example_branch_day_of_week_operator.py took 0.588 seconds
[2024-05-02T05:55:10.932+0000] {processor.py:161} INFO - Started process (PID=159) to work on /home/airflow/.local/lib/python3.12/site-packages/airflow/example_dags/example_branch_day_of_week_operator.py
[2024-05-02T05:55:10.949+0000] {processor.py:830} INFO - Processing file /home/airflow/.local/lib/python3.12/site-packages/airflow/example_dags/example_branch_day_of_week_operator.py for tasks to queue
[2024-05-02T05:55:10.959+0000] {logging_mixin.py:188} INFO - [2024-05-02T05:55:10.956+0000] {dagbag.py:540} INFO - Filling up the DagBag from /home/airflow/.local/lib/python3.12/site-packages/airflow/example_dags/example_branch_day_of_week_operator.py
[2024-05-02T05:55:11.038+0000] {processor.py:840} INFO - DAG(s) 'example_weekday_branch_operator' retrieved from /home/airflow/.local/lib/python3.12/site-packages/airflow/example_dags/example_branch_day_of_week_operator.py
[2024-05-02T05:55:11.156+0000] {logging_mixin.py:188} INFO - [2024-05-02T05:55:11.156+0000] {dag.py:3096} INFO - Sync 1 DAGs
[2024-05-02T05:55:11.324+0000] {logging_mixin.py:188} INFO - [2024-05-02T05:55:11.313+0000] {dag.py:3954} INFO - Setting next_dagrun for example_weekday_branch_operator to 2024-05-01 00:00:00+00:00, run_after=2024-05-02 00:00:00+00:00
[2024-05-02T05:55:11.492+0000] {processor.py:183} INFO - Processing /home/airflow/.local/lib/python3.12/site-packages/airflow/example_dags/example_branch_day_of_week_operator.py took 0.602 seconds
[2024-05-02T05:55:44.367+0000] {processor.py:161} INFO - Started process (PID=215) to work on /home/airflow/.local/lib/python3.12/site-packages/airflow/example_dags/example_branch_day_of_week_operator.py
[2024-05-02T05:55:44.402+0000] {processor.py:830} INFO - Processing file /home/airflow/.local/lib/python3.12/site-packages/airflow/example_dags/example_branch_day_of_week_operator.py for tasks to queue
[2024-05-02T05:55:44.417+0000] {logging_mixin.py:188} INFO - [2024-05-02T05:55:44.416+0000] {dagbag.py:540} INFO - Filling up the DagBag from /home/airflow/.local/lib/python3.12/site-packages/airflow/example_dags/example_branch_day_of_week_operator.py
[2024-05-02T05:55:44.547+0000] {processor.py:840} INFO - DAG(s) 'example_weekday_branch_operator' retrieved from /home/airflow/.local/lib/python3.12/site-packages/airflow/example_dags/example_branch_day_of_week_operator.py
[2024-05-02T05:55:45.668+0000] {logging_mixin.py:188} INFO - [2024-05-02T05:55:45.665+0000] {dag.py:3096} INFO - Sync 1 DAGs
[2024-05-02T05:55:46.088+0000] {logging_mixin.py:188} INFO - [2024-05-02T05:55:46.087+0000] {dag.py:3954} INFO - Setting next_dagrun for example_weekday_branch_operator to 2024-05-01 00:00:00+00:00, run_after=2024-05-02 00:00:00+00:00
[2024-05-02T05:55:46.612+0000] {processor.py:183} INFO - Processing /home/airflow/.local/lib/python3.12/site-packages/airflow/example_dags/example_branch_day_of_week_operator.py took 2.287 seconds
[2024-05-02T05:56:49.888+0000] {processor.py:161} INFO - Started process (PID=262) to work on /home/airflow/.local/lib/python3.12/site-packages/airflow/example_dags/example_branch_day_of_week_operator.py
[2024-05-02T05:56:49.920+0000] {processor.py:830} INFO - Processing file /home/airflow/.local/lib/python3.12/site-packages/airflow/example_dags/example_branch_day_of_week_operator.py for tasks to queue
[2024-05-02T05:56:49.942+0000] {logging_mixin.py:188} INFO - [2024-05-02T05:56:49.941+0000] {dagbag.py:540} INFO - Filling up the DagBag from /home/airflow/.local/lib/python3.12/site-packages/airflow/example_dags/example_branch_day_of_week_operator.py
[2024-05-02T05:56:50.103+0000] {processor.py:840} INFO - DAG(s) 'example_weekday_branch_operator' retrieved from /home/airflow/.local/lib/python3.12/site-packages/airflow/example_dags/example_branch_day_of_week_operator.py
[2024-05-02T05:56:50.500+0000] {logging_mixin.py:188} INFO - [2024-05-02T05:56:50.499+0000] {dag.py:3096} INFO - Sync 1 DAGs
[2024-05-02T05:56:50.763+0000] {logging_mixin.py:188} INFO - [2024-05-02T05:56:50.761+0000] {dag.py:3954} INFO - Setting next_dagrun for example_weekday_branch_operator to 2024-05-01 00:00:00+00:00, run_after=2024-05-02 00:00:00+00:00
[2024-05-02T05:56:50.959+0000] {processor.py:183} INFO - Processing /home/airflow/.local/lib/python3.12/site-packages/airflow/example_dags/example_branch_day_of_week_operator.py took 1.148 seconds
[2024-05-02T05:57:46.067+0000] {processor.py:161} INFO - Started process (PID=310) to work on /home/airflow/.local/lib/python3.12/site-packages/airflow/example_dags/example_branch_day_of_week_operator.py
[2024-05-02T05:57:46.118+0000] {processor.py:830} INFO - Processing file /home/airflow/.local/lib/python3.12/site-packages/airflow/example_dags/example_branch_day_of_week_operator.py for tasks to queue
[2024-05-02T05:57:46.396+0000] {logging_mixin.py:188} INFO - [2024-05-02T05:57:46.395+0000] {dagbag.py:540} INFO - Filling up the DagBag from /home/airflow/.local/lib/python3.12/site-packages/airflow/example_dags/example_branch_day_of_week_operator.py
[2024-05-02T05:57:47.798+0000] {processor.py:840} INFO - DAG(s) 'example_weekday_branch_operator' retrieved from /home/airflow/.local/lib/python3.12/site-packages/airflow/example_dags/example_branch_day_of_week_operator.py
[2024-05-02T05:57:49.998+0000] {logging_mixin.py:188} INFO - [2024-05-02T05:57:49.996+0000] {dag.py:3096} INFO - Sync 1 DAGs
[2024-05-02T05:57:51.666+0000] {logging_mixin.py:188} INFO - [2024-05-02T05:57:51.666+0000] {dag.py:3954} INFO - Setting next_dagrun for example_weekday_branch_operator to 2024-05-01 00:00:00+00:00, run_after=2024-05-02 00:00:00+00:00
[2024-05-02T05:57:53.499+0000] {processor.py:183} INFO - Processing /home/airflow/.local/lib/python3.12/site-packages/airflow/example_dags/example_branch_day_of_week_operator.py took 7.535 seconds
[2024-05-02T05:58:42.348+0000] {processor.py:161} INFO - Started process (PID=344) to work on /home/airflow/.local/lib/python3.12/site-packages/airflow/example_dags/example_branch_day_of_week_operator.py
[2024-05-02T05:58:42.378+0000] {processor.py:830} INFO - Processing file /home/airflow/.local/lib/python3.12/site-packages/airflow/example_dags/example_branch_day_of_week_operator.py for tasks to queue
[2024-05-02T05:58:42.537+0000] {logging_mixin.py:188} INFO - [2024-05-02T05:58:42.536+0000] {dagbag.py:540} INFO - Filling up the DagBag from /home/airflow/.local/lib/python3.12/site-packages/airflow/example_dags/example_branch_day_of_week_operator.py
[2024-05-02T05:58:42.641+0000] {processor.py:840} INFO - DAG(s) 'example_weekday_branch_operator' retrieved from /home/airflow/.local/lib/python3.12/site-packages/airflow/example_dags/example_branch_day_of_week_operator.py
[2024-05-02T05:58:43.155+0000] {logging_mixin.py:188} INFO - [2024-05-02T05:58:43.142+0000] {dag.py:3096} INFO - Sync 1 DAGs
[2024-05-02T05:58:43.525+0000] {logging_mixin.py:188} INFO - [2024-05-02T05:58:43.498+0000] {dag.py:3954} INFO - Setting next_dagrun for example_weekday_branch_operator to 2024-05-01 00:00:00+00:00, run_after=2024-05-02 00:00:00+00:00
[2024-05-02T05:58:43.870+0000] {processor.py:183} INFO - Processing /home/airflow/.local/lib/python3.12/site-packages/airflow/example_dags/example_branch_day_of_week_operator.py took 1.634 seconds
[2024-05-02T23:42:50.773+0000] {processor.py:161} INFO - Started process (PID=383) to work on /home/airflow/.local/lib/python3.12/site-packages/airflow/example_dags/example_branch_day_of_week_operator.py
[2024-05-02T23:42:50.785+0000] {processor.py:830} INFO - Processing file /home/airflow/.local/lib/python3.12/site-packages/airflow/example_dags/example_branch_day_of_week_operator.py for tasks to queue
[2024-05-02T23:42:50.787+0000] {logging_mixin.py:188} INFO - [2024-05-02T23:42:50.786+0000] {dagbag.py:540} INFO - Filling up the DagBag from /home/airflow/.local/lib/python3.12/site-packages/airflow/example_dags/example_branch_day_of_week_operator.py
[2024-05-02T23:42:50.933+0000] {processor.py:840} INFO - DAG(s) 'example_weekday_branch_operator' retrieved from /home/airflow/.local/lib/python3.12/site-packages/airflow/example_dags/example_branch_day_of_week_operator.py
[2024-05-02T23:42:51.352+0000] {logging_mixin.py:188} INFO - [2024-05-02T23:42:51.352+0000] {dag.py:3096} INFO - Sync 1 DAGs
[2024-05-02T23:42:52.475+0000] {logging_mixin.py:188} INFO - [2024-05-02T23:42:52.474+0000] {dag.py:3954} INFO - Setting next_dagrun for example_weekday_branch_operator to 2024-05-01 00:00:00+00:00, run_after=2024-05-02 00:00:00+00:00
[2024-05-02T23:42:52.661+0000] {processor.py:183} INFO - Processing /home/airflow/.local/lib/python3.12/site-packages/airflow/example_dags/example_branch_day_of_week_operator.py took 1.906 seconds
[2024-05-02T23:43:31.928+0000] {processor.py:161} INFO - Started process (PID=442) to work on /home/airflow/.local/lib/python3.12/site-packages/airflow/example_dags/example_branch_day_of_week_operator.py
[2024-05-02T23:43:31.944+0000] {processor.py:830} INFO - Processing file /home/airflow/.local/lib/python3.12/site-packages/airflow/example_dags/example_branch_day_of_week_operator.py for tasks to queue
[2024-05-02T23:43:31.947+0000] {logging_mixin.py:188} INFO - [2024-05-02T23:43:31.946+0000] {dagbag.py:540} INFO - Filling up the DagBag from /home/airflow/.local/lib/python3.12/site-packages/airflow/example_dags/example_branch_day_of_week_operator.py
[2024-05-02T23:43:33.027+0000] {processor.py:840} INFO - DAG(s) 'example_weekday_branch_operator' retrieved from /home/airflow/.local/lib/python3.12/site-packages/airflow/example_dags/example_branch_day_of_week_operator.py
[2024-05-02T23:43:35.053+0000] {logging_mixin.py:188} INFO - [2024-05-02T23:43:35.053+0000] {dag.py:3096} INFO - Sync 1 DAGs
[2024-05-02T23:43:35.164+0000] {logging_mixin.py:188} INFO - [2024-05-02T23:43:35.163+0000] {dag.py:3954} INFO - Setting next_dagrun for example_weekday_branch_operator to 2024-05-01 00:00:00+00:00, run_after=2024-05-02 00:00:00+00:00
[2024-05-02T23:43:35.222+0000] {processor.py:183} INFO - Processing /home/airflow/.local/lib/python3.12/site-packages/airflow/example_dags/example_branch_day_of_week_operator.py took 3.609 seconds
[2024-05-02T23:44:20.771+0000] {processor.py:161} INFO - Started process (PID=474) to work on /home/airflow/.local/lib/python3.12/site-packages/airflow/example_dags/example_branch_day_of_week_operator.py
[2024-05-02T23:44:20.776+0000] {processor.py:830} INFO - Processing file /home/airflow/.local/lib/python3.12/site-packages/airflow/example_dags/example_branch_day_of_week_operator.py for tasks to queue
[2024-05-02T23:44:20.778+0000] {logging_mixin.py:188} INFO - [2024-05-02T23:44:20.777+0000] {dagbag.py:540} INFO - Filling up the DagBag from /home/airflow/.local/lib/python3.12/site-packages/airflow/example_dags/example_branch_day_of_week_operator.py
[2024-05-02T23:44:20.794+0000] {processor.py:840} INFO - DAG(s) 'example_weekday_branch_operator' retrieved from /home/airflow/.local/lib/python3.12/site-packages/airflow/example_dags/example_branch_day_of_week_operator.py
[2024-05-02T23:44:20.838+0000] {logging_mixin.py:188} INFO - [2024-05-02T23:44:20.837+0000] {dag.py:3096} INFO - Sync 1 DAGs
[2024-05-02T23:44:20.885+0000] {logging_mixin.py:188} INFO - [2024-05-02T23:44:20.884+0000] {dag.py:3954} INFO - Setting next_dagrun for example_weekday_branch_operator to 2024-05-01 00:00:00+00:00, run_after=2024-05-02 00:00:00+00:00
[2024-05-02T23:44:20.923+0000] {processor.py:183} INFO - Processing /home/airflow/.local/lib/python3.12/site-packages/airflow/example_dags/example_branch_day_of_week_operator.py took 0.166 seconds
[2024-05-02T23:44:51.875+0000] {processor.py:161} INFO - Started process (PID=532) to work on /home/airflow/.local/lib/python3.12/site-packages/airflow/example_dags/example_branch_day_of_week_operator.py
[2024-05-02T23:44:51.877+0000] {processor.py:830} INFO - Processing file /home/airflow/.local/lib/python3.12/site-packages/airflow/example_dags/example_branch_day_of_week_operator.py for tasks to queue
[2024-05-02T23:44:51.879+0000] {logging_mixin.py:188} INFO - [2024-05-02T23:44:51.878+0000] {dagbag.py:540} INFO - Filling up the DagBag from /home/airflow/.local/lib/python3.12/site-packages/airflow/example_dags/example_branch_day_of_week_operator.py
[2024-05-02T23:44:51.892+0000] {processor.py:840} INFO - DAG(s) 'example_weekday_branch_operator' retrieved from /home/airflow/.local/lib/python3.12/site-packages/airflow/example_dags/example_branch_day_of_week_operator.py
[2024-05-02T23:44:51.925+0000] {logging_mixin.py:188} INFO - [2024-05-02T23:44:51.925+0000] {dag.py:3096} INFO - Sync 1 DAGs
[2024-05-02T23:44:51.965+0000] {logging_mixin.py:188} INFO - [2024-05-02T23:44:51.965+0000] {dag.py:3954} INFO - Setting next_dagrun for example_weekday_branch_operator to 2024-05-01 00:00:00+00:00, run_after=2024-05-02 00:00:00+00:00
[2024-05-02T23:44:51.998+0000] {processor.py:183} INFO - Processing /home/airflow/.local/lib/python3.12/site-packages/airflow/example_dags/example_branch_day_of_week_operator.py took 0.133 seconds
[2024-05-02T23:45:24.335+0000] {processor.py:161} INFO - Started process (PID=590) to work on /home/airflow/.local/lib/python3.12/site-packages/airflow/example_dags/example_branch_day_of_week_operator.py
[2024-05-02T23:45:24.401+0000] {processor.py:830} INFO - Processing file /home/airflow/.local/lib/python3.12/site-packages/airflow/example_dags/example_branch_day_of_week_operator.py for tasks to queue
[2024-05-02T23:45:24.407+0000] {logging_mixin.py:188} INFO - [2024-05-02T23:45:24.405+0000] {dagbag.py:540} INFO - Filling up the DagBag from /home/airflow/.local/lib/python3.12/site-packages/airflow/example_dags/example_branch_day_of_week_operator.py
[2024-05-02T23:45:24.461+0000] {processor.py:840} INFO - DAG(s) 'example_weekday_branch_operator' retrieved from /home/airflow/.local/lib/python3.12/site-packages/airflow/example_dags/example_branch_day_of_week_operator.py
[2024-05-02T23:45:24.700+0000] {logging_mixin.py:188} INFO - [2024-05-02T23:45:24.700+0000] {dag.py:3096} INFO - Sync 1 DAGs
[2024-05-02T23:45:24.800+0000] {logging_mixin.py:188} INFO - [2024-05-02T23:45:24.799+0000] {dag.py:3954} INFO - Setting next_dagrun for example_weekday_branch_operator to 2024-05-01 00:00:00+00:00, run_after=2024-05-02 00:00:00+00:00
[2024-05-02T23:45:24.951+0000] {processor.py:183} INFO - Processing /home/airflow/.local/lib/python3.12/site-packages/airflow/example_dags/example_branch_day_of_week_operator.py took 0.639 seconds
[2024-05-02T23:45:55.666+0000] {processor.py:161} INFO - Started process (PID=648) to work on /home/airflow/.local/lib/python3.12/site-packages/airflow/example_dags/example_branch_day_of_week_operator.py
[2024-05-02T23:45:55.667+0000] {processor.py:830} INFO - Processing file /home/airflow/.local/lib/python3.12/site-packages/airflow/example_dags/example_branch_day_of_week_operator.py for tasks to queue
[2024-05-02T23:45:55.668+0000] {logging_mixin.py:188} INFO - [2024-05-02T23:45:55.668+0000] {dagbag.py:540} INFO - Filling up the DagBag from /home/airflow/.local/lib/python3.12/site-packages/airflow/example_dags/example_branch_day_of_week_operator.py
[2024-05-02T23:45:55.677+0000] {processor.py:840} INFO - DAG(s) 'example_weekday_branch_operator' retrieved from /home/airflow/.local/lib/python3.12/site-packages/airflow/example_dags/example_branch_day_of_week_operator.py
[2024-05-02T23:45:55.710+0000] {logging_mixin.py:188} INFO - [2024-05-02T23:45:55.710+0000] {dag.py:3096} INFO - Sync 1 DAGs
[2024-05-02T23:45:55.748+0000] {logging_mixin.py:188} INFO - [2024-05-02T23:45:55.747+0000] {dag.py:3954} INFO - Setting next_dagrun for example_weekday_branch_operator to 2024-05-01 00:00:00+00:00, run_after=2024-05-02 00:00:00+00:00
[2024-05-02T23:45:55.777+0000] {processor.py:183} INFO - Processing /home/airflow/.local/lib/python3.12/site-packages/airflow/example_dags/example_branch_day_of_week_operator.py took 0.119 seconds
[2024-05-02T23:46:25.848+0000] {processor.py:161} INFO - Started process (PID=706) to work on /home/airflow/.local/lib/python3.12/site-packages/airflow/example_dags/example_branch_day_of_week_operator.py
[2024-05-02T23:46:25.849+0000] {processor.py:830} INFO - Processing file /home/airflow/.local/lib/python3.12/site-packages/airflow/example_dags/example_branch_day_of_week_operator.py for tasks to queue
[2024-05-02T23:46:25.851+0000] {logging_mixin.py:188} INFO - [2024-05-02T23:46:25.850+0000] {dagbag.py:540} INFO - Filling up the DagBag from /home/airflow/.local/lib/python3.12/site-packages/airflow/example_dags/example_branch_day_of_week_operator.py
[2024-05-02T23:46:25.863+0000] {processor.py:840} INFO - DAG(s) 'example_weekday_branch_operator' retrieved from /home/airflow/.local/lib/python3.12/site-packages/airflow/example_dags/example_branch_day_of_week_operator.py
[2024-05-02T23:46:25.901+0000] {logging_mixin.py:188} INFO - [2024-05-02T23:46:25.900+0000] {dag.py:3096} INFO - Sync 1 DAGs
[2024-05-02T23:46:25.934+0000] {logging_mixin.py:188} INFO - [2024-05-02T23:46:25.934+0000] {dag.py:3954} INFO - Setting next_dagrun for example_weekday_branch_operator to 2024-05-01 00:00:00+00:00, run_after=2024-05-02 00:00:00+00:00
[2024-05-02T23:46:25.966+0000] {processor.py:183} INFO - Processing /home/airflow/.local/lib/python3.12/site-packages/airflow/example_dags/example_branch_day_of_week_operator.py took 0.129 seconds
[2024-05-02T23:46:56.250+0000] {processor.py:161} INFO - Started process (PID=770) to work on /home/airflow/.local/lib/python3.12/site-packages/airflow/example_dags/example_branch_day_of_week_operator.py
[2024-05-02T23:46:56.251+0000] {processor.py:830} INFO - Processing file /home/airflow/.local/lib/python3.12/site-packages/airflow/example_dags/example_branch_day_of_week_operator.py for tasks to queue
[2024-05-02T23:46:56.253+0000] {logging_mixin.py:188} INFO - [2024-05-02T23:46:56.252+0000] {dagbag.py:540} INFO - Filling up the DagBag from /home/airflow/.local/lib/python3.12/site-packages/airflow/example_dags/example_branch_day_of_week_operator.py
[2024-05-02T23:46:56.265+0000] {processor.py:840} INFO - DAG(s) 'example_weekday_branch_operator' retrieved from /home/airflow/.local/lib/python3.12/site-packages/airflow/example_dags/example_branch_day_of_week_operator.py
[2024-05-02T23:46:56.294+0000] {logging_mixin.py:188} INFO - [2024-05-02T23:46:56.294+0000] {dag.py:3096} INFO - Sync 1 DAGs
[2024-05-02T23:46:56.324+0000] {logging_mixin.py:188} INFO - [2024-05-02T23:46:56.324+0000] {dag.py:3954} INFO - Setting next_dagrun for example_weekday_branch_operator to 2024-05-01 00:00:00+00:00, run_after=2024-05-02 00:00:00+00:00
[2024-05-02T23:46:56.350+0000] {processor.py:183} INFO - Processing /home/airflow/.local/lib/python3.12/site-packages/airflow/example_dags/example_branch_day_of_week_operator.py took 0.107 seconds
[2024-05-02T23:47:26.694+0000] {processor.py:161} INFO - Started process (PID=828) to work on /home/airflow/.local/lib/python3.12/site-packages/airflow/example_dags/example_branch_day_of_week_operator.py
[2024-05-02T23:47:26.696+0000] {processor.py:830} INFO - Processing file /home/airflow/.local/lib/python3.12/site-packages/airflow/example_dags/example_branch_day_of_week_operator.py for tasks to queue
[2024-05-02T23:47:26.697+0000] {logging_mixin.py:188} INFO - [2024-05-02T23:47:26.697+0000] {dagbag.py:540} INFO - Filling up the DagBag from /home/airflow/.local/lib/python3.12/site-packages/airflow/example_dags/example_branch_day_of_week_operator.py
[2024-05-02T23:47:26.711+0000] {processor.py:840} INFO - DAG(s) 'example_weekday_branch_operator' retrieved from /home/airflow/.local/lib/python3.12/site-packages/airflow/example_dags/example_branch_day_of_week_operator.py
[2024-05-02T23:47:26.745+0000] {logging_mixin.py:188} INFO - [2024-05-02T23:47:26.745+0000] {dag.py:3096} INFO - Sync 1 DAGs
[2024-05-02T23:47:26.776+0000] {logging_mixin.py:188} INFO - [2024-05-02T23:47:26.775+0000] {dag.py:3954} INFO - Setting next_dagrun for example_weekday_branch_operator to 2024-05-01 00:00:00+00:00, run_after=2024-05-02 00:00:00+00:00
[2024-05-02T23:47:26.802+0000] {processor.py:183} INFO - Processing /home/airflow/.local/lib/python3.12/site-packages/airflow/example_dags/example_branch_day_of_week_operator.py took 0.117 seconds
[2024-05-02T23:47:56.909+0000] {processor.py:161} INFO - Started process (PID=886) to work on /home/airflow/.local/lib/python3.12/site-packages/airflow/example_dags/example_branch_day_of_week_operator.py
[2024-05-02T23:47:56.911+0000] {processor.py:830} INFO - Processing file /home/airflow/.local/lib/python3.12/site-packages/airflow/example_dags/example_branch_day_of_week_operator.py for tasks to queue
[2024-05-02T23:47:56.912+0000] {logging_mixin.py:188} INFO - [2024-05-02T23:47:56.911+0000] {dagbag.py:540} INFO - Filling up the DagBag from /home/airflow/.local/lib/python3.12/site-packages/airflow/example_dags/example_branch_day_of_week_operator.py
[2024-05-02T23:47:56.921+0000] {processor.py:840} INFO - DAG(s) 'example_weekday_branch_operator' retrieved from /home/airflow/.local/lib/python3.12/site-packages/airflow/example_dags/example_branch_day_of_week_operator.py
[2024-05-02T23:47:56.953+0000] {logging_mixin.py:188} INFO - [2024-05-02T23:47:56.953+0000] {dag.py:3096} INFO - Sync 1 DAGs
[2024-05-02T23:47:56.997+0000] {logging_mixin.py:188} INFO - [2024-05-02T23:47:56.997+0000] {dag.py:3954} INFO - Setting next_dagrun for example_weekday_branch_operator to 2024-05-01 00:00:00+00:00, run_after=2024-05-02 00:00:00+00:00
[2024-05-02T23:47:57.029+0000] {processor.py:183} INFO - Processing /home/airflow/.local/lib/python3.12/site-packages/airflow/example_dags/example_branch_day_of_week_operator.py took 0.130 seconds
[2024-05-02T23:48:27.285+0000] {processor.py:161} INFO - Started process (PID=944) to work on /home/airflow/.local/lib/python3.12/site-packages/airflow/example_dags/example_branch_day_of_week_operator.py
[2024-05-02T23:48:27.287+0000] {processor.py:830} INFO - Processing file /home/airflow/.local/lib/python3.12/site-packages/airflow/example_dags/example_branch_day_of_week_operator.py for tasks to queue
[2024-05-02T23:48:27.288+0000] {logging_mixin.py:188} INFO - [2024-05-02T23:48:27.288+0000] {dagbag.py:540} INFO - Filling up the DagBag from /home/airflow/.local/lib/python3.12/site-packages/airflow/example_dags/example_branch_day_of_week_operator.py
[2024-05-02T23:48:27.301+0000] {processor.py:840} INFO - DAG(s) 'example_weekday_branch_operator' retrieved from /home/airflow/.local/lib/python3.12/site-packages/airflow/example_dags/example_branch_day_of_week_operator.py
[2024-05-02T23:48:27.327+0000] {logging_mixin.py:188} INFO - [2024-05-02T23:48:27.327+0000] {dag.py:3096} INFO - Sync 1 DAGs
[2024-05-02T23:48:27.358+0000] {logging_mixin.py:188} INFO - [2024-05-02T23:48:27.358+0000] {dag.py:3954} INFO - Setting next_dagrun for example_weekday_branch_operator to 2024-05-01 00:00:00+00:00, run_after=2024-05-02 00:00:00+00:00
[2024-05-02T23:48:27.382+0000] {processor.py:183} INFO - Processing /home/airflow/.local/lib/python3.12/site-packages/airflow/example_dags/example_branch_day_of_week_operator.py took 0.104 seconds
[2024-05-02T23:48:58.392+0000] {processor.py:161} INFO - Started process (PID=1002) to work on /home/airflow/.local/lib/python3.12/site-packages/airflow/example_dags/example_branch_day_of_week_operator.py
[2024-05-02T23:48:58.393+0000] {processor.py:830} INFO - Processing file /home/airflow/.local/lib/python3.12/site-packages/airflow/example_dags/example_branch_day_of_week_operator.py for tasks to queue
[2024-05-02T23:48:58.394+0000] {logging_mixin.py:188} INFO - [2024-05-02T23:48:58.394+0000] {dagbag.py:540} INFO - Filling up the DagBag from /home/airflow/.local/lib/python3.12/site-packages/airflow/example_dags/example_branch_day_of_week_operator.py
[2024-05-02T23:48:58.405+0000] {processor.py:840} INFO - DAG(s) 'example_weekday_branch_operator' retrieved from /home/airflow/.local/lib/python3.12/site-packages/airflow/example_dags/example_branch_day_of_week_operator.py
[2024-05-02T23:48:58.432+0000] {logging_mixin.py:188} INFO - [2024-05-02T23:48:58.432+0000] {dag.py:3096} INFO - Sync 1 DAGs
[2024-05-02T23:48:58.637+0000] {logging_mixin.py:188} INFO - [2024-05-02T23:48:58.637+0000] {dag.py:3954} INFO - Setting next_dagrun for example_weekday_branch_operator to 2024-05-01 00:00:00+00:00, run_after=2024-05-02 00:00:00+00:00
[2024-05-02T23:48:58.662+0000] {processor.py:183} INFO - Processing /home/airflow/.local/lib/python3.12/site-packages/airflow/example_dags/example_branch_day_of_week_operator.py took 0.278 seconds
[2024-05-02T23:49:28.977+0000] {processor.py:161} INFO - Started process (PID=1059) to work on /home/airflow/.local/lib/python3.12/site-packages/airflow/example_dags/example_branch_day_of_week_operator.py
[2024-05-02T23:49:28.978+0000] {processor.py:830} INFO - Processing file /home/airflow/.local/lib/python3.12/site-packages/airflow/example_dags/example_branch_day_of_week_operator.py for tasks to queue
[2024-05-02T23:49:28.980+0000] {logging_mixin.py:188} INFO - [2024-05-02T23:49:28.979+0000] {dagbag.py:540} INFO - Filling up the DagBag from /home/airflow/.local/lib/python3.12/site-packages/airflow/example_dags/example_branch_day_of_week_operator.py
[2024-05-02T23:49:28.997+0000] {processor.py:840} INFO - DAG(s) 'example_weekday_branch_operator' retrieved from /home/airflow/.local/lib/python3.12/site-packages/airflow/example_dags/example_branch_day_of_week_operator.py
[2024-05-02T23:49:29.031+0000] {logging_mixin.py:188} INFO - [2024-05-02T23:49:29.030+0000] {dag.py:3096} INFO - Sync 1 DAGs
[2024-05-02T23:49:29.270+0000] {logging_mixin.py:188} INFO - [2024-05-02T23:49:29.269+0000] {dag.py:3954} INFO - Setting next_dagrun for example_weekday_branch_operator to 2024-05-01 00:00:00+00:00, run_after=2024-05-02 00:00:00+00:00
[2024-05-02T23:49:29.313+0000] {processor.py:183} INFO - Processing /home/airflow/.local/lib/python3.12/site-packages/airflow/example_dags/example_branch_day_of_week_operator.py took 0.345 seconds
[2024-05-02T23:49:59.446+0000] {processor.py:161} INFO - Started process (PID=1117) to work on /home/airflow/.local/lib/python3.12/site-packages/airflow/example_dags/example_branch_day_of_week_operator.py
[2024-05-02T23:49:59.447+0000] {processor.py:830} INFO - Processing file /home/airflow/.local/lib/python3.12/site-packages/airflow/example_dags/example_branch_day_of_week_operator.py for tasks to queue
[2024-05-02T23:49:59.449+0000] {logging_mixin.py:188} INFO - [2024-05-02T23:49:59.448+0000] {dagbag.py:540} INFO - Filling up the DagBag from /home/airflow/.local/lib/python3.12/site-packages/airflow/example_dags/example_branch_day_of_week_operator.py
[2024-05-02T23:49:59.462+0000] {processor.py:840} INFO - DAG(s) 'example_weekday_branch_operator' retrieved from /home/airflow/.local/lib/python3.12/site-packages/airflow/example_dags/example_branch_day_of_week_operator.py
[2024-05-02T23:49:59.507+0000] {logging_mixin.py:188} INFO - [2024-05-02T23:49:59.507+0000] {dag.py:3096} INFO - Sync 1 DAGs
[2024-05-02T23:49:59.551+0000] {logging_mixin.py:188} INFO - [2024-05-02T23:49:59.551+0000] {dag.py:3954} INFO - Setting next_dagrun for example_weekday_branch_operator to 2024-05-01 00:00:00+00:00, run_after=2024-05-02 00:00:00+00:00
[2024-05-02T23:49:59.582+0000] {processor.py:183} INFO - Processing /home/airflow/.local/lib/python3.12/site-packages/airflow/example_dags/example_branch_day_of_week_operator.py took 0.143 seconds
[2024-05-02T23:50:29.814+0000] {processor.py:161} INFO - Started process (PID=1175) to work on /home/airflow/.local/lib/python3.12/site-packages/airflow/example_dags/example_branch_day_of_week_operator.py
[2024-05-02T23:50:29.816+0000] {processor.py:830} INFO - Processing file /home/airflow/.local/lib/python3.12/site-packages/airflow/example_dags/example_branch_day_of_week_operator.py for tasks to queue
[2024-05-02T23:50:29.817+0000] {logging_mixin.py:188} INFO - [2024-05-02T23:50:29.817+0000] {dagbag.py:540} INFO - Filling up the DagBag from /home/airflow/.local/lib/python3.12/site-packages/airflow/example_dags/example_branch_day_of_week_operator.py
[2024-05-02T23:50:29.830+0000] {processor.py:840} INFO - DAG(s) 'example_weekday_branch_operator' retrieved from /home/airflow/.local/lib/python3.12/site-packages/airflow/example_dags/example_branch_day_of_week_operator.py
[2024-05-02T23:50:29.863+0000] {logging_mixin.py:188} INFO - [2024-05-02T23:50:29.863+0000] {dag.py:3096} INFO - Sync 1 DAGs
[2024-05-02T23:50:29.896+0000] {logging_mixin.py:188} INFO - [2024-05-02T23:50:29.896+0000] {dag.py:3954} INFO - Setting next_dagrun for example_weekday_branch_operator to 2024-05-01 00:00:00+00:00, run_after=2024-05-02 00:00:00+00:00
[2024-05-02T23:50:29.971+0000] {processor.py:183} INFO - Processing /home/airflow/.local/lib/python3.12/site-packages/airflow/example_dags/example_branch_day_of_week_operator.py took 0.168 seconds
[2024-05-02T23:51:00.244+0000] {processor.py:161} INFO - Started process (PID=1233) to work on /home/airflow/.local/lib/python3.12/site-packages/airflow/example_dags/example_branch_day_of_week_operator.py
[2024-05-02T23:51:00.245+0000] {processor.py:830} INFO - Processing file /home/airflow/.local/lib/python3.12/site-packages/airflow/example_dags/example_branch_day_of_week_operator.py for tasks to queue
[2024-05-02T23:51:00.246+0000] {logging_mixin.py:188} INFO - [2024-05-02T23:51:00.246+0000] {dagbag.py:540} INFO - Filling up the DagBag from /home/airflow/.local/lib/python3.12/site-packages/airflow/example_dags/example_branch_day_of_week_operator.py
[2024-05-02T23:51:00.256+0000] {processor.py:840} INFO - DAG(s) 'example_weekday_branch_operator' retrieved from /home/airflow/.local/lib/python3.12/site-packages/airflow/example_dags/example_branch_day_of_week_operator.py
[2024-05-02T23:51:00.281+0000] {logging_mixin.py:188} INFO - [2024-05-02T23:51:00.280+0000] {dag.py:3096} INFO - Sync 1 DAGs
[2024-05-02T23:51:00.310+0000] {logging_mixin.py:188} INFO - [2024-05-02T23:51:00.309+0000] {dag.py:3954} INFO - Setting next_dagrun for example_weekday_branch_operator to 2024-05-01 00:00:00+00:00, run_after=2024-05-02 00:00:00+00:00
[2024-05-02T23:51:00.337+0000] {processor.py:183} INFO - Processing /home/airflow/.local/lib/python3.12/site-packages/airflow/example_dags/example_branch_day_of_week_operator.py took 0.101 seconds
[2024-05-02T23:51:30.486+0000] {processor.py:161} INFO - Started process (PID=1291) to work on /home/airflow/.local/lib/python3.12/site-packages/airflow/example_dags/example_branch_day_of_week_operator.py
[2024-05-02T23:51:30.488+0000] {processor.py:830} INFO - Processing file /home/airflow/.local/lib/python3.12/site-packages/airflow/example_dags/example_branch_day_of_week_operator.py for tasks to queue
[2024-05-02T23:51:30.489+0000] {logging_mixin.py:188} INFO - [2024-05-02T23:51:30.489+0000] {dagbag.py:540} INFO - Filling up the DagBag from /home/airflow/.local/lib/python3.12/site-packages/airflow/example_dags/example_branch_day_of_week_operator.py
[2024-05-02T23:51:30.502+0000] {processor.py:840} INFO - DAG(s) 'example_weekday_branch_operator' retrieved from /home/airflow/.local/lib/python3.12/site-packages/airflow/example_dags/example_branch_day_of_week_operator.py
[2024-05-02T23:51:30.526+0000] {logging_mixin.py:188} INFO - [2024-05-02T23:51:30.526+0000] {dag.py:3096} INFO - Sync 1 DAGs
[2024-05-02T23:51:30.555+0000] {logging_mixin.py:188} INFO - [2024-05-02T23:51:30.554+0000] {dag.py:3954} INFO - Setting next_dagrun for example_weekday_branch_operator to 2024-05-01 00:00:00+00:00, run_after=2024-05-02 00:00:00+00:00
[2024-05-02T23:51:30.580+0000] {processor.py:183} INFO - Processing /home/airflow/.local/lib/python3.12/site-packages/airflow/example_dags/example_branch_day_of_week_operator.py took 0.101 seconds
[2024-05-02T23:52:00.713+0000] {processor.py:161} INFO - Started process (PID=1349) to work on /home/airflow/.local/lib/python3.12/site-packages/airflow/example_dags/example_branch_day_of_week_operator.py
[2024-05-02T23:52:00.714+0000] {processor.py:830} INFO - Processing file /home/airflow/.local/lib/python3.12/site-packages/airflow/example_dags/example_branch_day_of_week_operator.py for tasks to queue
[2024-05-02T23:52:00.715+0000] {logging_mixin.py:188} INFO - [2024-05-02T23:52:00.715+0000] {dagbag.py:540} INFO - Filling up the DagBag from /home/airflow/.local/lib/python3.12/site-packages/airflow/example_dags/example_branch_day_of_week_operator.py
[2024-05-02T23:52:00.724+0000] {processor.py:840} INFO - DAG(s) 'example_weekday_branch_operator' retrieved from /home/airflow/.local/lib/python3.12/site-packages/airflow/example_dags/example_branch_day_of_week_operator.py
[2024-05-02T23:52:00.759+0000] {logging_mixin.py:188} INFO - [2024-05-02T23:52:00.758+0000] {dag.py:3096} INFO - Sync 1 DAGs
[2024-05-02T23:52:00.796+0000] {logging_mixin.py:188} INFO - [2024-05-02T23:52:00.796+0000] {dag.py:3954} INFO - Setting next_dagrun for example_weekday_branch_operator to 2024-05-01 00:00:00+00:00, run_after=2024-05-02 00:00:00+00:00
[2024-05-02T23:52:00.824+0000] {processor.py:183} INFO - Processing /home/airflow/.local/lib/python3.12/site-packages/airflow/example_dags/example_branch_day_of_week_operator.py took 0.119 seconds
[2024-05-02T23:52:31.207+0000] {processor.py:161} INFO - Started process (PID=1408) to work on /home/airflow/.local/lib/python3.12/site-packages/airflow/example_dags/example_branch_day_of_week_operator.py
[2024-05-02T23:52:31.209+0000] {processor.py:830} INFO - Processing file /home/airflow/.local/lib/python3.12/site-packages/airflow/example_dags/example_branch_day_of_week_operator.py for tasks to queue
[2024-05-02T23:52:31.210+0000] {logging_mixin.py:188} INFO - [2024-05-02T23:52:31.209+0000] {dagbag.py:540} INFO - Filling up the DagBag from /home/airflow/.local/lib/python3.12/site-packages/airflow/example_dags/example_branch_day_of_week_operator.py
[2024-05-02T23:52:31.219+0000] {processor.py:840} INFO - DAG(s) 'example_weekday_branch_operator' retrieved from /home/airflow/.local/lib/python3.12/site-packages/airflow/example_dags/example_branch_day_of_week_operator.py
[2024-05-02T23:52:31.253+0000] {logging_mixin.py:188} INFO - [2024-05-02T23:52:31.253+0000] {dag.py:3096} INFO - Sync 1 DAGs
[2024-05-02T23:52:31.289+0000] {logging_mixin.py:188} INFO - [2024-05-02T23:52:31.289+0000] {dag.py:3954} INFO - Setting next_dagrun for example_weekday_branch_operator to 2024-05-01 00:00:00+00:00, run_after=2024-05-02 00:00:00+00:00
[2024-05-02T23:52:31.315+0000] {processor.py:183} INFO - Processing /home/airflow/.local/lib/python3.12/site-packages/airflow/example_dags/example_branch_day_of_week_operator.py took 0.116 seconds
[2024-05-02T23:53:01.422+0000] {processor.py:161} INFO - Started process (PID=1466) to work on /home/airflow/.local/lib/python3.12/site-packages/airflow/example_dags/example_branch_day_of_week_operator.py
[2024-05-02T23:53:01.424+0000] {processor.py:830} INFO - Processing file /home/airflow/.local/lib/python3.12/site-packages/airflow/example_dags/example_branch_day_of_week_operator.py for tasks to queue
[2024-05-02T23:53:01.425+0000] {logging_mixin.py:188} INFO - [2024-05-02T23:53:01.425+0000] {dagbag.py:540} INFO - Filling up the DagBag from /home/airflow/.local/lib/python3.12/site-packages/airflow/example_dags/example_branch_day_of_week_operator.py
[2024-05-02T23:53:01.436+0000] {processor.py:840} INFO - DAG(s) 'example_weekday_branch_operator' retrieved from /home/airflow/.local/lib/python3.12/site-packages/airflow/example_dags/example_branch_day_of_week_operator.py
[2024-05-02T23:53:01.468+0000] {logging_mixin.py:188} INFO - [2024-05-02T23:53:01.468+0000] {dag.py:3096} INFO - Sync 1 DAGs
[2024-05-02T23:53:01.500+0000] {logging_mixin.py:188} INFO - [2024-05-02T23:53:01.499+0000] {dag.py:3954} INFO - Setting next_dagrun for example_weekday_branch_operator to 2024-05-01 00:00:00+00:00, run_after=2024-05-02 00:00:00+00:00
[2024-05-02T23:53:01.527+0000] {processor.py:183} INFO - Processing /home/airflow/.local/lib/python3.12/site-packages/airflow/example_dags/example_branch_day_of_week_operator.py took 0.116 seconds
[2024-05-02T23:53:32.365+0000] {processor.py:161} INFO - Started process (PID=1524) to work on /home/airflow/.local/lib/python3.12/site-packages/airflow/example_dags/example_branch_day_of_week_operator.py
[2024-05-02T23:53:32.367+0000] {processor.py:830} INFO - Processing file /home/airflow/.local/lib/python3.12/site-packages/airflow/example_dags/example_branch_day_of_week_operator.py for tasks to queue
[2024-05-02T23:53:32.368+0000] {logging_mixin.py:188} INFO - [2024-05-02T23:53:32.368+0000] {dagbag.py:540} INFO - Filling up the DagBag from /home/airflow/.local/lib/python3.12/site-packages/airflow/example_dags/example_branch_day_of_week_operator.py
[2024-05-02T23:53:32.382+0000] {processor.py:840} INFO - DAG(s) 'example_weekday_branch_operator' retrieved from /home/airflow/.local/lib/python3.12/site-packages/airflow/example_dags/example_branch_day_of_week_operator.py
[2024-05-02T23:53:32.410+0000] {logging_mixin.py:188} INFO - [2024-05-02T23:53:32.410+0000] {dag.py:3096} INFO - Sync 1 DAGs
[2024-05-02T23:53:32.438+0000] {logging_mixin.py:188} INFO - [2024-05-02T23:53:32.438+0000] {dag.py:3954} INFO - Setting next_dagrun for example_weekday_branch_operator to 2024-05-01 00:00:00+00:00, run_after=2024-05-02 00:00:00+00:00
[2024-05-02T23:53:32.463+0000] {processor.py:183} INFO - Processing /home/airflow/.local/lib/python3.12/site-packages/airflow/example_dags/example_branch_day_of_week_operator.py took 0.112 seconds
[2024-05-02T23:54:02.943+0000] {processor.py:161} INFO - Started process (PID=1582) to work on /home/airflow/.local/lib/python3.12/site-packages/airflow/example_dags/example_branch_day_of_week_operator.py
[2024-05-02T23:54:02.944+0000] {processor.py:830} INFO - Processing file /home/airflow/.local/lib/python3.12/site-packages/airflow/example_dags/example_branch_day_of_week_operator.py for tasks to queue
[2024-05-02T23:54:02.946+0000] {logging_mixin.py:188} INFO - [2024-05-02T23:54:02.945+0000] {dagbag.py:540} INFO - Filling up the DagBag from /home/airflow/.local/lib/python3.12/site-packages/airflow/example_dags/example_branch_day_of_week_operator.py
[2024-05-02T23:54:02.958+0000] {processor.py:840} INFO - DAG(s) 'example_weekday_branch_operator' retrieved from /home/airflow/.local/lib/python3.12/site-packages/airflow/example_dags/example_branch_day_of_week_operator.py
[2024-05-02T23:54:02.995+0000] {logging_mixin.py:188} INFO - [2024-05-02T23:54:02.994+0000] {dag.py:3096} INFO - Sync 1 DAGs
[2024-05-02T23:54:03.031+0000] {logging_mixin.py:188} INFO - [2024-05-02T23:54:03.031+0000] {dag.py:3954} INFO - Setting next_dagrun for example_weekday_branch_operator to 2024-05-01 00:00:00+00:00, run_after=2024-05-02 00:00:00+00:00
[2024-05-02T23:54:03.060+0000] {processor.py:183} INFO - Processing /home/airflow/.local/lib/python3.12/site-packages/airflow/example_dags/example_branch_day_of_week_operator.py took 0.128 seconds
[2024-05-02T23:54:33.601+0000] {processor.py:161} INFO - Started process (PID=1640) to work on /home/airflow/.local/lib/python3.12/site-packages/airflow/example_dags/example_branch_day_of_week_operator.py
[2024-05-02T23:54:33.602+0000] {processor.py:830} INFO - Processing file /home/airflow/.local/lib/python3.12/site-packages/airflow/example_dags/example_branch_day_of_week_operator.py for tasks to queue
[2024-05-02T23:54:33.603+0000] {logging_mixin.py:188} INFO - [2024-05-02T23:54:33.603+0000] {dagbag.py:540} INFO - Filling up the DagBag from /home/airflow/.local/lib/python3.12/site-packages/airflow/example_dags/example_branch_day_of_week_operator.py
[2024-05-02T23:54:33.613+0000] {processor.py:840} INFO - DAG(s) 'example_weekday_branch_operator' retrieved from /home/airflow/.local/lib/python3.12/site-packages/airflow/example_dags/example_branch_day_of_week_operator.py
[2024-05-02T23:54:33.642+0000] {logging_mixin.py:188} INFO - [2024-05-02T23:54:33.642+0000] {dag.py:3096} INFO - Sync 1 DAGs
[2024-05-02T23:54:33.676+0000] {logging_mixin.py:188} INFO - [2024-05-02T23:54:33.675+0000] {dag.py:3954} INFO - Setting next_dagrun for example_weekday_branch_operator to 2024-05-01 00:00:00+00:00, run_after=2024-05-02 00:00:00+00:00
[2024-05-02T23:54:33.707+0000] {processor.py:183} INFO - Processing /home/airflow/.local/lib/python3.12/site-packages/airflow/example_dags/example_branch_day_of_week_operator.py took 0.114 seconds
[2024-05-02T23:55:04.167+0000] {processor.py:161} INFO - Started process (PID=1698) to work on /home/airflow/.local/lib/python3.12/site-packages/airflow/example_dags/example_branch_day_of_week_operator.py
[2024-05-02T23:55:04.168+0000] {processor.py:830} INFO - Processing file /home/airflow/.local/lib/python3.12/site-packages/airflow/example_dags/example_branch_day_of_week_operator.py for tasks to queue
[2024-05-02T23:55:04.170+0000] {logging_mixin.py:188} INFO - [2024-05-02T23:55:04.169+0000] {dagbag.py:540} INFO - Filling up the DagBag from /home/airflow/.local/lib/python3.12/site-packages/airflow/example_dags/example_branch_day_of_week_operator.py
[2024-05-02T23:55:04.183+0000] {processor.py:840} INFO - DAG(s) 'example_weekday_branch_operator' retrieved from /home/airflow/.local/lib/python3.12/site-packages/airflow/example_dags/example_branch_day_of_week_operator.py
[2024-05-02T23:55:04.209+0000] {logging_mixin.py:188} INFO - [2024-05-02T23:55:04.208+0000] {dag.py:3096} INFO - Sync 1 DAGs
[2024-05-02T23:55:04.237+0000] {logging_mixin.py:188} INFO - [2024-05-02T23:55:04.237+0000] {dag.py:3954} INFO - Setting next_dagrun for example_weekday_branch_operator to 2024-05-01 00:00:00+00:00, run_after=2024-05-02 00:00:00+00:00
[2024-05-02T23:55:04.260+0000] {processor.py:183} INFO - Processing /home/airflow/.local/lib/python3.12/site-packages/airflow/example_dags/example_branch_day_of_week_operator.py took 0.100 seconds
[2024-05-02T23:55:34.441+0000] {processor.py:161} INFO - Started process (PID=1755) to work on /home/airflow/.local/lib/python3.12/site-packages/airflow/example_dags/example_branch_day_of_week_operator.py
[2024-05-02T23:55:34.442+0000] {processor.py:830} INFO - Processing file /home/airflow/.local/lib/python3.12/site-packages/airflow/example_dags/example_branch_day_of_week_operator.py for tasks to queue
[2024-05-02T23:55:34.444+0000] {logging_mixin.py:188} INFO - [2024-05-02T23:55:34.443+0000] {dagbag.py:540} INFO - Filling up the DagBag from /home/airflow/.local/lib/python3.12/site-packages/airflow/example_dags/example_branch_day_of_week_operator.py
[2024-05-02T23:55:34.457+0000] {processor.py:840} INFO - DAG(s) 'example_weekday_branch_operator' retrieved from /home/airflow/.local/lib/python3.12/site-packages/airflow/example_dags/example_branch_day_of_week_operator.py
[2024-05-02T23:55:34.484+0000] {logging_mixin.py:188} INFO - [2024-05-02T23:55:34.484+0000] {dag.py:3096} INFO - Sync 1 DAGs
[2024-05-02T23:55:34.517+0000] {logging_mixin.py:188} INFO - [2024-05-02T23:55:34.517+0000] {dag.py:3954} INFO - Setting next_dagrun for example_weekday_branch_operator to 2024-05-01 00:00:00+00:00, run_after=2024-05-02 00:00:00+00:00
[2024-05-02T23:55:34.544+0000] {processor.py:183} INFO - Processing /home/airflow/.local/lib/python3.12/site-packages/airflow/example_dags/example_branch_day_of_week_operator.py took 0.111 seconds
[2024-05-02T23:56:04.728+0000] {processor.py:161} INFO - Started process (PID=1812) to work on /home/airflow/.local/lib/python3.12/site-packages/airflow/example_dags/example_branch_day_of_week_operator.py
[2024-05-02T23:56:04.730+0000] {processor.py:830} INFO - Processing file /home/airflow/.local/lib/python3.12/site-packages/airflow/example_dags/example_branch_day_of_week_operator.py for tasks to queue
[2024-05-02T23:56:04.732+0000] {logging_mixin.py:188} INFO - [2024-05-02T23:56:04.731+0000] {dagbag.py:540} INFO - Filling up the DagBag from /home/airflow/.local/lib/python3.12/site-packages/airflow/example_dags/example_branch_day_of_week_operator.py
[2024-05-02T23:56:04.749+0000] {processor.py:840} INFO - DAG(s) 'example_weekday_branch_operator' retrieved from /home/airflow/.local/lib/python3.12/site-packages/airflow/example_dags/example_branch_day_of_week_operator.py
[2024-05-02T23:56:04.793+0000] {logging_mixin.py:188} INFO - [2024-05-02T23:56:04.792+0000] {dag.py:3096} INFO - Sync 1 DAGs
[2024-05-02T23:56:04.838+0000] {logging_mixin.py:188} INFO - [2024-05-02T23:56:04.837+0000] {dag.py:3954} INFO - Setting next_dagrun for example_weekday_branch_operator to 2024-05-01 00:00:00+00:00, run_after=2024-05-02 00:00:00+00:00
[2024-05-02T23:56:04.871+0000] {processor.py:183} INFO - Processing /home/airflow/.local/lib/python3.12/site-packages/airflow/example_dags/example_branch_day_of_week_operator.py took 0.153 seconds
[2024-05-02T23:56:35.775+0000] {processor.py:161} INFO - Started process (PID=1870) to work on /home/airflow/.local/lib/python3.12/site-packages/airflow/example_dags/example_branch_day_of_week_operator.py
[2024-05-02T23:56:35.776+0000] {processor.py:830} INFO - Processing file /home/airflow/.local/lib/python3.12/site-packages/airflow/example_dags/example_branch_day_of_week_operator.py for tasks to queue
[2024-05-02T23:56:35.777+0000] {logging_mixin.py:188} INFO - [2024-05-02T23:56:35.777+0000] {dagbag.py:540} INFO - Filling up the DagBag from /home/airflow/.local/lib/python3.12/site-packages/airflow/example_dags/example_branch_day_of_week_operator.py
[2024-05-02T23:56:35.790+0000] {processor.py:840} INFO - DAG(s) 'example_weekday_branch_operator' retrieved from /home/airflow/.local/lib/python3.12/site-packages/airflow/example_dags/example_branch_day_of_week_operator.py
[2024-05-02T23:56:35.821+0000] {logging_mixin.py:188} INFO - [2024-05-02T23:56:35.821+0000] {dag.py:3096} INFO - Sync 1 DAGs
[2024-05-02T23:56:35.855+0000] {logging_mixin.py:188} INFO - [2024-05-02T23:56:35.855+0000] {dag.py:3954} INFO - Setting next_dagrun for example_weekday_branch_operator to 2024-05-01 00:00:00+00:00, run_after=2024-05-02 00:00:00+00:00
[2024-05-02T23:56:35.882+0000] {processor.py:183} INFO - Processing /home/airflow/.local/lib/python3.12/site-packages/airflow/example_dags/example_branch_day_of_week_operator.py took 0.115 seconds
[2024-05-02T23:57:06.634+0000] {processor.py:161} INFO - Started process (PID=1928) to work on /home/airflow/.local/lib/python3.12/site-packages/airflow/example_dags/example_branch_day_of_week_operator.py
[2024-05-02T23:57:06.635+0000] {processor.py:830} INFO - Processing file /home/airflow/.local/lib/python3.12/site-packages/airflow/example_dags/example_branch_day_of_week_operator.py for tasks to queue
[2024-05-02T23:57:06.636+0000] {logging_mixin.py:188} INFO - [2024-05-02T23:57:06.636+0000] {dagbag.py:540} INFO - Filling up the DagBag from /home/airflow/.local/lib/python3.12/site-packages/airflow/example_dags/example_branch_day_of_week_operator.py
[2024-05-02T23:57:06.646+0000] {processor.py:840} INFO - DAG(s) 'example_weekday_branch_operator' retrieved from /home/airflow/.local/lib/python3.12/site-packages/airflow/example_dags/example_branch_day_of_week_operator.py
[2024-05-02T23:57:06.671+0000] {logging_mixin.py:188} INFO - [2024-05-02T23:57:06.671+0000] {dag.py:3096} INFO - Sync 1 DAGs
[2024-05-02T23:57:06.702+0000] {logging_mixin.py:188} INFO - [2024-05-02T23:57:06.702+0000] {dag.py:3954} INFO - Setting next_dagrun for example_weekday_branch_operator to 2024-05-01 00:00:00+00:00, run_after=2024-05-02 00:00:00+00:00
[2024-05-02T23:57:06.729+0000] {processor.py:183} INFO - Processing /home/airflow/.local/lib/python3.12/site-packages/airflow/example_dags/example_branch_day_of_week_operator.py took 0.103 seconds
