[2024-05-02T05:54:27.723+0000] {processor.py:161} INFO - Started process (PID=81) to work on /home/airflow/.local/lib/python3.12/site-packages/airflow/example_dags/example_subdag_operator.py
[2024-05-02T05:54:27.727+0000] {processor.py:830} INFO - Processing file /home/airflow/.local/lib/python3.12/site-packages/airflow/example_dags/example_subdag_operator.py for tasks to queue
[2024-05-02T05:54:27.742+0000] {logging_mixin.py:188} INFO - [2024-05-02T05:54:27.742+0000] {dagbag.py:540} INFO - Filling up the DagBag from /home/airflow/.local/lib/python3.12/site-packages/airflow/example_dags/example_subdag_operator.py
[2024-05-02T05:54:27.848+0000] {processor.py:840} INFO - DAG(s) 'example_subdag_operator.section-1', 'example_subdag_operator.section-2', 'example_subdag_operator' retrieved from /home/airflow/.local/lib/python3.12/site-packages/airflow/example_dags/example_subdag_operator.py
[2024-05-02T05:54:28.521+0000] {logging_mixin.py:188} INFO - [2024-05-02T05:54:28.518+0000] {dag.py:3096} INFO - Sync 3 DAGs
[2024-05-02T05:54:28.599+0000] {logging_mixin.py:188} INFO - [2024-05-02T05:54:28.599+0000] {dag.py:3954} INFO - Setting next_dagrun for example_subdag_operator to 2022-01-01 00:00:00+00:00, run_after=2022-01-01 00:00:00+00:00
[2024-05-02T05:54:28.633+0000] {logging_mixin.py:188} INFO - [2024-05-02T05:54:28.632+0000] {dag.py:3954} INFO - Setting next_dagrun for example_subdag_operator.section-1 to None, run_after=None
[2024-05-02T05:54:28.639+0000] {logging_mixin.py:188} INFO - [2024-05-02T05:54:28.638+0000] {dag.py:3954} INFO - Setting next_dagrun for example_subdag_operator.section-2 to None, run_after=None
[2024-05-02T05:54:28.708+0000] {logging_mixin.py:188} INFO - [2024-05-02T05:54:28.708+0000] {dag.py:3096} INFO - Sync 2 DAGs
[2024-05-02T05:54:28.723+0000] {logging_mixin.py:188} INFO - [2024-05-02T05:54:28.723+0000] {dag.py:3954} INFO - Setting next_dagrun for example_subdag_operator.section-1 to None, run_after=None
[2024-05-02T05:54:28.726+0000] {logging_mixin.py:188} INFO - [2024-05-02T05:54:28.726+0000] {dag.py:3954} INFO - Setting next_dagrun for example_subdag_operator.section-2 to None, run_after=None
[2024-05-02T05:54:28.768+0000] {processor.py:183} INFO - Processing /home/airflow/.local/lib/python3.12/site-packages/airflow/example_dags/example_subdag_operator.py took 1.075 seconds
[2024-05-02T05:54:59.840+0000] {processor.py:161} INFO - Started process (PID=139) to work on /home/airflow/.local/lib/python3.12/site-packages/airflow/example_dags/example_subdag_operator.py
[2024-05-02T05:54:59.847+0000] {processor.py:830} INFO - Processing file /home/airflow/.local/lib/python3.12/site-packages/airflow/example_dags/example_subdag_operator.py for tasks to queue
[2024-05-02T05:54:59.859+0000] {logging_mixin.py:188} INFO - [2024-05-02T05:54:59.858+0000] {dagbag.py:540} INFO - Filling up the DagBag from /home/airflow/.local/lib/python3.12/site-packages/airflow/example_dags/example_subdag_operator.py
[2024-05-02T05:55:00.107+0000] {processor.py:840} INFO - DAG(s) 'example_subdag_operator.section-1', 'example_subdag_operator.section-2', 'example_subdag_operator' retrieved from /home/airflow/.local/lib/python3.12/site-packages/airflow/example_dags/example_subdag_operator.py
[2024-05-02T05:55:00.261+0000] {logging_mixin.py:188} INFO - [2024-05-02T05:55:00.260+0000] {dag.py:3096} INFO - Sync 3 DAGs
[2024-05-02T05:55:00.461+0000] {logging_mixin.py:188} INFO - [2024-05-02T05:55:00.460+0000] {dag.py:3954} INFO - Setting next_dagrun for example_subdag_operator to 2022-01-01 00:00:00+00:00, run_after=2022-01-01 00:00:00+00:00
[2024-05-02T05:55:00.474+0000] {logging_mixin.py:188} INFO - [2024-05-02T05:55:00.474+0000] {dag.py:3954} INFO - Setting next_dagrun for example_subdag_operator.section-1 to None, run_after=None
[2024-05-02T05:55:00.500+0000] {logging_mixin.py:188} INFO - [2024-05-02T05:55:00.500+0000] {dag.py:3954} INFO - Setting next_dagrun for example_subdag_operator.section-2 to None, run_after=None
[2024-05-02T05:55:00.525+0000] {logging_mixin.py:188} INFO - [2024-05-02T05:55:00.524+0000] {dag.py:3096} INFO - Sync 2 DAGs
[2024-05-02T05:55:00.540+0000] {logging_mixin.py:188} INFO - [2024-05-02T05:55:00.540+0000] {dag.py:3954} INFO - Setting next_dagrun for example_subdag_operator.section-1 to None, run_after=None
[2024-05-02T05:55:00.541+0000] {logging_mixin.py:188} INFO - [2024-05-02T05:55:00.541+0000] {dag.py:3954} INFO - Setting next_dagrun for example_subdag_operator.section-2 to None, run_after=None
[2024-05-02T05:55:00.649+0000] {processor.py:183} INFO - Processing /home/airflow/.local/lib/python3.12/site-packages/airflow/example_dags/example_subdag_operator.py took 0.856 seconds
[2024-05-02T05:55:31.040+0000] {processor.py:161} INFO - Started process (PID=197) to work on /home/airflow/.local/lib/python3.12/site-packages/airflow/example_dags/example_subdag_operator.py
[2024-05-02T05:55:31.052+0000] {processor.py:830} INFO - Processing file /home/airflow/.local/lib/python3.12/site-packages/airflow/example_dags/example_subdag_operator.py for tasks to queue
[2024-05-02T05:55:31.075+0000] {logging_mixin.py:188} INFO - [2024-05-02T05:55:31.074+0000] {dagbag.py:540} INFO - Filling up the DagBag from /home/airflow/.local/lib/python3.12/site-packages/airflow/example_dags/example_subdag_operator.py
[2024-05-02T05:55:31.196+0000] {processor.py:840} INFO - DAG(s) 'example_subdag_operator.section-1', 'example_subdag_operator.section-2', 'example_subdag_operator' retrieved from /home/airflow/.local/lib/python3.12/site-packages/airflow/example_dags/example_subdag_operator.py
[2024-05-02T05:55:31.335+0000] {logging_mixin.py:188} INFO - [2024-05-02T05:55:31.335+0000] {dag.py:3096} INFO - Sync 3 DAGs
[2024-05-02T05:55:31.515+0000] {logging_mixin.py:188} INFO - [2024-05-02T05:55:31.491+0000] {dag.py:3954} INFO - Setting next_dagrun for example_subdag_operator to 2022-01-01 00:00:00+00:00, run_after=2022-01-01 00:00:00+00:00
[2024-05-02T05:55:31.538+0000] {logging_mixin.py:188} INFO - [2024-05-02T05:55:31.537+0000] {dag.py:3954} INFO - Setting next_dagrun for example_subdag_operator.section-1 to None, run_after=None
[2024-05-02T05:55:31.543+0000] {logging_mixin.py:188} INFO - [2024-05-02T05:55:31.543+0000] {dag.py:3954} INFO - Setting next_dagrun for example_subdag_operator.section-2 to None, run_after=None
[2024-05-02T05:55:31.634+0000] {logging_mixin.py:188} INFO - [2024-05-02T05:55:31.633+0000] {dag.py:3096} INFO - Sync 2 DAGs
[2024-05-02T05:55:31.681+0000] {logging_mixin.py:188} INFO - [2024-05-02T05:55:31.680+0000] {dag.py:3954} INFO - Setting next_dagrun for example_subdag_operator.section-1 to None, run_after=None
[2024-05-02T05:55:31.692+0000] {logging_mixin.py:188} INFO - [2024-05-02T05:55:31.692+0000] {dag.py:3954} INFO - Setting next_dagrun for example_subdag_operator.section-2 to None, run_after=None
[2024-05-02T05:55:31.742+0000] {processor.py:183} INFO - Processing /home/airflow/.local/lib/python3.12/site-packages/airflow/example_dags/example_subdag_operator.py took 0.730 seconds
[2024-05-02T05:57:14.731+0000] {processor.py:161} INFO - Started process (PID=291) to work on /home/airflow/.local/lib/python3.12/site-packages/airflow/example_dags/example_subdag_operator.py
[2024-05-02T05:57:14.814+0000] {processor.py:830} INFO - Processing file /home/airflow/.local/lib/python3.12/site-packages/airflow/example_dags/example_subdag_operator.py for tasks to queue
[2024-05-02T05:57:14.868+0000] {logging_mixin.py:188} INFO - [2024-05-02T05:57:14.867+0000] {dagbag.py:540} INFO - Filling up the DagBag from /home/airflow/.local/lib/python3.12/site-packages/airflow/example_dags/example_subdag_operator.py
[2024-05-02T05:57:15.986+0000] {processor.py:840} INFO - DAG(s) 'example_subdag_operator.section-1', 'example_subdag_operator.section-2', 'example_subdag_operator' retrieved from /home/airflow/.local/lib/python3.12/site-packages/airflow/example_dags/example_subdag_operator.py
[2024-05-02T05:57:16.653+0000] {logging_mixin.py:188} INFO - [2024-05-02T05:57:16.652+0000] {dag.py:3096} INFO - Sync 3 DAGs
[2024-05-02T05:57:17.626+0000] {logging_mixin.py:188} INFO - [2024-05-02T05:57:17.590+0000] {dag.py:3954} INFO - Setting next_dagrun for example_subdag_operator to 2022-01-01 00:00:00+00:00, run_after=2022-01-01 00:00:00+00:00
[2024-05-02T05:57:17.686+0000] {logging_mixin.py:188} INFO - [2024-05-02T05:57:17.686+0000] {dag.py:3954} INFO - Setting next_dagrun for example_subdag_operator.section-1 to None, run_after=None
[2024-05-02T05:57:17.867+0000] {logging_mixin.py:188} INFO - [2024-05-02T05:57:17.866+0000] {dag.py:3954} INFO - Setting next_dagrun for example_subdag_operator.section-2 to None, run_after=None
[2024-05-02T05:57:18.206+0000] {logging_mixin.py:188} INFO - [2024-05-02T05:57:18.205+0000] {dag.py:3096} INFO - Sync 2 DAGs
[2024-05-02T05:57:18.626+0000] {logging_mixin.py:188} INFO - [2024-05-02T05:57:18.626+0000] {dag.py:3954} INFO - Setting next_dagrun for example_subdag_operator.section-1 to None, run_after=None
[2024-05-02T05:57:19.092+0000] {logging_mixin.py:188} INFO - [2024-05-02T05:57:19.091+0000] {dag.py:3954} INFO - Setting next_dagrun for example_subdag_operator.section-2 to None, run_after=None
[2024-05-02T05:57:19.423+0000] {processor.py:183} INFO - Processing /home/airflow/.local/lib/python3.12/site-packages/airflow/example_dags/example_subdag_operator.py took 5.154 seconds
[2024-05-02T23:42:47.040+0000] {processor.py:161} INFO - Started process (PID=372) to work on /home/airflow/.local/lib/python3.12/site-packages/airflow/example_dags/example_subdag_operator.py
[2024-05-02T23:42:47.135+0000] {processor.py:830} INFO - Processing file /home/airflow/.local/lib/python3.12/site-packages/airflow/example_dags/example_subdag_operator.py for tasks to queue
[2024-05-02T23:42:47.183+0000] {logging_mixin.py:188} INFO - [2024-05-02T23:42:47.156+0000] {dagbag.py:540} INFO - Filling up the DagBag from /home/airflow/.local/lib/python3.12/site-packages/airflow/example_dags/example_subdag_operator.py
[2024-05-02T23:42:47.827+0000] {processor.py:840} INFO - DAG(s) 'example_subdag_operator.section-1', 'example_subdag_operator.section-2', 'example_subdag_operator' retrieved from /home/airflow/.local/lib/python3.12/site-packages/airflow/example_dags/example_subdag_operator.py
[2024-05-02T23:42:47.888+0000] {logging_mixin.py:188} INFO - [2024-05-02T23:42:47.887+0000] {dag.py:3096} INFO - Sync 3 DAGs
[2024-05-02T23:42:48.021+0000] {logging_mixin.py:188} INFO - [2024-05-02T23:42:48.020+0000] {dag.py:3954} INFO - Setting next_dagrun for example_subdag_operator to 2022-01-01 00:00:00+00:00, run_after=2022-01-01 00:00:00+00:00
[2024-05-02T23:42:48.031+0000] {logging_mixin.py:188} INFO - [2024-05-02T23:42:48.031+0000] {dag.py:3954} INFO - Setting next_dagrun for example_subdag_operator.section-1 to None, run_after=None
[2024-05-02T23:42:48.035+0000] {logging_mixin.py:188} INFO - [2024-05-02T23:42:48.034+0000] {dag.py:3954} INFO - Setting next_dagrun for example_subdag_operator.section-2 to None, run_after=None
[2024-05-02T23:42:48.069+0000] {logging_mixin.py:188} INFO - [2024-05-02T23:42:48.069+0000] {dag.py:3096} INFO - Sync 2 DAGs
[2024-05-02T23:42:48.090+0000] {logging_mixin.py:188} INFO - [2024-05-02T23:42:48.089+0000] {dag.py:3954} INFO - Setting next_dagrun for example_subdag_operator.section-1 to None, run_after=None
[2024-05-02T23:42:48.091+0000] {logging_mixin.py:188} INFO - [2024-05-02T23:42:48.091+0000] {dag.py:3954} INFO - Setting next_dagrun for example_subdag_operator.section-2 to None, run_after=None
[2024-05-02T23:42:48.124+0000] {processor.py:183} INFO - Processing /home/airflow/.local/lib/python3.12/site-packages/airflow/example_dags/example_subdag_operator.py took 1.164 seconds
[2024-05-02T23:43:19.281+0000] {processor.py:161} INFO - Started process (PID=431) to work on /home/airflow/.local/lib/python3.12/site-packages/airflow/example_dags/example_subdag_operator.py
[2024-05-02T23:43:19.321+0000] {processor.py:830} INFO - Processing file /home/airflow/.local/lib/python3.12/site-packages/airflow/example_dags/example_subdag_operator.py for tasks to queue
[2024-05-02T23:43:19.360+0000] {logging_mixin.py:188} INFO - [2024-05-02T23:43:19.358+0000] {dagbag.py:540} INFO - Filling up the DagBag from /home/airflow/.local/lib/python3.12/site-packages/airflow/example_dags/example_subdag_operator.py
[2024-05-02T23:43:19.852+0000] {processor.py:840} INFO - DAG(s) 'example_subdag_operator.section-1', 'example_subdag_operator.section-2', 'example_subdag_operator' retrieved from /home/airflow/.local/lib/python3.12/site-packages/airflow/example_dags/example_subdag_operator.py
[2024-05-02T23:43:19.921+0000] {logging_mixin.py:188} INFO - [2024-05-02T23:43:19.920+0000] {dag.py:3096} INFO - Sync 3 DAGs
[2024-05-02T23:43:20.499+0000] {logging_mixin.py:188} INFO - [2024-05-02T23:43:20.499+0000] {dag.py:3954} INFO - Setting next_dagrun for example_subdag_operator to 2022-01-01 00:00:00+00:00, run_after=2022-01-01 00:00:00+00:00
[2024-05-02T23:43:20.545+0000] {logging_mixin.py:188} INFO - [2024-05-02T23:43:20.545+0000] {dag.py:3954} INFO - Setting next_dagrun for example_subdag_operator.section-1 to None, run_after=None
[2024-05-02T23:43:20.569+0000] {logging_mixin.py:188} INFO - [2024-05-02T23:43:20.557+0000] {dag.py:3954} INFO - Setting next_dagrun for example_subdag_operator.section-2 to None, run_after=None
[2024-05-02T23:43:20.767+0000] {logging_mixin.py:188} INFO - [2024-05-02T23:43:20.766+0000] {dag.py:3096} INFO - Sync 2 DAGs
[2024-05-02T23:43:20.862+0000] {logging_mixin.py:188} INFO - [2024-05-02T23:43:20.860+0000] {dag.py:3954} INFO - Setting next_dagrun for example_subdag_operator.section-1 to None, run_after=None
[2024-05-02T23:43:20.884+0000] {logging_mixin.py:188} INFO - [2024-05-02T23:43:20.883+0000] {dag.py:3954} INFO - Setting next_dagrun for example_subdag_operator.section-2 to None, run_after=None
[2024-05-02T23:43:21.062+0000] {processor.py:183} INFO - Processing /home/airflow/.local/lib/python3.12/site-packages/airflow/example_dags/example_subdag_operator.py took 1.959 seconds
[2024-05-02T23:44:23.897+0000] {processor.py:161} INFO - Started process (PID=490) to work on /home/airflow/.local/lib/python3.12/site-packages/airflow/example_dags/example_subdag_operator.py
[2024-05-02T23:44:23.899+0000] {processor.py:830} INFO - Processing file /home/airflow/.local/lib/python3.12/site-packages/airflow/example_dags/example_subdag_operator.py for tasks to queue
[2024-05-02T23:44:23.901+0000] {logging_mixin.py:188} INFO - [2024-05-02T23:44:23.900+0000] {dagbag.py:540} INFO - Filling up the DagBag from /home/airflow/.local/lib/python3.12/site-packages/airflow/example_dags/example_subdag_operator.py
[2024-05-02T23:44:23.952+0000] {processor.py:840} INFO - DAG(s) 'example_subdag_operator.section-1', 'example_subdag_operator.section-2', 'example_subdag_operator' retrieved from /home/airflow/.local/lib/python3.12/site-packages/airflow/example_dags/example_subdag_operator.py
[2024-05-02T23:44:24.154+0000] {logging_mixin.py:188} INFO - [2024-05-02T23:44:24.153+0000] {dag.py:3096} INFO - Sync 3 DAGs
[2024-05-02T23:44:24.225+0000] {logging_mixin.py:188} INFO - [2024-05-02T23:44:24.216+0000] {dag.py:3954} INFO - Setting next_dagrun for example_subdag_operator to 2022-01-01 00:00:00+00:00, run_after=2022-01-01 00:00:00+00:00
[2024-05-02T23:44:24.234+0000] {logging_mixin.py:188} INFO - [2024-05-02T23:44:24.233+0000] {dag.py:3954} INFO - Setting next_dagrun for example_subdag_operator.section-1 to None, run_after=None
[2024-05-02T23:44:24.247+0000] {logging_mixin.py:188} INFO - [2024-05-02T23:44:24.236+0000] {dag.py:3954} INFO - Setting next_dagrun for example_subdag_operator.section-2 to None, run_after=None
[2024-05-02T23:44:24.265+0000] {logging_mixin.py:188} INFO - [2024-05-02T23:44:24.265+0000] {dag.py:3096} INFO - Sync 2 DAGs
[2024-05-02T23:44:24.273+0000] {logging_mixin.py:188} INFO - [2024-05-02T23:44:24.273+0000] {dag.py:3954} INFO - Setting next_dagrun for example_subdag_operator.section-1 to None, run_after=None
[2024-05-02T23:44:24.275+0000] {logging_mixin.py:188} INFO - [2024-05-02T23:44:24.274+0000] {dag.py:3954} INFO - Setting next_dagrun for example_subdag_operator.section-2 to None, run_after=None
[2024-05-02T23:44:24.302+0000] {processor.py:183} INFO - Processing /home/airflow/.local/lib/python3.12/site-packages/airflow/example_dags/example_subdag_operator.py took 0.419 seconds
[2024-05-02T23:44:54.772+0000] {processor.py:161} INFO - Started process (PID=547) to work on /home/airflow/.local/lib/python3.12/site-packages/airflow/example_dags/example_subdag_operator.py
[2024-05-02T23:44:54.775+0000] {processor.py:830} INFO - Processing file /home/airflow/.local/lib/python3.12/site-packages/airflow/example_dags/example_subdag_operator.py for tasks to queue
[2024-05-02T23:44:54.776+0000] {logging_mixin.py:188} INFO - [2024-05-02T23:44:54.776+0000] {dagbag.py:540} INFO - Filling up the DagBag from /home/airflow/.local/lib/python3.12/site-packages/airflow/example_dags/example_subdag_operator.py
[2024-05-02T23:44:54.815+0000] {processor.py:840} INFO - DAG(s) 'example_subdag_operator.section-1', 'example_subdag_operator.section-2', 'example_subdag_operator' retrieved from /home/airflow/.local/lib/python3.12/site-packages/airflow/example_dags/example_subdag_operator.py
[2024-05-02T23:44:54.856+0000] {logging_mixin.py:188} INFO - [2024-05-02T23:44:54.856+0000] {dag.py:3096} INFO - Sync 3 DAGs
[2024-05-02T23:44:54.892+0000] {logging_mixin.py:188} INFO - [2024-05-02T23:44:54.891+0000] {dag.py:3954} INFO - Setting next_dagrun for example_subdag_operator to 2022-01-01 00:00:00+00:00, run_after=2022-01-01 00:00:00+00:00
[2024-05-02T23:44:54.898+0000] {logging_mixin.py:188} INFO - [2024-05-02T23:44:54.897+0000] {dag.py:3954} INFO - Setting next_dagrun for example_subdag_operator.section-1 to None, run_after=None
[2024-05-02T23:44:54.900+0000] {logging_mixin.py:188} INFO - [2024-05-02T23:44:54.900+0000] {dag.py:3954} INFO - Setting next_dagrun for example_subdag_operator.section-2 to None, run_after=None
[2024-05-02T23:44:54.909+0000] {logging_mixin.py:188} INFO - [2024-05-02T23:44:54.909+0000] {dag.py:3096} INFO - Sync 2 DAGs
[2024-05-02T23:44:54.918+0000] {logging_mixin.py:188} INFO - [2024-05-02T23:44:54.917+0000] {dag.py:3954} INFO - Setting next_dagrun for example_subdag_operator.section-1 to None, run_after=None
[2024-05-02T23:44:54.919+0000] {logging_mixin.py:188} INFO - [2024-05-02T23:44:54.918+0000] {dag.py:3954} INFO - Setting next_dagrun for example_subdag_operator.section-2 to None, run_after=None
[2024-05-02T23:44:54.936+0000] {processor.py:183} INFO - Processing /home/airflow/.local/lib/python3.12/site-packages/airflow/example_dags/example_subdag_operator.py took 0.174 seconds
[2024-05-02T23:45:27.468+0000] {processor.py:161} INFO - Started process (PID=612) to work on /home/airflow/.local/lib/python3.12/site-packages/airflow/example_dags/example_subdag_operator.py
[2024-05-02T23:45:27.471+0000] {processor.py:830} INFO - Processing file /home/airflow/.local/lib/python3.12/site-packages/airflow/example_dags/example_subdag_operator.py for tasks to queue
[2024-05-02T23:45:27.473+0000] {logging_mixin.py:188} INFO - [2024-05-02T23:45:27.473+0000] {dagbag.py:540} INFO - Filling up the DagBag from /home/airflow/.local/lib/python3.12/site-packages/airflow/example_dags/example_subdag_operator.py
[2024-05-02T23:45:27.528+0000] {processor.py:840} INFO - DAG(s) 'example_subdag_operator.section-1', 'example_subdag_operator.section-2', 'example_subdag_operator' retrieved from /home/airflow/.local/lib/python3.12/site-packages/airflow/example_dags/example_subdag_operator.py
[2024-05-02T23:45:27.578+0000] {logging_mixin.py:188} INFO - [2024-05-02T23:45:27.577+0000] {dag.py:3096} INFO - Sync 3 DAGs
[2024-05-02T23:45:27.632+0000] {logging_mixin.py:188} INFO - [2024-05-02T23:45:27.631+0000] {dag.py:3954} INFO - Setting next_dagrun for example_subdag_operator to 2022-01-01 00:00:00+00:00, run_after=2022-01-01 00:00:00+00:00
[2024-05-02T23:45:27.650+0000] {logging_mixin.py:188} INFO - [2024-05-02T23:45:27.650+0000] {dag.py:3954} INFO - Setting next_dagrun for example_subdag_operator.section-1 to None, run_after=None
[2024-05-02T23:45:27.654+0000] {logging_mixin.py:188} INFO - [2024-05-02T23:45:27.654+0000] {dag.py:3954} INFO - Setting next_dagrun for example_subdag_operator.section-2 to None, run_after=None
[2024-05-02T23:45:27.672+0000] {logging_mixin.py:188} INFO - [2024-05-02T23:45:27.672+0000] {dag.py:3096} INFO - Sync 2 DAGs
[2024-05-02T23:45:27.686+0000] {logging_mixin.py:188} INFO - [2024-05-02T23:45:27.685+0000] {dag.py:3954} INFO - Setting next_dagrun for example_subdag_operator.section-1 to None, run_after=None
[2024-05-02T23:45:27.687+0000] {logging_mixin.py:188} INFO - [2024-05-02T23:45:27.687+0000] {dag.py:3954} INFO - Setting next_dagrun for example_subdag_operator.section-2 to None, run_after=None
[2024-05-02T23:45:27.731+0000] {processor.py:183} INFO - Processing /home/airflow/.local/lib/python3.12/site-packages/airflow/example_dags/example_subdag_operator.py took 0.283 seconds
[2024-05-02T23:45:58.059+0000] {processor.py:161} INFO - Started process (PID=670) to work on /home/airflow/.local/lib/python3.12/site-packages/airflow/example_dags/example_subdag_operator.py
[2024-05-02T23:45:58.060+0000] {processor.py:830} INFO - Processing file /home/airflow/.local/lib/python3.12/site-packages/airflow/example_dags/example_subdag_operator.py for tasks to queue
[2024-05-02T23:45:58.062+0000] {logging_mixin.py:188} INFO - [2024-05-02T23:45:58.061+0000] {dagbag.py:540} INFO - Filling up the DagBag from /home/airflow/.local/lib/python3.12/site-packages/airflow/example_dags/example_subdag_operator.py
[2024-05-02T23:45:58.099+0000] {processor.py:840} INFO - DAG(s) 'example_subdag_operator.section-1', 'example_subdag_operator.section-2', 'example_subdag_operator' retrieved from /home/airflow/.local/lib/python3.12/site-packages/airflow/example_dags/example_subdag_operator.py
[2024-05-02T23:45:58.129+0000] {logging_mixin.py:188} INFO - [2024-05-02T23:45:58.129+0000] {dag.py:3096} INFO - Sync 3 DAGs
[2024-05-02T23:45:58.168+0000] {logging_mixin.py:188} INFO - [2024-05-02T23:45:58.168+0000] {dag.py:3954} INFO - Setting next_dagrun for example_subdag_operator to 2022-01-01 00:00:00+00:00, run_after=2022-01-01 00:00:00+00:00
[2024-05-02T23:45:58.174+0000] {logging_mixin.py:188} INFO - [2024-05-02T23:45:58.174+0000] {dag.py:3954} INFO - Setting next_dagrun for example_subdag_operator.section-1 to None, run_after=None
[2024-05-02T23:45:58.177+0000] {logging_mixin.py:188} INFO - [2024-05-02T23:45:58.177+0000] {dag.py:3954} INFO - Setting next_dagrun for example_subdag_operator.section-2 to None, run_after=None
[2024-05-02T23:45:58.188+0000] {logging_mixin.py:188} INFO - [2024-05-02T23:45:58.188+0000] {dag.py:3096} INFO - Sync 2 DAGs
[2024-05-02T23:45:58.200+0000] {logging_mixin.py:188} INFO - [2024-05-02T23:45:58.200+0000] {dag.py:3954} INFO - Setting next_dagrun for example_subdag_operator.section-1 to None, run_after=None
[2024-05-02T23:45:58.201+0000] {logging_mixin.py:188} INFO - [2024-05-02T23:45:58.201+0000] {dag.py:3954} INFO - Setting next_dagrun for example_subdag_operator.section-2 to None, run_after=None
[2024-05-02T23:45:58.218+0000] {processor.py:183} INFO - Processing /home/airflow/.local/lib/python3.12/site-packages/airflow/example_dags/example_subdag_operator.py took 0.169 seconds
[2024-05-02T23:46:28.279+0000] {processor.py:161} INFO - Started process (PID=728) to work on /home/airflow/.local/lib/python3.12/site-packages/airflow/example_dags/example_subdag_operator.py
[2024-05-02T23:46:28.280+0000] {processor.py:830} INFO - Processing file /home/airflow/.local/lib/python3.12/site-packages/airflow/example_dags/example_subdag_operator.py for tasks to queue
[2024-05-02T23:46:28.282+0000] {logging_mixin.py:188} INFO - [2024-05-02T23:46:28.281+0000] {dagbag.py:540} INFO - Filling up the DagBag from /home/airflow/.local/lib/python3.12/site-packages/airflow/example_dags/example_subdag_operator.py
[2024-05-02T23:46:28.316+0000] {processor.py:840} INFO - DAG(s) 'example_subdag_operator.section-1', 'example_subdag_operator.section-2', 'example_subdag_operator' retrieved from /home/airflow/.local/lib/python3.12/site-packages/airflow/example_dags/example_subdag_operator.py
[2024-05-02T23:46:28.345+0000] {logging_mixin.py:188} INFO - [2024-05-02T23:46:28.344+0000] {dag.py:3096} INFO - Sync 3 DAGs
[2024-05-02T23:46:28.408+0000] {logging_mixin.py:188} INFO - [2024-05-02T23:46:28.408+0000] {dag.py:3954} INFO - Setting next_dagrun for example_subdag_operator to 2022-01-01 00:00:00+00:00, run_after=2022-01-01 00:00:00+00:00
[2024-05-02T23:46:28.416+0000] {logging_mixin.py:188} INFO - [2024-05-02T23:46:28.416+0000] {dag.py:3954} INFO - Setting next_dagrun for example_subdag_operator.section-1 to None, run_after=None
[2024-05-02T23:46:28.419+0000] {logging_mixin.py:188} INFO - [2024-05-02T23:46:28.419+0000] {dag.py:3954} INFO - Setting next_dagrun for example_subdag_operator.section-2 to None, run_after=None
[2024-05-02T23:46:28.431+0000] {logging_mixin.py:188} INFO - [2024-05-02T23:46:28.431+0000] {dag.py:3096} INFO - Sync 2 DAGs
[2024-05-02T23:46:28.440+0000] {logging_mixin.py:188} INFO - [2024-05-02T23:46:28.440+0000] {dag.py:3954} INFO - Setting next_dagrun for example_subdag_operator.section-1 to None, run_after=None
[2024-05-02T23:46:28.441+0000] {logging_mixin.py:188} INFO - [2024-05-02T23:46:28.441+0000] {dag.py:3954} INFO - Setting next_dagrun for example_subdag_operator.section-2 to None, run_after=None
[2024-05-02T23:46:28.457+0000] {processor.py:183} INFO - Processing /home/airflow/.local/lib/python3.12/site-packages/airflow/example_dags/example_subdag_operator.py took 0.188 seconds
[2024-05-02T23:46:59.296+0000] {processor.py:161} INFO - Started process (PID=786) to work on /home/airflow/.local/lib/python3.12/site-packages/airflow/example_dags/example_subdag_operator.py
[2024-05-02T23:46:59.297+0000] {processor.py:830} INFO - Processing file /home/airflow/.local/lib/python3.12/site-packages/airflow/example_dags/example_subdag_operator.py for tasks to queue
[2024-05-02T23:46:59.299+0000] {logging_mixin.py:188} INFO - [2024-05-02T23:46:59.298+0000] {dagbag.py:540} INFO - Filling up the DagBag from /home/airflow/.local/lib/python3.12/site-packages/airflow/example_dags/example_subdag_operator.py
[2024-05-02T23:46:59.327+0000] {processor.py:840} INFO - DAG(s) 'example_subdag_operator.section-1', 'example_subdag_operator.section-2', 'example_subdag_operator' retrieved from /home/airflow/.local/lib/python3.12/site-packages/airflow/example_dags/example_subdag_operator.py
[2024-05-02T23:46:59.349+0000] {logging_mixin.py:188} INFO - [2024-05-02T23:46:59.348+0000] {dag.py:3096} INFO - Sync 3 DAGs
[2024-05-02T23:46:59.377+0000] {logging_mixin.py:188} INFO - [2024-05-02T23:46:59.377+0000] {dag.py:3954} INFO - Setting next_dagrun for example_subdag_operator to 2022-01-01 00:00:00+00:00, run_after=2022-01-01 00:00:00+00:00
[2024-05-02T23:46:59.382+0000] {logging_mixin.py:188} INFO - [2024-05-02T23:46:59.382+0000] {dag.py:3954} INFO - Setting next_dagrun for example_subdag_operator.section-1 to None, run_after=None
[2024-05-02T23:46:59.384+0000] {logging_mixin.py:188} INFO - [2024-05-02T23:46:59.384+0000] {dag.py:3954} INFO - Setting next_dagrun for example_subdag_operator.section-2 to None, run_after=None
[2024-05-02T23:46:59.393+0000] {logging_mixin.py:188} INFO - [2024-05-02T23:46:59.393+0000] {dag.py:3096} INFO - Sync 2 DAGs
[2024-05-02T23:46:59.402+0000] {logging_mixin.py:188} INFO - [2024-05-02T23:46:59.401+0000] {dag.py:3954} INFO - Setting next_dagrun for example_subdag_operator.section-1 to None, run_after=None
[2024-05-02T23:46:59.402+0000] {logging_mixin.py:188} INFO - [2024-05-02T23:46:59.402+0000] {dag.py:3954} INFO - Setting next_dagrun for example_subdag_operator.section-2 to None, run_after=None
[2024-05-02T23:46:59.458+0000] {processor.py:183} INFO - Processing /home/airflow/.local/lib/python3.12/site-packages/airflow/example_dags/example_subdag_operator.py took 0.168 seconds
[2024-05-02T23:47:29.762+0000] {processor.py:161} INFO - Started process (PID=844) to work on /home/airflow/.local/lib/python3.12/site-packages/airflow/example_dags/example_subdag_operator.py
[2024-05-02T23:47:29.763+0000] {processor.py:830} INFO - Processing file /home/airflow/.local/lib/python3.12/site-packages/airflow/example_dags/example_subdag_operator.py for tasks to queue
[2024-05-02T23:47:29.766+0000] {logging_mixin.py:188} INFO - [2024-05-02T23:47:29.764+0000] {dagbag.py:540} INFO - Filling up the DagBag from /home/airflow/.local/lib/python3.12/site-packages/airflow/example_dags/example_subdag_operator.py
[2024-05-02T23:47:29.797+0000] {processor.py:840} INFO - DAG(s) 'example_subdag_operator.section-1', 'example_subdag_operator.section-2', 'example_subdag_operator' retrieved from /home/airflow/.local/lib/python3.12/site-packages/airflow/example_dags/example_subdag_operator.py
[2024-05-02T23:47:29.820+0000] {logging_mixin.py:188} INFO - [2024-05-02T23:47:29.820+0000] {dag.py:3096} INFO - Sync 3 DAGs
[2024-05-02T23:47:29.851+0000] {logging_mixin.py:188} INFO - [2024-05-02T23:47:29.851+0000] {dag.py:3954} INFO - Setting next_dagrun for example_subdag_operator to 2022-01-01 00:00:00+00:00, run_after=2022-01-01 00:00:00+00:00
[2024-05-02T23:47:29.856+0000] {logging_mixin.py:188} INFO - [2024-05-02T23:47:29.856+0000] {dag.py:3954} INFO - Setting next_dagrun for example_subdag_operator.section-1 to None, run_after=None
[2024-05-02T23:47:29.858+0000] {logging_mixin.py:188} INFO - [2024-05-02T23:47:29.858+0000] {dag.py:3954} INFO - Setting next_dagrun for example_subdag_operator.section-2 to None, run_after=None
[2024-05-02T23:47:29.868+0000] {logging_mixin.py:188} INFO - [2024-05-02T23:47:29.867+0000] {dag.py:3096} INFO - Sync 2 DAGs
[2024-05-02T23:47:29.876+0000] {logging_mixin.py:188} INFO - [2024-05-02T23:47:29.876+0000] {dag.py:3954} INFO - Setting next_dagrun for example_subdag_operator.section-1 to None, run_after=None
[2024-05-02T23:47:29.877+0000] {logging_mixin.py:188} INFO - [2024-05-02T23:47:29.877+0000] {dag.py:3954} INFO - Setting next_dagrun for example_subdag_operator.section-2 to None, run_after=None
[2024-05-02T23:47:29.894+0000] {processor.py:183} INFO - Processing /home/airflow/.local/lib/python3.12/site-packages/airflow/example_dags/example_subdag_operator.py took 0.140 seconds
[2024-05-02T23:48:00.121+0000] {processor.py:161} INFO - Started process (PID=901) to work on /home/airflow/.local/lib/python3.12/site-packages/airflow/example_dags/example_subdag_operator.py
[2024-05-02T23:48:00.122+0000] {processor.py:830} INFO - Processing file /home/airflow/.local/lib/python3.12/site-packages/airflow/example_dags/example_subdag_operator.py for tasks to queue
[2024-05-02T23:48:00.123+0000] {logging_mixin.py:188} INFO - [2024-05-02T23:48:00.123+0000] {dagbag.py:540} INFO - Filling up the DagBag from /home/airflow/.local/lib/python3.12/site-packages/airflow/example_dags/example_subdag_operator.py
[2024-05-02T23:48:00.154+0000] {processor.py:840} INFO - DAG(s) 'example_subdag_operator.section-1', 'example_subdag_operator.section-2', 'example_subdag_operator' retrieved from /home/airflow/.local/lib/python3.12/site-packages/airflow/example_dags/example_subdag_operator.py
[2024-05-02T23:48:00.178+0000] {logging_mixin.py:188} INFO - [2024-05-02T23:48:00.178+0000] {dag.py:3096} INFO - Sync 3 DAGs
[2024-05-02T23:48:00.212+0000] {logging_mixin.py:188} INFO - [2024-05-02T23:48:00.212+0000] {dag.py:3954} INFO - Setting next_dagrun for example_subdag_operator to 2022-01-01 00:00:00+00:00, run_after=2022-01-01 00:00:00+00:00
[2024-05-02T23:48:00.219+0000] {logging_mixin.py:188} INFO - [2024-05-02T23:48:00.218+0000] {dag.py:3954} INFO - Setting next_dagrun for example_subdag_operator.section-1 to None, run_after=None
[2024-05-02T23:48:00.221+0000] {logging_mixin.py:188} INFO - [2024-05-02T23:48:00.221+0000] {dag.py:3954} INFO - Setting next_dagrun for example_subdag_operator.section-2 to None, run_after=None
[2024-05-02T23:48:00.231+0000] {logging_mixin.py:188} INFO - [2024-05-02T23:48:00.231+0000] {dag.py:3096} INFO - Sync 2 DAGs
[2024-05-02T23:48:00.239+0000] {logging_mixin.py:188} INFO - [2024-05-02T23:48:00.239+0000] {dag.py:3954} INFO - Setting next_dagrun for example_subdag_operator.section-1 to None, run_after=None
[2024-05-02T23:48:00.240+0000] {logging_mixin.py:188} INFO - [2024-05-02T23:48:00.240+0000] {dag.py:3954} INFO - Setting next_dagrun for example_subdag_operator.section-2 to None, run_after=None
[2024-05-02T23:48:00.258+0000] {processor.py:183} INFO - Processing /home/airflow/.local/lib/python3.12/site-packages/airflow/example_dags/example_subdag_operator.py took 0.146 seconds
[2024-05-02T23:48:30.446+0000] {processor.py:161} INFO - Started process (PID=959) to work on /home/airflow/.local/lib/python3.12/site-packages/airflow/example_dags/example_subdag_operator.py
[2024-05-02T23:48:30.447+0000] {processor.py:830} INFO - Processing file /home/airflow/.local/lib/python3.12/site-packages/airflow/example_dags/example_subdag_operator.py for tasks to queue
[2024-05-02T23:48:30.449+0000] {logging_mixin.py:188} INFO - [2024-05-02T23:48:30.448+0000] {dagbag.py:540} INFO - Filling up the DagBag from /home/airflow/.local/lib/python3.12/site-packages/airflow/example_dags/example_subdag_operator.py
[2024-05-02T23:48:30.480+0000] {processor.py:840} INFO - DAG(s) 'example_subdag_operator.section-1', 'example_subdag_operator.section-2', 'example_subdag_operator' retrieved from /home/airflow/.local/lib/python3.12/site-packages/airflow/example_dags/example_subdag_operator.py
[2024-05-02T23:48:30.504+0000] {logging_mixin.py:188} INFO - [2024-05-02T23:48:30.503+0000] {dag.py:3096} INFO - Sync 3 DAGs
[2024-05-02T23:48:30.533+0000] {logging_mixin.py:188} INFO - [2024-05-02T23:48:30.533+0000] {dag.py:3954} INFO - Setting next_dagrun for example_subdag_operator to 2022-01-01 00:00:00+00:00, run_after=2022-01-01 00:00:00+00:00
[2024-05-02T23:48:30.538+0000] {logging_mixin.py:188} INFO - [2024-05-02T23:48:30.538+0000] {dag.py:3954} INFO - Setting next_dagrun for example_subdag_operator.section-1 to None, run_after=None
[2024-05-02T23:48:30.540+0000] {logging_mixin.py:188} INFO - [2024-05-02T23:48:30.540+0000] {dag.py:3954} INFO - Setting next_dagrun for example_subdag_operator.section-2 to None, run_after=None
[2024-05-02T23:48:30.550+0000] {logging_mixin.py:188} INFO - [2024-05-02T23:48:30.550+0000] {dag.py:3096} INFO - Sync 2 DAGs
[2024-05-02T23:48:30.558+0000] {logging_mixin.py:188} INFO - [2024-05-02T23:48:30.557+0000] {dag.py:3954} INFO - Setting next_dagrun for example_subdag_operator.section-1 to None, run_after=None
[2024-05-02T23:48:30.559+0000] {logging_mixin.py:188} INFO - [2024-05-02T23:48:30.558+0000] {dag.py:3954} INFO - Setting next_dagrun for example_subdag_operator.section-2 to None, run_after=None
[2024-05-02T23:48:30.574+0000] {processor.py:183} INFO - Processing /home/airflow/.local/lib/python3.12/site-packages/airflow/example_dags/example_subdag_operator.py took 0.135 seconds
[2024-05-02T23:49:00.932+0000] {processor.py:161} INFO - Started process (PID=1017) to work on /home/airflow/.local/lib/python3.12/site-packages/airflow/example_dags/example_subdag_operator.py
[2024-05-02T23:49:00.933+0000] {processor.py:830} INFO - Processing file /home/airflow/.local/lib/python3.12/site-packages/airflow/example_dags/example_subdag_operator.py for tasks to queue
[2024-05-02T23:49:00.934+0000] {logging_mixin.py:188} INFO - [2024-05-02T23:49:00.934+0000] {dagbag.py:540} INFO - Filling up the DagBag from /home/airflow/.local/lib/python3.12/site-packages/airflow/example_dags/example_subdag_operator.py
[2024-05-02T23:49:00.964+0000] {processor.py:840} INFO - DAG(s) 'example_subdag_operator.section-1', 'example_subdag_operator.section-2', 'example_subdag_operator' retrieved from /home/airflow/.local/lib/python3.12/site-packages/airflow/example_dags/example_subdag_operator.py
[2024-05-02T23:49:00.985+0000] {logging_mixin.py:188} INFO - [2024-05-02T23:49:00.985+0000] {dag.py:3096} INFO - Sync 3 DAGs
[2024-05-02T23:49:01.015+0000] {logging_mixin.py:188} INFO - [2024-05-02T23:49:01.015+0000] {dag.py:3954} INFO - Setting next_dagrun for example_subdag_operator to 2022-01-01 00:00:00+00:00, run_after=2022-01-01 00:00:00+00:00
[2024-05-02T23:49:01.022+0000] {logging_mixin.py:188} INFO - [2024-05-02T23:49:01.021+0000] {dag.py:3954} INFO - Setting next_dagrun for example_subdag_operator.section-1 to None, run_after=None
[2024-05-02T23:49:01.024+0000] {logging_mixin.py:188} INFO - [2024-05-02T23:49:01.024+0000] {dag.py:3954} INFO - Setting next_dagrun for example_subdag_operator.section-2 to None, run_after=None
[2024-05-02T23:49:01.036+0000] {logging_mixin.py:188} INFO - [2024-05-02T23:49:01.035+0000] {dag.py:3096} INFO - Sync 2 DAGs
[2024-05-02T23:49:01.043+0000] {logging_mixin.py:188} INFO - [2024-05-02T23:49:01.043+0000] {dag.py:3954} INFO - Setting next_dagrun for example_subdag_operator.section-1 to None, run_after=None
[2024-05-02T23:49:01.044+0000] {logging_mixin.py:188} INFO - [2024-05-02T23:49:01.044+0000] {dag.py:3954} INFO - Setting next_dagrun for example_subdag_operator.section-2 to None, run_after=None
[2024-05-02T23:49:01.062+0000] {processor.py:183} INFO - Processing /home/airflow/.local/lib/python3.12/site-packages/airflow/example_dags/example_subdag_operator.py took 0.137 seconds
[2024-05-02T23:49:32.254+0000] {processor.py:161} INFO - Started process (PID=1074) to work on /home/airflow/.local/lib/python3.12/site-packages/airflow/example_dags/example_subdag_operator.py
[2024-05-02T23:49:32.256+0000] {processor.py:830} INFO - Processing file /home/airflow/.local/lib/python3.12/site-packages/airflow/example_dags/example_subdag_operator.py for tasks to queue
[2024-05-02T23:49:32.257+0000] {logging_mixin.py:188} INFO - [2024-05-02T23:49:32.257+0000] {dagbag.py:540} INFO - Filling up the DagBag from /home/airflow/.local/lib/python3.12/site-packages/airflow/example_dags/example_subdag_operator.py
[2024-05-02T23:49:32.299+0000] {processor.py:840} INFO - DAG(s) 'example_subdag_operator.section-1', 'example_subdag_operator.section-2', 'example_subdag_operator' retrieved from /home/airflow/.local/lib/python3.12/site-packages/airflow/example_dags/example_subdag_operator.py
[2024-05-02T23:49:32.513+0000] {logging_mixin.py:188} INFO - [2024-05-02T23:49:32.513+0000] {dag.py:3096} INFO - Sync 3 DAGs
[2024-05-02T23:49:32.539+0000] {logging_mixin.py:188} INFO - [2024-05-02T23:49:32.539+0000] {dag.py:3954} INFO - Setting next_dagrun for example_subdag_operator to 2022-01-01 00:00:00+00:00, run_after=2022-01-01 00:00:00+00:00
[2024-05-02T23:49:32.544+0000] {logging_mixin.py:188} INFO - [2024-05-02T23:49:32.544+0000] {dag.py:3954} INFO - Setting next_dagrun for example_subdag_operator.section-1 to None, run_after=None
[2024-05-02T23:49:32.546+0000] {logging_mixin.py:188} INFO - [2024-05-02T23:49:32.546+0000] {dag.py:3954} INFO - Setting next_dagrun for example_subdag_operator.section-2 to None, run_after=None
[2024-05-02T23:49:32.556+0000] {logging_mixin.py:188} INFO - [2024-05-02T23:49:32.556+0000] {dag.py:3096} INFO - Sync 2 DAGs
[2024-05-02T23:49:32.563+0000] {logging_mixin.py:188} INFO - [2024-05-02T23:49:32.563+0000] {dag.py:3954} INFO - Setting next_dagrun for example_subdag_operator.section-1 to None, run_after=None
[2024-05-02T23:49:32.564+0000] {logging_mixin.py:188} INFO - [2024-05-02T23:49:32.564+0000] {dag.py:3954} INFO - Setting next_dagrun for example_subdag_operator.section-2 to None, run_after=None
[2024-05-02T23:49:32.579+0000] {processor.py:183} INFO - Processing /home/airflow/.local/lib/python3.12/site-packages/airflow/example_dags/example_subdag_operator.py took 0.334 seconds
[2024-05-02T23:50:02.901+0000] {processor.py:161} INFO - Started process (PID=1132) to work on /home/airflow/.local/lib/python3.12/site-packages/airflow/example_dags/example_subdag_operator.py
[2024-05-02T23:50:02.902+0000] {processor.py:830} INFO - Processing file /home/airflow/.local/lib/python3.12/site-packages/airflow/example_dags/example_subdag_operator.py for tasks to queue
[2024-05-02T23:50:02.904+0000] {logging_mixin.py:188} INFO - [2024-05-02T23:50:02.903+0000] {dagbag.py:540} INFO - Filling up the DagBag from /home/airflow/.local/lib/python3.12/site-packages/airflow/example_dags/example_subdag_operator.py
[2024-05-02T23:50:02.935+0000] {processor.py:840} INFO - DAG(s) 'example_subdag_operator.section-1', 'example_subdag_operator.section-2', 'example_subdag_operator' retrieved from /home/airflow/.local/lib/python3.12/site-packages/airflow/example_dags/example_subdag_operator.py
[2024-05-02T23:50:02.958+0000] {logging_mixin.py:188} INFO - [2024-05-02T23:50:02.958+0000] {dag.py:3096} INFO - Sync 3 DAGs
[2024-05-02T23:50:02.996+0000] {logging_mixin.py:188} INFO - [2024-05-02T23:50:02.996+0000] {dag.py:3954} INFO - Setting next_dagrun for example_subdag_operator to 2022-01-01 00:00:00+00:00, run_after=2022-01-01 00:00:00+00:00
[2024-05-02T23:50:03.003+0000] {logging_mixin.py:188} INFO - [2024-05-02T23:50:03.003+0000] {dag.py:3954} INFO - Setting next_dagrun for example_subdag_operator.section-1 to None, run_after=None
[2024-05-02T23:50:03.007+0000] {logging_mixin.py:188} INFO - [2024-05-02T23:50:03.007+0000] {dag.py:3954} INFO - Setting next_dagrun for example_subdag_operator.section-2 to None, run_after=None
[2024-05-02T23:50:03.019+0000] {logging_mixin.py:188} INFO - [2024-05-02T23:50:03.019+0000] {dag.py:3096} INFO - Sync 2 DAGs
[2024-05-02T23:50:03.029+0000] {logging_mixin.py:188} INFO - [2024-05-02T23:50:03.028+0000] {dag.py:3954} INFO - Setting next_dagrun for example_subdag_operator.section-1 to None, run_after=None
[2024-05-02T23:50:03.030+0000] {logging_mixin.py:188} INFO - [2024-05-02T23:50:03.029+0000] {dag.py:3954} INFO - Setting next_dagrun for example_subdag_operator.section-2 to None, run_after=None
[2024-05-02T23:50:03.049+0000] {processor.py:183} INFO - Processing /home/airflow/.local/lib/python3.12/site-packages/airflow/example_dags/example_subdag_operator.py took 0.157 seconds
[2024-05-02T23:50:33.128+0000] {processor.py:161} INFO - Started process (PID=1190) to work on /home/airflow/.local/lib/python3.12/site-packages/airflow/example_dags/example_subdag_operator.py
[2024-05-02T23:50:33.130+0000] {processor.py:830} INFO - Processing file /home/airflow/.local/lib/python3.12/site-packages/airflow/example_dags/example_subdag_operator.py for tasks to queue
[2024-05-02T23:50:33.131+0000] {logging_mixin.py:188} INFO - [2024-05-02T23:50:33.131+0000] {dagbag.py:540} INFO - Filling up the DagBag from /home/airflow/.local/lib/python3.12/site-packages/airflow/example_dags/example_subdag_operator.py
[2024-05-02T23:50:33.164+0000] {processor.py:840} INFO - DAG(s) 'example_subdag_operator.section-1', 'example_subdag_operator.section-2', 'example_subdag_operator' retrieved from /home/airflow/.local/lib/python3.12/site-packages/airflow/example_dags/example_subdag_operator.py
[2024-05-02T23:50:33.186+0000] {logging_mixin.py:188} INFO - [2024-05-02T23:50:33.185+0000] {dag.py:3096} INFO - Sync 3 DAGs
[2024-05-02T23:50:33.213+0000] {logging_mixin.py:188} INFO - [2024-05-02T23:50:33.213+0000] {dag.py:3954} INFO - Setting next_dagrun for example_subdag_operator to 2022-01-01 00:00:00+00:00, run_after=2022-01-01 00:00:00+00:00
[2024-05-02T23:50:33.218+0000] {logging_mixin.py:188} INFO - [2024-05-02T23:50:33.218+0000] {dag.py:3954} INFO - Setting next_dagrun for example_subdag_operator.section-1 to None, run_after=None
[2024-05-02T23:50:33.220+0000] {logging_mixin.py:188} INFO - [2024-05-02T23:50:33.220+0000] {dag.py:3954} INFO - Setting next_dagrun for example_subdag_operator.section-2 to None, run_after=None
[2024-05-02T23:50:33.228+0000] {logging_mixin.py:188} INFO - [2024-05-02T23:50:33.228+0000] {dag.py:3096} INFO - Sync 2 DAGs
[2024-05-02T23:50:33.235+0000] {logging_mixin.py:188} INFO - [2024-05-02T23:50:33.235+0000] {dag.py:3954} INFO - Setting next_dagrun for example_subdag_operator.section-1 to None, run_after=None
[2024-05-02T23:50:33.236+0000] {logging_mixin.py:188} INFO - [2024-05-02T23:50:33.236+0000] {dag.py:3954} INFO - Setting next_dagrun for example_subdag_operator.section-2 to None, run_after=None
[2024-05-02T23:50:33.252+0000] {processor.py:183} INFO - Processing /home/airflow/.local/lib/python3.12/site-packages/airflow/example_dags/example_subdag_operator.py took 0.133 seconds
[2024-05-02T23:51:03.498+0000] {processor.py:161} INFO - Started process (PID=1248) to work on /home/airflow/.local/lib/python3.12/site-packages/airflow/example_dags/example_subdag_operator.py
[2024-05-02T23:51:03.499+0000] {processor.py:830} INFO - Processing file /home/airflow/.local/lib/python3.12/site-packages/airflow/example_dags/example_subdag_operator.py for tasks to queue
[2024-05-02T23:51:03.501+0000] {logging_mixin.py:188} INFO - [2024-05-02T23:51:03.500+0000] {dagbag.py:540} INFO - Filling up the DagBag from /home/airflow/.local/lib/python3.12/site-packages/airflow/example_dags/example_subdag_operator.py
[2024-05-02T23:51:03.536+0000] {processor.py:840} INFO - DAG(s) 'example_subdag_operator.section-1', 'example_subdag_operator.section-2', 'example_subdag_operator' retrieved from /home/airflow/.local/lib/python3.12/site-packages/airflow/example_dags/example_subdag_operator.py
[2024-05-02T23:51:03.564+0000] {logging_mixin.py:188} INFO - [2024-05-02T23:51:03.564+0000] {dag.py:3096} INFO - Sync 3 DAGs
[2024-05-02T23:51:03.599+0000] {logging_mixin.py:188} INFO - [2024-05-02T23:51:03.598+0000] {dag.py:3954} INFO - Setting next_dagrun for example_subdag_operator to 2022-01-01 00:00:00+00:00, run_after=2022-01-01 00:00:00+00:00
[2024-05-02T23:51:03.606+0000] {logging_mixin.py:188} INFO - [2024-05-02T23:51:03.606+0000] {dag.py:3954} INFO - Setting next_dagrun for example_subdag_operator.section-1 to None, run_after=None
[2024-05-02T23:51:03.610+0000] {logging_mixin.py:188} INFO - [2024-05-02T23:51:03.610+0000] {dag.py:3954} INFO - Setting next_dagrun for example_subdag_operator.section-2 to None, run_after=None
[2024-05-02T23:51:03.621+0000] {logging_mixin.py:188} INFO - [2024-05-02T23:51:03.621+0000] {dag.py:3096} INFO - Sync 2 DAGs
[2024-05-02T23:51:03.630+0000] {logging_mixin.py:188} INFO - [2024-05-02T23:51:03.629+0000] {dag.py:3954} INFO - Setting next_dagrun for example_subdag_operator.section-1 to None, run_after=None
[2024-05-02T23:51:03.630+0000] {logging_mixin.py:188} INFO - [2024-05-02T23:51:03.630+0000] {dag.py:3954} INFO - Setting next_dagrun for example_subdag_operator.section-2 to None, run_after=None
[2024-05-02T23:51:03.650+0000] {processor.py:183} INFO - Processing /home/airflow/.local/lib/python3.12/site-packages/airflow/example_dags/example_subdag_operator.py took 0.162 seconds
[2024-05-02T23:51:33.747+0000] {processor.py:161} INFO - Started process (PID=1306) to work on /home/airflow/.local/lib/python3.12/site-packages/airflow/example_dags/example_subdag_operator.py
[2024-05-02T23:51:33.749+0000] {processor.py:830} INFO - Processing file /home/airflow/.local/lib/python3.12/site-packages/airflow/example_dags/example_subdag_operator.py for tasks to queue
[2024-05-02T23:51:33.750+0000] {logging_mixin.py:188} INFO - [2024-05-02T23:51:33.750+0000] {dagbag.py:540} INFO - Filling up the DagBag from /home/airflow/.local/lib/python3.12/site-packages/airflow/example_dags/example_subdag_operator.py
[2024-05-02T23:51:33.782+0000] {processor.py:840} INFO - DAG(s) 'example_subdag_operator.section-1', 'example_subdag_operator.section-2', 'example_subdag_operator' retrieved from /home/airflow/.local/lib/python3.12/site-packages/airflow/example_dags/example_subdag_operator.py
[2024-05-02T23:51:33.805+0000] {logging_mixin.py:188} INFO - [2024-05-02T23:51:33.805+0000] {dag.py:3096} INFO - Sync 3 DAGs
[2024-05-02T23:51:33.836+0000] {logging_mixin.py:188} INFO - [2024-05-02T23:51:33.836+0000] {dag.py:3954} INFO - Setting next_dagrun for example_subdag_operator to 2022-01-01 00:00:00+00:00, run_after=2022-01-01 00:00:00+00:00
[2024-05-02T23:51:33.841+0000] {logging_mixin.py:188} INFO - [2024-05-02T23:51:33.841+0000] {dag.py:3954} INFO - Setting next_dagrun for example_subdag_operator.section-1 to None, run_after=None
[2024-05-02T23:51:33.843+0000] {logging_mixin.py:188} INFO - [2024-05-02T23:51:33.843+0000] {dag.py:3954} INFO - Setting next_dagrun for example_subdag_operator.section-2 to None, run_after=None
[2024-05-02T23:51:33.852+0000] {logging_mixin.py:188} INFO - [2024-05-02T23:51:33.852+0000] {dag.py:3096} INFO - Sync 2 DAGs
[2024-05-02T23:51:33.859+0000] {logging_mixin.py:188} INFO - [2024-05-02T23:51:33.859+0000] {dag.py:3954} INFO - Setting next_dagrun for example_subdag_operator.section-1 to None, run_after=None
[2024-05-02T23:51:33.860+0000] {logging_mixin.py:188} INFO - [2024-05-02T23:51:33.860+0000] {dag.py:3954} INFO - Setting next_dagrun for example_subdag_operator.section-2 to None, run_after=None
[2024-05-02T23:51:33.874+0000] {processor.py:183} INFO - Processing /home/airflow/.local/lib/python3.12/site-packages/airflow/example_dags/example_subdag_operator.py took 0.136 seconds
[2024-05-02T23:52:03.955+0000] {processor.py:161} INFO - Started process (PID=1364) to work on /home/airflow/.local/lib/python3.12/site-packages/airflow/example_dags/example_subdag_operator.py
[2024-05-02T23:52:03.956+0000] {processor.py:830} INFO - Processing file /home/airflow/.local/lib/python3.12/site-packages/airflow/example_dags/example_subdag_operator.py for tasks to queue
[2024-05-02T23:52:03.957+0000] {logging_mixin.py:188} INFO - [2024-05-02T23:52:03.957+0000] {dagbag.py:540} INFO - Filling up the DagBag from /home/airflow/.local/lib/python3.12/site-packages/airflow/example_dags/example_subdag_operator.py
[2024-05-02T23:52:03.991+0000] {processor.py:840} INFO - DAG(s) 'example_subdag_operator.section-1', 'example_subdag_operator.section-2', 'example_subdag_operator' retrieved from /home/airflow/.local/lib/python3.12/site-packages/airflow/example_dags/example_subdag_operator.py
[2024-05-02T23:52:04.013+0000] {logging_mixin.py:188} INFO - [2024-05-02T23:52:04.013+0000] {dag.py:3096} INFO - Sync 3 DAGs
[2024-05-02T23:52:04.040+0000] {logging_mixin.py:188} INFO - [2024-05-02T23:52:04.040+0000] {dag.py:3954} INFO - Setting next_dagrun for example_subdag_operator to 2022-01-01 00:00:00+00:00, run_after=2022-01-01 00:00:00+00:00
[2024-05-02T23:52:04.046+0000] {logging_mixin.py:188} INFO - [2024-05-02T23:52:04.046+0000] {dag.py:3954} INFO - Setting next_dagrun for example_subdag_operator.section-1 to None, run_after=None
[2024-05-02T23:52:04.048+0000] {logging_mixin.py:188} INFO - [2024-05-02T23:52:04.048+0000] {dag.py:3954} INFO - Setting next_dagrun for example_subdag_operator.section-2 to None, run_after=None
[2024-05-02T23:52:04.058+0000] {logging_mixin.py:188} INFO - [2024-05-02T23:52:04.057+0000] {dag.py:3096} INFO - Sync 2 DAGs
[2024-05-02T23:52:04.064+0000] {logging_mixin.py:188} INFO - [2024-05-02T23:52:04.064+0000] {dag.py:3954} INFO - Setting next_dagrun for example_subdag_operator.section-1 to None, run_after=None
[2024-05-02T23:52:04.065+0000] {logging_mixin.py:188} INFO - [2024-05-02T23:52:04.065+0000] {dag.py:3954} INFO - Setting next_dagrun for example_subdag_operator.section-2 to None, run_after=None
[2024-05-02T23:52:04.085+0000] {processor.py:183} INFO - Processing /home/airflow/.local/lib/python3.12/site-packages/airflow/example_dags/example_subdag_operator.py took 0.137 seconds
[2024-05-02T23:52:34.554+0000] {processor.py:161} INFO - Started process (PID=1423) to work on /home/airflow/.local/lib/python3.12/site-packages/airflow/example_dags/example_subdag_operator.py
[2024-05-02T23:52:34.555+0000] {processor.py:830} INFO - Processing file /home/airflow/.local/lib/python3.12/site-packages/airflow/example_dags/example_subdag_operator.py for tasks to queue
[2024-05-02T23:52:34.557+0000] {logging_mixin.py:188} INFO - [2024-05-02T23:52:34.557+0000] {dagbag.py:540} INFO - Filling up the DagBag from /home/airflow/.local/lib/python3.12/site-packages/airflow/example_dags/example_subdag_operator.py
[2024-05-02T23:52:34.595+0000] {processor.py:840} INFO - DAG(s) 'example_subdag_operator.section-1', 'example_subdag_operator.section-2', 'example_subdag_operator' retrieved from /home/airflow/.local/lib/python3.12/site-packages/airflow/example_dags/example_subdag_operator.py
[2024-05-02T23:52:34.616+0000] {logging_mixin.py:188} INFO - [2024-05-02T23:52:34.615+0000] {dag.py:3096} INFO - Sync 3 DAGs
[2024-05-02T23:52:34.656+0000] {logging_mixin.py:188} INFO - [2024-05-02T23:52:34.655+0000] {dag.py:3954} INFO - Setting next_dagrun for example_subdag_operator to 2022-01-01 00:00:00+00:00, run_after=2022-01-01 00:00:00+00:00
[2024-05-02T23:52:34.690+0000] {logging_mixin.py:188} INFO - [2024-05-02T23:52:34.689+0000] {dag.py:3954} INFO - Setting next_dagrun for example_subdag_operator.section-1 to None, run_after=None
[2024-05-02T23:52:34.693+0000] {logging_mixin.py:188} INFO - [2024-05-02T23:52:34.692+0000] {dag.py:3954} INFO - Setting next_dagrun for example_subdag_operator.section-2 to None, run_after=None
[2024-05-02T23:52:34.710+0000] {logging_mixin.py:188} INFO - [2024-05-02T23:52:34.710+0000] {dag.py:3096} INFO - Sync 2 DAGs
[2024-05-02T23:52:34.721+0000] {logging_mixin.py:188} INFO - [2024-05-02T23:52:34.720+0000] {dag.py:3954} INFO - Setting next_dagrun for example_subdag_operator.section-1 to None, run_after=None
[2024-05-02T23:52:34.722+0000] {logging_mixin.py:188} INFO - [2024-05-02T23:52:34.721+0000] {dag.py:3954} INFO - Setting next_dagrun for example_subdag_operator.section-2 to None, run_after=None
[2024-05-02T23:52:34.765+0000] {processor.py:183} INFO - Processing /home/airflow/.local/lib/python3.12/site-packages/airflow/example_dags/example_subdag_operator.py took 0.218 seconds
[2024-05-02T23:53:05.644+0000] {processor.py:161} INFO - Started process (PID=1481) to work on /home/airflow/.local/lib/python3.12/site-packages/airflow/example_dags/example_subdag_operator.py
[2024-05-02T23:53:05.646+0000] {processor.py:830} INFO - Processing file /home/airflow/.local/lib/python3.12/site-packages/airflow/example_dags/example_subdag_operator.py for tasks to queue
[2024-05-02T23:53:05.647+0000] {logging_mixin.py:188} INFO - [2024-05-02T23:53:05.647+0000] {dagbag.py:540} INFO - Filling up the DagBag from /home/airflow/.local/lib/python3.12/site-packages/airflow/example_dags/example_subdag_operator.py
[2024-05-02T23:53:05.683+0000] {processor.py:840} INFO - DAG(s) 'example_subdag_operator.section-1', 'example_subdag_operator.section-2', 'example_subdag_operator' retrieved from /home/airflow/.local/lib/python3.12/site-packages/airflow/example_dags/example_subdag_operator.py
[2024-05-02T23:53:05.711+0000] {logging_mixin.py:188} INFO - [2024-05-02T23:53:05.711+0000] {dag.py:3096} INFO - Sync 3 DAGs
[2024-05-02T23:53:05.745+0000] {logging_mixin.py:188} INFO - [2024-05-02T23:53:05.745+0000] {dag.py:3954} INFO - Setting next_dagrun for example_subdag_operator to 2022-01-01 00:00:00+00:00, run_after=2022-01-01 00:00:00+00:00
[2024-05-02T23:53:05.750+0000] {logging_mixin.py:188} INFO - [2024-05-02T23:53:05.750+0000] {dag.py:3954} INFO - Setting next_dagrun for example_subdag_operator.section-1 to None, run_after=None
[2024-05-02T23:53:05.752+0000] {logging_mixin.py:188} INFO - [2024-05-02T23:53:05.752+0000] {dag.py:3954} INFO - Setting next_dagrun for example_subdag_operator.section-2 to None, run_after=None
[2024-05-02T23:53:05.762+0000] {logging_mixin.py:188} INFO - [2024-05-02T23:53:05.762+0000] {dag.py:3096} INFO - Sync 2 DAGs
[2024-05-02T23:53:05.770+0000] {logging_mixin.py:188} INFO - [2024-05-02T23:53:05.770+0000] {dag.py:3954} INFO - Setting next_dagrun for example_subdag_operator.section-1 to None, run_after=None
[2024-05-02T23:53:05.771+0000] {logging_mixin.py:188} INFO - [2024-05-02T23:53:05.771+0000] {dag.py:3954} INFO - Setting next_dagrun for example_subdag_operator.section-2 to None, run_after=None
[2024-05-02T23:53:05.788+0000] {processor.py:183} INFO - Processing /home/airflow/.local/lib/python3.12/site-packages/airflow/example_dags/example_subdag_operator.py took 0.152 seconds
[2024-05-02T23:53:36.550+0000] {processor.py:161} INFO - Started process (PID=1539) to work on /home/airflow/.local/lib/python3.12/site-packages/airflow/example_dags/example_subdag_operator.py
[2024-05-02T23:53:36.551+0000] {processor.py:830} INFO - Processing file /home/airflow/.local/lib/python3.12/site-packages/airflow/example_dags/example_subdag_operator.py for tasks to queue
[2024-05-02T23:53:36.552+0000] {logging_mixin.py:188} INFO - [2024-05-02T23:53:36.552+0000] {dagbag.py:540} INFO - Filling up the DagBag from /home/airflow/.local/lib/python3.12/site-packages/airflow/example_dags/example_subdag_operator.py
[2024-05-02T23:53:36.588+0000] {processor.py:840} INFO - DAG(s) 'example_subdag_operator.section-1', 'example_subdag_operator.section-2', 'example_subdag_operator' retrieved from /home/airflow/.local/lib/python3.12/site-packages/airflow/example_dags/example_subdag_operator.py
[2024-05-02T23:53:36.609+0000] {logging_mixin.py:188} INFO - [2024-05-02T23:53:36.608+0000] {dag.py:3096} INFO - Sync 3 DAGs
[2024-05-02T23:53:36.638+0000] {logging_mixin.py:188} INFO - [2024-05-02T23:53:36.638+0000] {dag.py:3954} INFO - Setting next_dagrun for example_subdag_operator to 2022-01-01 00:00:00+00:00, run_after=2022-01-01 00:00:00+00:00
[2024-05-02T23:53:36.644+0000] {logging_mixin.py:188} INFO - [2024-05-02T23:53:36.643+0000] {dag.py:3954} INFO - Setting next_dagrun for example_subdag_operator.section-1 to None, run_after=None
[2024-05-02T23:53:36.646+0000] {logging_mixin.py:188} INFO - [2024-05-02T23:53:36.645+0000] {dag.py:3954} INFO - Setting next_dagrun for example_subdag_operator.section-2 to None, run_after=None
[2024-05-02T23:53:36.656+0000] {logging_mixin.py:188} INFO - [2024-05-02T23:53:36.655+0000] {dag.py:3096} INFO - Sync 2 DAGs
[2024-05-02T23:53:36.663+0000] {logging_mixin.py:188} INFO - [2024-05-02T23:53:36.663+0000] {dag.py:3954} INFO - Setting next_dagrun for example_subdag_operator.section-1 to None, run_after=None
[2024-05-02T23:53:36.664+0000] {logging_mixin.py:188} INFO - [2024-05-02T23:53:36.664+0000] {dag.py:3954} INFO - Setting next_dagrun for example_subdag_operator.section-2 to None, run_after=None
[2024-05-02T23:53:36.681+0000] {processor.py:183} INFO - Processing /home/airflow/.local/lib/python3.12/site-packages/airflow/example_dags/example_subdag_operator.py took 0.139 seconds
[2024-05-02T23:54:07.295+0000] {processor.py:161} INFO - Started process (PID=1597) to work on /home/airflow/.local/lib/python3.12/site-packages/airflow/example_dags/example_subdag_operator.py
[2024-05-02T23:54:07.297+0000] {processor.py:830} INFO - Processing file /home/airflow/.local/lib/python3.12/site-packages/airflow/example_dags/example_subdag_operator.py for tasks to queue
[2024-05-02T23:54:07.298+0000] {logging_mixin.py:188} INFO - [2024-05-02T23:54:07.298+0000] {dagbag.py:540} INFO - Filling up the DagBag from /home/airflow/.local/lib/python3.12/site-packages/airflow/example_dags/example_subdag_operator.py
[2024-05-02T23:54:07.339+0000] {processor.py:840} INFO - DAG(s) 'example_subdag_operator.section-1', 'example_subdag_operator.section-2', 'example_subdag_operator' retrieved from /home/airflow/.local/lib/python3.12/site-packages/airflow/example_dags/example_subdag_operator.py
[2024-05-02T23:54:07.371+0000] {logging_mixin.py:188} INFO - [2024-05-02T23:54:07.370+0000] {dag.py:3096} INFO - Sync 3 DAGs
[2024-05-02T23:54:07.406+0000] {logging_mixin.py:188} INFO - [2024-05-02T23:54:07.406+0000] {dag.py:3954} INFO - Setting next_dagrun for example_subdag_operator to 2022-01-01 00:00:00+00:00, run_after=2022-01-01 00:00:00+00:00
[2024-05-02T23:54:07.412+0000] {logging_mixin.py:188} INFO - [2024-05-02T23:54:07.411+0000] {dag.py:3954} INFO - Setting next_dagrun for example_subdag_operator.section-1 to None, run_after=None
[2024-05-02T23:54:07.414+0000] {logging_mixin.py:188} INFO - [2024-05-02T23:54:07.414+0000] {dag.py:3954} INFO - Setting next_dagrun for example_subdag_operator.section-2 to None, run_after=None
[2024-05-02T23:54:07.425+0000] {logging_mixin.py:188} INFO - [2024-05-02T23:54:07.425+0000] {dag.py:3096} INFO - Sync 2 DAGs
[2024-05-02T23:54:07.434+0000] {logging_mixin.py:188} INFO - [2024-05-02T23:54:07.434+0000] {dag.py:3954} INFO - Setting next_dagrun for example_subdag_operator.section-1 to None, run_after=None
[2024-05-02T23:54:07.435+0000] {logging_mixin.py:188} INFO - [2024-05-02T23:54:07.435+0000] {dag.py:3954} INFO - Setting next_dagrun for example_subdag_operator.section-2 to None, run_after=None
[2024-05-02T23:54:07.453+0000] {processor.py:183} INFO - Processing /home/airflow/.local/lib/python3.12/site-packages/airflow/example_dags/example_subdag_operator.py took 0.182 seconds
[2024-05-02T23:54:37.807+0000] {processor.py:161} INFO - Started process (PID=1655) to work on /home/airflow/.local/lib/python3.12/site-packages/airflow/example_dags/example_subdag_operator.py
[2024-05-02T23:54:37.809+0000] {processor.py:830} INFO - Processing file /home/airflow/.local/lib/python3.12/site-packages/airflow/example_dags/example_subdag_operator.py for tasks to queue
[2024-05-02T23:54:37.810+0000] {logging_mixin.py:188} INFO - [2024-05-02T23:54:37.809+0000] {dagbag.py:540} INFO - Filling up the DagBag from /home/airflow/.local/lib/python3.12/site-packages/airflow/example_dags/example_subdag_operator.py
[2024-05-02T23:54:37.843+0000] {processor.py:840} INFO - DAG(s) 'example_subdag_operator.section-1', 'example_subdag_operator.section-2', 'example_subdag_operator' retrieved from /home/airflow/.local/lib/python3.12/site-packages/airflow/example_dags/example_subdag_operator.py
[2024-05-02T23:54:37.863+0000] {logging_mixin.py:188} INFO - [2024-05-02T23:54:37.863+0000] {dag.py:3096} INFO - Sync 3 DAGs
[2024-05-02T23:54:37.896+0000] {logging_mixin.py:188} INFO - [2024-05-02T23:54:37.895+0000] {dag.py:3954} INFO - Setting next_dagrun for example_subdag_operator to 2022-01-01 00:00:00+00:00, run_after=2022-01-01 00:00:00+00:00
[2024-05-02T23:54:37.901+0000] {logging_mixin.py:188} INFO - [2024-05-02T23:54:37.901+0000] {dag.py:3954} INFO - Setting next_dagrun for example_subdag_operator.section-1 to None, run_after=None
[2024-05-02T23:54:37.903+0000] {logging_mixin.py:188} INFO - [2024-05-02T23:54:37.903+0000] {dag.py:3954} INFO - Setting next_dagrun for example_subdag_operator.section-2 to None, run_after=None
[2024-05-02T23:54:37.912+0000] {logging_mixin.py:188} INFO - [2024-05-02T23:54:37.912+0000] {dag.py:3096} INFO - Sync 2 DAGs
[2024-05-02T23:54:37.919+0000] {logging_mixin.py:188} INFO - [2024-05-02T23:54:37.919+0000] {dag.py:3954} INFO - Setting next_dagrun for example_subdag_operator.section-1 to None, run_after=None
[2024-05-02T23:54:37.920+0000] {logging_mixin.py:188} INFO - [2024-05-02T23:54:37.919+0000] {dag.py:3954} INFO - Setting next_dagrun for example_subdag_operator.section-2 to None, run_after=None
[2024-05-02T23:54:37.937+0000] {processor.py:183} INFO - Processing /home/airflow/.local/lib/python3.12/site-packages/airflow/example_dags/example_subdag_operator.py took 0.139 seconds
[2024-05-02T23:55:08.402+0000] {processor.py:161} INFO - Started process (PID=1713) to work on /home/airflow/.local/lib/python3.12/site-packages/airflow/example_dags/example_subdag_operator.py
[2024-05-02T23:55:08.403+0000] {processor.py:830} INFO - Processing file /home/airflow/.local/lib/python3.12/site-packages/airflow/example_dags/example_subdag_operator.py for tasks to queue
[2024-05-02T23:55:08.405+0000] {logging_mixin.py:188} INFO - [2024-05-02T23:55:08.404+0000] {dagbag.py:540} INFO - Filling up the DagBag from /home/airflow/.local/lib/python3.12/site-packages/airflow/example_dags/example_subdag_operator.py
[2024-05-02T23:55:08.437+0000] {processor.py:840} INFO - DAG(s) 'example_subdag_operator.section-1', 'example_subdag_operator.section-2', 'example_subdag_operator' retrieved from /home/airflow/.local/lib/python3.12/site-packages/airflow/example_dags/example_subdag_operator.py
[2024-05-02T23:55:08.464+0000] {logging_mixin.py:188} INFO - [2024-05-02T23:55:08.463+0000] {dag.py:3096} INFO - Sync 3 DAGs
[2024-05-02T23:55:08.497+0000] {logging_mixin.py:188} INFO - [2024-05-02T23:55:08.497+0000] {dag.py:3954} INFO - Setting next_dagrun for example_subdag_operator to 2022-01-01 00:00:00+00:00, run_after=2022-01-01 00:00:00+00:00
[2024-05-02T23:55:08.504+0000] {logging_mixin.py:188} INFO - [2024-05-02T23:55:08.503+0000] {dag.py:3954} INFO - Setting next_dagrun for example_subdag_operator.section-1 to None, run_after=None
[2024-05-02T23:55:08.506+0000] {logging_mixin.py:188} INFO - [2024-05-02T23:55:08.506+0000] {dag.py:3954} INFO - Setting next_dagrun for example_subdag_operator.section-2 to None, run_after=None
[2024-05-02T23:55:08.518+0000] {logging_mixin.py:188} INFO - [2024-05-02T23:55:08.517+0000] {dag.py:3096} INFO - Sync 2 DAGs
[2024-05-02T23:55:08.526+0000] {logging_mixin.py:188} INFO - [2024-05-02T23:55:08.526+0000] {dag.py:3954} INFO - Setting next_dagrun for example_subdag_operator.section-1 to None, run_after=None
[2024-05-02T23:55:08.527+0000] {logging_mixin.py:188} INFO - [2024-05-02T23:55:08.527+0000] {dag.py:3954} INFO - Setting next_dagrun for example_subdag_operator.section-2 to None, run_after=None
[2024-05-02T23:55:08.544+0000] {processor.py:183} INFO - Processing /home/airflow/.local/lib/python3.12/site-packages/airflow/example_dags/example_subdag_operator.py took 0.151 seconds
[2024-05-02T23:55:38.628+0000] {processor.py:161} INFO - Started process (PID=1770) to work on /home/airflow/.local/lib/python3.12/site-packages/airflow/example_dags/example_subdag_operator.py
[2024-05-02T23:55:38.629+0000] {processor.py:830} INFO - Processing file /home/airflow/.local/lib/python3.12/site-packages/airflow/example_dags/example_subdag_operator.py for tasks to queue
[2024-05-02T23:55:38.630+0000] {logging_mixin.py:188} INFO - [2024-05-02T23:55:38.630+0000] {dagbag.py:540} INFO - Filling up the DagBag from /home/airflow/.local/lib/python3.12/site-packages/airflow/example_dags/example_subdag_operator.py
[2024-05-02T23:55:38.666+0000] {processor.py:840} INFO - DAG(s) 'example_subdag_operator.section-1', 'example_subdag_operator.section-2', 'example_subdag_operator' retrieved from /home/airflow/.local/lib/python3.12/site-packages/airflow/example_dags/example_subdag_operator.py
[2024-05-02T23:55:38.688+0000] {logging_mixin.py:188} INFO - [2024-05-02T23:55:38.688+0000] {dag.py:3096} INFO - Sync 3 DAGs
[2024-05-02T23:55:38.716+0000] {logging_mixin.py:188} INFO - [2024-05-02T23:55:38.716+0000] {dag.py:3954} INFO - Setting next_dagrun for example_subdag_operator to 2022-01-01 00:00:00+00:00, run_after=2022-01-01 00:00:00+00:00
[2024-05-02T23:55:38.723+0000] {logging_mixin.py:188} INFO - [2024-05-02T23:55:38.722+0000] {dag.py:3954} INFO - Setting next_dagrun for example_subdag_operator.section-1 to None, run_after=None
[2024-05-02T23:55:38.725+0000] {logging_mixin.py:188} INFO - [2024-05-02T23:55:38.724+0000] {dag.py:3954} INFO - Setting next_dagrun for example_subdag_operator.section-2 to None, run_after=None
[2024-05-02T23:55:38.735+0000] {logging_mixin.py:188} INFO - [2024-05-02T23:55:38.735+0000] {dag.py:3096} INFO - Sync 2 DAGs
[2024-05-02T23:55:38.741+0000] {logging_mixin.py:188} INFO - [2024-05-02T23:55:38.741+0000] {dag.py:3954} INFO - Setting next_dagrun for example_subdag_operator.section-1 to None, run_after=None
[2024-05-02T23:55:38.742+0000] {logging_mixin.py:188} INFO - [2024-05-02T23:55:38.742+0000] {dag.py:3954} INFO - Setting next_dagrun for example_subdag_operator.section-2 to None, run_after=None
[2024-05-02T23:55:38.758+0000] {processor.py:183} INFO - Processing /home/airflow/.local/lib/python3.12/site-packages/airflow/example_dags/example_subdag_operator.py took 0.137 seconds
[2024-05-02T23:56:09.143+0000] {processor.py:161} INFO - Started process (PID=1827) to work on /home/airflow/.local/lib/python3.12/site-packages/airflow/example_dags/example_subdag_operator.py
[2024-05-02T23:56:09.144+0000] {processor.py:830} INFO - Processing file /home/airflow/.local/lib/python3.12/site-packages/airflow/example_dags/example_subdag_operator.py for tasks to queue
[2024-05-02T23:56:09.145+0000] {logging_mixin.py:188} INFO - [2024-05-02T23:56:09.145+0000] {dagbag.py:540} INFO - Filling up the DagBag from /home/airflow/.local/lib/python3.12/site-packages/airflow/example_dags/example_subdag_operator.py
[2024-05-02T23:56:09.182+0000] {processor.py:840} INFO - DAG(s) 'example_subdag_operator.section-1', 'example_subdag_operator.section-2', 'example_subdag_operator' retrieved from /home/airflow/.local/lib/python3.12/site-packages/airflow/example_dags/example_subdag_operator.py
[2024-05-02T23:56:09.207+0000] {logging_mixin.py:188} INFO - [2024-05-02T23:56:09.207+0000] {dag.py:3096} INFO - Sync 3 DAGs
[2024-05-02T23:56:09.240+0000] {logging_mixin.py:188} INFO - [2024-05-02T23:56:09.240+0000] {dag.py:3954} INFO - Setting next_dagrun for example_subdag_operator to 2022-01-01 00:00:00+00:00, run_after=2022-01-01 00:00:00+00:00
[2024-05-02T23:56:09.246+0000] {logging_mixin.py:188} INFO - [2024-05-02T23:56:09.246+0000] {dag.py:3954} INFO - Setting next_dagrun for example_subdag_operator.section-1 to None, run_after=None
[2024-05-02T23:56:09.248+0000] {logging_mixin.py:188} INFO - [2024-05-02T23:56:09.248+0000] {dag.py:3954} INFO - Setting next_dagrun for example_subdag_operator.section-2 to None, run_after=None
[2024-05-02T23:56:09.261+0000] {logging_mixin.py:188} INFO - [2024-05-02T23:56:09.260+0000] {dag.py:3096} INFO - Sync 2 DAGs
[2024-05-02T23:56:09.271+0000] {logging_mixin.py:188} INFO - [2024-05-02T23:56:09.270+0000] {dag.py:3954} INFO - Setting next_dagrun for example_subdag_operator.section-1 to None, run_after=None
[2024-05-02T23:56:09.272+0000] {logging_mixin.py:188} INFO - [2024-05-02T23:56:09.272+0000] {dag.py:3954} INFO - Setting next_dagrun for example_subdag_operator.section-2 to None, run_after=None
[2024-05-02T23:56:09.292+0000] {processor.py:183} INFO - Processing /home/airflow/.local/lib/python3.12/site-packages/airflow/example_dags/example_subdag_operator.py took 0.156 seconds
[2024-05-02T23:56:39.899+0000] {processor.py:161} INFO - Started process (PID=1885) to work on /home/airflow/.local/lib/python3.12/site-packages/airflow/example_dags/example_subdag_operator.py
[2024-05-02T23:56:39.900+0000] {processor.py:830} INFO - Processing file /home/airflow/.local/lib/python3.12/site-packages/airflow/example_dags/example_subdag_operator.py for tasks to queue
[2024-05-02T23:56:39.901+0000] {logging_mixin.py:188} INFO - [2024-05-02T23:56:39.901+0000] {dagbag.py:540} INFO - Filling up the DagBag from /home/airflow/.local/lib/python3.12/site-packages/airflow/example_dags/example_subdag_operator.py
[2024-05-02T23:56:39.934+0000] {processor.py:840} INFO - DAG(s) 'example_subdag_operator.section-1', 'example_subdag_operator.section-2', 'example_subdag_operator' retrieved from /home/airflow/.local/lib/python3.12/site-packages/airflow/example_dags/example_subdag_operator.py
[2024-05-02T23:56:39.955+0000] {logging_mixin.py:188} INFO - [2024-05-02T23:56:39.955+0000] {dag.py:3096} INFO - Sync 3 DAGs
[2024-05-02T23:56:39.983+0000] {logging_mixin.py:188} INFO - [2024-05-02T23:56:39.983+0000] {dag.py:3954} INFO - Setting next_dagrun for example_subdag_operator to 2022-01-01 00:00:00+00:00, run_after=2022-01-01 00:00:00+00:00
[2024-05-02T23:56:39.988+0000] {logging_mixin.py:188} INFO - [2024-05-02T23:56:39.988+0000] {dag.py:3954} INFO - Setting next_dagrun for example_subdag_operator.section-1 to None, run_after=None
[2024-05-02T23:56:39.990+0000] {logging_mixin.py:188} INFO - [2024-05-02T23:56:39.990+0000] {dag.py:3954} INFO - Setting next_dagrun for example_subdag_operator.section-2 to None, run_after=None
[2024-05-02T23:56:39.998+0000] {logging_mixin.py:188} INFO - [2024-05-02T23:56:39.998+0000] {dag.py:3096} INFO - Sync 2 DAGs
[2024-05-02T23:56:40.005+0000] {logging_mixin.py:188} INFO - [2024-05-02T23:56:40.005+0000] {dag.py:3954} INFO - Setting next_dagrun for example_subdag_operator.section-1 to None, run_after=None
[2024-05-02T23:56:40.006+0000] {logging_mixin.py:188} INFO - [2024-05-02T23:56:40.006+0000] {dag.py:3954} INFO - Setting next_dagrun for example_subdag_operator.section-2 to None, run_after=None
[2024-05-02T23:56:40.021+0000] {processor.py:183} INFO - Processing /home/airflow/.local/lib/python3.12/site-packages/airflow/example_dags/example_subdag_operator.py took 0.129 seconds
[2024-05-02T23:57:10.824+0000] {processor.py:161} INFO - Started process (PID=1943) to work on /home/airflow/.local/lib/python3.12/site-packages/airflow/example_dags/example_subdag_operator.py
[2024-05-02T23:57:10.825+0000] {processor.py:830} INFO - Processing file /home/airflow/.local/lib/python3.12/site-packages/airflow/example_dags/example_subdag_operator.py for tasks to queue
[2024-05-02T23:57:10.827+0000] {logging_mixin.py:188} INFO - [2024-05-02T23:57:10.826+0000] {dagbag.py:540} INFO - Filling up the DagBag from /home/airflow/.local/lib/python3.12/site-packages/airflow/example_dags/example_subdag_operator.py
[2024-05-02T23:57:10.863+0000] {processor.py:840} INFO - DAG(s) 'example_subdag_operator.section-1', 'example_subdag_operator.section-2', 'example_subdag_operator' retrieved from /home/airflow/.local/lib/python3.12/site-packages/airflow/example_dags/example_subdag_operator.py
[2024-05-02T23:57:10.894+0000] {logging_mixin.py:188} INFO - [2024-05-02T23:57:10.894+0000] {dag.py:3096} INFO - Sync 3 DAGs
[2024-05-02T23:57:10.923+0000] {logging_mixin.py:188} INFO - [2024-05-02T23:57:10.923+0000] {dag.py:3954} INFO - Setting next_dagrun for example_subdag_operator to 2022-01-01 00:00:00+00:00, run_after=2022-01-01 00:00:00+00:00
[2024-05-02T23:57:10.928+0000] {logging_mixin.py:188} INFO - [2024-05-02T23:57:10.928+0000] {dag.py:3954} INFO - Setting next_dagrun for example_subdag_operator.section-1 to None, run_after=None
[2024-05-02T23:57:10.930+0000] {logging_mixin.py:188} INFO - [2024-05-02T23:57:10.930+0000] {dag.py:3954} INFO - Setting next_dagrun for example_subdag_operator.section-2 to None, run_after=None
[2024-05-02T23:57:10.939+0000] {logging_mixin.py:188} INFO - [2024-05-02T23:57:10.939+0000] {dag.py:3096} INFO - Sync 2 DAGs
[2024-05-02T23:57:10.946+0000] {logging_mixin.py:188} INFO - [2024-05-02T23:57:10.946+0000] {dag.py:3954} INFO - Setting next_dagrun for example_subdag_operator.section-1 to None, run_after=None
[2024-05-02T23:57:10.947+0000] {logging_mixin.py:188} INFO - [2024-05-02T23:57:10.947+0000] {dag.py:3954} INFO - Setting next_dagrun for example_subdag_operator.section-2 to None, run_after=None
[2024-05-02T23:57:10.967+0000] {processor.py:183} INFO - Processing /home/airflow/.local/lib/python3.12/site-packages/airflow/example_dags/example_subdag_operator.py took 0.153 seconds
