[2024-05-02T05:54:25.604+0000] {processor.py:161} INFO - Started process (PID=75) to work on /home/airflow/.local/lib/python3.12/site-packages/airflow/example_dags/example_latest_only.py
[2024-05-02T05:54:25.606+0000] {processor.py:830} INFO - Processing file /home/airflow/.local/lib/python3.12/site-packages/airflow/example_dags/example_latest_only.py for tasks to queue
[2024-05-02T05:54:25.608+0000] {logging_mixin.py:188} INFO - [2024-05-02T05:54:25.608+0000] {dagbag.py:540} INFO - Filling up the DagBag from /home/airflow/.local/lib/python3.12/site-packages/airflow/example_dags/example_latest_only.py
[2024-05-02T05:54:25.630+0000] {processor.py:840} INFO - DAG(s) 'latest_only' retrieved from /home/airflow/.local/lib/python3.12/site-packages/airflow/example_dags/example_latest_only.py
[2024-05-02T05:54:25.916+0000] {logging_mixin.py:188} INFO - [2024-05-02T05:54:25.916+0000] {dag.py:3096} INFO - Sync 1 DAGs
[2024-05-02T05:54:26.006+0000] {logging_mixin.py:188} INFO - [2024-05-02T05:54:26.006+0000] {dag.py:3954} INFO - Setting next_dagrun for latest_only to 2024-05-02 00:00:00+00:00, run_after=2024-05-02 04:00:00+00:00
[2024-05-02T05:54:26.072+0000] {processor.py:183} INFO - Processing /home/airflow/.local/lib/python3.12/site-packages/airflow/example_dags/example_latest_only.py took 0.480 seconds
[2024-05-02T05:54:56.275+0000] {processor.py:161} INFO - Started process (PID=133) to work on /home/airflow/.local/lib/python3.12/site-packages/airflow/example_dags/example_latest_only.py
[2024-05-02T05:54:56.282+0000] {processor.py:830} INFO - Processing file /home/airflow/.local/lib/python3.12/site-packages/airflow/example_dags/example_latest_only.py for tasks to queue
[2024-05-02T05:54:56.289+0000] {logging_mixin.py:188} INFO - [2024-05-02T05:54:56.288+0000] {dagbag.py:540} INFO - Filling up the DagBag from /home/airflow/.local/lib/python3.12/site-packages/airflow/example_dags/example_latest_only.py
[2024-05-02T05:54:56.389+0000] {processor.py:840} INFO - DAG(s) 'latest_only' retrieved from /home/airflow/.local/lib/python3.12/site-packages/airflow/example_dags/example_latest_only.py
[2024-05-02T05:54:56.546+0000] {logging_mixin.py:188} INFO - [2024-05-02T05:54:56.545+0000] {dag.py:3096} INFO - Sync 1 DAGs
[2024-05-02T05:54:56.621+0000] {logging_mixin.py:188} INFO - [2024-05-02T05:54:56.620+0000] {dag.py:3954} INFO - Setting next_dagrun for latest_only to 2024-05-02 00:00:00+00:00, run_after=2024-05-02 04:00:00+00:00
[2024-05-02T05:54:56.665+0000] {processor.py:183} INFO - Processing /home/airflow/.local/lib/python3.12/site-packages/airflow/example_dags/example_latest_only.py took 0.399 seconds
[2024-05-02T05:55:28.367+0000] {processor.py:161} INFO - Started process (PID=191) to work on /home/airflow/.local/lib/python3.12/site-packages/airflow/example_dags/example_latest_only.py
[2024-05-02T05:55:28.385+0000] {processor.py:830} INFO - Processing file /home/airflow/.local/lib/python3.12/site-packages/airflow/example_dags/example_latest_only.py for tasks to queue
[2024-05-02T05:55:28.396+0000] {logging_mixin.py:188} INFO - [2024-05-02T05:55:28.395+0000] {dagbag.py:540} INFO - Filling up the DagBag from /home/airflow/.local/lib/python3.12/site-packages/airflow/example_dags/example_latest_only.py
[2024-05-02T05:55:28.435+0000] {processor.py:840} INFO - DAG(s) 'latest_only' retrieved from /home/airflow/.local/lib/python3.12/site-packages/airflow/example_dags/example_latest_only.py
[2024-05-02T05:55:28.637+0000] {logging_mixin.py:188} INFO - [2024-05-02T05:55:28.624+0000] {dag.py:3096} INFO - Sync 1 DAGs
[2024-05-02T05:55:28.855+0000] {logging_mixin.py:188} INFO - [2024-05-02T05:55:28.854+0000] {dag.py:3954} INFO - Setting next_dagrun for latest_only to 2024-05-02 00:00:00+00:00, run_after=2024-05-02 04:00:00+00:00
[2024-05-02T05:55:29.093+0000] {processor.py:183} INFO - Processing /home/airflow/.local/lib/python3.12/site-packages/airflow/example_dags/example_latest_only.py took 0.763 seconds
[2024-05-02T05:57:07.994+0000] {processor.py:161} INFO - Started process (PID=279) to work on /home/airflow/.local/lib/python3.12/site-packages/airflow/example_dags/example_latest_only.py
[2024-05-02T05:57:08.003+0000] {processor.py:830} INFO - Processing file /home/airflow/.local/lib/python3.12/site-packages/airflow/example_dags/example_latest_only.py for tasks to queue
[2024-05-02T05:57:08.015+0000] {logging_mixin.py:188} INFO - [2024-05-02T05:57:08.014+0000] {dagbag.py:540} INFO - Filling up the DagBag from /home/airflow/.local/lib/python3.12/site-packages/airflow/example_dags/example_latest_only.py
[2024-05-02T05:57:08.084+0000] {processor.py:840} INFO - DAG(s) 'latest_only' retrieved from /home/airflow/.local/lib/python3.12/site-packages/airflow/example_dags/example_latest_only.py
[2024-05-02T05:57:08.432+0000] {logging_mixin.py:188} INFO - [2024-05-02T05:57:08.431+0000] {dag.py:3096} INFO - Sync 1 DAGs
[2024-05-02T05:57:08.631+0000] {logging_mixin.py:188} INFO - [2024-05-02T05:57:08.630+0000] {dag.py:3954} INFO - Setting next_dagrun for latest_only to 2024-05-02 00:00:00+00:00, run_after=2024-05-02 04:00:00+00:00
[2024-05-02T05:57:08.797+0000] {processor.py:183} INFO - Processing /home/airflow/.local/lib/python3.12/site-packages/airflow/example_dags/example_latest_only.py took 0.840 seconds
[2024-05-02T23:42:40.638+0000] {processor.py:161} INFO - Started process (PID=360) to work on /home/airflow/.local/lib/python3.12/site-packages/airflow/example_dags/example_latest_only.py
[2024-05-02T23:42:40.665+0000] {processor.py:830} INFO - Processing file /home/airflow/.local/lib/python3.12/site-packages/airflow/example_dags/example_latest_only.py for tasks to queue
[2024-05-02T23:42:40.719+0000] {logging_mixin.py:188} INFO - [2024-05-02T23:42:40.685+0000] {dagbag.py:540} INFO - Filling up the DagBag from /home/airflow/.local/lib/python3.12/site-packages/airflow/example_dags/example_latest_only.py
[2024-05-02T23:42:40.915+0000] {processor.py:840} INFO - DAG(s) 'latest_only' retrieved from /home/airflow/.local/lib/python3.12/site-packages/airflow/example_dags/example_latest_only.py
[2024-05-02T23:42:41.188+0000] {logging_mixin.py:188} INFO - [2024-05-02T23:42:41.188+0000] {dag.py:3096} INFO - Sync 1 DAGs
[2024-05-02T23:42:41.493+0000] {logging_mixin.py:188} INFO - [2024-05-02T23:42:41.491+0000] {dag.py:3954} INFO - Setting next_dagrun for latest_only to 2024-05-02 16:00:00+00:00, run_after=2024-05-02 20:00:00+00:00
[2024-05-02T23:42:42.169+0000] {processor.py:183} INFO - Processing /home/airflow/.local/lib/python3.12/site-packages/airflow/example_dags/example_latest_only.py took 2.153 seconds
[2024-05-02T23:43:13.527+0000] {processor.py:161} INFO - Started process (PID=425) to work on /home/airflow/.local/lib/python3.12/site-packages/airflow/example_dags/example_latest_only.py
[2024-05-02T23:43:13.537+0000] {processor.py:830} INFO - Processing file /home/airflow/.local/lib/python3.12/site-packages/airflow/example_dags/example_latest_only.py for tasks to queue
[2024-05-02T23:43:13.558+0000] {logging_mixin.py:188} INFO - [2024-05-02T23:43:13.557+0000] {dagbag.py:540} INFO - Filling up the DagBag from /home/airflow/.local/lib/python3.12/site-packages/airflow/example_dags/example_latest_only.py
[2024-05-02T23:43:13.609+0000] {processor.py:840} INFO - DAG(s) 'latest_only' retrieved from /home/airflow/.local/lib/python3.12/site-packages/airflow/example_dags/example_latest_only.py
[2024-05-02T23:43:13.630+0000] {logging_mixin.py:188} INFO - [2024-05-02T23:43:13.629+0000] {dag.py:3096} INFO - Sync 1 DAGs
[2024-05-02T23:43:14.054+0000] {logging_mixin.py:188} INFO - [2024-05-02T23:43:14.054+0000] {dag.py:3954} INFO - Setting next_dagrun for latest_only to 2024-05-02 16:00:00+00:00, run_after=2024-05-02 20:00:00+00:00
[2024-05-02T23:43:14.458+0000] {processor.py:183} INFO - Processing /home/airflow/.local/lib/python3.12/site-packages/airflow/example_dags/example_latest_only.py took 0.973 seconds
[2024-05-02T23:44:22.598+0000] {processor.py:161} INFO - Started process (PID=484) to work on /home/airflow/.local/lib/python3.12/site-packages/airflow/example_dags/example_latest_only.py
[2024-05-02T23:44:22.600+0000] {processor.py:830} INFO - Processing file /home/airflow/.local/lib/python3.12/site-packages/airflow/example_dags/example_latest_only.py for tasks to queue
[2024-05-02T23:44:22.602+0000] {logging_mixin.py:188} INFO - [2024-05-02T23:44:22.601+0000] {dagbag.py:540} INFO - Filling up the DagBag from /home/airflow/.local/lib/python3.12/site-packages/airflow/example_dags/example_latest_only.py
[2024-05-02T23:44:22.612+0000] {processor.py:840} INFO - DAG(s) 'latest_only' retrieved from /home/airflow/.local/lib/python3.12/site-packages/airflow/example_dags/example_latest_only.py
[2024-05-02T23:44:22.818+0000] {logging_mixin.py:188} INFO - [2024-05-02T23:44:22.818+0000] {dag.py:3096} INFO - Sync 1 DAGs
[2024-05-02T23:44:22.859+0000] {logging_mixin.py:188} INFO - [2024-05-02T23:44:22.859+0000] {dag.py:3954} INFO - Setting next_dagrun for latest_only to 2024-05-02 16:00:00+00:00, run_after=2024-05-02 20:00:00+00:00
[2024-05-02T23:44:22.903+0000] {processor.py:183} INFO - Processing /home/airflow/.local/lib/python3.12/site-packages/airflow/example_dags/example_latest_only.py took 0.316 seconds
[2024-05-02T23:44:53.137+0000] {processor.py:161} INFO - Started process (PID=542) to work on /home/airflow/.local/lib/python3.12/site-packages/airflow/example_dags/example_latest_only.py
[2024-05-02T23:44:53.142+0000] {processor.py:830} INFO - Processing file /home/airflow/.local/lib/python3.12/site-packages/airflow/example_dags/example_latest_only.py for tasks to queue
[2024-05-02T23:44:53.144+0000] {logging_mixin.py:188} INFO - [2024-05-02T23:44:53.143+0000] {dagbag.py:540} INFO - Filling up the DagBag from /home/airflow/.local/lib/python3.12/site-packages/airflow/example_dags/example_latest_only.py
[2024-05-02T23:44:53.152+0000] {processor.py:840} INFO - DAG(s) 'latest_only' retrieved from /home/airflow/.local/lib/python3.12/site-packages/airflow/example_dags/example_latest_only.py
[2024-05-02T23:44:53.181+0000] {logging_mixin.py:188} INFO - [2024-05-02T23:44:53.180+0000] {dag.py:3096} INFO - Sync 1 DAGs
[2024-05-02T23:44:53.217+0000] {logging_mixin.py:188} INFO - [2024-05-02T23:44:53.217+0000] {dag.py:3954} INFO - Setting next_dagrun for latest_only to 2024-05-02 16:00:00+00:00, run_after=2024-05-02 20:00:00+00:00
[2024-05-02T23:44:53.246+0000] {processor.py:183} INFO - Processing /home/airflow/.local/lib/python3.12/site-packages/airflow/example_dags/example_latest_only.py took 0.120 seconds
[2024-05-02T23:45:26.565+0000] {processor.py:161} INFO - Started process (PID=606) to work on /home/airflow/.local/lib/python3.12/site-packages/airflow/example_dags/example_latest_only.py
[2024-05-02T23:45:26.567+0000] {processor.py:830} INFO - Processing file /home/airflow/.local/lib/python3.12/site-packages/airflow/example_dags/example_latest_only.py for tasks to queue
[2024-05-02T23:45:26.571+0000] {logging_mixin.py:188} INFO - [2024-05-02T23:45:26.570+0000] {dagbag.py:540} INFO - Filling up the DagBag from /home/airflow/.local/lib/python3.12/site-packages/airflow/example_dags/example_latest_only.py
[2024-05-02T23:45:26.583+0000] {processor.py:840} INFO - DAG(s) 'latest_only' retrieved from /home/airflow/.local/lib/python3.12/site-packages/airflow/example_dags/example_latest_only.py
[2024-05-02T23:45:26.650+0000] {logging_mixin.py:188} INFO - [2024-05-02T23:45:26.650+0000] {dag.py:3096} INFO - Sync 1 DAGs
[2024-05-02T23:45:26.717+0000] {logging_mixin.py:188} INFO - [2024-05-02T23:45:26.716+0000] {dag.py:3954} INFO - Setting next_dagrun for latest_only to 2024-05-02 16:00:00+00:00, run_after=2024-05-02 20:00:00+00:00
[2024-05-02T23:45:26.774+0000] {processor.py:183} INFO - Processing /home/airflow/.local/lib/python3.12/site-packages/airflow/example_dags/example_latest_only.py took 0.228 seconds
[2024-05-02T23:45:57.515+0000] {processor.py:161} INFO - Started process (PID=664) to work on /home/airflow/.local/lib/python3.12/site-packages/airflow/example_dags/example_latest_only.py
[2024-05-02T23:45:57.516+0000] {processor.py:830} INFO - Processing file /home/airflow/.local/lib/python3.12/site-packages/airflow/example_dags/example_latest_only.py for tasks to queue
[2024-05-02T23:45:57.518+0000] {logging_mixin.py:188} INFO - [2024-05-02T23:45:57.517+0000] {dagbag.py:540} INFO - Filling up the DagBag from /home/airflow/.local/lib/python3.12/site-packages/airflow/example_dags/example_latest_only.py
[2024-05-02T23:45:57.527+0000] {processor.py:840} INFO - DAG(s) 'latest_only' retrieved from /home/airflow/.local/lib/python3.12/site-packages/airflow/example_dags/example_latest_only.py
[2024-05-02T23:45:57.553+0000] {logging_mixin.py:188} INFO - [2024-05-02T23:45:57.552+0000] {dag.py:3096} INFO - Sync 1 DAGs
[2024-05-02T23:45:57.613+0000] {logging_mixin.py:188} INFO - [2024-05-02T23:45:57.612+0000] {dag.py:3954} INFO - Setting next_dagrun for latest_only to 2024-05-02 16:00:00+00:00, run_after=2024-05-02 20:00:00+00:00
[2024-05-02T23:45:57.646+0000] {processor.py:183} INFO - Processing /home/airflow/.local/lib/python3.12/site-packages/airflow/example_dags/example_latest_only.py took 0.138 seconds
[2024-05-02T23:46:27.764+0000] {processor.py:161} INFO - Started process (PID=722) to work on /home/airflow/.local/lib/python3.12/site-packages/airflow/example_dags/example_latest_only.py
[2024-05-02T23:46:27.765+0000] {processor.py:830} INFO - Processing file /home/airflow/.local/lib/python3.12/site-packages/airflow/example_dags/example_latest_only.py for tasks to queue
[2024-05-02T23:46:27.767+0000] {logging_mixin.py:188} INFO - [2024-05-02T23:46:27.767+0000] {dagbag.py:540} INFO - Filling up the DagBag from /home/airflow/.local/lib/python3.12/site-packages/airflow/example_dags/example_latest_only.py
[2024-05-02T23:46:27.775+0000] {processor.py:840} INFO - DAG(s) 'latest_only' retrieved from /home/airflow/.local/lib/python3.12/site-packages/airflow/example_dags/example_latest_only.py
[2024-05-02T23:46:27.798+0000] {logging_mixin.py:188} INFO - [2024-05-02T23:46:27.797+0000] {dag.py:3096} INFO - Sync 1 DAGs
[2024-05-02T23:46:27.825+0000] {logging_mixin.py:188} INFO - [2024-05-02T23:46:27.825+0000] {dag.py:3954} INFO - Setting next_dagrun for latest_only to 2024-05-02 16:00:00+00:00, run_after=2024-05-02 20:00:00+00:00
[2024-05-02T23:46:27.850+0000] {processor.py:183} INFO - Processing /home/airflow/.local/lib/python3.12/site-packages/airflow/example_dags/example_latest_only.py took 0.092 seconds
[2024-05-02T23:46:57.938+0000] {processor.py:161} INFO - Started process (PID=780) to work on /home/airflow/.local/lib/python3.12/site-packages/airflow/example_dags/example_latest_only.py
[2024-05-02T23:46:57.939+0000] {processor.py:830} INFO - Processing file /home/airflow/.local/lib/python3.12/site-packages/airflow/example_dags/example_latest_only.py for tasks to queue
[2024-05-02T23:46:57.940+0000] {logging_mixin.py:188} INFO - [2024-05-02T23:46:57.940+0000] {dagbag.py:540} INFO - Filling up the DagBag from /home/airflow/.local/lib/python3.12/site-packages/airflow/example_dags/example_latest_only.py
[2024-05-02T23:46:57.947+0000] {processor.py:840} INFO - DAG(s) 'latest_only' retrieved from /home/airflow/.local/lib/python3.12/site-packages/airflow/example_dags/example_latest_only.py
[2024-05-02T23:46:57.970+0000] {logging_mixin.py:188} INFO - [2024-05-02T23:46:57.970+0000] {dag.py:3096} INFO - Sync 1 DAGs
[2024-05-02T23:46:57.997+0000] {logging_mixin.py:188} INFO - [2024-05-02T23:46:57.997+0000] {dag.py:3954} INFO - Setting next_dagrun for latest_only to 2024-05-02 16:00:00+00:00, run_after=2024-05-02 20:00:00+00:00
[2024-05-02T23:46:58.032+0000] {processor.py:183} INFO - Processing /home/airflow/.local/lib/python3.12/site-packages/airflow/example_dags/example_latest_only.py took 0.101 seconds
[2024-05-02T23:47:28.403+0000] {processor.py:161} INFO - Started process (PID=838) to work on /home/airflow/.local/lib/python3.12/site-packages/airflow/example_dags/example_latest_only.py
[2024-05-02T23:47:28.404+0000] {processor.py:830} INFO - Processing file /home/airflow/.local/lib/python3.12/site-packages/airflow/example_dags/example_latest_only.py for tasks to queue
[2024-05-02T23:47:28.405+0000] {logging_mixin.py:188} INFO - [2024-05-02T23:47:28.405+0000] {dagbag.py:540} INFO - Filling up the DagBag from /home/airflow/.local/lib/python3.12/site-packages/airflow/example_dags/example_latest_only.py
[2024-05-02T23:47:28.421+0000] {processor.py:840} INFO - DAG(s) 'latest_only' retrieved from /home/airflow/.local/lib/python3.12/site-packages/airflow/example_dags/example_latest_only.py
[2024-05-02T23:47:28.459+0000] {logging_mixin.py:188} INFO - [2024-05-02T23:47:28.459+0000] {dag.py:3096} INFO - Sync 1 DAGs
[2024-05-02T23:47:28.489+0000] {logging_mixin.py:188} INFO - [2024-05-02T23:47:28.488+0000] {dag.py:3954} INFO - Setting next_dagrun for latest_only to 2024-05-02 16:00:00+00:00, run_after=2024-05-02 20:00:00+00:00
[2024-05-02T23:47:28.521+0000] {processor.py:183} INFO - Processing /home/airflow/.local/lib/python3.12/site-packages/airflow/example_dags/example_latest_only.py took 0.125 seconds
[2024-05-02T23:47:58.812+0000] {processor.py:161} INFO - Started process (PID=896) to work on /home/airflow/.local/lib/python3.12/site-packages/airflow/example_dags/example_latest_only.py
[2024-05-02T23:47:58.813+0000] {processor.py:830} INFO - Processing file /home/airflow/.local/lib/python3.12/site-packages/airflow/example_dags/example_latest_only.py for tasks to queue
[2024-05-02T23:47:58.814+0000] {logging_mixin.py:188} INFO - [2024-05-02T23:47:58.814+0000] {dagbag.py:540} INFO - Filling up the DagBag from /home/airflow/.local/lib/python3.12/site-packages/airflow/example_dags/example_latest_only.py
[2024-05-02T23:47:58.820+0000] {processor.py:840} INFO - DAG(s) 'latest_only' retrieved from /home/airflow/.local/lib/python3.12/site-packages/airflow/example_dags/example_latest_only.py
[2024-05-02T23:47:58.843+0000] {logging_mixin.py:188} INFO - [2024-05-02T23:47:58.843+0000] {dag.py:3096} INFO - Sync 1 DAGs
[2024-05-02T23:47:58.870+0000] {logging_mixin.py:188} INFO - [2024-05-02T23:47:58.870+0000] {dag.py:3954} INFO - Setting next_dagrun for latest_only to 2024-05-02 16:00:00+00:00, run_after=2024-05-02 20:00:00+00:00
[2024-05-02T23:47:58.894+0000] {processor.py:183} INFO - Processing /home/airflow/.local/lib/python3.12/site-packages/airflow/example_dags/example_latest_only.py took 0.090 seconds
[2024-05-02T23:48:29.156+0000] {processor.py:161} INFO - Started process (PID=954) to work on /home/airflow/.local/lib/python3.12/site-packages/airflow/example_dags/example_latest_only.py
[2024-05-02T23:48:29.158+0000] {processor.py:830} INFO - Processing file /home/airflow/.local/lib/python3.12/site-packages/airflow/example_dags/example_latest_only.py for tasks to queue
[2024-05-02T23:48:29.159+0000] {logging_mixin.py:188} INFO - [2024-05-02T23:48:29.158+0000] {dagbag.py:540} INFO - Filling up the DagBag from /home/airflow/.local/lib/python3.12/site-packages/airflow/example_dags/example_latest_only.py
[2024-05-02T23:48:29.165+0000] {processor.py:840} INFO - DAG(s) 'latest_only' retrieved from /home/airflow/.local/lib/python3.12/site-packages/airflow/example_dags/example_latest_only.py
[2024-05-02T23:48:29.187+0000] {logging_mixin.py:188} INFO - [2024-05-02T23:48:29.187+0000] {dag.py:3096} INFO - Sync 1 DAGs
[2024-05-02T23:48:29.214+0000] {logging_mixin.py:188} INFO - [2024-05-02T23:48:29.214+0000] {dag.py:3954} INFO - Setting next_dagrun for latest_only to 2024-05-02 16:00:00+00:00, run_after=2024-05-02 20:00:00+00:00
[2024-05-02T23:48:29.242+0000] {processor.py:183} INFO - Processing /home/airflow/.local/lib/python3.12/site-packages/airflow/example_dags/example_latest_only.py took 0.094 seconds
[2024-05-02T23:48:59.583+0000] {processor.py:161} INFO - Started process (PID=1012) to work on /home/airflow/.local/lib/python3.12/site-packages/airflow/example_dags/example_latest_only.py
[2024-05-02T23:48:59.584+0000] {processor.py:830} INFO - Processing file /home/airflow/.local/lib/python3.12/site-packages/airflow/example_dags/example_latest_only.py for tasks to queue
[2024-05-02T23:48:59.586+0000] {logging_mixin.py:188} INFO - [2024-05-02T23:48:59.585+0000] {dagbag.py:540} INFO - Filling up the DagBag from /home/airflow/.local/lib/python3.12/site-packages/airflow/example_dags/example_latest_only.py
[2024-05-02T23:48:59.592+0000] {processor.py:840} INFO - DAG(s) 'latest_only' retrieved from /home/airflow/.local/lib/python3.12/site-packages/airflow/example_dags/example_latest_only.py
[2024-05-02T23:48:59.619+0000] {logging_mixin.py:188} INFO - [2024-05-02T23:48:59.619+0000] {dag.py:3096} INFO - Sync 1 DAGs
[2024-05-02T23:48:59.646+0000] {logging_mixin.py:188} INFO - [2024-05-02T23:48:59.646+0000] {dag.py:3954} INFO - Setting next_dagrun for latest_only to 2024-05-02 16:00:00+00:00, run_after=2024-05-02 20:00:00+00:00
[2024-05-02T23:48:59.670+0000] {processor.py:183} INFO - Processing /home/airflow/.local/lib/python3.12/site-packages/airflow/example_dags/example_latest_only.py took 0.095 seconds
[2024-05-02T23:49:31.401+0000] {processor.py:161} INFO - Started process (PID=1069) to work on /home/airflow/.local/lib/python3.12/site-packages/airflow/example_dags/example_latest_only.py
[2024-05-02T23:49:31.403+0000] {processor.py:830} INFO - Processing file /home/airflow/.local/lib/python3.12/site-packages/airflow/example_dags/example_latest_only.py for tasks to queue
[2024-05-02T23:49:31.404+0000] {logging_mixin.py:188} INFO - [2024-05-02T23:49:31.403+0000] {dagbag.py:540} INFO - Filling up the DagBag from /home/airflow/.local/lib/python3.12/site-packages/airflow/example_dags/example_latest_only.py
[2024-05-02T23:49:31.411+0000] {processor.py:840} INFO - DAG(s) 'latest_only' retrieved from /home/airflow/.local/lib/python3.12/site-packages/airflow/example_dags/example_latest_only.py
[2024-05-02T23:49:31.436+0000] {logging_mixin.py:188} INFO - [2024-05-02T23:49:31.435+0000] {dag.py:3096} INFO - Sync 1 DAGs
[2024-05-02T23:49:31.647+0000] {logging_mixin.py:188} INFO - [2024-05-02T23:49:31.647+0000] {dag.py:3954} INFO - Setting next_dagrun for latest_only to 2024-05-02 16:00:00+00:00, run_after=2024-05-02 20:00:00+00:00
[2024-05-02T23:49:31.677+0000] {processor.py:183} INFO - Processing /home/airflow/.local/lib/python3.12/site-packages/airflow/example_dags/example_latest_only.py took 0.285 seconds
[2024-05-02T23:50:02.483+0000] {processor.py:161} INFO - Started process (PID=1127) to work on /home/airflow/.local/lib/python3.12/site-packages/airflow/example_dags/example_latest_only.py
[2024-05-02T23:50:02.485+0000] {processor.py:830} INFO - Processing file /home/airflow/.local/lib/python3.12/site-packages/airflow/example_dags/example_latest_only.py for tasks to queue
[2024-05-02T23:50:02.487+0000] {logging_mixin.py:188} INFO - [2024-05-02T23:50:02.486+0000] {dagbag.py:540} INFO - Filling up the DagBag from /home/airflow/.local/lib/python3.12/site-packages/airflow/example_dags/example_latest_only.py
[2024-05-02T23:50:02.494+0000] {processor.py:840} INFO - DAG(s) 'latest_only' retrieved from /home/airflow/.local/lib/python3.12/site-packages/airflow/example_dags/example_latest_only.py
[2024-05-02T23:50:02.525+0000] {logging_mixin.py:188} INFO - [2024-05-02T23:50:02.524+0000] {dag.py:3096} INFO - Sync 1 DAGs
[2024-05-02T23:50:02.599+0000] {logging_mixin.py:188} INFO - [2024-05-02T23:50:02.599+0000] {dag.py:3954} INFO - Setting next_dagrun for latest_only to 2024-05-02 16:00:00+00:00, run_after=2024-05-02 20:00:00+00:00
[2024-05-02T23:50:02.632+0000] {processor.py:183} INFO - Processing /home/airflow/.local/lib/python3.12/site-packages/airflow/example_dags/example_latest_only.py took 0.159 seconds
[2024-05-02T23:50:32.717+0000] {processor.py:161} INFO - Started process (PID=1185) to work on /home/airflow/.local/lib/python3.12/site-packages/airflow/example_dags/example_latest_only.py
[2024-05-02T23:50:32.718+0000] {processor.py:830} INFO - Processing file /home/airflow/.local/lib/python3.12/site-packages/airflow/example_dags/example_latest_only.py for tasks to queue
[2024-05-02T23:50:32.719+0000] {logging_mixin.py:188} INFO - [2024-05-02T23:50:32.719+0000] {dagbag.py:540} INFO - Filling up the DagBag from /home/airflow/.local/lib/python3.12/site-packages/airflow/example_dags/example_latest_only.py
[2024-05-02T23:50:32.727+0000] {processor.py:840} INFO - DAG(s) 'latest_only' retrieved from /home/airflow/.local/lib/python3.12/site-packages/airflow/example_dags/example_latest_only.py
[2024-05-02T23:50:32.753+0000] {logging_mixin.py:188} INFO - [2024-05-02T23:50:32.753+0000] {dag.py:3096} INFO - Sync 1 DAGs
[2024-05-02T23:50:32.782+0000] {logging_mixin.py:188} INFO - [2024-05-02T23:50:32.782+0000] {dag.py:3954} INFO - Setting next_dagrun for latest_only to 2024-05-02 16:00:00+00:00, run_after=2024-05-02 20:00:00+00:00
[2024-05-02T23:50:32.816+0000] {processor.py:183} INFO - Processing /home/airflow/.local/lib/python3.12/site-packages/airflow/example_dags/example_latest_only.py took 0.107 seconds
[2024-05-02T23:51:03.138+0000] {processor.py:161} INFO - Started process (PID=1243) to work on /home/airflow/.local/lib/python3.12/site-packages/airflow/example_dags/example_latest_only.py
[2024-05-02T23:51:03.140+0000] {processor.py:830} INFO - Processing file /home/airflow/.local/lib/python3.12/site-packages/airflow/example_dags/example_latest_only.py for tasks to queue
[2024-05-02T23:51:03.142+0000] {logging_mixin.py:188} INFO - [2024-05-02T23:51:03.141+0000] {dagbag.py:540} INFO - Filling up the DagBag from /home/airflow/.local/lib/python3.12/site-packages/airflow/example_dags/example_latest_only.py
[2024-05-02T23:51:03.152+0000] {processor.py:840} INFO - DAG(s) 'latest_only' retrieved from /home/airflow/.local/lib/python3.12/site-packages/airflow/example_dags/example_latest_only.py
[2024-05-02T23:51:03.179+0000] {logging_mixin.py:188} INFO - [2024-05-02T23:51:03.179+0000] {dag.py:3096} INFO - Sync 1 DAGs
[2024-05-02T23:51:03.212+0000] {logging_mixin.py:188} INFO - [2024-05-02T23:51:03.211+0000] {dag.py:3954} INFO - Setting next_dagrun for latest_only to 2024-05-02 16:00:00+00:00, run_after=2024-05-02 20:00:00+00:00
[2024-05-02T23:51:03.240+0000] {processor.py:183} INFO - Processing /home/airflow/.local/lib/python3.12/site-packages/airflow/example_dags/example_latest_only.py took 0.111 seconds
[2024-05-02T23:51:33.345+0000] {processor.py:161} INFO - Started process (PID=1301) to work on /home/airflow/.local/lib/python3.12/site-packages/airflow/example_dags/example_latest_only.py
[2024-05-02T23:51:33.346+0000] {processor.py:830} INFO - Processing file /home/airflow/.local/lib/python3.12/site-packages/airflow/example_dags/example_latest_only.py for tasks to queue
[2024-05-02T23:51:33.347+0000] {logging_mixin.py:188} INFO - [2024-05-02T23:51:33.347+0000] {dagbag.py:540} INFO - Filling up the DagBag from /home/airflow/.local/lib/python3.12/site-packages/airflow/example_dags/example_latest_only.py
[2024-05-02T23:51:33.354+0000] {processor.py:840} INFO - DAG(s) 'latest_only' retrieved from /home/airflow/.local/lib/python3.12/site-packages/airflow/example_dags/example_latest_only.py
[2024-05-02T23:51:33.378+0000] {logging_mixin.py:188} INFO - [2024-05-02T23:51:33.377+0000] {dag.py:3096} INFO - Sync 1 DAGs
[2024-05-02T23:51:33.404+0000] {logging_mixin.py:188} INFO - [2024-05-02T23:51:33.404+0000] {dag.py:3954} INFO - Setting next_dagrun for latest_only to 2024-05-02 16:00:00+00:00, run_after=2024-05-02 20:00:00+00:00
[2024-05-02T23:51:33.428+0000] {processor.py:183} INFO - Processing /home/airflow/.local/lib/python3.12/site-packages/airflow/example_dags/example_latest_only.py took 0.090 seconds
[2024-05-02T23:52:03.620+0000] {processor.py:161} INFO - Started process (PID=1359) to work on /home/airflow/.local/lib/python3.12/site-packages/airflow/example_dags/example_latest_only.py
[2024-05-02T23:52:03.622+0000] {processor.py:830} INFO - Processing file /home/airflow/.local/lib/python3.12/site-packages/airflow/example_dags/example_latest_only.py for tasks to queue
[2024-05-02T23:52:03.624+0000] {logging_mixin.py:188} INFO - [2024-05-02T23:52:03.623+0000] {dagbag.py:540} INFO - Filling up the DagBag from /home/airflow/.local/lib/python3.12/site-packages/airflow/example_dags/example_latest_only.py
[2024-05-02T23:52:03.632+0000] {processor.py:840} INFO - DAG(s) 'latest_only' retrieved from /home/airflow/.local/lib/python3.12/site-packages/airflow/example_dags/example_latest_only.py
[2024-05-02T23:52:03.661+0000] {logging_mixin.py:188} INFO - [2024-05-02T23:52:03.661+0000] {dag.py:3096} INFO - Sync 1 DAGs
[2024-05-02T23:52:03.698+0000] {logging_mixin.py:188} INFO - [2024-05-02T23:52:03.698+0000] {dag.py:3954} INFO - Setting next_dagrun for latest_only to 2024-05-02 16:00:00+00:00, run_after=2024-05-02 20:00:00+00:00
[2024-05-02T23:52:03.728+0000] {processor.py:183} INFO - Processing /home/airflow/.local/lib/python3.12/site-packages/airflow/example_dags/example_latest_only.py took 0.117 seconds
[2024-05-02T23:52:34.096+0000] {processor.py:161} INFO - Started process (PID=1418) to work on /home/airflow/.local/lib/python3.12/site-packages/airflow/example_dags/example_latest_only.py
[2024-05-02T23:52:34.097+0000] {processor.py:830} INFO - Processing file /home/airflow/.local/lib/python3.12/site-packages/airflow/example_dags/example_latest_only.py for tasks to queue
[2024-05-02T23:52:34.099+0000] {logging_mixin.py:188} INFO - [2024-05-02T23:52:34.098+0000] {dagbag.py:540} INFO - Filling up the DagBag from /home/airflow/.local/lib/python3.12/site-packages/airflow/example_dags/example_latest_only.py
[2024-05-02T23:52:34.107+0000] {processor.py:840} INFO - DAG(s) 'latest_only' retrieved from /home/airflow/.local/lib/python3.12/site-packages/airflow/example_dags/example_latest_only.py
[2024-05-02T23:52:34.135+0000] {logging_mixin.py:188} INFO - [2024-05-02T23:52:34.134+0000] {dag.py:3096} INFO - Sync 1 DAGs
[2024-05-02T23:52:34.167+0000] {logging_mixin.py:188} INFO - [2024-05-02T23:52:34.167+0000] {dag.py:3954} INFO - Setting next_dagrun for latest_only to 2024-05-02 16:00:00+00:00, run_after=2024-05-02 20:00:00+00:00
[2024-05-02T23:52:34.195+0000] {processor.py:183} INFO - Processing /home/airflow/.local/lib/python3.12/site-packages/airflow/example_dags/example_latest_only.py took 0.108 seconds
[2024-05-02T23:53:04.260+0000] {processor.py:161} INFO - Started process (PID=1476) to work on /home/airflow/.local/lib/python3.12/site-packages/airflow/example_dags/example_latest_only.py
[2024-05-02T23:53:04.261+0000] {processor.py:830} INFO - Processing file /home/airflow/.local/lib/python3.12/site-packages/airflow/example_dags/example_latest_only.py for tasks to queue
[2024-05-02T23:53:04.263+0000] {logging_mixin.py:188} INFO - [2024-05-02T23:53:04.262+0000] {dagbag.py:540} INFO - Filling up the DagBag from /home/airflow/.local/lib/python3.12/site-packages/airflow/example_dags/example_latest_only.py
[2024-05-02T23:53:04.269+0000] {processor.py:840} INFO - DAG(s) 'latest_only' retrieved from /home/airflow/.local/lib/python3.12/site-packages/airflow/example_dags/example_latest_only.py
[2024-05-02T23:53:04.295+0000] {logging_mixin.py:188} INFO - [2024-05-02T23:53:04.295+0000] {dag.py:3096} INFO - Sync 1 DAGs
[2024-05-02T23:53:04.323+0000] {logging_mixin.py:188} INFO - [2024-05-02T23:53:04.323+0000] {dag.py:3954} INFO - Setting next_dagrun for latest_only to 2024-05-02 16:00:00+00:00, run_after=2024-05-02 20:00:00+00:00
[2024-05-02T23:53:04.347+0000] {processor.py:183} INFO - Processing /home/airflow/.local/lib/python3.12/site-packages/airflow/example_dags/example_latest_only.py took 0.094 seconds
[2024-05-02T23:53:35.179+0000] {processor.py:161} INFO - Started process (PID=1534) to work on /home/airflow/.local/lib/python3.12/site-packages/airflow/example_dags/example_latest_only.py
[2024-05-02T23:53:35.180+0000] {processor.py:830} INFO - Processing file /home/airflow/.local/lib/python3.12/site-packages/airflow/example_dags/example_latest_only.py for tasks to queue
[2024-05-02T23:53:35.182+0000] {logging_mixin.py:188} INFO - [2024-05-02T23:53:35.181+0000] {dagbag.py:540} INFO - Filling up the DagBag from /home/airflow/.local/lib/python3.12/site-packages/airflow/example_dags/example_latest_only.py
[2024-05-02T23:53:35.188+0000] {processor.py:840} INFO - DAG(s) 'latest_only' retrieved from /home/airflow/.local/lib/python3.12/site-packages/airflow/example_dags/example_latest_only.py
[2024-05-02T23:53:35.218+0000] {logging_mixin.py:188} INFO - [2024-05-02T23:53:35.217+0000] {dag.py:3096} INFO - Sync 1 DAGs
[2024-05-02T23:53:35.252+0000] {logging_mixin.py:188} INFO - [2024-05-02T23:53:35.252+0000] {dag.py:3954} INFO - Setting next_dagrun for latest_only to 2024-05-02 16:00:00+00:00, run_after=2024-05-02 20:00:00+00:00
[2024-05-02T23:53:35.275+0000] {processor.py:183} INFO - Processing /home/airflow/.local/lib/python3.12/site-packages/airflow/example_dags/example_latest_only.py took 0.104 seconds
[2024-05-02T23:54:05.811+0000] {processor.py:161} INFO - Started process (PID=1592) to work on /home/airflow/.local/lib/python3.12/site-packages/airflow/example_dags/example_latest_only.py
[2024-05-02T23:54:05.812+0000] {processor.py:830} INFO - Processing file /home/airflow/.local/lib/python3.12/site-packages/airflow/example_dags/example_latest_only.py for tasks to queue
[2024-05-02T23:54:05.814+0000] {logging_mixin.py:188} INFO - [2024-05-02T23:54:05.813+0000] {dagbag.py:540} INFO - Filling up the DagBag from /home/airflow/.local/lib/python3.12/site-packages/airflow/example_dags/example_latest_only.py
[2024-05-02T23:54:05.822+0000] {processor.py:840} INFO - DAG(s) 'latest_only' retrieved from /home/airflow/.local/lib/python3.12/site-packages/airflow/example_dags/example_latest_only.py
[2024-05-02T23:54:05.852+0000] {logging_mixin.py:188} INFO - [2024-05-02T23:54:05.852+0000] {dag.py:3096} INFO - Sync 1 DAGs
[2024-05-02T23:54:05.891+0000] {logging_mixin.py:188} INFO - [2024-05-02T23:54:05.891+0000] {dag.py:3954} INFO - Setting next_dagrun for latest_only to 2024-05-02 16:00:00+00:00, run_after=2024-05-02 20:00:00+00:00
[2024-05-02T23:54:05.916+0000] {processor.py:183} INFO - Processing /home/airflow/.local/lib/python3.12/site-packages/airflow/example_dags/example_latest_only.py took 0.113 seconds
[2024-05-02T23:54:36.396+0000] {processor.py:161} INFO - Started process (PID=1650) to work on /home/airflow/.local/lib/python3.12/site-packages/airflow/example_dags/example_latest_only.py
[2024-05-02T23:54:36.397+0000] {processor.py:830} INFO - Processing file /home/airflow/.local/lib/python3.12/site-packages/airflow/example_dags/example_latest_only.py for tasks to queue
[2024-05-02T23:54:36.398+0000] {logging_mixin.py:188} INFO - [2024-05-02T23:54:36.398+0000] {dagbag.py:540} INFO - Filling up the DagBag from /home/airflow/.local/lib/python3.12/site-packages/airflow/example_dags/example_latest_only.py
[2024-05-02T23:54:36.405+0000] {processor.py:840} INFO - DAG(s) 'latest_only' retrieved from /home/airflow/.local/lib/python3.12/site-packages/airflow/example_dags/example_latest_only.py
[2024-05-02T23:54:36.433+0000] {logging_mixin.py:188} INFO - [2024-05-02T23:54:36.433+0000] {dag.py:3096} INFO - Sync 1 DAGs
[2024-05-02T23:54:36.467+0000] {logging_mixin.py:188} INFO - [2024-05-02T23:54:36.467+0000] {dag.py:3954} INFO - Setting next_dagrun for latest_only to 2024-05-02 16:00:00+00:00, run_after=2024-05-02 20:00:00+00:00
[2024-05-02T23:54:36.491+0000] {processor.py:183} INFO - Processing /home/airflow/.local/lib/python3.12/site-packages/airflow/example_dags/example_latest_only.py took 0.102 seconds
[2024-05-02T23:55:07.019+0000] {processor.py:161} INFO - Started process (PID=1708) to work on /home/airflow/.local/lib/python3.12/site-packages/airflow/example_dags/example_latest_only.py
[2024-05-02T23:55:07.021+0000] {processor.py:830} INFO - Processing file /home/airflow/.local/lib/python3.12/site-packages/airflow/example_dags/example_latest_only.py for tasks to queue
[2024-05-02T23:55:07.022+0000] {logging_mixin.py:188} INFO - [2024-05-02T23:55:07.022+0000] {dagbag.py:540} INFO - Filling up the DagBag from /home/airflow/.local/lib/python3.12/site-packages/airflow/example_dags/example_latest_only.py
[2024-05-02T23:55:07.030+0000] {processor.py:840} INFO - DAG(s) 'latest_only' retrieved from /home/airflow/.local/lib/python3.12/site-packages/airflow/example_dags/example_latest_only.py
[2024-05-02T23:55:07.057+0000] {logging_mixin.py:188} INFO - [2024-05-02T23:55:07.057+0000] {dag.py:3096} INFO - Sync 1 DAGs
[2024-05-02T23:55:07.093+0000] {logging_mixin.py:188} INFO - [2024-05-02T23:55:07.093+0000] {dag.py:3954} INFO - Setting next_dagrun for latest_only to 2024-05-02 16:00:00+00:00, run_after=2024-05-02 20:00:00+00:00
[2024-05-02T23:55:07.117+0000] {processor.py:183} INFO - Processing /home/airflow/.local/lib/python3.12/site-packages/airflow/example_dags/example_latest_only.py took 0.106 seconds
[2024-05-02T23:55:37.259+0000] {processor.py:161} INFO - Started process (PID=1765) to work on /home/airflow/.local/lib/python3.12/site-packages/airflow/example_dags/example_latest_only.py
[2024-05-02T23:55:37.260+0000] {processor.py:830} INFO - Processing file /home/airflow/.local/lib/python3.12/site-packages/airflow/example_dags/example_latest_only.py for tasks to queue
[2024-05-02T23:55:37.263+0000] {logging_mixin.py:188} INFO - [2024-05-02T23:55:37.262+0000] {dagbag.py:540} INFO - Filling up the DagBag from /home/airflow/.local/lib/python3.12/site-packages/airflow/example_dags/example_latest_only.py
[2024-05-02T23:55:37.269+0000] {processor.py:840} INFO - DAG(s) 'latest_only' retrieved from /home/airflow/.local/lib/python3.12/site-packages/airflow/example_dags/example_latest_only.py
[2024-05-02T23:55:37.297+0000] {logging_mixin.py:188} INFO - [2024-05-02T23:55:37.296+0000] {dag.py:3096} INFO - Sync 1 DAGs
[2024-05-02T23:55:37.328+0000] {logging_mixin.py:188} INFO - [2024-05-02T23:55:37.328+0000] {dag.py:3954} INFO - Setting next_dagrun for latest_only to 2024-05-02 16:00:00+00:00, run_after=2024-05-02 20:00:00+00:00
[2024-05-02T23:55:37.349+0000] {processor.py:183} INFO - Processing /home/airflow/.local/lib/python3.12/site-packages/airflow/example_dags/example_latest_only.py took 0.098 seconds
[2024-05-02T23:56:07.805+0000] {processor.py:161} INFO - Started process (PID=1822) to work on /home/airflow/.local/lib/python3.12/site-packages/airflow/example_dags/example_latest_only.py
[2024-05-02T23:56:07.806+0000] {processor.py:830} INFO - Processing file /home/airflow/.local/lib/python3.12/site-packages/airflow/example_dags/example_latest_only.py for tasks to queue
[2024-05-02T23:56:07.808+0000] {logging_mixin.py:188} INFO - [2024-05-02T23:56:07.807+0000] {dagbag.py:540} INFO - Filling up the DagBag from /home/airflow/.local/lib/python3.12/site-packages/airflow/example_dags/example_latest_only.py
[2024-05-02T23:56:07.816+0000] {processor.py:840} INFO - DAG(s) 'latest_only' retrieved from /home/airflow/.local/lib/python3.12/site-packages/airflow/example_dags/example_latest_only.py
[2024-05-02T23:56:07.844+0000] {logging_mixin.py:188} INFO - [2024-05-02T23:56:07.844+0000] {dag.py:3096} INFO - Sync 1 DAGs
[2024-05-02T23:56:07.882+0000] {logging_mixin.py:188} INFO - [2024-05-02T23:56:07.882+0000] {dag.py:3954} INFO - Setting next_dagrun for latest_only to 2024-05-02 16:00:00+00:00, run_after=2024-05-02 20:00:00+00:00
[2024-05-02T23:56:07.947+0000] {processor.py:183} INFO - Processing /home/airflow/.local/lib/python3.12/site-packages/airflow/example_dags/example_latest_only.py took 0.151 seconds
[2024-05-02T23:56:38.463+0000] {processor.py:161} INFO - Started process (PID=1880) to work on /home/airflow/.local/lib/python3.12/site-packages/airflow/example_dags/example_latest_only.py
[2024-05-02T23:56:38.464+0000] {processor.py:830} INFO - Processing file /home/airflow/.local/lib/python3.12/site-packages/airflow/example_dags/example_latest_only.py for tasks to queue
[2024-05-02T23:56:38.465+0000] {logging_mixin.py:188} INFO - [2024-05-02T23:56:38.465+0000] {dagbag.py:540} INFO - Filling up the DagBag from /home/airflow/.local/lib/python3.12/site-packages/airflow/example_dags/example_latest_only.py
[2024-05-02T23:56:38.474+0000] {processor.py:840} INFO - DAG(s) 'latest_only' retrieved from /home/airflow/.local/lib/python3.12/site-packages/airflow/example_dags/example_latest_only.py
[2024-05-02T23:56:38.503+0000] {logging_mixin.py:188} INFO - [2024-05-02T23:56:38.503+0000] {dag.py:3096} INFO - Sync 1 DAGs
[2024-05-02T23:56:38.541+0000] {logging_mixin.py:188} INFO - [2024-05-02T23:56:38.541+0000] {dag.py:3954} INFO - Setting next_dagrun for latest_only to 2024-05-02 16:00:00+00:00, run_after=2024-05-02 20:00:00+00:00
[2024-05-02T23:56:38.568+0000] {processor.py:183} INFO - Processing /home/airflow/.local/lib/python3.12/site-packages/airflow/example_dags/example_latest_only.py took 0.116 seconds
[2024-05-02T23:57:09.431+0000] {processor.py:161} INFO - Started process (PID=1938) to work on /home/airflow/.local/lib/python3.12/site-packages/airflow/example_dags/example_latest_only.py
[2024-05-02T23:57:09.432+0000] {processor.py:830} INFO - Processing file /home/airflow/.local/lib/python3.12/site-packages/airflow/example_dags/example_latest_only.py for tasks to queue
[2024-05-02T23:57:09.434+0000] {logging_mixin.py:188} INFO - [2024-05-02T23:57:09.433+0000] {dagbag.py:540} INFO - Filling up the DagBag from /home/airflow/.local/lib/python3.12/site-packages/airflow/example_dags/example_latest_only.py
[2024-05-02T23:57:09.442+0000] {processor.py:840} INFO - DAG(s) 'latest_only' retrieved from /home/airflow/.local/lib/python3.12/site-packages/airflow/example_dags/example_latest_only.py
[2024-05-02T23:57:09.467+0000] {logging_mixin.py:188} INFO - [2024-05-02T23:57:09.467+0000] {dag.py:3096} INFO - Sync 1 DAGs
[2024-05-02T23:57:09.498+0000] {logging_mixin.py:188} INFO - [2024-05-02T23:57:09.497+0000] {dag.py:3954} INFO - Setting next_dagrun for latest_only to 2024-05-02 16:00:00+00:00, run_after=2024-05-02 20:00:00+00:00
[2024-05-02T23:57:09.520+0000] {processor.py:183} INFO - Processing /home/airflow/.local/lib/python3.12/site-packages/airflow/example_dags/example_latest_only.py took 0.096 seconds
