[2024-05-02T05:54:21.989+0000] {processor.py:161} INFO - Started process (PID=65) to work on /home/airflow/.local/lib/python3.12/site-packages/airflow/example_dags/example_latest_only_with_trigger.py
[2024-05-02T05:54:21.991+0000] {processor.py:830} INFO - Processing file /home/airflow/.local/lib/python3.12/site-packages/airflow/example_dags/example_latest_only_with_trigger.py for tasks to queue
[2024-05-02T05:54:22.006+0000] {logging_mixin.py:188} INFO - [2024-05-02T05:54:22.005+0000] {dagbag.py:540} INFO - Filling up the DagBag from /home/airflow/.local/lib/python3.12/site-packages/airflow/example_dags/example_latest_only_with_trigger.py
[2024-05-02T05:54:22.049+0000] {processor.py:840} INFO - DAG(s) 'latest_only_with_trigger' retrieved from /home/airflow/.local/lib/python3.12/site-packages/airflow/example_dags/example_latest_only_with_trigger.py
[2024-05-02T05:54:22.499+0000] {logging_mixin.py:188} INFO - [2024-05-02T05:54:22.498+0000] {dag.py:3096} INFO - Sync 1 DAGs
[2024-05-02T05:54:22.559+0000] {logging_mixin.py:188} INFO - [2024-05-02T05:54:22.559+0000] {dag.py:3954} INFO - Setting next_dagrun for latest_only_with_trigger to 2024-05-02 00:00:00+00:00, run_after=2024-05-02 04:00:00+00:00
[2024-05-02T05:54:22.678+0000] {processor.py:183} INFO - Processing /home/airflow/.local/lib/python3.12/site-packages/airflow/example_dags/example_latest_only_with_trigger.py took 0.725 seconds
[2024-05-02T05:54:53.048+0000] {processor.py:161} INFO - Started process (PID=123) to work on /home/airflow/.local/lib/python3.12/site-packages/airflow/example_dags/example_latest_only_with_trigger.py
[2024-05-02T05:54:53.056+0000] {processor.py:830} INFO - Processing file /home/airflow/.local/lib/python3.12/site-packages/airflow/example_dags/example_latest_only_with_trigger.py for tasks to queue
[2024-05-02T05:54:53.061+0000] {logging_mixin.py:188} INFO - [2024-05-02T05:54:53.060+0000] {dagbag.py:540} INFO - Filling up the DagBag from /home/airflow/.local/lib/python3.12/site-packages/airflow/example_dags/example_latest_only_with_trigger.py
[2024-05-02T05:54:53.081+0000] {processor.py:840} INFO - DAG(s) 'latest_only_with_trigger' retrieved from /home/airflow/.local/lib/python3.12/site-packages/airflow/example_dags/example_latest_only_with_trigger.py
[2024-05-02T05:54:53.137+0000] {logging_mixin.py:188} INFO - [2024-05-02T05:54:53.136+0000] {dag.py:3096} INFO - Sync 1 DAGs
[2024-05-02T05:54:53.194+0000] {logging_mixin.py:188} INFO - [2024-05-02T05:54:53.194+0000] {dag.py:3954} INFO - Setting next_dagrun for latest_only_with_trigger to 2024-05-02 00:00:00+00:00, run_after=2024-05-02 04:00:00+00:00
[2024-05-02T05:54:53.260+0000] {processor.py:183} INFO - Processing /home/airflow/.local/lib/python3.12/site-packages/airflow/example_dags/example_latest_only_with_trigger.py took 0.239 seconds
[2024-05-02T05:55:24.459+0000] {processor.py:161} INFO - Started process (PID=181) to work on /home/airflow/.local/lib/python3.12/site-packages/airflow/example_dags/example_latest_only_with_trigger.py
[2024-05-02T05:55:24.475+0000] {processor.py:830} INFO - Processing file /home/airflow/.local/lib/python3.12/site-packages/airflow/example_dags/example_latest_only_with_trigger.py for tasks to queue
[2024-05-02T05:55:24.480+0000] {logging_mixin.py:188} INFO - [2024-05-02T05:55:24.479+0000] {dagbag.py:540} INFO - Filling up the DagBag from /home/airflow/.local/lib/python3.12/site-packages/airflow/example_dags/example_latest_only_with_trigger.py
[2024-05-02T05:55:24.528+0000] {processor.py:840} INFO - DAG(s) 'latest_only_with_trigger' retrieved from /home/airflow/.local/lib/python3.12/site-packages/airflow/example_dags/example_latest_only_with_trigger.py
[2024-05-02T05:55:24.630+0000] {logging_mixin.py:188} INFO - [2024-05-02T05:55:24.630+0000] {dag.py:3096} INFO - Sync 1 DAGs
[2024-05-02T05:55:24.733+0000] {logging_mixin.py:188} INFO - [2024-05-02T05:55:24.733+0000] {dag.py:3954} INFO - Setting next_dagrun for latest_only_with_trigger to 2024-05-02 00:00:00+00:00, run_after=2024-05-02 04:00:00+00:00
[2024-05-02T05:55:24.847+0000] {processor.py:183} INFO - Processing /home/airflow/.local/lib/python3.12/site-packages/airflow/example_dags/example_latest_only_with_trigger.py took 0.427 seconds
[2024-05-02T05:56:21.963+0000] {processor.py:161} INFO - Started process (PID=245) to work on /home/airflow/.local/lib/python3.12/site-packages/airflow/example_dags/example_latest_only_with_trigger.py
[2024-05-02T05:56:21.988+0000] {processor.py:830} INFO - Processing file /home/airflow/.local/lib/python3.12/site-packages/airflow/example_dags/example_latest_only_with_trigger.py for tasks to queue
[2024-05-02T05:56:22.007+0000] {logging_mixin.py:188} INFO - [2024-05-02T05:56:22.006+0000] {dagbag.py:540} INFO - Filling up the DagBag from /home/airflow/.local/lib/python3.12/site-packages/airflow/example_dags/example_latest_only_with_trigger.py
[2024-05-02T05:56:22.075+0000] {processor.py:840} INFO - DAG(s) 'latest_only_with_trigger' retrieved from /home/airflow/.local/lib/python3.12/site-packages/airflow/example_dags/example_latest_only_with_trigger.py
[2024-05-02T05:56:22.401+0000] {logging_mixin.py:188} INFO - [2024-05-02T05:56:22.389+0000] {dag.py:3096} INFO - Sync 1 DAGs
[2024-05-02T05:56:22.597+0000] {logging_mixin.py:188} INFO - [2024-05-02T05:56:22.596+0000] {dag.py:3954} INFO - Setting next_dagrun for latest_only_with_trigger to 2024-05-02 00:00:00+00:00, run_after=2024-05-02 04:00:00+00:00
[2024-05-02T05:56:22.803+0000] {processor.py:183} INFO - Processing /home/airflow/.local/lib/python3.12/site-packages/airflow/example_dags/example_latest_only_with_trigger.py took 0.888 seconds
[2024-05-02T05:58:22.861+0000] {processor.py:161} INFO - Started process (PID=332) to work on /home/airflow/.local/lib/python3.12/site-packages/airflow/example_dags/example_latest_only_with_trigger.py
[2024-05-02T05:58:22.871+0000] {processor.py:830} INFO - Processing file /home/airflow/.local/lib/python3.12/site-packages/airflow/example_dags/example_latest_only_with_trigger.py for tasks to queue
[2024-05-02T05:58:22.878+0000] {logging_mixin.py:188} INFO - [2024-05-02T05:58:22.877+0000] {dagbag.py:540} INFO - Filling up the DagBag from /home/airflow/.local/lib/python3.12/site-packages/airflow/example_dags/example_latest_only_with_trigger.py
[2024-05-02T05:58:22.945+0000] {processor.py:840} INFO - DAG(s) 'latest_only_with_trigger' retrieved from /home/airflow/.local/lib/python3.12/site-packages/airflow/example_dags/example_latest_only_with_trigger.py
[2024-05-02T05:58:23.119+0000] {logging_mixin.py:188} INFO - [2024-05-02T05:58:23.119+0000] {dag.py:3096} INFO - Sync 1 DAGs
[2024-05-02T05:58:23.332+0000] {logging_mixin.py:188} INFO - [2024-05-02T05:58:23.329+0000] {dag.py:3954} INFO - Setting next_dagrun for latest_only_with_trigger to 2024-05-02 00:00:00+00:00, run_after=2024-05-02 04:00:00+00:00
[2024-05-02T05:58:23.480+0000] {processor.py:183} INFO - Processing /home/airflow/.local/lib/python3.12/site-packages/airflow/example_dags/example_latest_only_with_trigger.py took 0.657 seconds
[2024-05-02T23:42:59.663+0000] {processor.py:161} INFO - Started process (PID=400) to work on /home/airflow/.local/lib/python3.12/site-packages/airflow/example_dags/example_latest_only_with_trigger.py
[2024-05-02T23:42:59.665+0000] {processor.py:830} INFO - Processing file /home/airflow/.local/lib/python3.12/site-packages/airflow/example_dags/example_latest_only_with_trigger.py for tasks to queue
[2024-05-02T23:42:59.667+0000] {logging_mixin.py:188} INFO - [2024-05-02T23:42:59.666+0000] {dagbag.py:540} INFO - Filling up the DagBag from /home/airflow/.local/lib/python3.12/site-packages/airflow/example_dags/example_latest_only_with_trigger.py
[2024-05-02T23:42:59.679+0000] {processor.py:840} INFO - DAG(s) 'latest_only_with_trigger' retrieved from /home/airflow/.local/lib/python3.12/site-packages/airflow/example_dags/example_latest_only_with_trigger.py
[2024-05-02T23:42:59.721+0000] {logging_mixin.py:188} INFO - [2024-05-02T23:42:59.721+0000] {dag.py:3096} INFO - Sync 1 DAGs
[2024-05-02T23:42:59.769+0000] {logging_mixin.py:188} INFO - [2024-05-02T23:42:59.768+0000] {dag.py:3954} INFO - Setting next_dagrun for latest_only_with_trigger to 2024-05-02 16:00:00+00:00, run_after=2024-05-02 20:00:00+00:00
[2024-05-02T23:42:59.809+0000] {processor.py:183} INFO - Processing /home/airflow/.local/lib/python3.12/site-packages/airflow/example_dags/example_latest_only_with_trigger.py took 0.157 seconds
[2024-05-02T23:44:18.198+0000] {processor.py:161} INFO - Started process (PID=464) to work on /home/airflow/.local/lib/python3.12/site-packages/airflow/example_dags/example_latest_only_with_trigger.py
[2024-05-02T23:44:18.201+0000] {processor.py:830} INFO - Processing file /home/airflow/.local/lib/python3.12/site-packages/airflow/example_dags/example_latest_only_with_trigger.py for tasks to queue
[2024-05-02T23:44:18.203+0000] {logging_mixin.py:188} INFO - [2024-05-02T23:44:18.203+0000] {dagbag.py:540} INFO - Filling up the DagBag from /home/airflow/.local/lib/python3.12/site-packages/airflow/example_dags/example_latest_only_with_trigger.py
[2024-05-02T23:44:18.217+0000] {processor.py:840} INFO - DAG(s) 'latest_only_with_trigger' retrieved from /home/airflow/.local/lib/python3.12/site-packages/airflow/example_dags/example_latest_only_with_trigger.py
[2024-05-02T23:44:18.465+0000] {logging_mixin.py:188} INFO - [2024-05-02T23:44:18.465+0000] {dag.py:3096} INFO - Sync 1 DAGs
[2024-05-02T23:44:18.733+0000] {logging_mixin.py:188} INFO - [2024-05-02T23:44:18.732+0000] {dag.py:3954} INFO - Setting next_dagrun for latest_only_with_trigger to 2024-05-02 16:00:00+00:00, run_after=2024-05-02 20:00:00+00:00
[2024-05-02T23:44:18.768+0000] {processor.py:183} INFO - Processing /home/airflow/.local/lib/python3.12/site-packages/airflow/example_dags/example_latest_only_with_trigger.py took 0.583 seconds
[2024-05-02T23:44:49.792+0000] {processor.py:161} INFO - Started process (PID=522) to work on /home/airflow/.local/lib/python3.12/site-packages/airflow/example_dags/example_latest_only_with_trigger.py
[2024-05-02T23:44:49.800+0000] {processor.py:830} INFO - Processing file /home/airflow/.local/lib/python3.12/site-packages/airflow/example_dags/example_latest_only_with_trigger.py for tasks to queue
[2024-05-02T23:44:49.802+0000] {logging_mixin.py:188} INFO - [2024-05-02T23:44:49.802+0000] {dagbag.py:540} INFO - Filling up the DagBag from /home/airflow/.local/lib/python3.12/site-packages/airflow/example_dags/example_latest_only_with_trigger.py
[2024-05-02T23:44:49.822+0000] {processor.py:840} INFO - DAG(s) 'latest_only_with_trigger' retrieved from /home/airflow/.local/lib/python3.12/site-packages/airflow/example_dags/example_latest_only_with_trigger.py
[2024-05-02T23:44:49.871+0000] {logging_mixin.py:188} INFO - [2024-05-02T23:44:49.870+0000] {dag.py:3096} INFO - Sync 1 DAGs
[2024-05-02T23:44:49.924+0000] {logging_mixin.py:188} INFO - [2024-05-02T23:44:49.923+0000] {dag.py:3954} INFO - Setting next_dagrun for latest_only_with_trigger to 2024-05-02 16:00:00+00:00, run_after=2024-05-02 20:00:00+00:00
[2024-05-02T23:44:49.963+0000] {processor.py:183} INFO - Processing /home/airflow/.local/lib/python3.12/site-packages/airflow/example_dags/example_latest_only_with_trigger.py took 0.189 seconds
[2024-05-02T23:45:21.919+0000] {processor.py:161} INFO - Started process (PID=581) to work on /home/airflow/.local/lib/python3.12/site-packages/airflow/example_dags/example_latest_only_with_trigger.py
[2024-05-02T23:45:21.930+0000] {processor.py:830} INFO - Processing file /home/airflow/.local/lib/python3.12/site-packages/airflow/example_dags/example_latest_only_with_trigger.py for tasks to queue
[2024-05-02T23:45:21.931+0000] {logging_mixin.py:188} INFO - [2024-05-02T23:45:21.931+0000] {dagbag.py:540} INFO - Filling up the DagBag from /home/airflow/.local/lib/python3.12/site-packages/airflow/example_dags/example_latest_only_with_trigger.py
[2024-05-02T23:45:21.983+0000] {processor.py:840} INFO - DAG(s) 'latest_only_with_trigger' retrieved from /home/airflow/.local/lib/python3.12/site-packages/airflow/example_dags/example_latest_only_with_trigger.py
[2024-05-02T23:45:22.072+0000] {logging_mixin.py:188} INFO - [2024-05-02T23:45:22.070+0000] {dag.py:3096} INFO - Sync 1 DAGs
[2024-05-02T23:45:22.198+0000] {logging_mixin.py:188} INFO - [2024-05-02T23:45:22.198+0000] {dag.py:3954} INFO - Setting next_dagrun for latest_only_with_trigger to 2024-05-02 16:00:00+00:00, run_after=2024-05-02 20:00:00+00:00
[2024-05-02T23:45:22.296+0000] {processor.py:183} INFO - Processing /home/airflow/.local/lib/python3.12/site-packages/airflow/example_dags/example_latest_only_with_trigger.py took 0.404 seconds
[2024-05-02T23:45:52.955+0000] {processor.py:161} INFO - Started process (PID=639) to work on /home/airflow/.local/lib/python3.12/site-packages/airflow/example_dags/example_latest_only_with_trigger.py
[2024-05-02T23:45:52.956+0000] {processor.py:830} INFO - Processing file /home/airflow/.local/lib/python3.12/site-packages/airflow/example_dags/example_latest_only_with_trigger.py for tasks to queue
[2024-05-02T23:45:52.957+0000] {logging_mixin.py:188} INFO - [2024-05-02T23:45:52.957+0000] {dagbag.py:540} INFO - Filling up the DagBag from /home/airflow/.local/lib/python3.12/site-packages/airflow/example_dags/example_latest_only_with_trigger.py
[2024-05-02T23:45:52.965+0000] {processor.py:840} INFO - DAG(s) 'latest_only_with_trigger' retrieved from /home/airflow/.local/lib/python3.12/site-packages/airflow/example_dags/example_latest_only_with_trigger.py
[2024-05-02T23:45:53.011+0000] {logging_mixin.py:188} INFO - [2024-05-02T23:45:53.010+0000] {dag.py:3096} INFO - Sync 1 DAGs
[2024-05-02T23:45:53.046+0000] {logging_mixin.py:188} INFO - [2024-05-02T23:45:53.046+0000] {dag.py:3954} INFO - Setting next_dagrun for latest_only_with_trigger to 2024-05-02 16:00:00+00:00, run_after=2024-05-02 20:00:00+00:00
[2024-05-02T23:45:53.112+0000] {processor.py:183} INFO - Processing /home/airflow/.local/lib/python3.12/site-packages/airflow/example_dags/example_latest_only_with_trigger.py took 0.165 seconds
[2024-05-02T23:46:23.301+0000] {processor.py:161} INFO - Started process (PID=697) to work on /home/airflow/.local/lib/python3.12/site-packages/airflow/example_dags/example_latest_only_with_trigger.py
[2024-05-02T23:46:23.302+0000] {processor.py:830} INFO - Processing file /home/airflow/.local/lib/python3.12/site-packages/airflow/example_dags/example_latest_only_with_trigger.py for tasks to queue
[2024-05-02T23:46:23.304+0000] {logging_mixin.py:188} INFO - [2024-05-02T23:46:23.303+0000] {dagbag.py:540} INFO - Filling up the DagBag from /home/airflow/.local/lib/python3.12/site-packages/airflow/example_dags/example_latest_only_with_trigger.py
[2024-05-02T23:46:23.312+0000] {processor.py:840} INFO - DAG(s) 'latest_only_with_trigger' retrieved from /home/airflow/.local/lib/python3.12/site-packages/airflow/example_dags/example_latest_only_with_trigger.py
[2024-05-02T23:46:23.343+0000] {logging_mixin.py:188} INFO - [2024-05-02T23:46:23.343+0000] {dag.py:3096} INFO - Sync 1 DAGs
[2024-05-02T23:46:23.381+0000] {logging_mixin.py:188} INFO - [2024-05-02T23:46:23.381+0000] {dag.py:3954} INFO - Setting next_dagrun for latest_only_with_trigger to 2024-05-02 16:00:00+00:00, run_after=2024-05-02 20:00:00+00:00
[2024-05-02T23:46:23.410+0000] {processor.py:183} INFO - Processing /home/airflow/.local/lib/python3.12/site-packages/airflow/example_dags/example_latest_only_with_trigger.py took 0.117 seconds
[2024-05-02T23:46:53.591+0000] {processor.py:161} INFO - Started process (PID=755) to work on /home/airflow/.local/lib/python3.12/site-packages/airflow/example_dags/example_latest_only_with_trigger.py
[2024-05-02T23:46:53.592+0000] {processor.py:830} INFO - Processing file /home/airflow/.local/lib/python3.12/site-packages/airflow/example_dags/example_latest_only_with_trigger.py for tasks to queue
[2024-05-02T23:46:53.593+0000] {logging_mixin.py:188} INFO - [2024-05-02T23:46:53.593+0000] {dagbag.py:540} INFO - Filling up the DagBag from /home/airflow/.local/lib/python3.12/site-packages/airflow/example_dags/example_latest_only_with_trigger.py
[2024-05-02T23:46:53.601+0000] {processor.py:840} INFO - DAG(s) 'latest_only_with_trigger' retrieved from /home/airflow/.local/lib/python3.12/site-packages/airflow/example_dags/example_latest_only_with_trigger.py
[2024-05-02T23:46:53.630+0000] {logging_mixin.py:188} INFO - [2024-05-02T23:46:53.630+0000] {dag.py:3096} INFO - Sync 1 DAGs
[2024-05-02T23:46:53.661+0000] {logging_mixin.py:188} INFO - [2024-05-02T23:46:53.660+0000] {dag.py:3954} INFO - Setting next_dagrun for latest_only_with_trigger to 2024-05-02 16:00:00+00:00, run_after=2024-05-02 20:00:00+00:00
[2024-05-02T23:46:53.689+0000] {processor.py:183} INFO - Processing /home/airflow/.local/lib/python3.12/site-packages/airflow/example_dags/example_latest_only_with_trigger.py took 0.105 seconds
[2024-05-02T23:47:23.884+0000] {processor.py:161} INFO - Started process (PID=813) to work on /home/airflow/.local/lib/python3.12/site-packages/airflow/example_dags/example_latest_only_with_trigger.py
[2024-05-02T23:47:23.885+0000] {processor.py:830} INFO - Processing file /home/airflow/.local/lib/python3.12/site-packages/airflow/example_dags/example_latest_only_with_trigger.py for tasks to queue
[2024-05-02T23:47:23.886+0000] {logging_mixin.py:188} INFO - [2024-05-02T23:47:23.886+0000] {dagbag.py:540} INFO - Filling up the DagBag from /home/airflow/.local/lib/python3.12/site-packages/airflow/example_dags/example_latest_only_with_trigger.py
[2024-05-02T23:47:23.894+0000] {processor.py:840} INFO - DAG(s) 'latest_only_with_trigger' retrieved from /home/airflow/.local/lib/python3.12/site-packages/airflow/example_dags/example_latest_only_with_trigger.py
[2024-05-02T23:47:23.920+0000] {logging_mixin.py:188} INFO - [2024-05-02T23:47:23.920+0000] {dag.py:3096} INFO - Sync 1 DAGs
[2024-05-02T23:47:23.949+0000] {logging_mixin.py:188} INFO - [2024-05-02T23:47:23.949+0000] {dag.py:3954} INFO - Setting next_dagrun for latest_only_with_trigger to 2024-05-02 16:00:00+00:00, run_after=2024-05-02 20:00:00+00:00
[2024-05-02T23:47:23.973+0000] {processor.py:183} INFO - Processing /home/airflow/.local/lib/python3.12/site-packages/airflow/example_dags/example_latest_only_with_trigger.py took 0.099 seconds
[2024-05-02T23:47:54.043+0000] {processor.py:161} INFO - Started process (PID=871) to work on /home/airflow/.local/lib/python3.12/site-packages/airflow/example_dags/example_latest_only_with_trigger.py
[2024-05-02T23:47:54.044+0000] {processor.py:830} INFO - Processing file /home/airflow/.local/lib/python3.12/site-packages/airflow/example_dags/example_latest_only_with_trigger.py for tasks to queue
[2024-05-02T23:47:54.046+0000] {logging_mixin.py:188} INFO - [2024-05-02T23:47:54.046+0000] {dagbag.py:540} INFO - Filling up the DagBag from /home/airflow/.local/lib/python3.12/site-packages/airflow/example_dags/example_latest_only_with_trigger.py
[2024-05-02T23:47:54.057+0000] {processor.py:840} INFO - DAG(s) 'latest_only_with_trigger' retrieved from /home/airflow/.local/lib/python3.12/site-packages/airflow/example_dags/example_latest_only_with_trigger.py
[2024-05-02T23:47:54.085+0000] {logging_mixin.py:188} INFO - [2024-05-02T23:47:54.085+0000] {dag.py:3096} INFO - Sync 1 DAGs
[2024-05-02T23:47:54.115+0000] {logging_mixin.py:188} INFO - [2024-05-02T23:47:54.115+0000] {dag.py:3954} INFO - Setting next_dagrun for latest_only_with_trigger to 2024-05-02 16:00:00+00:00, run_after=2024-05-02 20:00:00+00:00
[2024-05-02T23:47:54.142+0000] {processor.py:183} INFO - Processing /home/airflow/.local/lib/python3.12/site-packages/airflow/example_dags/example_latest_only_with_trigger.py took 0.105 seconds
[2024-05-02T23:48:24.561+0000] {processor.py:161} INFO - Started process (PID=929) to work on /home/airflow/.local/lib/python3.12/site-packages/airflow/example_dags/example_latest_only_with_trigger.py
[2024-05-02T23:48:24.563+0000] {processor.py:830} INFO - Processing file /home/airflow/.local/lib/python3.12/site-packages/airflow/example_dags/example_latest_only_with_trigger.py for tasks to queue
[2024-05-02T23:48:24.564+0000] {logging_mixin.py:188} INFO - [2024-05-02T23:48:24.564+0000] {dagbag.py:540} INFO - Filling up the DagBag from /home/airflow/.local/lib/python3.12/site-packages/airflow/example_dags/example_latest_only_with_trigger.py
[2024-05-02T23:48:24.572+0000] {processor.py:840} INFO - DAG(s) 'latest_only_with_trigger' retrieved from /home/airflow/.local/lib/python3.12/site-packages/airflow/example_dags/example_latest_only_with_trigger.py
[2024-05-02T23:48:24.623+0000] {logging_mixin.py:188} INFO - [2024-05-02T23:48:24.623+0000] {dag.py:3096} INFO - Sync 1 DAGs
[2024-05-02T23:48:24.652+0000] {logging_mixin.py:188} INFO - [2024-05-02T23:48:24.652+0000] {dag.py:3954} INFO - Setting next_dagrun for latest_only_with_trigger to 2024-05-02 16:00:00+00:00, run_after=2024-05-02 20:00:00+00:00
[2024-05-02T23:48:24.676+0000] {processor.py:183} INFO - Processing /home/airflow/.local/lib/python3.12/site-packages/airflow/example_dags/example_latest_only_with_trigger.py took 0.123 seconds
[2024-05-02T23:48:54.962+0000] {processor.py:161} INFO - Started process (PID=987) to work on /home/airflow/.local/lib/python3.12/site-packages/airflow/example_dags/example_latest_only_with_trigger.py
[2024-05-02T23:48:54.963+0000] {processor.py:830} INFO - Processing file /home/airflow/.local/lib/python3.12/site-packages/airflow/example_dags/example_latest_only_with_trigger.py for tasks to queue
[2024-05-02T23:48:54.964+0000] {logging_mixin.py:188} INFO - [2024-05-02T23:48:54.964+0000] {dagbag.py:540} INFO - Filling up the DagBag from /home/airflow/.local/lib/python3.12/site-packages/airflow/example_dags/example_latest_only_with_trigger.py
[2024-05-02T23:48:54.972+0000] {processor.py:840} INFO - DAG(s) 'latest_only_with_trigger' retrieved from /home/airflow/.local/lib/python3.12/site-packages/airflow/example_dags/example_latest_only_with_trigger.py
[2024-05-02T23:48:55.000+0000] {logging_mixin.py:188} INFO - [2024-05-02T23:48:55.000+0000] {dag.py:3096} INFO - Sync 1 DAGs
[2024-05-02T23:48:55.217+0000] {logging_mixin.py:188} INFO - [2024-05-02T23:48:55.216+0000] {dag.py:3954} INFO - Setting next_dagrun for latest_only_with_trigger to 2024-05-02 16:00:00+00:00, run_after=2024-05-02 20:00:00+00:00
[2024-05-02T23:48:55.244+0000] {processor.py:183} INFO - Processing /home/airflow/.local/lib/python3.12/site-packages/airflow/example_dags/example_latest_only_with_trigger.py took 0.291 seconds
[2024-05-02T23:49:25.416+0000] {processor.py:161} INFO - Started process (PID=1045) to work on /home/airflow/.local/lib/python3.12/site-packages/airflow/example_dags/example_latest_only_with_trigger.py
[2024-05-02T23:49:25.418+0000] {processor.py:830} INFO - Processing file /home/airflow/.local/lib/python3.12/site-packages/airflow/example_dags/example_latest_only_with_trigger.py for tasks to queue
[2024-05-02T23:49:25.419+0000] {logging_mixin.py:188} INFO - [2024-05-02T23:49:25.419+0000] {dagbag.py:540} INFO - Filling up the DagBag from /home/airflow/.local/lib/python3.12/site-packages/airflow/example_dags/example_latest_only_with_trigger.py
[2024-05-02T23:49:25.427+0000] {processor.py:840} INFO - DAG(s) 'latest_only_with_trigger' retrieved from /home/airflow/.local/lib/python3.12/site-packages/airflow/example_dags/example_latest_only_with_trigger.py
[2024-05-02T23:49:25.464+0000] {logging_mixin.py:188} INFO - [2024-05-02T23:49:25.463+0000] {dag.py:3096} INFO - Sync 1 DAGs
[2024-05-02T23:49:25.503+0000] {logging_mixin.py:188} INFO - [2024-05-02T23:49:25.503+0000] {dag.py:3954} INFO - Setting next_dagrun for latest_only_with_trigger to 2024-05-02 16:00:00+00:00, run_after=2024-05-02 20:00:00+00:00
[2024-05-02T23:49:25.795+0000] {processor.py:183} INFO - Processing /home/airflow/.local/lib/python3.12/site-packages/airflow/example_dags/example_latest_only_with_trigger.py took 0.388 seconds
[2024-05-02T23:49:56.553+0000] {processor.py:161} INFO - Started process (PID=1102) to work on /home/airflow/.local/lib/python3.12/site-packages/airflow/example_dags/example_latest_only_with_trigger.py
[2024-05-02T23:49:56.555+0000] {processor.py:830} INFO - Processing file /home/airflow/.local/lib/python3.12/site-packages/airflow/example_dags/example_latest_only_with_trigger.py for tasks to queue
[2024-05-02T23:49:56.557+0000] {logging_mixin.py:188} INFO - [2024-05-02T23:49:56.556+0000] {dagbag.py:540} INFO - Filling up the DagBag from /home/airflow/.local/lib/python3.12/site-packages/airflow/example_dags/example_latest_only_with_trigger.py
[2024-05-02T23:49:56.569+0000] {processor.py:840} INFO - DAG(s) 'latest_only_with_trigger' retrieved from /home/airflow/.local/lib/python3.12/site-packages/airflow/example_dags/example_latest_only_with_trigger.py
[2024-05-02T23:49:56.650+0000] {logging_mixin.py:188} INFO - [2024-05-02T23:49:56.649+0000] {dag.py:3096} INFO - Sync 1 DAGs
[2024-05-02T23:49:56.713+0000] {logging_mixin.py:188} INFO - [2024-05-02T23:49:56.712+0000] {dag.py:3954} INFO - Setting next_dagrun for latest_only_with_trigger to 2024-05-02 16:00:00+00:00, run_after=2024-05-02 20:00:00+00:00
[2024-05-02T23:49:56.785+0000] {processor.py:183} INFO - Processing /home/airflow/.local/lib/python3.12/site-packages/airflow/example_dags/example_latest_only_with_trigger.py took 0.242 seconds
[2024-05-02T23:50:27.120+0000] {processor.py:161} INFO - Started process (PID=1166) to work on /home/airflow/.local/lib/python3.12/site-packages/airflow/example_dags/example_latest_only_with_trigger.py
[2024-05-02T23:50:27.121+0000] {processor.py:830} INFO - Processing file /home/airflow/.local/lib/python3.12/site-packages/airflow/example_dags/example_latest_only_with_trigger.py for tasks to queue
[2024-05-02T23:50:27.123+0000] {logging_mixin.py:188} INFO - [2024-05-02T23:50:27.122+0000] {dagbag.py:540} INFO - Filling up the DagBag from /home/airflow/.local/lib/python3.12/site-packages/airflow/example_dags/example_latest_only_with_trigger.py
[2024-05-02T23:50:27.130+0000] {processor.py:840} INFO - DAG(s) 'latest_only_with_trigger' retrieved from /home/airflow/.local/lib/python3.12/site-packages/airflow/example_dags/example_latest_only_with_trigger.py
[2024-05-02T23:50:27.161+0000] {logging_mixin.py:188} INFO - [2024-05-02T23:50:27.161+0000] {dag.py:3096} INFO - Sync 1 DAGs
[2024-05-02T23:50:27.192+0000] {logging_mixin.py:188} INFO - [2024-05-02T23:50:27.192+0000] {dag.py:3954} INFO - Setting next_dagrun for latest_only_with_trigger to 2024-05-02 16:00:00+00:00, run_after=2024-05-02 20:00:00+00:00
[2024-05-02T23:50:27.224+0000] {processor.py:183} INFO - Processing /home/airflow/.local/lib/python3.12/site-packages/airflow/example_dags/example_latest_only_with_trigger.py took 0.111 seconds
[2024-05-02T23:50:57.492+0000] {processor.py:161} INFO - Started process (PID=1224) to work on /home/airflow/.local/lib/python3.12/site-packages/airflow/example_dags/example_latest_only_with_trigger.py
[2024-05-02T23:50:57.494+0000] {processor.py:830} INFO - Processing file /home/airflow/.local/lib/python3.12/site-packages/airflow/example_dags/example_latest_only_with_trigger.py for tasks to queue
[2024-05-02T23:50:57.495+0000] {logging_mixin.py:188} INFO - [2024-05-02T23:50:57.495+0000] {dagbag.py:540} INFO - Filling up the DagBag from /home/airflow/.local/lib/python3.12/site-packages/airflow/example_dags/example_latest_only_with_trigger.py
[2024-05-02T23:50:57.506+0000] {processor.py:840} INFO - DAG(s) 'latest_only_with_trigger' retrieved from /home/airflow/.local/lib/python3.12/site-packages/airflow/example_dags/example_latest_only_with_trigger.py
[2024-05-02T23:50:57.539+0000] {logging_mixin.py:188} INFO - [2024-05-02T23:50:57.539+0000] {dag.py:3096} INFO - Sync 1 DAGs
[2024-05-02T23:50:57.577+0000] {logging_mixin.py:188} INFO - [2024-05-02T23:50:57.577+0000] {dag.py:3954} INFO - Setting next_dagrun for latest_only_with_trigger to 2024-05-02 16:00:00+00:00, run_after=2024-05-02 20:00:00+00:00
[2024-05-02T23:50:57.609+0000] {processor.py:183} INFO - Processing /home/airflow/.local/lib/python3.12/site-packages/airflow/example_dags/example_latest_only_with_trigger.py took 0.128 seconds
[2024-05-02T23:51:27.743+0000] {processor.py:161} INFO - Started process (PID=1282) to work on /home/airflow/.local/lib/python3.12/site-packages/airflow/example_dags/example_latest_only_with_trigger.py
[2024-05-02T23:51:27.744+0000] {processor.py:830} INFO - Processing file /home/airflow/.local/lib/python3.12/site-packages/airflow/example_dags/example_latest_only_with_trigger.py for tasks to queue
[2024-05-02T23:51:27.746+0000] {logging_mixin.py:188} INFO - [2024-05-02T23:51:27.745+0000] {dagbag.py:540} INFO - Filling up the DagBag from /home/airflow/.local/lib/python3.12/site-packages/airflow/example_dags/example_latest_only_with_trigger.py
[2024-05-02T23:51:27.756+0000] {processor.py:840} INFO - DAG(s) 'latest_only_with_trigger' retrieved from /home/airflow/.local/lib/python3.12/site-packages/airflow/example_dags/example_latest_only_with_trigger.py
[2024-05-02T23:51:27.789+0000] {logging_mixin.py:188} INFO - [2024-05-02T23:51:27.788+0000] {dag.py:3096} INFO - Sync 1 DAGs
[2024-05-02T23:51:27.822+0000] {logging_mixin.py:188} INFO - [2024-05-02T23:51:27.822+0000] {dag.py:3954} INFO - Setting next_dagrun for latest_only_with_trigger to 2024-05-02 16:00:00+00:00, run_after=2024-05-02 20:00:00+00:00
[2024-05-02T23:51:27.853+0000] {processor.py:183} INFO - Processing /home/airflow/.local/lib/python3.12/site-packages/airflow/example_dags/example_latest_only_with_trigger.py took 0.120 seconds
[2024-05-02T23:51:57.993+0000] {processor.py:161} INFO - Started process (PID=1340) to work on /home/airflow/.local/lib/python3.12/site-packages/airflow/example_dags/example_latest_only_with_trigger.py
[2024-05-02T23:51:57.994+0000] {processor.py:830} INFO - Processing file /home/airflow/.local/lib/python3.12/site-packages/airflow/example_dags/example_latest_only_with_trigger.py for tasks to queue
[2024-05-02T23:51:57.996+0000] {logging_mixin.py:188} INFO - [2024-05-02T23:51:57.995+0000] {dagbag.py:540} INFO - Filling up the DagBag from /home/airflow/.local/lib/python3.12/site-packages/airflow/example_dags/example_latest_only_with_trigger.py
[2024-05-02T23:51:58.006+0000] {processor.py:840} INFO - DAG(s) 'latest_only_with_trigger' retrieved from /home/airflow/.local/lib/python3.12/site-packages/airflow/example_dags/example_latest_only_with_trigger.py
[2024-05-02T23:51:58.038+0000] {logging_mixin.py:188} INFO - [2024-05-02T23:51:58.038+0000] {dag.py:3096} INFO - Sync 1 DAGs
[2024-05-02T23:51:58.073+0000] {logging_mixin.py:188} INFO - [2024-05-02T23:51:58.073+0000] {dag.py:3954} INFO - Setting next_dagrun for latest_only_with_trigger to 2024-05-02 16:00:00+00:00, run_after=2024-05-02 20:00:00+00:00
[2024-05-02T23:51:58.103+0000] {processor.py:183} INFO - Processing /home/airflow/.local/lib/python3.12/site-packages/airflow/example_dags/example_latest_only_with_trigger.py took 0.120 seconds
[2024-05-02T23:52:28.487+0000] {processor.py:161} INFO - Started process (PID=1399) to work on /home/airflow/.local/lib/python3.12/site-packages/airflow/example_dags/example_latest_only_with_trigger.py
[2024-05-02T23:52:28.488+0000] {processor.py:830} INFO - Processing file /home/airflow/.local/lib/python3.12/site-packages/airflow/example_dags/example_latest_only_with_trigger.py for tasks to queue
[2024-05-02T23:52:28.490+0000] {logging_mixin.py:188} INFO - [2024-05-02T23:52:28.489+0000] {dagbag.py:540} INFO - Filling up the DagBag from /home/airflow/.local/lib/python3.12/site-packages/airflow/example_dags/example_latest_only_with_trigger.py
[2024-05-02T23:52:28.497+0000] {processor.py:840} INFO - DAG(s) 'latest_only_with_trigger' retrieved from /home/airflow/.local/lib/python3.12/site-packages/airflow/example_dags/example_latest_only_with_trigger.py
[2024-05-02T23:52:28.522+0000] {logging_mixin.py:188} INFO - [2024-05-02T23:52:28.522+0000] {dag.py:3096} INFO - Sync 1 DAGs
[2024-05-02T23:52:28.551+0000] {logging_mixin.py:188} INFO - [2024-05-02T23:52:28.551+0000] {dag.py:3954} INFO - Setting next_dagrun for latest_only_with_trigger to 2024-05-02 16:00:00+00:00, run_after=2024-05-02 20:00:00+00:00
[2024-05-02T23:52:28.625+0000] {processor.py:183} INFO - Processing /home/airflow/.local/lib/python3.12/site-packages/airflow/example_dags/example_latest_only_with_trigger.py took 0.146 seconds
[2024-05-02T23:52:58.784+0000] {processor.py:161} INFO - Started process (PID=1457) to work on /home/airflow/.local/lib/python3.12/site-packages/airflow/example_dags/example_latest_only_with_trigger.py
[2024-05-02T23:52:58.785+0000] {processor.py:830} INFO - Processing file /home/airflow/.local/lib/python3.12/site-packages/airflow/example_dags/example_latest_only_with_trigger.py for tasks to queue
[2024-05-02T23:52:58.786+0000] {logging_mixin.py:188} INFO - [2024-05-02T23:52:58.786+0000] {dagbag.py:540} INFO - Filling up the DagBag from /home/airflow/.local/lib/python3.12/site-packages/airflow/example_dags/example_latest_only_with_trigger.py
[2024-05-02T23:52:58.794+0000] {processor.py:840} INFO - DAG(s) 'latest_only_with_trigger' retrieved from /home/airflow/.local/lib/python3.12/site-packages/airflow/example_dags/example_latest_only_with_trigger.py
[2024-05-02T23:52:58.825+0000] {logging_mixin.py:188} INFO - [2024-05-02T23:52:58.825+0000] {dag.py:3096} INFO - Sync 1 DAGs
[2024-05-02T23:52:58.856+0000] {logging_mixin.py:188} INFO - [2024-05-02T23:52:58.855+0000] {dag.py:3954} INFO - Setting next_dagrun for latest_only_with_trigger to 2024-05-02 16:00:00+00:00, run_after=2024-05-02 20:00:00+00:00
[2024-05-02T23:52:58.886+0000] {processor.py:183} INFO - Processing /home/airflow/.local/lib/python3.12/site-packages/airflow/example_dags/example_latest_only_with_trigger.py took 0.110 seconds
[2024-05-02T23:53:29.737+0000] {processor.py:161} INFO - Started process (PID=1515) to work on /home/airflow/.local/lib/python3.12/site-packages/airflow/example_dags/example_latest_only_with_trigger.py
[2024-05-02T23:53:29.738+0000] {processor.py:830} INFO - Processing file /home/airflow/.local/lib/python3.12/site-packages/airflow/example_dags/example_latest_only_with_trigger.py for tasks to queue
[2024-05-02T23:53:29.739+0000] {logging_mixin.py:188} INFO - [2024-05-02T23:53:29.739+0000] {dagbag.py:540} INFO - Filling up the DagBag from /home/airflow/.local/lib/python3.12/site-packages/airflow/example_dags/example_latest_only_with_trigger.py
[2024-05-02T23:53:29.747+0000] {processor.py:840} INFO - DAG(s) 'latest_only_with_trigger' retrieved from /home/airflow/.local/lib/python3.12/site-packages/airflow/example_dags/example_latest_only_with_trigger.py
[2024-05-02T23:53:29.779+0000] {logging_mixin.py:188} INFO - [2024-05-02T23:53:29.778+0000] {dag.py:3096} INFO - Sync 1 DAGs
[2024-05-02T23:53:29.811+0000] {logging_mixin.py:188} INFO - [2024-05-02T23:53:29.810+0000] {dag.py:3954} INFO - Setting next_dagrun for latest_only_with_trigger to 2024-05-02 16:00:00+00:00, run_after=2024-05-02 20:00:00+00:00
[2024-05-02T23:53:29.838+0000] {processor.py:183} INFO - Processing /home/airflow/.local/lib/python3.12/site-packages/airflow/example_dags/example_latest_only_with_trigger.py took 0.111 seconds
[2024-05-02T23:54:00.260+0000] {processor.py:161} INFO - Started process (PID=1573) to work on /home/airflow/.local/lib/python3.12/site-packages/airflow/example_dags/example_latest_only_with_trigger.py
[2024-05-02T23:54:00.262+0000] {processor.py:830} INFO - Processing file /home/airflow/.local/lib/python3.12/site-packages/airflow/example_dags/example_latest_only_with_trigger.py for tasks to queue
[2024-05-02T23:54:00.263+0000] {logging_mixin.py:188} INFO - [2024-05-02T23:54:00.263+0000] {dagbag.py:540} INFO - Filling up the DagBag from /home/airflow/.local/lib/python3.12/site-packages/airflow/example_dags/example_latest_only_with_trigger.py
[2024-05-02T23:54:00.275+0000] {processor.py:840} INFO - DAG(s) 'latest_only_with_trigger' retrieved from /home/airflow/.local/lib/python3.12/site-packages/airflow/example_dags/example_latest_only_with_trigger.py
[2024-05-02T23:54:00.309+0000] {logging_mixin.py:188} INFO - [2024-05-02T23:54:00.309+0000] {dag.py:3096} INFO - Sync 1 DAGs
[2024-05-02T23:54:00.344+0000] {logging_mixin.py:188} INFO - [2024-05-02T23:54:00.344+0000] {dag.py:3954} INFO - Setting next_dagrun for latest_only_with_trigger to 2024-05-02 16:00:00+00:00, run_after=2024-05-02 20:00:00+00:00
[2024-05-02T23:54:00.377+0000] {processor.py:183} INFO - Processing /home/airflow/.local/lib/python3.12/site-packages/airflow/example_dags/example_latest_only_with_trigger.py took 0.126 seconds
[2024-05-02T23:54:30.950+0000] {processor.py:161} INFO - Started process (PID=1631) to work on /home/airflow/.local/lib/python3.12/site-packages/airflow/example_dags/example_latest_only_with_trigger.py
[2024-05-02T23:54:30.951+0000] {processor.py:830} INFO - Processing file /home/airflow/.local/lib/python3.12/site-packages/airflow/example_dags/example_latest_only_with_trigger.py for tasks to queue
[2024-05-02T23:54:30.953+0000] {logging_mixin.py:188} INFO - [2024-05-02T23:54:30.952+0000] {dagbag.py:540} INFO - Filling up the DagBag from /home/airflow/.local/lib/python3.12/site-packages/airflow/example_dags/example_latest_only_with_trigger.py
[2024-05-02T23:54:30.960+0000] {processor.py:840} INFO - DAG(s) 'latest_only_with_trigger' retrieved from /home/airflow/.local/lib/python3.12/site-packages/airflow/example_dags/example_latest_only_with_trigger.py
[2024-05-02T23:54:30.988+0000] {logging_mixin.py:188} INFO - [2024-05-02T23:54:30.987+0000] {dag.py:3096} INFO - Sync 1 DAGs
[2024-05-02T23:54:31.017+0000] {logging_mixin.py:188} INFO - [2024-05-02T23:54:31.016+0000] {dag.py:3954} INFO - Setting next_dagrun for latest_only_with_trigger to 2024-05-02 16:00:00+00:00, run_after=2024-05-02 20:00:00+00:00
[2024-05-02T23:54:31.046+0000] {processor.py:183} INFO - Processing /home/airflow/.local/lib/python3.12/site-packages/airflow/example_dags/example_latest_only_with_trigger.py took 0.103 seconds
[2024-05-02T23:55:01.400+0000] {processor.py:161} INFO - Started process (PID=1689) to work on /home/airflow/.local/lib/python3.12/site-packages/airflow/example_dags/example_latest_only_with_trigger.py
[2024-05-02T23:55:01.401+0000] {processor.py:830} INFO - Processing file /home/airflow/.local/lib/python3.12/site-packages/airflow/example_dags/example_latest_only_with_trigger.py for tasks to queue
[2024-05-02T23:55:01.403+0000] {logging_mixin.py:188} INFO - [2024-05-02T23:55:01.402+0000] {dagbag.py:540} INFO - Filling up the DagBag from /home/airflow/.local/lib/python3.12/site-packages/airflow/example_dags/example_latest_only_with_trigger.py
[2024-05-02T23:55:01.414+0000] {processor.py:840} INFO - DAG(s) 'latest_only_with_trigger' retrieved from /home/airflow/.local/lib/python3.12/site-packages/airflow/example_dags/example_latest_only_with_trigger.py
[2024-05-02T23:55:01.442+0000] {logging_mixin.py:188} INFO - [2024-05-02T23:55:01.442+0000] {dag.py:3096} INFO - Sync 1 DAGs
[2024-05-02T23:55:01.472+0000] {logging_mixin.py:188} INFO - [2024-05-02T23:55:01.472+0000] {dag.py:3954} INFO - Setting next_dagrun for latest_only_with_trigger to 2024-05-02 16:00:00+00:00, run_after=2024-05-02 20:00:00+00:00
[2024-05-02T23:55:01.498+0000] {processor.py:183} INFO - Processing /home/airflow/.local/lib/python3.12/site-packages/airflow/example_dags/example_latest_only_with_trigger.py took 0.108 seconds
[2024-05-02T23:55:31.633+0000] {processor.py:161} INFO - Started process (PID=1746) to work on /home/airflow/.local/lib/python3.12/site-packages/airflow/example_dags/example_latest_only_with_trigger.py
[2024-05-02T23:55:31.634+0000] {processor.py:830} INFO - Processing file /home/airflow/.local/lib/python3.12/site-packages/airflow/example_dags/example_latest_only_with_trigger.py for tasks to queue
[2024-05-02T23:55:31.636+0000] {logging_mixin.py:188} INFO - [2024-05-02T23:55:31.635+0000] {dagbag.py:540} INFO - Filling up the DagBag from /home/airflow/.local/lib/python3.12/site-packages/airflow/example_dags/example_latest_only_with_trigger.py
[2024-05-02T23:55:31.643+0000] {processor.py:840} INFO - DAG(s) 'latest_only_with_trigger' retrieved from /home/airflow/.local/lib/python3.12/site-packages/airflow/example_dags/example_latest_only_with_trigger.py
[2024-05-02T23:55:31.683+0000] {logging_mixin.py:188} INFO - [2024-05-02T23:55:31.682+0000] {dag.py:3096} INFO - Sync 1 DAGs
[2024-05-02T23:55:31.726+0000] {logging_mixin.py:188} INFO - [2024-05-02T23:55:31.726+0000] {dag.py:3954} INFO - Setting next_dagrun for latest_only_with_trigger to 2024-05-02 16:00:00+00:00, run_after=2024-05-02 20:00:00+00:00
[2024-05-02T23:55:31.757+0000] {processor.py:183} INFO - Processing /home/airflow/.local/lib/python3.12/site-packages/airflow/example_dags/example_latest_only_with_trigger.py took 0.134 seconds
[2024-05-02T23:56:01.920+0000] {processor.py:161} INFO - Started process (PID=1803) to work on /home/airflow/.local/lib/python3.12/site-packages/airflow/example_dags/example_latest_only_with_trigger.py
[2024-05-02T23:56:01.921+0000] {processor.py:830} INFO - Processing file /home/airflow/.local/lib/python3.12/site-packages/airflow/example_dags/example_latest_only_with_trigger.py for tasks to queue
[2024-05-02T23:56:01.922+0000] {logging_mixin.py:188} INFO - [2024-05-02T23:56:01.922+0000] {dagbag.py:540} INFO - Filling up the DagBag from /home/airflow/.local/lib/python3.12/site-packages/airflow/example_dags/example_latest_only_with_trigger.py
[2024-05-02T23:56:01.933+0000] {processor.py:840} INFO - DAG(s) 'latest_only_with_trigger' retrieved from /home/airflow/.local/lib/python3.12/site-packages/airflow/example_dags/example_latest_only_with_trigger.py
[2024-05-02T23:56:01.966+0000] {logging_mixin.py:188} INFO - [2024-05-02T23:56:01.965+0000] {dag.py:3096} INFO - Sync 1 DAGs
[2024-05-02T23:56:01.997+0000] {logging_mixin.py:188} INFO - [2024-05-02T23:56:01.996+0000] {dag.py:3954} INFO - Setting next_dagrun for latest_only_with_trigger to 2024-05-02 16:00:00+00:00, run_after=2024-05-02 20:00:00+00:00
[2024-05-02T23:56:02.025+0000] {processor.py:183} INFO - Processing /home/airflow/.local/lib/python3.12/site-packages/airflow/example_dags/example_latest_only_with_trigger.py took 0.113 seconds
[2024-05-02T23:56:32.168+0000] {processor.py:161} INFO - Started process (PID=1861) to work on /home/airflow/.local/lib/python3.12/site-packages/airflow/example_dags/example_latest_only_with_trigger.py
[2024-05-02T23:56:32.169+0000] {processor.py:830} INFO - Processing file /home/airflow/.local/lib/python3.12/site-packages/airflow/example_dags/example_latest_only_with_trigger.py for tasks to queue
[2024-05-02T23:56:32.170+0000] {logging_mixin.py:188} INFO - [2024-05-02T23:56:32.170+0000] {dagbag.py:540} INFO - Filling up the DagBag from /home/airflow/.local/lib/python3.12/site-packages/airflow/example_dags/example_latest_only_with_trigger.py
[2024-05-02T23:56:32.181+0000] {processor.py:840} INFO - DAG(s) 'latest_only_with_trigger' retrieved from /home/airflow/.local/lib/python3.12/site-packages/airflow/example_dags/example_latest_only_with_trigger.py
[2024-05-02T23:56:32.213+0000] {logging_mixin.py:188} INFO - [2024-05-02T23:56:32.213+0000] {dag.py:3096} INFO - Sync 1 DAGs
[2024-05-02T23:56:32.248+0000] {logging_mixin.py:188} INFO - [2024-05-02T23:56:32.248+0000] {dag.py:3954} INFO - Setting next_dagrun for latest_only_with_trigger to 2024-05-02 16:00:00+00:00, run_after=2024-05-02 20:00:00+00:00
[2024-05-02T23:56:32.278+0000] {processor.py:183} INFO - Processing /home/airflow/.local/lib/python3.12/site-packages/airflow/example_dags/example_latest_only_with_trigger.py took 0.117 seconds
[2024-05-02T23:57:02.996+0000] {processor.py:161} INFO - Started process (PID=1919) to work on /home/airflow/.local/lib/python3.12/site-packages/airflow/example_dags/example_latest_only_with_trigger.py
[2024-05-02T23:57:02.998+0000] {processor.py:830} INFO - Processing file /home/airflow/.local/lib/python3.12/site-packages/airflow/example_dags/example_latest_only_with_trigger.py for tasks to queue
[2024-05-02T23:57:02.999+0000] {logging_mixin.py:188} INFO - [2024-05-02T23:57:02.999+0000] {dagbag.py:540} INFO - Filling up the DagBag from /home/airflow/.local/lib/python3.12/site-packages/airflow/example_dags/example_latest_only_with_trigger.py
[2024-05-02T23:57:03.009+0000] {processor.py:840} INFO - DAG(s) 'latest_only_with_trigger' retrieved from /home/airflow/.local/lib/python3.12/site-packages/airflow/example_dags/example_latest_only_with_trigger.py
[2024-05-02T23:57:03.037+0000] {logging_mixin.py:188} INFO - [2024-05-02T23:57:03.036+0000] {dag.py:3096} INFO - Sync 1 DAGs
[2024-05-02T23:57:03.066+0000] {logging_mixin.py:188} INFO - [2024-05-02T23:57:03.066+0000] {dag.py:3954} INFO - Setting next_dagrun for latest_only_with_trigger to 2024-05-02 16:00:00+00:00, run_after=2024-05-02 20:00:00+00:00
[2024-05-02T23:57:03.095+0000] {processor.py:183} INFO - Processing /home/airflow/.local/lib/python3.12/site-packages/airflow/example_dags/example_latest_only_with_trigger.py took 0.109 seconds
