[2024-05-02T05:54:04.363+0000] {processor.py:161} INFO - Started process (PID=33) to work on /home/airflow/.local/lib/python3.12/site-packages/airflow/example_dags/example_branch_python_dop_operator_3.py
[2024-05-02T05:54:04.372+0000] {processor.py:830} INFO - Processing file /home/airflow/.local/lib/python3.12/site-packages/airflow/example_dags/example_branch_python_dop_operator_3.py for tasks to queue
[2024-05-02T05:54:04.408+0000] {logging_mixin.py:188} INFO - [2024-05-02T05:54:04.407+0000] {dagbag.py:540} INFO - Filling up the DagBag from /home/airflow/.local/lib/python3.12/site-packages/airflow/example_dags/example_branch_python_dop_operator_3.py
[2024-05-02T05:54:04.549+0000] {processor.py:840} INFO - DAG(s) 'example_branch_dop_operator_v3' retrieved from /home/airflow/.local/lib/python3.12/site-packages/airflow/example_dags/example_branch_python_dop_operator_3.py
[2024-05-02T05:54:05.717+0000] {logging_mixin.py:188} INFO - [2024-05-02T05:54:05.716+0000] {dag.py:3096} INFO - Sync 1 DAGs
[2024-05-02T05:54:06.072+0000] {logging_mixin.py:188} INFO - [2024-05-02T05:54:06.071+0000] {dag.py:3954} INFO - Setting next_dagrun for example_branch_dop_operator_v3 to 2024-05-02 05:53:00+00:00, run_after=2024-05-02 05:54:00+00:00
[2024-05-02T05:54:06.497+0000] {processor.py:183} INFO - Processing /home/airflow/.local/lib/python3.12/site-packages/airflow/example_dags/example_branch_python_dop_operator_3.py took 2.213 seconds
[2024-05-02T05:54:37.964+0000] {processor.py:161} INFO - Started process (PID=99) to work on /home/airflow/.local/lib/python3.12/site-packages/airflow/example_dags/example_branch_python_dop_operator_3.py
[2024-05-02T05:54:37.968+0000] {processor.py:830} INFO - Processing file /home/airflow/.local/lib/python3.12/site-packages/airflow/example_dags/example_branch_python_dop_operator_3.py for tasks to queue
[2024-05-02T05:54:37.979+0000] {logging_mixin.py:188} INFO - [2024-05-02T05:54:37.978+0000] {dagbag.py:540} INFO - Filling up the DagBag from /home/airflow/.local/lib/python3.12/site-packages/airflow/example_dags/example_branch_python_dop_operator_3.py
[2024-05-02T05:54:38.051+0000] {processor.py:840} INFO - DAG(s) 'example_branch_dop_operator_v3' retrieved from /home/airflow/.local/lib/python3.12/site-packages/airflow/example_dags/example_branch_python_dop_operator_3.py
[2024-05-02T05:54:38.121+0000] {logging_mixin.py:188} INFO - [2024-05-02T05:54:38.120+0000] {dag.py:3096} INFO - Sync 1 DAGs
[2024-05-02T05:54:38.244+0000] {logging_mixin.py:188} INFO - [2024-05-02T05:54:38.243+0000] {dag.py:3954} INFO - Setting next_dagrun for example_branch_dop_operator_v3 to 2024-05-02 05:53:00+00:00, run_after=2024-05-02 05:54:00+00:00
[2024-05-02T05:54:38.318+0000] {processor.py:183} INFO - Processing /home/airflow/.local/lib/python3.12/site-packages/airflow/example_dags/example_branch_python_dop_operator_3.py took 0.372 seconds
[2024-05-02T05:55:08.754+0000] {processor.py:161} INFO - Started process (PID=157) to work on /home/airflow/.local/lib/python3.12/site-packages/airflow/example_dags/example_branch_python_dop_operator_3.py
[2024-05-02T05:55:08.768+0000] {processor.py:830} INFO - Processing file /home/airflow/.local/lib/python3.12/site-packages/airflow/example_dags/example_branch_python_dop_operator_3.py for tasks to queue
[2024-05-02T05:55:08.787+0000] {logging_mixin.py:188} INFO - [2024-05-02T05:55:08.786+0000] {dagbag.py:540} INFO - Filling up the DagBag from /home/airflow/.local/lib/python3.12/site-packages/airflow/example_dags/example_branch_python_dop_operator_3.py
[2024-05-02T05:55:08.844+0000] {processor.py:840} INFO - DAG(s) 'example_branch_dop_operator_v3' retrieved from /home/airflow/.local/lib/python3.12/site-packages/airflow/example_dags/example_branch_python_dop_operator_3.py
[2024-05-02T05:55:09.140+0000] {logging_mixin.py:188} INFO - [2024-05-02T05:55:09.138+0000] {dag.py:3096} INFO - Sync 1 DAGs
[2024-05-02T05:55:09.689+0000] {logging_mixin.py:188} INFO - [2024-05-02T05:55:09.689+0000] {dag.py:3954} INFO - Setting next_dagrun for example_branch_dop_operator_v3 to 2024-05-02 05:54:00+00:00, run_after=2024-05-02 05:55:00+00:00
[2024-05-02T05:55:10.001+0000] {processor.py:183} INFO - Processing /home/airflow/.local/lib/python3.12/site-packages/airflow/example_dags/example_branch_python_dop_operator_3.py took 1.340 seconds
[2024-05-02T05:55:42.310+0000] {processor.py:161} INFO - Started process (PID=213) to work on /home/airflow/.local/lib/python3.12/site-packages/airflow/example_dags/example_branch_python_dop_operator_3.py
[2024-05-02T05:55:42.436+0000] {processor.py:830} INFO - Processing file /home/airflow/.local/lib/python3.12/site-packages/airflow/example_dags/example_branch_python_dop_operator_3.py for tasks to queue
[2024-05-02T05:55:42.546+0000] {logging_mixin.py:188} INFO - [2024-05-02T05:55:42.545+0000] {dagbag.py:540} INFO - Filling up the DagBag from /home/airflow/.local/lib/python3.12/site-packages/airflow/example_dags/example_branch_python_dop_operator_3.py
[2024-05-02T05:55:42.718+0000] {processor.py:840} INFO - DAG(s) 'example_branch_dop_operator_v3' retrieved from /home/airflow/.local/lib/python3.12/site-packages/airflow/example_dags/example_branch_python_dop_operator_3.py
[2024-05-02T05:55:43.255+0000] {logging_mixin.py:188} INFO - [2024-05-02T05:55:43.253+0000] {dag.py:3096} INFO - Sync 1 DAGs
[2024-05-02T05:55:43.671+0000] {logging_mixin.py:188} INFO - [2024-05-02T05:55:43.671+0000] {dag.py:3954} INFO - Setting next_dagrun for example_branch_dop_operator_v3 to 2024-05-02 05:54:00+00:00, run_after=2024-05-02 05:55:00+00:00
[2024-05-02T05:55:43.931+0000] {processor.py:183} INFO - Processing /home/airflow/.local/lib/python3.12/site-packages/airflow/example_dags/example_branch_python_dop_operator_3.py took 1.841 seconds
[2024-05-02T05:56:48.105+0000] {processor.py:161} INFO - Started process (PID=259) to work on /home/airflow/.local/lib/python3.12/site-packages/airflow/example_dags/example_branch_python_dop_operator_3.py
[2024-05-02T05:56:48.122+0000] {processor.py:830} INFO - Processing file /home/airflow/.local/lib/python3.12/site-packages/airflow/example_dags/example_branch_python_dop_operator_3.py for tasks to queue
[2024-05-02T05:56:48.149+0000] {logging_mixin.py:188} INFO - [2024-05-02T05:56:48.147+0000] {dagbag.py:540} INFO - Filling up the DagBag from /home/airflow/.local/lib/python3.12/site-packages/airflow/example_dags/example_branch_python_dop_operator_3.py
[2024-05-02T05:56:48.246+0000] {processor.py:840} INFO - DAG(s) 'example_branch_dop_operator_v3' retrieved from /home/airflow/.local/lib/python3.12/site-packages/airflow/example_dags/example_branch_python_dop_operator_3.py
[2024-05-02T05:56:48.512+0000] {logging_mixin.py:188} INFO - [2024-05-02T05:56:48.512+0000] {dag.py:3096} INFO - Sync 1 DAGs
[2024-05-02T05:56:48.894+0000] {logging_mixin.py:188} INFO - [2024-05-02T05:56:48.894+0000] {dag.py:3954} INFO - Setting next_dagrun for example_branch_dop_operator_v3 to 2024-05-02 05:55:00+00:00, run_after=2024-05-02 05:56:00+00:00
[2024-05-02T05:56:49.330+0000] {processor.py:183} INFO - Processing /home/airflow/.local/lib/python3.12/site-packages/airflow/example_dags/example_branch_python_dop_operator_3.py took 1.336 seconds
[2024-05-02T05:57:32.249+0000] {processor.py:161} INFO - Started process (PID=300) to work on /home/airflow/.local/lib/python3.12/site-packages/airflow/example_dags/example_branch_python_dop_operator_3.py
[2024-05-02T05:57:32.266+0000] {processor.py:830} INFO - Processing file /home/airflow/.local/lib/python3.12/site-packages/airflow/example_dags/example_branch_python_dop_operator_3.py for tasks to queue
[2024-05-02T05:57:32.274+0000] {logging_mixin.py:188} INFO - [2024-05-02T05:57:32.273+0000] {dagbag.py:540} INFO - Filling up the DagBag from /home/airflow/.local/lib/python3.12/site-packages/airflow/example_dags/example_branch_python_dop_operator_3.py
[2024-05-02T05:57:32.434+0000] {processor.py:840} INFO - DAG(s) 'example_branch_dop_operator_v3' retrieved from /home/airflow/.local/lib/python3.12/site-packages/airflow/example_dags/example_branch_python_dop_operator_3.py
[2024-05-02T05:57:33.272+0000] {logging_mixin.py:188} INFO - [2024-05-02T05:57:33.272+0000] {dag.py:3096} INFO - Sync 1 DAGs
[2024-05-02T05:57:33.963+0000] {logging_mixin.py:188} INFO - [2024-05-02T05:57:33.952+0000] {dag.py:3954} INFO - Setting next_dagrun for example_branch_dop_operator_v3 to 2024-05-02 05:56:00+00:00, run_after=2024-05-02 05:57:00+00:00
[2024-05-02T05:57:34.211+0000] {processor.py:183} INFO - Processing /home/airflow/.local/lib/python3.12/site-packages/airflow/example_dags/example_branch_python_dop_operator_3.py took 2.118 seconds
[2024-05-02T05:58:30.817+0000] {processor.py:161} INFO - Started process (PID=340) to work on /home/airflow/.local/lib/python3.12/site-packages/airflow/example_dags/example_branch_python_dop_operator_3.py
[2024-05-02T05:58:30.853+0000] {processor.py:830} INFO - Processing file /home/airflow/.local/lib/python3.12/site-packages/airflow/example_dags/example_branch_python_dop_operator_3.py for tasks to queue
[2024-05-02T05:58:30.900+0000] {logging_mixin.py:188} INFO - [2024-05-02T05:58:30.899+0000] {dagbag.py:540} INFO - Filling up the DagBag from /home/airflow/.local/lib/python3.12/site-packages/airflow/example_dags/example_branch_python_dop_operator_3.py
[2024-05-02T05:58:31.512+0000] {processor.py:840} INFO - DAG(s) 'example_branch_dop_operator_v3' retrieved from /home/airflow/.local/lib/python3.12/site-packages/airflow/example_dags/example_branch_python_dop_operator_3.py
[2024-05-02T05:58:32.456+0000] {logging_mixin.py:188} INFO - [2024-05-02T05:58:32.455+0000] {dag.py:3096} INFO - Sync 1 DAGs
[2024-05-02T05:58:33.794+0000] {logging_mixin.py:188} INFO - [2024-05-02T05:58:33.793+0000] {dag.py:3954} INFO - Setting next_dagrun for example_branch_dop_operator_v3 to 2024-05-02 05:57:00+00:00, run_after=2024-05-02 05:58:00+00:00
[2024-05-02T05:58:34.927+0000] {processor.py:183} INFO - Processing /home/airflow/.local/lib/python3.12/site-packages/airflow/example_dags/example_branch_python_dop_operator_3.py took 4.303 seconds
[2024-05-02T23:42:50.117+0000] {processor.py:161} INFO - Started process (PID=380) to work on /home/airflow/.local/lib/python3.12/site-packages/airflow/example_dags/example_branch_python_dop_operator_3.py
[2024-05-02T23:42:50.130+0000] {processor.py:830} INFO - Processing file /home/airflow/.local/lib/python3.12/site-packages/airflow/example_dags/example_branch_python_dop_operator_3.py for tasks to queue
[2024-05-02T23:42:50.138+0000] {logging_mixin.py:188} INFO - [2024-05-02T23:42:50.135+0000] {dagbag.py:540} INFO - Filling up the DagBag from /home/airflow/.local/lib/python3.12/site-packages/airflow/example_dags/example_branch_python_dop_operator_3.py
[2024-05-02T23:42:50.169+0000] {processor.py:840} INFO - DAG(s) 'example_branch_dop_operator_v3' retrieved from /home/airflow/.local/lib/python3.12/site-packages/airflow/example_dags/example_branch_python_dop_operator_3.py
[2024-05-02T23:42:50.227+0000] {logging_mixin.py:188} INFO - [2024-05-02T23:42:50.227+0000] {dag.py:3096} INFO - Sync 1 DAGs
[2024-05-02T23:42:50.363+0000] {logging_mixin.py:188} INFO - [2024-05-02T23:42:50.361+0000] {dag.py:3954} INFO - Setting next_dagrun for example_branch_dop_operator_v3 to 2024-05-02 23:41:00+00:00, run_after=2024-05-02 23:42:00+00:00
[2024-05-02T23:42:50.462+0000] {processor.py:183} INFO - Processing /home/airflow/.local/lib/python3.12/site-packages/airflow/example_dags/example_branch_python_dop_operator_3.py took 0.374 seconds
[2024-05-02T23:43:23.015+0000] {processor.py:161} INFO - Started process (PID=435) to work on /home/airflow/.local/lib/python3.12/site-packages/airflow/example_dags/example_branch_python_dop_operator_3.py
[2024-05-02T23:43:23.051+0000] {processor.py:830} INFO - Processing file /home/airflow/.local/lib/python3.12/site-packages/airflow/example_dags/example_branch_python_dop_operator_3.py for tasks to queue
[2024-05-02T23:43:23.055+0000] {logging_mixin.py:188} INFO - [2024-05-02T23:43:23.053+0000] {dagbag.py:540} INFO - Filling up the DagBag from /home/airflow/.local/lib/python3.12/site-packages/airflow/example_dags/example_branch_python_dop_operator_3.py
[2024-05-02T23:43:23.645+0000] {processor.py:840} INFO - DAG(s) 'example_branch_dop_operator_v3' retrieved from /home/airflow/.local/lib/python3.12/site-packages/airflow/example_dags/example_branch_python_dop_operator_3.py
[2024-05-02T23:43:24.140+0000] {logging_mixin.py:188} INFO - [2024-05-02T23:43:24.137+0000] {dag.py:3096} INFO - Sync 1 DAGs
[2024-05-02T23:43:24.656+0000] {logging_mixin.py:188} INFO - [2024-05-02T23:43:24.652+0000] {dag.py:3954} INFO - Setting next_dagrun for example_branch_dop_operator_v3 to 2024-05-02 23:42:00+00:00, run_after=2024-05-02 23:43:00+00:00
[2024-05-02T23:43:25.302+0000] {processor.py:183} INFO - Processing /home/airflow/.local/lib/python3.12/site-packages/airflow/example_dags/example_branch_python_dop_operator_3.py took 2.361 seconds
[2024-05-02T23:44:20.055+0000] {processor.py:161} INFO - Started process (PID=471) to work on /home/airflow/.local/lib/python3.12/site-packages/airflow/example_dags/example_branch_python_dop_operator_3.py
[2024-05-02T23:44:20.057+0000] {processor.py:830} INFO - Processing file /home/airflow/.local/lib/python3.12/site-packages/airflow/example_dags/example_branch_python_dop_operator_3.py for tasks to queue
[2024-05-02T23:44:20.059+0000] {logging_mixin.py:188} INFO - [2024-05-02T23:44:20.058+0000] {dagbag.py:540} INFO - Filling up the DagBag from /home/airflow/.local/lib/python3.12/site-packages/airflow/example_dags/example_branch_python_dop_operator_3.py
[2024-05-02T23:44:20.076+0000] {processor.py:840} INFO - DAG(s) 'example_branch_dop_operator_v3' retrieved from /home/airflow/.local/lib/python3.12/site-packages/airflow/example_dags/example_branch_python_dop_operator_3.py
[2024-05-02T23:44:20.271+0000] {logging_mixin.py:188} INFO - [2024-05-02T23:44:20.270+0000] {dag.py:3096} INFO - Sync 1 DAGs
[2024-05-02T23:44:20.558+0000] {logging_mixin.py:188} INFO - [2024-05-02T23:44:20.558+0000] {dag.py:3954} INFO - Setting next_dagrun for example_branch_dop_operator_v3 to 2024-05-02 23:43:00+00:00, run_after=2024-05-02 23:44:00+00:00
[2024-05-02T23:44:20.595+0000] {processor.py:183} INFO - Processing /home/airflow/.local/lib/python3.12/site-packages/airflow/example_dags/example_branch_python_dop_operator_3.py took 0.552 seconds
[2024-05-02T23:44:51.564+0000] {processor.py:161} INFO - Started process (PID=529) to work on /home/airflow/.local/lib/python3.12/site-packages/airflow/example_dags/example_branch_python_dop_operator_3.py
[2024-05-02T23:44:51.566+0000] {processor.py:830} INFO - Processing file /home/airflow/.local/lib/python3.12/site-packages/airflow/example_dags/example_branch_python_dop_operator_3.py for tasks to queue
[2024-05-02T23:44:51.568+0000] {logging_mixin.py:188} INFO - [2024-05-02T23:44:51.567+0000] {dagbag.py:540} INFO - Filling up the DagBag from /home/airflow/.local/lib/python3.12/site-packages/airflow/example_dags/example_branch_python_dop_operator_3.py
[2024-05-02T23:44:51.584+0000] {processor.py:840} INFO - DAG(s) 'example_branch_dop_operator_v3' retrieved from /home/airflow/.local/lib/python3.12/site-packages/airflow/example_dags/example_branch_python_dop_operator_3.py
[2024-05-02T23:44:51.622+0000] {logging_mixin.py:188} INFO - [2024-05-02T23:44:51.622+0000] {dag.py:3096} INFO - Sync 1 DAGs
[2024-05-02T23:44:51.661+0000] {logging_mixin.py:188} INFO - [2024-05-02T23:44:51.660+0000] {dag.py:3954} INFO - Setting next_dagrun for example_branch_dop_operator_v3 to 2024-05-02 23:43:00+00:00, run_after=2024-05-02 23:44:00+00:00
[2024-05-02T23:44:51.692+0000] {processor.py:183} INFO - Processing /home/airflow/.local/lib/python3.12/site-packages/airflow/example_dags/example_branch_python_dop_operator_3.py took 0.138 seconds
[2024-05-02T23:45:23.870+0000] {processor.py:161} INFO - Started process (PID=588) to work on /home/airflow/.local/lib/python3.12/site-packages/airflow/example_dags/example_branch_python_dop_operator_3.py
[2024-05-02T23:45:23.875+0000] {processor.py:830} INFO - Processing file /home/airflow/.local/lib/python3.12/site-packages/airflow/example_dags/example_branch_python_dop_operator_3.py for tasks to queue
[2024-05-02T23:45:23.882+0000] {logging_mixin.py:188} INFO - [2024-05-02T23:45:23.878+0000] {dagbag.py:540} INFO - Filling up the DagBag from /home/airflow/.local/lib/python3.12/site-packages/airflow/example_dags/example_branch_python_dop_operator_3.py
[2024-05-02T23:45:23.915+0000] {processor.py:840} INFO - DAG(s) 'example_branch_dop_operator_v3' retrieved from /home/airflow/.local/lib/python3.12/site-packages/airflow/example_dags/example_branch_python_dop_operator_3.py
[2024-05-02T23:45:24.007+0000] {logging_mixin.py:188} INFO - [2024-05-02T23:45:24.007+0000] {dag.py:3096} INFO - Sync 1 DAGs
[2024-05-02T23:45:24.090+0000] {logging_mixin.py:188} INFO - [2024-05-02T23:45:24.090+0000] {dag.py:3954} INFO - Setting next_dagrun for example_branch_dop_operator_v3 to 2024-05-02 23:44:00+00:00, run_after=2024-05-02 23:45:00+00:00
[2024-05-02T23:45:24.154+0000] {processor.py:183} INFO - Processing /home/airflow/.local/lib/python3.12/site-packages/airflow/example_dags/example_branch_python_dop_operator_3.py took 0.305 seconds
[2024-05-02T23:45:54.562+0000] {processor.py:161} INFO - Started process (PID=646) to work on /home/airflow/.local/lib/python3.12/site-packages/airflow/example_dags/example_branch_python_dop_operator_3.py
[2024-05-02T23:45:54.563+0000] {processor.py:830} INFO - Processing file /home/airflow/.local/lib/python3.12/site-packages/airflow/example_dags/example_branch_python_dop_operator_3.py for tasks to queue
[2024-05-02T23:45:54.565+0000] {logging_mixin.py:188} INFO - [2024-05-02T23:45:54.564+0000] {dagbag.py:540} INFO - Filling up the DagBag from /home/airflow/.local/lib/python3.12/site-packages/airflow/example_dags/example_branch_python_dop_operator_3.py
[2024-05-02T23:45:54.580+0000] {processor.py:840} INFO - DAG(s) 'example_branch_dop_operator_v3' retrieved from /home/airflow/.local/lib/python3.12/site-packages/airflow/example_dags/example_branch_python_dop_operator_3.py
[2024-05-02T23:45:54.609+0000] {logging_mixin.py:188} INFO - [2024-05-02T23:45:54.609+0000] {dag.py:3096} INFO - Sync 1 DAGs
[2024-05-02T23:45:54.644+0000] {logging_mixin.py:188} INFO - [2024-05-02T23:45:54.644+0000] {dag.py:3954} INFO - Setting next_dagrun for example_branch_dop_operator_v3 to 2024-05-02 23:44:00+00:00, run_after=2024-05-02 23:45:00+00:00
[2024-05-02T23:45:54.668+0000] {processor.py:183} INFO - Processing /home/airflow/.local/lib/python3.12/site-packages/airflow/example_dags/example_branch_python_dop_operator_3.py took 0.117 seconds
[2024-05-02T23:46:24.800+0000] {processor.py:161} INFO - Started process (PID=703) to work on /home/airflow/.local/lib/python3.12/site-packages/airflow/example_dags/example_branch_python_dop_operator_3.py
[2024-05-02T23:46:24.801+0000] {processor.py:830} INFO - Processing file /home/airflow/.local/lib/python3.12/site-packages/airflow/example_dags/example_branch_python_dop_operator_3.py for tasks to queue
[2024-05-02T23:46:24.803+0000] {logging_mixin.py:188} INFO - [2024-05-02T23:46:24.802+0000] {dagbag.py:540} INFO - Filling up the DagBag from /home/airflow/.local/lib/python3.12/site-packages/airflow/example_dags/example_branch_python_dop_operator_3.py
[2024-05-02T23:46:24.815+0000] {processor.py:840} INFO - DAG(s) 'example_branch_dop_operator_v3' retrieved from /home/airflow/.local/lib/python3.12/site-packages/airflow/example_dags/example_branch_python_dop_operator_3.py
[2024-05-02T23:46:24.843+0000] {logging_mixin.py:188} INFO - [2024-05-02T23:46:24.843+0000] {dag.py:3096} INFO - Sync 1 DAGs
[2024-05-02T23:46:24.875+0000] {logging_mixin.py:188} INFO - [2024-05-02T23:46:24.875+0000] {dag.py:3954} INFO - Setting next_dagrun for example_branch_dop_operator_v3 to 2024-05-02 23:45:00+00:00, run_after=2024-05-02 23:46:00+00:00
[2024-05-02T23:46:24.903+0000] {processor.py:183} INFO - Processing /home/airflow/.local/lib/python3.12/site-packages/airflow/example_dags/example_branch_python_dop_operator_3.py took 0.111 seconds
[2024-05-02T23:46:55.060+0000] {processor.py:161} INFO - Started process (PID=761) to work on /home/airflow/.local/lib/python3.12/site-packages/airflow/example_dags/example_branch_python_dop_operator_3.py
[2024-05-02T23:46:55.061+0000] {processor.py:830} INFO - Processing file /home/airflow/.local/lib/python3.12/site-packages/airflow/example_dags/example_branch_python_dop_operator_3.py for tasks to queue
[2024-05-02T23:46:55.062+0000] {logging_mixin.py:188} INFO - [2024-05-02T23:46:55.062+0000] {dagbag.py:540} INFO - Filling up the DagBag from /home/airflow/.local/lib/python3.12/site-packages/airflow/example_dags/example_branch_python_dop_operator_3.py
[2024-05-02T23:46:55.076+0000] {processor.py:840} INFO - DAG(s) 'example_branch_dop_operator_v3' retrieved from /home/airflow/.local/lib/python3.12/site-packages/airflow/example_dags/example_branch_python_dop_operator_3.py
[2024-05-02T23:46:55.108+0000] {logging_mixin.py:188} INFO - [2024-05-02T23:46:55.107+0000] {dag.py:3096} INFO - Sync 1 DAGs
[2024-05-02T23:46:55.144+0000] {logging_mixin.py:188} INFO - [2024-05-02T23:46:55.143+0000] {dag.py:3954} INFO - Setting next_dagrun for example_branch_dop_operator_v3 to 2024-05-02 23:45:00+00:00, run_after=2024-05-02 23:46:00+00:00
[2024-05-02T23:46:55.167+0000] {processor.py:183} INFO - Processing /home/airflow/.local/lib/python3.12/site-packages/airflow/example_dags/example_branch_python_dop_operator_3.py took 0.118 seconds
[2024-05-02T23:47:25.491+0000] {processor.py:161} INFO - Started process (PID=819) to work on /home/airflow/.local/lib/python3.12/site-packages/airflow/example_dags/example_branch_python_dop_operator_3.py
[2024-05-02T23:47:25.493+0000] {processor.py:830} INFO - Processing file /home/airflow/.local/lib/python3.12/site-packages/airflow/example_dags/example_branch_python_dop_operator_3.py for tasks to queue
[2024-05-02T23:47:25.495+0000] {logging_mixin.py:188} INFO - [2024-05-02T23:47:25.494+0000] {dagbag.py:540} INFO - Filling up the DagBag from /home/airflow/.local/lib/python3.12/site-packages/airflow/example_dags/example_branch_python_dop_operator_3.py
[2024-05-02T23:47:25.513+0000] {processor.py:840} INFO - DAG(s) 'example_branch_dop_operator_v3' retrieved from /home/airflow/.local/lib/python3.12/site-packages/airflow/example_dags/example_branch_python_dop_operator_3.py
[2024-05-02T23:47:25.556+0000] {logging_mixin.py:188} INFO - [2024-05-02T23:47:25.556+0000] {dag.py:3096} INFO - Sync 1 DAGs
[2024-05-02T23:47:25.601+0000] {logging_mixin.py:188} INFO - [2024-05-02T23:47:25.600+0000] {dag.py:3954} INFO - Setting next_dagrun for example_branch_dop_operator_v3 to 2024-05-02 23:46:00+00:00, run_after=2024-05-02 23:47:00+00:00
[2024-05-02T23:47:25.631+0000] {processor.py:183} INFO - Processing /home/airflow/.local/lib/python3.12/site-packages/airflow/example_dags/example_branch_python_dop_operator_3.py took 0.150 seconds
[2024-05-02T23:47:55.747+0000] {processor.py:161} INFO - Started process (PID=877) to work on /home/airflow/.local/lib/python3.12/site-packages/airflow/example_dags/example_branch_python_dop_operator_3.py
[2024-05-02T23:47:55.749+0000] {processor.py:830} INFO - Processing file /home/airflow/.local/lib/python3.12/site-packages/airflow/example_dags/example_branch_python_dop_operator_3.py for tasks to queue
[2024-05-02T23:47:55.751+0000] {logging_mixin.py:188} INFO - [2024-05-02T23:47:55.750+0000] {dagbag.py:540} INFO - Filling up the DagBag from /home/airflow/.local/lib/python3.12/site-packages/airflow/example_dags/example_branch_python_dop_operator_3.py
[2024-05-02T23:47:55.761+0000] {processor.py:840} INFO - DAG(s) 'example_branch_dop_operator_v3' retrieved from /home/airflow/.local/lib/python3.12/site-packages/airflow/example_dags/example_branch_python_dop_operator_3.py
[2024-05-02T23:47:55.787+0000] {logging_mixin.py:188} INFO - [2024-05-02T23:47:55.787+0000] {dag.py:3096} INFO - Sync 1 DAGs
[2024-05-02T23:47:55.823+0000] {logging_mixin.py:188} INFO - [2024-05-02T23:47:55.823+0000] {dag.py:3954} INFO - Setting next_dagrun for example_branch_dop_operator_v3 to 2024-05-02 23:46:00+00:00, run_after=2024-05-02 23:47:00+00:00
[2024-05-02T23:47:55.845+0000] {processor.py:183} INFO - Processing /home/airflow/.local/lib/python3.12/site-packages/airflow/example_dags/example_branch_python_dop_operator_3.py took 0.108 seconds
[2024-05-02T23:48:26.147+0000] {processor.py:161} INFO - Started process (PID=935) to work on /home/airflow/.local/lib/python3.12/site-packages/airflow/example_dags/example_branch_python_dop_operator_3.py
[2024-05-02T23:48:26.148+0000] {processor.py:830} INFO - Processing file /home/airflow/.local/lib/python3.12/site-packages/airflow/example_dags/example_branch_python_dop_operator_3.py for tasks to queue
[2024-05-02T23:48:26.150+0000] {logging_mixin.py:188} INFO - [2024-05-02T23:48:26.149+0000] {dagbag.py:540} INFO - Filling up the DagBag from /home/airflow/.local/lib/python3.12/site-packages/airflow/example_dags/example_branch_python_dop_operator_3.py
[2024-05-02T23:48:26.160+0000] {processor.py:840} INFO - DAG(s) 'example_branch_dop_operator_v3' retrieved from /home/airflow/.local/lib/python3.12/site-packages/airflow/example_dags/example_branch_python_dop_operator_3.py
[2024-05-02T23:48:26.191+0000] {logging_mixin.py:188} INFO - [2024-05-02T23:48:26.191+0000] {dag.py:3096} INFO - Sync 1 DAGs
[2024-05-02T23:48:26.223+0000] {logging_mixin.py:188} INFO - [2024-05-02T23:48:26.223+0000] {dag.py:3954} INFO - Setting next_dagrun for example_branch_dop_operator_v3 to 2024-05-02 23:47:00+00:00, run_after=2024-05-02 23:48:00+00:00
[2024-05-02T23:48:26.251+0000] {processor.py:183} INFO - Processing /home/airflow/.local/lib/python3.12/site-packages/airflow/example_dags/example_branch_python_dop_operator_3.py took 0.111 seconds
[2024-05-02T23:48:56.331+0000] {processor.py:161} INFO - Started process (PID=989) to work on /home/airflow/.local/lib/python3.12/site-packages/airflow/example_dags/example_branch_python_dop_operator_3.py
[2024-05-02T23:48:56.333+0000] {processor.py:830} INFO - Processing file /home/airflow/.local/lib/python3.12/site-packages/airflow/example_dags/example_branch_python_dop_operator_3.py for tasks to queue
[2024-05-02T23:48:56.334+0000] {logging_mixin.py:188} INFO - [2024-05-02T23:48:56.334+0000] {dagbag.py:540} INFO - Filling up the DagBag from /home/airflow/.local/lib/python3.12/site-packages/airflow/example_dags/example_branch_python_dop_operator_3.py
[2024-05-02T23:48:56.345+0000] {processor.py:840} INFO - DAG(s) 'example_branch_dop_operator_v3' retrieved from /home/airflow/.local/lib/python3.12/site-packages/airflow/example_dags/example_branch_python_dop_operator_3.py
[2024-05-02T23:48:56.372+0000] {logging_mixin.py:188} INFO - [2024-05-02T23:48:56.372+0000] {dag.py:3096} INFO - Sync 1 DAGs
[2024-05-02T23:48:56.636+0000] {logging_mixin.py:188} INFO - [2024-05-02T23:48:56.635+0000] {dag.py:3954} INFO - Setting next_dagrun for example_branch_dop_operator_v3 to 2024-05-02 23:47:00+00:00, run_after=2024-05-02 23:48:00+00:00
[2024-05-02T23:48:56.660+0000] {processor.py:183} INFO - Processing /home/airflow/.local/lib/python3.12/site-packages/airflow/example_dags/example_branch_python_dop_operator_3.py took 0.337 seconds
[2024-05-02T23:49:26.876+0000] {processor.py:161} INFO - Started process (PID=1052) to work on /home/airflow/.local/lib/python3.12/site-packages/airflow/example_dags/example_branch_python_dop_operator_3.py
[2024-05-02T23:49:26.878+0000] {processor.py:830} INFO - Processing file /home/airflow/.local/lib/python3.12/site-packages/airflow/example_dags/example_branch_python_dop_operator_3.py for tasks to queue
[2024-05-02T23:49:26.880+0000] {logging_mixin.py:188} INFO - [2024-05-02T23:49:26.879+0000] {dagbag.py:540} INFO - Filling up the DagBag from /home/airflow/.local/lib/python3.12/site-packages/airflow/example_dags/example_branch_python_dop_operator_3.py
[2024-05-02T23:49:26.895+0000] {processor.py:840} INFO - DAG(s) 'example_branch_dop_operator_v3' retrieved from /home/airflow/.local/lib/python3.12/site-packages/airflow/example_dags/example_branch_python_dop_operator_3.py
[2024-05-02T23:49:26.929+0000] {logging_mixin.py:188} INFO - [2024-05-02T23:49:26.929+0000] {dag.py:3096} INFO - Sync 1 DAGs
[2024-05-02T23:49:27.195+0000] {logging_mixin.py:188} INFO - [2024-05-02T23:49:27.194+0000] {dag.py:3954} INFO - Setting next_dagrun for example_branch_dop_operator_v3 to 2024-05-02 23:48:00+00:00, run_after=2024-05-02 23:49:00+00:00
[2024-05-02T23:49:27.228+0000] {processor.py:183} INFO - Processing /home/airflow/.local/lib/python3.12/site-packages/airflow/example_dags/example_branch_python_dop_operator_3.py took 0.365 seconds
[2024-05-02T23:49:57.847+0000] {processor.py:161} INFO - Started process (PID=1110) to work on /home/airflow/.local/lib/python3.12/site-packages/airflow/example_dags/example_branch_python_dop_operator_3.py
[2024-05-02T23:49:57.849+0000] {processor.py:830} INFO - Processing file /home/airflow/.local/lib/python3.12/site-packages/airflow/example_dags/example_branch_python_dop_operator_3.py for tasks to queue
[2024-05-02T23:49:57.850+0000] {logging_mixin.py:188} INFO - [2024-05-02T23:49:57.850+0000] {dagbag.py:540} INFO - Filling up the DagBag from /home/airflow/.local/lib/python3.12/site-packages/airflow/example_dags/example_branch_python_dop_operator_3.py
[2024-05-02T23:49:57.866+0000] {processor.py:840} INFO - DAG(s) 'example_branch_dop_operator_v3' retrieved from /home/airflow/.local/lib/python3.12/site-packages/airflow/example_dags/example_branch_python_dop_operator_3.py
[2024-05-02T23:49:57.907+0000] {logging_mixin.py:188} INFO - [2024-05-02T23:49:57.906+0000] {dag.py:3096} INFO - Sync 1 DAGs
[2024-05-02T23:49:57.958+0000] {logging_mixin.py:188} INFO - [2024-05-02T23:49:57.958+0000] {dag.py:3954} INFO - Setting next_dagrun for example_branch_dop_operator_v3 to 2024-05-02 23:48:00+00:00, run_after=2024-05-02 23:49:00+00:00
[2024-05-02T23:49:57.999+0000] {processor.py:183} INFO - Processing /home/airflow/.local/lib/python3.12/site-packages/airflow/example_dags/example_branch_python_dop_operator_3.py took 0.164 seconds
[2024-05-02T23:50:28.327+0000] {processor.py:161} INFO - Started process (PID=1168) to work on /home/airflow/.local/lib/python3.12/site-packages/airflow/example_dags/example_branch_python_dop_operator_3.py
[2024-05-02T23:50:28.329+0000] {processor.py:830} INFO - Processing file /home/airflow/.local/lib/python3.12/site-packages/airflow/example_dags/example_branch_python_dop_operator_3.py for tasks to queue
[2024-05-02T23:50:28.333+0000] {logging_mixin.py:188} INFO - [2024-05-02T23:50:28.332+0000] {dagbag.py:540} INFO - Filling up the DagBag from /home/airflow/.local/lib/python3.12/site-packages/airflow/example_dags/example_branch_python_dop_operator_3.py
[2024-05-02T23:50:28.345+0000] {processor.py:840} INFO - DAG(s) 'example_branch_dop_operator_v3' retrieved from /home/airflow/.local/lib/python3.12/site-packages/airflow/example_dags/example_branch_python_dop_operator_3.py
[2024-05-02T23:50:28.381+0000] {logging_mixin.py:188} INFO - [2024-05-02T23:50:28.381+0000] {dag.py:3096} INFO - Sync 1 DAGs
[2024-05-02T23:50:28.431+0000] {logging_mixin.py:188} INFO - [2024-05-02T23:50:28.431+0000] {dag.py:3954} INFO - Setting next_dagrun for example_branch_dop_operator_v3 to 2024-05-02 23:49:00+00:00, run_after=2024-05-02 23:50:00+00:00
[2024-05-02T23:50:28.461+0000] {processor.py:183} INFO - Processing /home/airflow/.local/lib/python3.12/site-packages/airflow/example_dags/example_branch_python_dop_operator_3.py took 0.144 seconds
[2024-05-02T23:50:58.692+0000] {processor.py:161} INFO - Started process (PID=1226) to work on /home/airflow/.local/lib/python3.12/site-packages/airflow/example_dags/example_branch_python_dop_operator_3.py
[2024-05-02T23:50:58.694+0000] {processor.py:830} INFO - Processing file /home/airflow/.local/lib/python3.12/site-packages/airflow/example_dags/example_branch_python_dop_operator_3.py for tasks to queue
[2024-05-02T23:50:58.695+0000] {logging_mixin.py:188} INFO - [2024-05-02T23:50:58.695+0000] {dagbag.py:540} INFO - Filling up the DagBag from /home/airflow/.local/lib/python3.12/site-packages/airflow/example_dags/example_branch_python_dop_operator_3.py
[2024-05-02T23:50:58.707+0000] {processor.py:840} INFO - DAG(s) 'example_branch_dop_operator_v3' retrieved from /home/airflow/.local/lib/python3.12/site-packages/airflow/example_dags/example_branch_python_dop_operator_3.py
[2024-05-02T23:50:58.733+0000] {logging_mixin.py:188} INFO - [2024-05-02T23:50:58.733+0000] {dag.py:3096} INFO - Sync 1 DAGs
[2024-05-02T23:50:58.768+0000] {logging_mixin.py:188} INFO - [2024-05-02T23:50:58.767+0000] {dag.py:3954} INFO - Setting next_dagrun for example_branch_dop_operator_v3 to 2024-05-02 23:49:00+00:00, run_after=2024-05-02 23:50:00+00:00
[2024-05-02T23:50:58.793+0000] {processor.py:183} INFO - Processing /home/airflow/.local/lib/python3.12/site-packages/airflow/example_dags/example_branch_python_dop_operator_3.py took 0.109 seconds
[2024-05-02T23:51:28.911+0000] {processor.py:161} INFO - Started process (PID=1284) to work on /home/airflow/.local/lib/python3.12/site-packages/airflow/example_dags/example_branch_python_dop_operator_3.py
[2024-05-02T23:51:28.913+0000] {processor.py:830} INFO - Processing file /home/airflow/.local/lib/python3.12/site-packages/airflow/example_dags/example_branch_python_dop_operator_3.py for tasks to queue
[2024-05-02T23:51:28.914+0000] {logging_mixin.py:188} INFO - [2024-05-02T23:51:28.914+0000] {dagbag.py:540} INFO - Filling up the DagBag from /home/airflow/.local/lib/python3.12/site-packages/airflow/example_dags/example_branch_python_dop_operator_3.py
[2024-05-02T23:51:28.929+0000] {processor.py:840} INFO - DAG(s) 'example_branch_dop_operator_v3' retrieved from /home/airflow/.local/lib/python3.12/site-packages/airflow/example_dags/example_branch_python_dop_operator_3.py
[2024-05-02T23:51:28.957+0000] {logging_mixin.py:188} INFO - [2024-05-02T23:51:28.957+0000] {dag.py:3096} INFO - Sync 1 DAGs
[2024-05-02T23:51:29.003+0000] {logging_mixin.py:188} INFO - [2024-05-02T23:51:29.003+0000] {dag.py:3954} INFO - Setting next_dagrun for example_branch_dop_operator_v3 to 2024-05-02 23:50:00+00:00, run_after=2024-05-02 23:51:00+00:00
[2024-05-02T23:51:29.034+0000] {processor.py:183} INFO - Processing /home/airflow/.local/lib/python3.12/site-packages/airflow/example_dags/example_branch_python_dop_operator_3.py took 0.134 seconds
[2024-05-02T23:51:59.181+0000] {processor.py:161} INFO - Started process (PID=1342) to work on /home/airflow/.local/lib/python3.12/site-packages/airflow/example_dags/example_branch_python_dop_operator_3.py
[2024-05-02T23:51:59.183+0000] {processor.py:830} INFO - Processing file /home/airflow/.local/lib/python3.12/site-packages/airflow/example_dags/example_branch_python_dop_operator_3.py for tasks to queue
[2024-05-02T23:51:59.184+0000] {logging_mixin.py:188} INFO - [2024-05-02T23:51:59.183+0000] {dagbag.py:540} INFO - Filling up the DagBag from /home/airflow/.local/lib/python3.12/site-packages/airflow/example_dags/example_branch_python_dop_operator_3.py
[2024-05-02T23:51:59.194+0000] {processor.py:840} INFO - DAG(s) 'example_branch_dop_operator_v3' retrieved from /home/airflow/.local/lib/python3.12/site-packages/airflow/example_dags/example_branch_python_dop_operator_3.py
[2024-05-02T23:51:59.220+0000] {logging_mixin.py:188} INFO - [2024-05-02T23:51:59.220+0000] {dag.py:3096} INFO - Sync 1 DAGs
[2024-05-02T23:51:59.255+0000] {logging_mixin.py:188} INFO - [2024-05-02T23:51:59.255+0000] {dag.py:3954} INFO - Setting next_dagrun for example_branch_dop_operator_v3 to 2024-05-02 23:50:00+00:00, run_after=2024-05-02 23:51:00+00:00
[2024-05-02T23:51:59.279+0000] {processor.py:183} INFO - Processing /home/airflow/.local/lib/python3.12/site-packages/airflow/example_dags/example_branch_python_dop_operator_3.py took 0.105 seconds
[2024-05-02T23:52:29.675+0000] {processor.py:161} INFO - Started process (PID=1401) to work on /home/airflow/.local/lib/python3.12/site-packages/airflow/example_dags/example_branch_python_dop_operator_3.py
[2024-05-02T23:52:29.676+0000] {processor.py:830} INFO - Processing file /home/airflow/.local/lib/python3.12/site-packages/airflow/example_dags/example_branch_python_dop_operator_3.py for tasks to queue
[2024-05-02T23:52:29.678+0000] {logging_mixin.py:188} INFO - [2024-05-02T23:52:29.677+0000] {dagbag.py:540} INFO - Filling up the DagBag from /home/airflow/.local/lib/python3.12/site-packages/airflow/example_dags/example_branch_python_dop_operator_3.py
[2024-05-02T23:52:29.688+0000] {processor.py:840} INFO - DAG(s) 'example_branch_dop_operator_v3' retrieved from /home/airflow/.local/lib/python3.12/site-packages/airflow/example_dags/example_branch_python_dop_operator_3.py
[2024-05-02T23:52:29.714+0000] {logging_mixin.py:188} INFO - [2024-05-02T23:52:29.714+0000] {dag.py:3096} INFO - Sync 1 DAGs
[2024-05-02T23:52:29.752+0000] {logging_mixin.py:188} INFO - [2024-05-02T23:52:29.751+0000] {dag.py:3954} INFO - Setting next_dagrun for example_branch_dop_operator_v3 to 2024-05-02 23:51:00+00:00, run_after=2024-05-02 23:52:00+00:00
[2024-05-02T23:52:29.779+0000] {processor.py:183} INFO - Processing /home/airflow/.local/lib/python3.12/site-packages/airflow/example_dags/example_branch_python_dop_operator_3.py took 0.111 seconds
[2024-05-02T23:52:59.968+0000] {processor.py:161} INFO - Started process (PID=1459) to work on /home/airflow/.local/lib/python3.12/site-packages/airflow/example_dags/example_branch_python_dop_operator_3.py
[2024-05-02T23:52:59.969+0000] {processor.py:830} INFO - Processing file /home/airflow/.local/lib/python3.12/site-packages/airflow/example_dags/example_branch_python_dop_operator_3.py for tasks to queue
[2024-05-02T23:52:59.970+0000] {logging_mixin.py:188} INFO - [2024-05-02T23:52:59.970+0000] {dagbag.py:540} INFO - Filling up the DagBag from /home/airflow/.local/lib/python3.12/site-packages/airflow/example_dags/example_branch_python_dop_operator_3.py
[2024-05-02T23:52:59.980+0000] {processor.py:840} INFO - DAG(s) 'example_branch_dop_operator_v3' retrieved from /home/airflow/.local/lib/python3.12/site-packages/airflow/example_dags/example_branch_python_dop_operator_3.py
[2024-05-02T23:53:00.005+0000] {logging_mixin.py:188} INFO - [2024-05-02T23:53:00.005+0000] {dag.py:3096} INFO - Sync 1 DAGs
[2024-05-02T23:53:00.046+0000] {logging_mixin.py:188} INFO - [2024-05-02T23:53:00.046+0000] {dag.py:3954} INFO - Setting next_dagrun for example_branch_dop_operator_v3 to 2024-05-02 23:52:00+00:00, run_after=2024-05-02 23:53:00+00:00
[2024-05-02T23:53:00.071+0000] {processor.py:183} INFO - Processing /home/airflow/.local/lib/python3.12/site-packages/airflow/example_dags/example_branch_python_dop_operator_3.py took 0.111 seconds
[2024-05-02T23:53:30.916+0000] {processor.py:161} INFO - Started process (PID=1517) to work on /home/airflow/.local/lib/python3.12/site-packages/airflow/example_dags/example_branch_python_dop_operator_3.py
[2024-05-02T23:53:30.918+0000] {processor.py:830} INFO - Processing file /home/airflow/.local/lib/python3.12/site-packages/airflow/example_dags/example_branch_python_dop_operator_3.py for tasks to queue
[2024-05-02T23:53:30.920+0000] {logging_mixin.py:188} INFO - [2024-05-02T23:53:30.919+0000] {dagbag.py:540} INFO - Filling up the DagBag from /home/airflow/.local/lib/python3.12/site-packages/airflow/example_dags/example_branch_python_dop_operator_3.py
[2024-05-02T23:53:30.934+0000] {processor.py:840} INFO - DAG(s) 'example_branch_dop_operator_v3' retrieved from /home/airflow/.local/lib/python3.12/site-packages/airflow/example_dags/example_branch_python_dop_operator_3.py
[2024-05-02T23:53:30.961+0000] {logging_mixin.py:188} INFO - [2024-05-02T23:53:30.961+0000] {dag.py:3096} INFO - Sync 1 DAGs
[2024-05-02T23:53:30.993+0000] {logging_mixin.py:188} INFO - [2024-05-02T23:53:30.992+0000] {dag.py:3954} INFO - Setting next_dagrun for example_branch_dop_operator_v3 to 2024-05-02 23:52:00+00:00, run_after=2024-05-02 23:53:00+00:00
[2024-05-02T23:53:31.017+0000] {processor.py:183} INFO - Processing /home/airflow/.local/lib/python3.12/site-packages/airflow/example_dags/example_branch_python_dop_operator_3.py took 0.111 seconds
[2024-05-02T23:54:01.444+0000] {processor.py:161} INFO - Started process (PID=1575) to work on /home/airflow/.local/lib/python3.12/site-packages/airflow/example_dags/example_branch_python_dop_operator_3.py
[2024-05-02T23:54:01.446+0000] {processor.py:830} INFO - Processing file /home/airflow/.local/lib/python3.12/site-packages/airflow/example_dags/example_branch_python_dop_operator_3.py for tasks to queue
[2024-05-02T23:54:01.447+0000] {logging_mixin.py:188} INFO - [2024-05-02T23:54:01.447+0000] {dagbag.py:540} INFO - Filling up the DagBag from /home/airflow/.local/lib/python3.12/site-packages/airflow/example_dags/example_branch_python_dop_operator_3.py
[2024-05-02T23:54:01.460+0000] {processor.py:840} INFO - DAG(s) 'example_branch_dop_operator_v3' retrieved from /home/airflow/.local/lib/python3.12/site-packages/airflow/example_dags/example_branch_python_dop_operator_3.py
[2024-05-02T23:54:01.493+0000] {logging_mixin.py:188} INFO - [2024-05-02T23:54:01.493+0000] {dag.py:3096} INFO - Sync 1 DAGs
[2024-05-02T23:54:01.533+0000] {logging_mixin.py:188} INFO - [2024-05-02T23:54:01.533+0000] {dag.py:3954} INFO - Setting next_dagrun for example_branch_dop_operator_v3 to 2024-05-02 23:53:00+00:00, run_after=2024-05-02 23:54:00+00:00
[2024-05-02T23:54:01.564+0000] {processor.py:183} INFO - Processing /home/airflow/.local/lib/python3.12/site-packages/airflow/example_dags/example_branch_python_dop_operator_3.py took 0.133 seconds
[2024-05-02T23:54:32.091+0000] {processor.py:161} INFO - Started process (PID=1633) to work on /home/airflow/.local/lib/python3.12/site-packages/airflow/example_dags/example_branch_python_dop_operator_3.py
[2024-05-02T23:54:32.093+0000] {processor.py:830} INFO - Processing file /home/airflow/.local/lib/python3.12/site-packages/airflow/example_dags/example_branch_python_dop_operator_3.py for tasks to queue
[2024-05-02T23:54:32.094+0000] {logging_mixin.py:188} INFO - [2024-05-02T23:54:32.093+0000] {dagbag.py:540} INFO - Filling up the DagBag from /home/airflow/.local/lib/python3.12/site-packages/airflow/example_dags/example_branch_python_dop_operator_3.py
[2024-05-02T23:54:32.104+0000] {processor.py:840} INFO - DAG(s) 'example_branch_dop_operator_v3' retrieved from /home/airflow/.local/lib/python3.12/site-packages/airflow/example_dags/example_branch_python_dop_operator_3.py
[2024-05-02T23:54:32.134+0000] {logging_mixin.py:188} INFO - [2024-05-02T23:54:32.134+0000] {dag.py:3096} INFO - Sync 1 DAGs
[2024-05-02T23:54:32.170+0000] {logging_mixin.py:188} INFO - [2024-05-02T23:54:32.170+0000] {dag.py:3954} INFO - Setting next_dagrun for example_branch_dop_operator_v3 to 2024-05-02 23:53:00+00:00, run_after=2024-05-02 23:54:00+00:00
[2024-05-02T23:54:32.210+0000] {processor.py:183} INFO - Processing /home/airflow/.local/lib/python3.12/site-packages/airflow/example_dags/example_branch_python_dop_operator_3.py took 0.126 seconds
[2024-05-02T23:55:02.567+0000] {processor.py:161} INFO - Started process (PID=1691) to work on /home/airflow/.local/lib/python3.12/site-packages/airflow/example_dags/example_branch_python_dop_operator_3.py
[2024-05-02T23:55:02.568+0000] {processor.py:830} INFO - Processing file /home/airflow/.local/lib/python3.12/site-packages/airflow/example_dags/example_branch_python_dop_operator_3.py for tasks to queue
[2024-05-02T23:55:02.570+0000] {logging_mixin.py:188} INFO - [2024-05-02T23:55:02.569+0000] {dagbag.py:540} INFO - Filling up the DagBag from /home/airflow/.local/lib/python3.12/site-packages/airflow/example_dags/example_branch_python_dop_operator_3.py
[2024-05-02T23:55:02.580+0000] {processor.py:840} INFO - DAG(s) 'example_branch_dop_operator_v3' retrieved from /home/airflow/.local/lib/python3.12/site-packages/airflow/example_dags/example_branch_python_dop_operator_3.py
[2024-05-02T23:55:02.610+0000] {logging_mixin.py:188} INFO - [2024-05-02T23:55:02.610+0000] {dag.py:3096} INFO - Sync 1 DAGs
[2024-05-02T23:55:02.643+0000] {logging_mixin.py:188} INFO - [2024-05-02T23:55:02.642+0000] {dag.py:3954} INFO - Setting next_dagrun for example_branch_dop_operator_v3 to 2024-05-02 23:54:00+00:00, run_after=2024-05-02 23:55:00+00:00
[2024-05-02T23:55:02.670+0000] {processor.py:183} INFO - Processing /home/airflow/.local/lib/python3.12/site-packages/airflow/example_dags/example_branch_python_dop_operator_3.py took 0.111 seconds
[2024-05-02T23:55:32.836+0000] {processor.py:161} INFO - Started process (PID=1748) to work on /home/airflow/.local/lib/python3.12/site-packages/airflow/example_dags/example_branch_python_dop_operator_3.py
[2024-05-02T23:55:32.837+0000] {processor.py:830} INFO - Processing file /home/airflow/.local/lib/python3.12/site-packages/airflow/example_dags/example_branch_python_dop_operator_3.py for tasks to queue
[2024-05-02T23:55:32.838+0000] {logging_mixin.py:188} INFO - [2024-05-02T23:55:32.838+0000] {dagbag.py:540} INFO - Filling up the DagBag from /home/airflow/.local/lib/python3.12/site-packages/airflow/example_dags/example_branch_python_dop_operator_3.py
[2024-05-02T23:55:32.848+0000] {processor.py:840} INFO - DAG(s) 'example_branch_dop_operator_v3' retrieved from /home/airflow/.local/lib/python3.12/site-packages/airflow/example_dags/example_branch_python_dop_operator_3.py
[2024-05-02T23:55:32.879+0000] {logging_mixin.py:188} INFO - [2024-05-02T23:55:32.879+0000] {dag.py:3096} INFO - Sync 1 DAGs
[2024-05-02T23:55:32.911+0000] {logging_mixin.py:188} INFO - [2024-05-02T23:55:32.911+0000] {dag.py:3954} INFO - Setting next_dagrun for example_branch_dop_operator_v3 to 2024-05-02 23:54:00+00:00, run_after=2024-05-02 23:55:00+00:00
[2024-05-02T23:55:32.938+0000] {processor.py:183} INFO - Processing /home/airflow/.local/lib/python3.12/site-packages/airflow/example_dags/example_branch_python_dop_operator_3.py took 0.110 seconds
[2024-05-02T23:56:03.084+0000] {processor.py:161} INFO - Started process (PID=1805) to work on /home/airflow/.local/lib/python3.12/site-packages/airflow/example_dags/example_branch_python_dop_operator_3.py
[2024-05-02T23:56:03.086+0000] {processor.py:830} INFO - Processing file /home/airflow/.local/lib/python3.12/site-packages/airflow/example_dags/example_branch_python_dop_operator_3.py for tasks to queue
[2024-05-02T23:56:03.088+0000] {logging_mixin.py:188} INFO - [2024-05-02T23:56:03.087+0000] {dagbag.py:540} INFO - Filling up the DagBag from /home/airflow/.local/lib/python3.12/site-packages/airflow/example_dags/example_branch_python_dop_operator_3.py
[2024-05-02T23:56:03.102+0000] {processor.py:840} INFO - DAG(s) 'example_branch_dop_operator_v3' retrieved from /home/airflow/.local/lib/python3.12/site-packages/airflow/example_dags/example_branch_python_dop_operator_3.py
[2024-05-02T23:56:03.137+0000] {logging_mixin.py:188} INFO - [2024-05-02T23:56:03.137+0000] {dag.py:3096} INFO - Sync 1 DAGs
[2024-05-02T23:56:03.184+0000] {logging_mixin.py:188} INFO - [2024-05-02T23:56:03.184+0000] {dag.py:3954} INFO - Setting next_dagrun for example_branch_dop_operator_v3 to 2024-05-02 23:55:00+00:00, run_after=2024-05-02 23:56:00+00:00
[2024-05-02T23:56:03.222+0000] {processor.py:183} INFO - Processing /home/airflow/.local/lib/python3.12/site-packages/airflow/example_dags/example_branch_python_dop_operator_3.py took 0.149 seconds
[2024-05-02T23:56:33.324+0000] {processor.py:161} INFO - Started process (PID=1863) to work on /home/airflow/.local/lib/python3.12/site-packages/airflow/example_dags/example_branch_python_dop_operator_3.py
[2024-05-02T23:56:33.325+0000] {processor.py:830} INFO - Processing file /home/airflow/.local/lib/python3.12/site-packages/airflow/example_dags/example_branch_python_dop_operator_3.py for tasks to queue
[2024-05-02T23:56:33.327+0000] {logging_mixin.py:188} INFO - [2024-05-02T23:56:33.326+0000] {dagbag.py:540} INFO - Filling up the DagBag from /home/airflow/.local/lib/python3.12/site-packages/airflow/example_dags/example_branch_python_dop_operator_3.py
[2024-05-02T23:56:33.339+0000] {processor.py:840} INFO - DAG(s) 'example_branch_dop_operator_v3' retrieved from /home/airflow/.local/lib/python3.12/site-packages/airflow/example_dags/example_branch_python_dop_operator_3.py
[2024-05-02T23:56:33.362+0000] {logging_mixin.py:188} INFO - [2024-05-02T23:56:33.362+0000] {dag.py:3096} INFO - Sync 1 DAGs
[2024-05-02T23:56:33.392+0000] {logging_mixin.py:188} INFO - [2024-05-02T23:56:33.391+0000] {dag.py:3954} INFO - Setting next_dagrun for example_branch_dop_operator_v3 to 2024-05-02 23:55:00+00:00, run_after=2024-05-02 23:56:00+00:00
[2024-05-02T23:56:33.421+0000] {processor.py:183} INFO - Processing /home/airflow/.local/lib/python3.12/site-packages/airflow/example_dags/example_branch_python_dop_operator_3.py took 0.105 seconds
[2024-05-02T23:57:04.153+0000] {processor.py:161} INFO - Started process (PID=1921) to work on /home/airflow/.local/lib/python3.12/site-packages/airflow/example_dags/example_branch_python_dop_operator_3.py
[2024-05-02T23:57:04.155+0000] {processor.py:830} INFO - Processing file /home/airflow/.local/lib/python3.12/site-packages/airflow/example_dags/example_branch_python_dop_operator_3.py for tasks to queue
[2024-05-02T23:57:04.157+0000] {logging_mixin.py:188} INFO - [2024-05-02T23:57:04.156+0000] {dagbag.py:540} INFO - Filling up the DagBag from /home/airflow/.local/lib/python3.12/site-packages/airflow/example_dags/example_branch_python_dop_operator_3.py
[2024-05-02T23:57:04.169+0000] {processor.py:840} INFO - DAG(s) 'example_branch_dop_operator_v3' retrieved from /home/airflow/.local/lib/python3.12/site-packages/airflow/example_dags/example_branch_python_dop_operator_3.py
[2024-05-02T23:57:04.201+0000] {logging_mixin.py:188} INFO - [2024-05-02T23:57:04.200+0000] {dag.py:3096} INFO - Sync 1 DAGs
[2024-05-02T23:57:04.245+0000] {logging_mixin.py:188} INFO - [2024-05-02T23:57:04.245+0000] {dag.py:3954} INFO - Setting next_dagrun for example_branch_dop_operator_v3 to 2024-05-02 23:56:00+00:00, run_after=2024-05-02 23:57:00+00:00
[2024-05-02T23:57:04.278+0000] {processor.py:183} INFO - Processing /home/airflow/.local/lib/python3.12/site-packages/airflow/example_dags/example_branch_python_dop_operator_3.py took 0.136 seconds
