[2024-05-02T05:54:11.611+0000] {processor.py:161} INFO - Started process (PID=51) to work on /home/airflow/.local/lib/python3.12/site-packages/airflow/example_dags/example_short_circuit_operator.py
[2024-05-02T05:54:11.613+0000] {processor.py:830} INFO - Processing file /home/airflow/.local/lib/python3.12/site-packages/airflow/example_dags/example_short_circuit_operator.py for tasks to queue
[2024-05-02T05:54:11.618+0000] {logging_mixin.py:188} INFO - [2024-05-02T05:54:11.617+0000] {dagbag.py:540} INFO - Filling up the DagBag from /home/airflow/.local/lib/python3.12/site-packages/airflow/example_dags/example_short_circuit_operator.py
[2024-05-02T05:54:11.646+0000] {processor.py:840} INFO - DAG(s) 'example_short_circuit_operator' retrieved from /home/airflow/.local/lib/python3.12/site-packages/airflow/example_dags/example_short_circuit_operator.py
[2024-05-02T05:54:12.105+0000] {logging_mixin.py:188} INFO - [2024-05-02T05:54:12.105+0000] {dag.py:3096} INFO - Sync 1 DAGs
[2024-05-02T05:54:12.194+0000] {logging_mixin.py:188} INFO - [2024-05-02T05:54:12.194+0000] {dag.py:3954} INFO - Setting next_dagrun for example_short_circuit_operator to 2024-05-01 00:00:00+00:00, run_after=2024-05-02 00:00:00+00:00
[2024-05-02T05:54:12.276+0000] {processor.py:183} INFO - Processing /home/airflow/.local/lib/python3.12/site-packages/airflow/example_dags/example_short_circuit_operator.py took 0.682 seconds
[2024-05-02T05:54:43.422+0000] {processor.py:161} INFO - Started process (PID=109) to work on /home/airflow/.local/lib/python3.12/site-packages/airflow/example_dags/example_short_circuit_operator.py
[2024-05-02T05:54:43.432+0000] {processor.py:830} INFO - Processing file /home/airflow/.local/lib/python3.12/site-packages/airflow/example_dags/example_short_circuit_operator.py for tasks to queue
[2024-05-02T05:54:43.456+0000] {logging_mixin.py:188} INFO - [2024-05-02T05:54:43.436+0000] {dagbag.py:540} INFO - Filling up the DagBag from /home/airflow/.local/lib/python3.12/site-packages/airflow/example_dags/example_short_circuit_operator.py
[2024-05-02T05:54:43.503+0000] {processor.py:840} INFO - DAG(s) 'example_short_circuit_operator' retrieved from /home/airflow/.local/lib/python3.12/site-packages/airflow/example_dags/example_short_circuit_operator.py
[2024-05-02T05:54:43.745+0000] {logging_mixin.py:188} INFO - [2024-05-02T05:54:43.744+0000] {dag.py:3096} INFO - Sync 1 DAGs
[2024-05-02T05:54:43.822+0000] {logging_mixin.py:188} INFO - [2024-05-02T05:54:43.822+0000] {dag.py:3954} INFO - Setting next_dagrun for example_short_circuit_operator to 2024-05-01 00:00:00+00:00, run_after=2024-05-02 00:00:00+00:00
[2024-05-02T05:54:43.899+0000] {processor.py:183} INFO - Processing /home/airflow/.local/lib/python3.12/site-packages/airflow/example_dags/example_short_circuit_operator.py took 0.776 seconds
[2024-05-02T05:55:16.613+0000] {processor.py:161} INFO - Started process (PID=167) to work on /home/airflow/.local/lib/python3.12/site-packages/airflow/example_dags/example_short_circuit_operator.py
[2024-05-02T05:55:16.649+0000] {processor.py:830} INFO - Processing file /home/airflow/.local/lib/python3.12/site-packages/airflow/example_dags/example_short_circuit_operator.py for tasks to queue
[2024-05-02T05:55:16.675+0000] {logging_mixin.py:188} INFO - [2024-05-02T05:55:16.674+0000] {dagbag.py:540} INFO - Filling up the DagBag from /home/airflow/.local/lib/python3.12/site-packages/airflow/example_dags/example_short_circuit_operator.py
[2024-05-02T05:55:16.719+0000] {processor.py:840} INFO - DAG(s) 'example_short_circuit_operator' retrieved from /home/airflow/.local/lib/python3.12/site-packages/airflow/example_dags/example_short_circuit_operator.py
[2024-05-02T05:55:16.863+0000] {logging_mixin.py:188} INFO - [2024-05-02T05:55:16.863+0000] {dag.py:3096} INFO - Sync 1 DAGs
[2024-05-02T05:55:17.014+0000] {logging_mixin.py:188} INFO - [2024-05-02T05:55:17.013+0000] {dag.py:3954} INFO - Setting next_dagrun for example_short_circuit_operator to 2024-05-01 00:00:00+00:00, run_after=2024-05-02 00:00:00+00:00
[2024-05-02T05:55:17.147+0000] {processor.py:183} INFO - Processing /home/airflow/.local/lib/python3.12/site-packages/airflow/example_dags/example_short_circuit_operator.py took 0.558 seconds
[2024-05-02T05:55:56.594+0000] {processor.py:161} INFO - Started process (PID=223) to work on /home/airflow/.local/lib/python3.12/site-packages/airflow/example_dags/example_short_circuit_operator.py
[2024-05-02T05:55:56.705+0000] {processor.py:830} INFO - Processing file /home/airflow/.local/lib/python3.12/site-packages/airflow/example_dags/example_short_circuit_operator.py for tasks to queue
[2024-05-02T05:55:56.849+0000] {logging_mixin.py:188} INFO - [2024-05-02T05:55:56.836+0000] {dagbag.py:540} INFO - Filling up the DagBag from /home/airflow/.local/lib/python3.12/site-packages/airflow/example_dags/example_short_circuit_operator.py
[2024-05-02T05:55:57.162+0000] {processor.py:840} INFO - DAG(s) 'example_short_circuit_operator' retrieved from /home/airflow/.local/lib/python3.12/site-packages/airflow/example_dags/example_short_circuit_operator.py
[2024-05-02T05:55:57.908+0000] {logging_mixin.py:188} INFO - [2024-05-02T05:55:57.900+0000] {dag.py:3096} INFO - Sync 1 DAGs
[2024-05-02T05:55:58.338+0000] {logging_mixin.py:188} INFO - [2024-05-02T05:55:58.337+0000] {dag.py:3954} INFO - Setting next_dagrun for example_short_circuit_operator to 2024-05-01 00:00:00+00:00, run_after=2024-05-02 00:00:00+00:00
[2024-05-02T05:55:58.675+0000] {processor.py:183} INFO - Processing /home/airflow/.local/lib/python3.12/site-packages/airflow/example_dags/example_short_circuit_operator.py took 2.282 seconds
[2024-05-02T05:56:58.492+0000] {processor.py:161} INFO - Started process (PID=270) to work on /home/airflow/.local/lib/python3.12/site-packages/airflow/example_dags/example_short_circuit_operator.py
[2024-05-02T05:56:58.506+0000] {processor.py:830} INFO - Processing file /home/airflow/.local/lib/python3.12/site-packages/airflow/example_dags/example_short_circuit_operator.py for tasks to queue
[2024-05-02T05:56:58.512+0000] {logging_mixin.py:188} INFO - [2024-05-02T05:56:58.511+0000] {dagbag.py:540} INFO - Filling up the DagBag from /home/airflow/.local/lib/python3.12/site-packages/airflow/example_dags/example_short_circuit_operator.py
[2024-05-02T05:56:58.593+0000] {processor.py:840} INFO - DAG(s) 'example_short_circuit_operator' retrieved from /home/airflow/.local/lib/python3.12/site-packages/airflow/example_dags/example_short_circuit_operator.py
[2024-05-02T05:56:58.930+0000] {logging_mixin.py:188} INFO - [2024-05-02T05:56:58.928+0000] {dag.py:3096} INFO - Sync 1 DAGs
[2024-05-02T05:56:59.380+0000] {logging_mixin.py:188} INFO - [2024-05-02T05:56:59.367+0000] {dag.py:3954} INFO - Setting next_dagrun for example_short_circuit_operator to 2024-05-01 00:00:00+00:00, run_after=2024-05-02 00:00:00+00:00
[2024-05-02T05:56:59.782+0000] {processor.py:183} INFO - Processing /home/airflow/.local/lib/python3.12/site-packages/airflow/example_dags/example_short_circuit_operator.py took 1.332 seconds
[2024-05-02T05:58:18.276+0000] {processor.py:161} INFO - Started process (PID=323) to work on /home/airflow/.local/lib/python3.12/site-packages/airflow/example_dags/example_short_circuit_operator.py
[2024-05-02T05:58:18.289+0000] {processor.py:830} INFO - Processing file /home/airflow/.local/lib/python3.12/site-packages/airflow/example_dags/example_short_circuit_operator.py for tasks to queue
[2024-05-02T05:58:18.297+0000] {logging_mixin.py:188} INFO - [2024-05-02T05:58:18.296+0000] {dagbag.py:540} INFO - Filling up the DagBag from /home/airflow/.local/lib/python3.12/site-packages/airflow/example_dags/example_short_circuit_operator.py
[2024-05-02T05:58:18.404+0000] {processor.py:840} INFO - DAG(s) 'example_short_circuit_operator' retrieved from /home/airflow/.local/lib/python3.12/site-packages/airflow/example_dags/example_short_circuit_operator.py
[2024-05-02T05:58:18.731+0000] {logging_mixin.py:188} INFO - [2024-05-02T05:58:18.730+0000] {dag.py:3096} INFO - Sync 1 DAGs
[2024-05-02T05:58:18.902+0000] {logging_mixin.py:188} INFO - [2024-05-02T05:58:18.901+0000] {dag.py:3954} INFO - Setting next_dagrun for example_short_circuit_operator to 2024-05-01 00:00:00+00:00, run_after=2024-05-02 00:00:00+00:00
[2024-05-02T05:58:18.992+0000] {processor.py:183} INFO - Processing /home/airflow/.local/lib/python3.12/site-packages/airflow/example_dags/example_short_circuit_operator.py took 0.807 seconds
[2024-05-02T23:42:56.571+0000] {processor.py:161} INFO - Started process (PID=391) to work on /home/airflow/.local/lib/python3.12/site-packages/airflow/example_dags/example_short_circuit_operator.py
[2024-05-02T23:42:56.573+0000] {processor.py:830} INFO - Processing file /home/airflow/.local/lib/python3.12/site-packages/airflow/example_dags/example_short_circuit_operator.py for tasks to queue
[2024-05-02T23:42:56.575+0000] {logging_mixin.py:188} INFO - [2024-05-02T23:42:56.575+0000] {dagbag.py:540} INFO - Filling up the DagBag from /home/airflow/.local/lib/python3.12/site-packages/airflow/example_dags/example_short_circuit_operator.py
[2024-05-02T23:42:56.617+0000] {processor.py:840} INFO - DAG(s) 'example_short_circuit_operator' retrieved from /home/airflow/.local/lib/python3.12/site-packages/airflow/example_dags/example_short_circuit_operator.py
[2024-05-02T23:42:56.722+0000] {logging_mixin.py:188} INFO - [2024-05-02T23:42:56.722+0000] {dag.py:3096} INFO - Sync 1 DAGs
[2024-05-02T23:42:56.876+0000] {logging_mixin.py:188} INFO - [2024-05-02T23:42:56.876+0000] {dag.py:3954} INFO - Setting next_dagrun for example_short_circuit_operator to 2024-05-01 00:00:00+00:00, run_after=2024-05-02 00:00:00+00:00
[2024-05-02T23:42:57.766+0000] {processor.py:183} INFO - Processing /home/airflow/.local/lib/python3.12/site-packages/airflow/example_dags/example_short_circuit_operator.py took 1.236 seconds
[2024-05-02T23:44:12.626+0000] {processor.py:161} INFO - Started process (PID=455) to work on /home/airflow/.local/lib/python3.12/site-packages/airflow/example_dags/example_short_circuit_operator.py
[2024-05-02T23:44:12.631+0000] {processor.py:830} INFO - Processing file /home/airflow/.local/lib/python3.12/site-packages/airflow/example_dags/example_short_circuit_operator.py for tasks to queue
[2024-05-02T23:44:12.633+0000] {logging_mixin.py:188} INFO - [2024-05-02T23:44:12.632+0000] {dagbag.py:540} INFO - Filling up the DagBag from /home/airflow/.local/lib/python3.12/site-packages/airflow/example_dags/example_short_circuit_operator.py
[2024-05-02T23:44:12.698+0000] {processor.py:840} INFO - DAG(s) 'example_short_circuit_operator' retrieved from /home/airflow/.local/lib/python3.12/site-packages/airflow/example_dags/example_short_circuit_operator.py
[2024-05-02T23:44:13.244+0000] {logging_mixin.py:188} INFO - [2024-05-02T23:44:13.244+0000] {dag.py:3096} INFO - Sync 1 DAGs
[2024-05-02T23:44:13.711+0000] {logging_mixin.py:188} INFO - [2024-05-02T23:44:13.711+0000] {dag.py:3954} INFO - Setting next_dagrun for example_short_circuit_operator to 2024-05-01 00:00:00+00:00, run_after=2024-05-02 00:00:00+00:00
[2024-05-02T23:44:13.807+0000] {processor.py:183} INFO - Processing /home/airflow/.local/lib/python3.12/site-packages/airflow/example_dags/example_short_circuit_operator.py took 1.234 seconds
[2024-05-02T23:44:44.776+0000] {processor.py:161} INFO - Started process (PID=513) to work on /home/airflow/.local/lib/python3.12/site-packages/airflow/example_dags/example_short_circuit_operator.py
[2024-05-02T23:44:44.786+0000] {processor.py:830} INFO - Processing file /home/airflow/.local/lib/python3.12/site-packages/airflow/example_dags/example_short_circuit_operator.py for tasks to queue
[2024-05-02T23:44:44.790+0000] {logging_mixin.py:188} INFO - [2024-05-02T23:44:44.789+0000] {dagbag.py:540} INFO - Filling up the DagBag from /home/airflow/.local/lib/python3.12/site-packages/airflow/example_dags/example_short_circuit_operator.py
[2024-05-02T23:44:44.864+0000] {processor.py:840} INFO - DAG(s) 'example_short_circuit_operator' retrieved from /home/airflow/.local/lib/python3.12/site-packages/airflow/example_dags/example_short_circuit_operator.py
[2024-05-02T23:44:44.996+0000] {logging_mixin.py:188} INFO - [2024-05-02T23:44:44.995+0000] {dag.py:3096} INFO - Sync 1 DAGs
[2024-05-02T23:44:45.097+0000] {logging_mixin.py:188} INFO - [2024-05-02T23:44:45.096+0000] {dag.py:3954} INFO - Setting next_dagrun for example_short_circuit_operator to 2024-05-01 00:00:00+00:00, run_after=2024-05-02 00:00:00+00:00
[2024-05-02T23:44:45.220+0000] {processor.py:183} INFO - Processing /home/airflow/.local/lib/python3.12/site-packages/airflow/example_dags/example_short_circuit_operator.py took 0.468 seconds
[2024-05-02T23:45:16.036+0000] {processor.py:161} INFO - Started process (PID=571) to work on /home/airflow/.local/lib/python3.12/site-packages/airflow/example_dags/example_short_circuit_operator.py
[2024-05-02T23:45:16.039+0000] {processor.py:830} INFO - Processing file /home/airflow/.local/lib/python3.12/site-packages/airflow/example_dags/example_short_circuit_operator.py for tasks to queue
[2024-05-02T23:45:16.041+0000] {logging_mixin.py:188} INFO - [2024-05-02T23:45:16.041+0000] {dagbag.py:540} INFO - Filling up the DagBag from /home/airflow/.local/lib/python3.12/site-packages/airflow/example_dags/example_short_circuit_operator.py
[2024-05-02T23:45:16.064+0000] {processor.py:840} INFO - DAG(s) 'example_short_circuit_operator' retrieved from /home/airflow/.local/lib/python3.12/site-packages/airflow/example_dags/example_short_circuit_operator.py
[2024-05-02T23:45:16.126+0000] {logging_mixin.py:188} INFO - [2024-05-02T23:45:16.125+0000] {dag.py:3096} INFO - Sync 1 DAGs
[2024-05-02T23:45:16.181+0000] {logging_mixin.py:188} INFO - [2024-05-02T23:45:16.180+0000] {dag.py:3954} INFO - Setting next_dagrun for example_short_circuit_operator to 2024-05-01 00:00:00+00:00, run_after=2024-05-02 00:00:00+00:00
[2024-05-02T23:45:16.239+0000] {processor.py:183} INFO - Processing /home/airflow/.local/lib/python3.12/site-packages/airflow/example_dags/example_short_circuit_operator.py took 0.213 seconds
[2024-05-02T23:45:46.409+0000] {processor.py:161} INFO - Started process (PID=629) to work on /home/airflow/.local/lib/python3.12/site-packages/airflow/example_dags/example_short_circuit_operator.py
[2024-05-02T23:45:46.411+0000] {processor.py:830} INFO - Processing file /home/airflow/.local/lib/python3.12/site-packages/airflow/example_dags/example_short_circuit_operator.py for tasks to queue
[2024-05-02T23:45:46.413+0000] {logging_mixin.py:188} INFO - [2024-05-02T23:45:46.412+0000] {dagbag.py:540} INFO - Filling up the DagBag from /home/airflow/.local/lib/python3.12/site-packages/airflow/example_dags/example_short_circuit_operator.py
[2024-05-02T23:45:46.425+0000] {processor.py:840} INFO - DAG(s) 'example_short_circuit_operator' retrieved from /home/airflow/.local/lib/python3.12/site-packages/airflow/example_dags/example_short_circuit_operator.py
[2024-05-02T23:45:46.458+0000] {logging_mixin.py:188} INFO - [2024-05-02T23:45:46.457+0000] {dag.py:3096} INFO - Sync 1 DAGs
[2024-05-02T23:45:46.488+0000] {logging_mixin.py:188} INFO - [2024-05-02T23:45:46.488+0000] {dag.py:3954} INFO - Setting next_dagrun for example_short_circuit_operator to 2024-05-01 00:00:00+00:00, run_after=2024-05-02 00:00:00+00:00
[2024-05-02T23:45:46.515+0000] {processor.py:183} INFO - Processing /home/airflow/.local/lib/python3.12/site-packages/airflow/example_dags/example_short_circuit_operator.py took 0.115 seconds
[2024-05-02T23:46:16.762+0000] {processor.py:161} INFO - Started process (PID=687) to work on /home/airflow/.local/lib/python3.12/site-packages/airflow/example_dags/example_short_circuit_operator.py
[2024-05-02T23:46:16.763+0000] {processor.py:830} INFO - Processing file /home/airflow/.local/lib/python3.12/site-packages/airflow/example_dags/example_short_circuit_operator.py for tasks to queue
[2024-05-02T23:46:16.764+0000] {logging_mixin.py:188} INFO - [2024-05-02T23:46:16.764+0000] {dagbag.py:540} INFO - Filling up the DagBag from /home/airflow/.local/lib/python3.12/site-packages/airflow/example_dags/example_short_circuit_operator.py
[2024-05-02T23:46:16.779+0000] {processor.py:840} INFO - DAG(s) 'example_short_circuit_operator' retrieved from /home/airflow/.local/lib/python3.12/site-packages/airflow/example_dags/example_short_circuit_operator.py
[2024-05-02T23:46:16.813+0000] {logging_mixin.py:188} INFO - [2024-05-02T23:46:16.813+0000] {dag.py:3096} INFO - Sync 1 DAGs
[2024-05-02T23:46:16.848+0000] {logging_mixin.py:188} INFO - [2024-05-02T23:46:16.847+0000] {dag.py:3954} INFO - Setting next_dagrun for example_short_circuit_operator to 2024-05-01 00:00:00+00:00, run_after=2024-05-02 00:00:00+00:00
[2024-05-02T23:46:16.888+0000] {processor.py:183} INFO - Processing /home/airflow/.local/lib/python3.12/site-packages/airflow/example_dags/example_short_circuit_operator.py took 0.136 seconds
[2024-05-02T23:46:47.055+0000] {processor.py:161} INFO - Started process (PID=745) to work on /home/airflow/.local/lib/python3.12/site-packages/airflow/example_dags/example_short_circuit_operator.py
[2024-05-02T23:46:47.057+0000] {processor.py:830} INFO - Processing file /home/airflow/.local/lib/python3.12/site-packages/airflow/example_dags/example_short_circuit_operator.py for tasks to queue
[2024-05-02T23:46:47.059+0000] {logging_mixin.py:188} INFO - [2024-05-02T23:46:47.058+0000] {dagbag.py:540} INFO - Filling up the DagBag from /home/airflow/.local/lib/python3.12/site-packages/airflow/example_dags/example_short_circuit_operator.py
[2024-05-02T23:46:47.074+0000] {processor.py:840} INFO - DAG(s) 'example_short_circuit_operator' retrieved from /home/airflow/.local/lib/python3.12/site-packages/airflow/example_dags/example_short_circuit_operator.py
[2024-05-02T23:46:47.104+0000] {logging_mixin.py:188} INFO - [2024-05-02T23:46:47.104+0000] {dag.py:3096} INFO - Sync 1 DAGs
[2024-05-02T23:46:47.137+0000] {logging_mixin.py:188} INFO - [2024-05-02T23:46:47.137+0000] {dag.py:3954} INFO - Setting next_dagrun for example_short_circuit_operator to 2024-05-01 00:00:00+00:00, run_after=2024-05-02 00:00:00+00:00
[2024-05-02T23:46:47.160+0000] {processor.py:183} INFO - Processing /home/airflow/.local/lib/python3.12/site-packages/airflow/example_dags/example_short_circuit_operator.py took 0.121 seconds
[2024-05-02T23:47:17.308+0000] {processor.py:161} INFO - Started process (PID=803) to work on /home/airflow/.local/lib/python3.12/site-packages/airflow/example_dags/example_short_circuit_operator.py
[2024-05-02T23:47:17.309+0000] {processor.py:830} INFO - Processing file /home/airflow/.local/lib/python3.12/site-packages/airflow/example_dags/example_short_circuit_operator.py for tasks to queue
[2024-05-02T23:47:17.311+0000] {logging_mixin.py:188} INFO - [2024-05-02T23:47:17.310+0000] {dagbag.py:540} INFO - Filling up the DagBag from /home/airflow/.local/lib/python3.12/site-packages/airflow/example_dags/example_short_circuit_operator.py
[2024-05-02T23:47:17.325+0000] {processor.py:840} INFO - DAG(s) 'example_short_circuit_operator' retrieved from /home/airflow/.local/lib/python3.12/site-packages/airflow/example_dags/example_short_circuit_operator.py
[2024-05-02T23:47:17.354+0000] {logging_mixin.py:188} INFO - [2024-05-02T23:47:17.354+0000] {dag.py:3096} INFO - Sync 1 DAGs
[2024-05-02T23:47:17.382+0000] {logging_mixin.py:188} INFO - [2024-05-02T23:47:17.382+0000] {dag.py:3954} INFO - Setting next_dagrun for example_short_circuit_operator to 2024-05-01 00:00:00+00:00, run_after=2024-05-02 00:00:00+00:00
[2024-05-02T23:47:17.406+0000] {processor.py:183} INFO - Processing /home/airflow/.local/lib/python3.12/site-packages/airflow/example_dags/example_short_circuit_operator.py took 0.109 seconds
[2024-05-02T23:47:47.531+0000] {processor.py:161} INFO - Started process (PID=861) to work on /home/airflow/.local/lib/python3.12/site-packages/airflow/example_dags/example_short_circuit_operator.py
[2024-05-02T23:47:47.532+0000] {processor.py:830} INFO - Processing file /home/airflow/.local/lib/python3.12/site-packages/airflow/example_dags/example_short_circuit_operator.py for tasks to queue
[2024-05-02T23:47:47.534+0000] {logging_mixin.py:188} INFO - [2024-05-02T23:47:47.533+0000] {dagbag.py:540} INFO - Filling up the DagBag from /home/airflow/.local/lib/python3.12/site-packages/airflow/example_dags/example_short_circuit_operator.py
[2024-05-02T23:47:47.543+0000] {processor.py:840} INFO - DAG(s) 'example_short_circuit_operator' retrieved from /home/airflow/.local/lib/python3.12/site-packages/airflow/example_dags/example_short_circuit_operator.py
[2024-05-02T23:47:47.571+0000] {logging_mixin.py:188} INFO - [2024-05-02T23:47:47.571+0000] {dag.py:3096} INFO - Sync 1 DAGs
[2024-05-02T23:47:47.598+0000] {logging_mixin.py:188} INFO - [2024-05-02T23:47:47.597+0000] {dag.py:3954} INFO - Setting next_dagrun for example_short_circuit_operator to 2024-05-01 00:00:00+00:00, run_after=2024-05-02 00:00:00+00:00
[2024-05-02T23:47:47.621+0000] {processor.py:183} INFO - Processing /home/airflow/.local/lib/python3.12/site-packages/airflow/example_dags/example_short_circuit_operator.py took 0.100 seconds
[2024-05-02T23:48:17.997+0000] {processor.py:161} INFO - Started process (PID=919) to work on /home/airflow/.local/lib/python3.12/site-packages/airflow/example_dags/example_short_circuit_operator.py
[2024-05-02T23:48:17.998+0000] {processor.py:830} INFO - Processing file /home/airflow/.local/lib/python3.12/site-packages/airflow/example_dags/example_short_circuit_operator.py for tasks to queue
[2024-05-02T23:48:18.000+0000] {logging_mixin.py:188} INFO - [2024-05-02T23:48:17.999+0000] {dagbag.py:540} INFO - Filling up the DagBag from /home/airflow/.local/lib/python3.12/site-packages/airflow/example_dags/example_short_circuit_operator.py
[2024-05-02T23:48:18.013+0000] {processor.py:840} INFO - DAG(s) 'example_short_circuit_operator' retrieved from /home/airflow/.local/lib/python3.12/site-packages/airflow/example_dags/example_short_circuit_operator.py
[2024-05-02T23:48:18.050+0000] {logging_mixin.py:188} INFO - [2024-05-02T23:48:18.049+0000] {dag.py:3096} INFO - Sync 1 DAGs
[2024-05-02T23:48:18.082+0000] {logging_mixin.py:188} INFO - [2024-05-02T23:48:18.082+0000] {dag.py:3954} INFO - Setting next_dagrun for example_short_circuit_operator to 2024-05-01 00:00:00+00:00, run_after=2024-05-02 00:00:00+00:00
[2024-05-02T23:48:18.112+0000] {processor.py:183} INFO - Processing /home/airflow/.local/lib/python3.12/site-packages/airflow/example_dags/example_short_circuit_operator.py took 0.125 seconds
[2024-05-02T23:48:48.413+0000] {processor.py:161} INFO - Started process (PID=977) to work on /home/airflow/.local/lib/python3.12/site-packages/airflow/example_dags/example_short_circuit_operator.py
[2024-05-02T23:48:48.414+0000] {processor.py:830} INFO - Processing file /home/airflow/.local/lib/python3.12/site-packages/airflow/example_dags/example_short_circuit_operator.py for tasks to queue
[2024-05-02T23:48:48.416+0000] {logging_mixin.py:188} INFO - [2024-05-02T23:48:48.415+0000] {dagbag.py:540} INFO - Filling up the DagBag from /home/airflow/.local/lib/python3.12/site-packages/airflow/example_dags/example_short_circuit_operator.py
[2024-05-02T23:48:48.431+0000] {processor.py:840} INFO - DAG(s) 'example_short_circuit_operator' retrieved from /home/airflow/.local/lib/python3.12/site-packages/airflow/example_dags/example_short_circuit_operator.py
[2024-05-02T23:48:48.463+0000] {logging_mixin.py:188} INFO - [2024-05-02T23:48:48.463+0000] {dag.py:3096} INFO - Sync 1 DAGs
[2024-05-02T23:48:48.503+0000] {logging_mixin.py:188} INFO - [2024-05-02T23:48:48.502+0000] {dag.py:3954} INFO - Setting next_dagrun for example_short_circuit_operator to 2024-05-01 00:00:00+00:00, run_after=2024-05-02 00:00:00+00:00
[2024-05-02T23:48:48.724+0000] {processor.py:183} INFO - Processing /home/airflow/.local/lib/python3.12/site-packages/airflow/example_dags/example_short_circuit_operator.py took 0.319 seconds
[2024-05-02T23:49:19.275+0000] {processor.py:161} INFO - Started process (PID=1035) to work on /home/airflow/.local/lib/python3.12/site-packages/airflow/example_dags/example_short_circuit_operator.py
[2024-05-02T23:49:19.276+0000] {processor.py:830} INFO - Processing file /home/airflow/.local/lib/python3.12/site-packages/airflow/example_dags/example_short_circuit_operator.py for tasks to queue
[2024-05-02T23:49:19.277+0000] {logging_mixin.py:188} INFO - [2024-05-02T23:49:19.277+0000] {dagbag.py:540} INFO - Filling up the DagBag from /home/airflow/.local/lib/python3.12/site-packages/airflow/example_dags/example_short_circuit_operator.py
[2024-05-02T23:49:19.287+0000] {processor.py:840} INFO - DAG(s) 'example_short_circuit_operator' retrieved from /home/airflow/.local/lib/python3.12/site-packages/airflow/example_dags/example_short_circuit_operator.py
[2024-05-02T23:49:19.324+0000] {logging_mixin.py:188} INFO - [2024-05-02T23:49:19.324+0000] {dag.py:3096} INFO - Sync 1 DAGs
[2024-05-02T23:49:19.355+0000] {logging_mixin.py:188} INFO - [2024-05-02T23:49:19.355+0000] {dag.py:3954} INFO - Setting next_dagrun for example_short_circuit_operator to 2024-05-01 00:00:00+00:00, run_after=2024-05-02 00:00:00+00:00
[2024-05-02T23:49:19.406+0000] {processor.py:183} INFO - Processing /home/airflow/.local/lib/python3.12/site-packages/airflow/example_dags/example_short_circuit_operator.py took 0.139 seconds
[2024-05-02T23:49:49.598+0000] {processor.py:161} INFO - Started process (PID=1092) to work on /home/airflow/.local/lib/python3.12/site-packages/airflow/example_dags/example_short_circuit_operator.py
[2024-05-02T23:49:49.599+0000] {processor.py:830} INFO - Processing file /home/airflow/.local/lib/python3.12/site-packages/airflow/example_dags/example_short_circuit_operator.py for tasks to queue
[2024-05-02T23:49:49.601+0000] {logging_mixin.py:188} INFO - [2024-05-02T23:49:49.600+0000] {dagbag.py:540} INFO - Filling up the DagBag from /home/airflow/.local/lib/python3.12/site-packages/airflow/example_dags/example_short_circuit_operator.py
[2024-05-02T23:49:49.614+0000] {processor.py:840} INFO - DAG(s) 'example_short_circuit_operator' retrieved from /home/airflow/.local/lib/python3.12/site-packages/airflow/example_dags/example_short_circuit_operator.py
[2024-05-02T23:49:49.648+0000] {logging_mixin.py:188} INFO - [2024-05-02T23:49:49.648+0000] {dag.py:3096} INFO - Sync 1 DAGs
[2024-05-02T23:49:49.680+0000] {logging_mixin.py:188} INFO - [2024-05-02T23:49:49.680+0000] {dag.py:3954} INFO - Setting next_dagrun for example_short_circuit_operator to 2024-05-01 00:00:00+00:00, run_after=2024-05-02 00:00:00+00:00
[2024-05-02T23:49:49.707+0000] {processor.py:183} INFO - Processing /home/airflow/.local/lib/python3.12/site-packages/airflow/example_dags/example_short_circuit_operator.py took 0.118 seconds
[2024-05-02T23:50:20.025+0000] {processor.py:161} INFO - Started process (PID=1150) to work on /home/airflow/.local/lib/python3.12/site-packages/airflow/example_dags/example_short_circuit_operator.py
[2024-05-02T23:50:20.033+0000] {processor.py:830} INFO - Processing file /home/airflow/.local/lib/python3.12/site-packages/airflow/example_dags/example_short_circuit_operator.py for tasks to queue
[2024-05-02T23:50:20.069+0000] {logging_mixin.py:188} INFO - [2024-05-02T23:50:20.067+0000] {dagbag.py:540} INFO - Filling up the DagBag from /home/airflow/.local/lib/python3.12/site-packages/airflow/example_dags/example_short_circuit_operator.py
[2024-05-02T23:50:20.096+0000] {processor.py:840} INFO - DAG(s) 'example_short_circuit_operator' retrieved from /home/airflow/.local/lib/python3.12/site-packages/airflow/example_dags/example_short_circuit_operator.py
[2024-05-02T23:50:20.240+0000] {logging_mixin.py:188} INFO - [2024-05-02T23:50:20.239+0000] {dag.py:3096} INFO - Sync 1 DAGs
[2024-05-02T23:50:20.389+0000] {logging_mixin.py:188} INFO - [2024-05-02T23:50:20.389+0000] {dag.py:3954} INFO - Setting next_dagrun for example_short_circuit_operator to 2024-05-01 00:00:00+00:00, run_after=2024-05-02 00:00:00+00:00
[2024-05-02T23:50:20.516+0000] {processor.py:183} INFO - Processing /home/airflow/.local/lib/python3.12/site-packages/airflow/example_dags/example_short_circuit_operator.py took 0.525 seconds
[2024-05-02T23:50:50.682+0000] {processor.py:161} INFO - Started process (PID=1208) to work on /home/airflow/.local/lib/python3.12/site-packages/airflow/example_dags/example_short_circuit_operator.py
[2024-05-02T23:50:50.684+0000] {processor.py:830} INFO - Processing file /home/airflow/.local/lib/python3.12/site-packages/airflow/example_dags/example_short_circuit_operator.py for tasks to queue
[2024-05-02T23:50:50.685+0000] {logging_mixin.py:188} INFO - [2024-05-02T23:50:50.685+0000] {dagbag.py:540} INFO - Filling up the DagBag from /home/airflow/.local/lib/python3.12/site-packages/airflow/example_dags/example_short_circuit_operator.py
[2024-05-02T23:50:50.698+0000] {processor.py:840} INFO - DAG(s) 'example_short_circuit_operator' retrieved from /home/airflow/.local/lib/python3.12/site-packages/airflow/example_dags/example_short_circuit_operator.py
[2024-05-02T23:50:50.735+0000] {logging_mixin.py:188} INFO - [2024-05-02T23:50:50.735+0000] {dag.py:3096} INFO - Sync 1 DAGs
[2024-05-02T23:50:50.766+0000] {logging_mixin.py:188} INFO - [2024-05-02T23:50:50.766+0000] {dag.py:3954} INFO - Setting next_dagrun for example_short_circuit_operator to 2024-05-01 00:00:00+00:00, run_after=2024-05-02 00:00:00+00:00
[2024-05-02T23:50:50.791+0000] {processor.py:183} INFO - Processing /home/airflow/.local/lib/python3.12/site-packages/airflow/example_dags/example_short_circuit_operator.py took 0.117 seconds
[2024-05-02T23:51:21.100+0000] {processor.py:161} INFO - Started process (PID=1266) to work on /home/airflow/.local/lib/python3.12/site-packages/airflow/example_dags/example_short_circuit_operator.py
[2024-05-02T23:51:21.101+0000] {processor.py:830} INFO - Processing file /home/airflow/.local/lib/python3.12/site-packages/airflow/example_dags/example_short_circuit_operator.py for tasks to queue
[2024-05-02T23:51:21.103+0000] {logging_mixin.py:188} INFO - [2024-05-02T23:51:21.102+0000] {dagbag.py:540} INFO - Filling up the DagBag from /home/airflow/.local/lib/python3.12/site-packages/airflow/example_dags/example_short_circuit_operator.py
[2024-05-02T23:51:21.114+0000] {processor.py:840} INFO - DAG(s) 'example_short_circuit_operator' retrieved from /home/airflow/.local/lib/python3.12/site-packages/airflow/example_dags/example_short_circuit_operator.py
[2024-05-02T23:51:21.147+0000] {logging_mixin.py:188} INFO - [2024-05-02T23:51:21.147+0000] {dag.py:3096} INFO - Sync 1 DAGs
[2024-05-02T23:51:21.178+0000] {logging_mixin.py:188} INFO - [2024-05-02T23:51:21.177+0000] {dag.py:3954} INFO - Setting next_dagrun for example_short_circuit_operator to 2024-05-01 00:00:00+00:00, run_after=2024-05-02 00:00:00+00:00
[2024-05-02T23:51:21.202+0000] {processor.py:183} INFO - Processing /home/airflow/.local/lib/python3.12/site-packages/airflow/example_dags/example_short_circuit_operator.py took 0.110 seconds
[2024-05-02T23:51:51.352+0000] {processor.py:161} INFO - Started process (PID=1324) to work on /home/airflow/.local/lib/python3.12/site-packages/airflow/example_dags/example_short_circuit_operator.py
[2024-05-02T23:51:51.353+0000] {processor.py:830} INFO - Processing file /home/airflow/.local/lib/python3.12/site-packages/airflow/example_dags/example_short_circuit_operator.py for tasks to queue
[2024-05-02T23:51:51.355+0000] {logging_mixin.py:188} INFO - [2024-05-02T23:51:51.354+0000] {dagbag.py:540} INFO - Filling up the DagBag from /home/airflow/.local/lib/python3.12/site-packages/airflow/example_dags/example_short_circuit_operator.py
[2024-05-02T23:51:51.367+0000] {processor.py:840} INFO - DAG(s) 'example_short_circuit_operator' retrieved from /home/airflow/.local/lib/python3.12/site-packages/airflow/example_dags/example_short_circuit_operator.py
[2024-05-02T23:51:51.396+0000] {logging_mixin.py:188} INFO - [2024-05-02T23:51:51.395+0000] {dag.py:3096} INFO - Sync 1 DAGs
[2024-05-02T23:51:51.428+0000] {logging_mixin.py:188} INFO - [2024-05-02T23:51:51.428+0000] {dag.py:3954} INFO - Setting next_dagrun for example_short_circuit_operator to 2024-05-01 00:00:00+00:00, run_after=2024-05-02 00:00:00+00:00
[2024-05-02T23:51:51.456+0000] {processor.py:183} INFO - Processing /home/airflow/.local/lib/python3.12/site-packages/airflow/example_dags/example_short_circuit_operator.py took 0.111 seconds
[2024-05-02T23:52:21.780+0000] {processor.py:161} INFO - Started process (PID=1382) to work on /home/airflow/.local/lib/python3.12/site-packages/airflow/example_dags/example_short_circuit_operator.py
[2024-05-02T23:52:21.782+0000] {processor.py:830} INFO - Processing file /home/airflow/.local/lib/python3.12/site-packages/airflow/example_dags/example_short_circuit_operator.py for tasks to queue
[2024-05-02T23:52:21.784+0000] {logging_mixin.py:188} INFO - [2024-05-02T23:52:21.783+0000] {dagbag.py:540} INFO - Filling up the DagBag from /home/airflow/.local/lib/python3.12/site-packages/airflow/example_dags/example_short_circuit_operator.py
[2024-05-02T23:52:21.796+0000] {processor.py:840} INFO - DAG(s) 'example_short_circuit_operator' retrieved from /home/airflow/.local/lib/python3.12/site-packages/airflow/example_dags/example_short_circuit_operator.py
[2024-05-02T23:52:21.832+0000] {logging_mixin.py:188} INFO - [2024-05-02T23:52:21.831+0000] {dag.py:3096} INFO - Sync 1 DAGs
[2024-05-02T23:52:21.866+0000] {logging_mixin.py:188} INFO - [2024-05-02T23:52:21.866+0000] {dag.py:3954} INFO - Setting next_dagrun for example_short_circuit_operator to 2024-05-01 00:00:00+00:00, run_after=2024-05-02 00:00:00+00:00
[2024-05-02T23:52:21.895+0000] {processor.py:183} INFO - Processing /home/airflow/.local/lib/python3.12/site-packages/airflow/example_dags/example_short_circuit_operator.py took 0.125 seconds
[2024-05-02T23:52:52.228+0000] {processor.py:161} INFO - Started process (PID=1441) to work on /home/airflow/.local/lib/python3.12/site-packages/airflow/example_dags/example_short_circuit_operator.py
[2024-05-02T23:52:52.229+0000] {processor.py:830} INFO - Processing file /home/airflow/.local/lib/python3.12/site-packages/airflow/example_dags/example_short_circuit_operator.py for tasks to queue
[2024-05-02T23:52:52.231+0000] {logging_mixin.py:188} INFO - [2024-05-02T23:52:52.231+0000] {dagbag.py:540} INFO - Filling up the DagBag from /home/airflow/.local/lib/python3.12/site-packages/airflow/example_dags/example_short_circuit_operator.py
[2024-05-02T23:52:52.242+0000] {processor.py:840} INFO - DAG(s) 'example_short_circuit_operator' retrieved from /home/airflow/.local/lib/python3.12/site-packages/airflow/example_dags/example_short_circuit_operator.py
[2024-05-02T23:52:52.273+0000] {logging_mixin.py:188} INFO - [2024-05-02T23:52:52.273+0000] {dag.py:3096} INFO - Sync 1 DAGs
[2024-05-02T23:52:52.309+0000] {logging_mixin.py:188} INFO - [2024-05-02T23:52:52.308+0000] {dag.py:3954} INFO - Setting next_dagrun for example_short_circuit_operator to 2024-05-01 00:00:00+00:00, run_after=2024-05-02 00:00:00+00:00
[2024-05-02T23:52:52.334+0000] {processor.py:183} INFO - Processing /home/airflow/.local/lib/python3.12/site-packages/airflow/example_dags/example_short_circuit_operator.py took 0.115 seconds
[2024-05-02T23:53:23.089+0000] {processor.py:161} INFO - Started process (PID=1499) to work on /home/airflow/.local/lib/python3.12/site-packages/airflow/example_dags/example_short_circuit_operator.py
[2024-05-02T23:53:23.090+0000] {processor.py:830} INFO - Processing file /home/airflow/.local/lib/python3.12/site-packages/airflow/example_dags/example_short_circuit_operator.py for tasks to queue
[2024-05-02T23:53:23.092+0000] {logging_mixin.py:188} INFO - [2024-05-02T23:53:23.091+0000] {dagbag.py:540} INFO - Filling up the DagBag from /home/airflow/.local/lib/python3.12/site-packages/airflow/example_dags/example_short_circuit_operator.py
[2024-05-02T23:53:23.102+0000] {processor.py:840} INFO - DAG(s) 'example_short_circuit_operator' retrieved from /home/airflow/.local/lib/python3.12/site-packages/airflow/example_dags/example_short_circuit_operator.py
[2024-05-02T23:53:23.135+0000] {logging_mixin.py:188} INFO - [2024-05-02T23:53:23.134+0000] {dag.py:3096} INFO - Sync 1 DAGs
[2024-05-02T23:53:23.166+0000] {logging_mixin.py:188} INFO - [2024-05-02T23:53:23.165+0000] {dag.py:3954} INFO - Setting next_dagrun for example_short_circuit_operator to 2024-05-01 00:00:00+00:00, run_after=2024-05-02 00:00:00+00:00
[2024-05-02T23:53:23.190+0000] {processor.py:183} INFO - Processing /home/airflow/.local/lib/python3.12/site-packages/airflow/example_dags/example_short_circuit_operator.py took 0.112 seconds
[2024-05-02T23:53:53.493+0000] {processor.py:161} INFO - Started process (PID=1557) to work on /home/airflow/.local/lib/python3.12/site-packages/airflow/example_dags/example_short_circuit_operator.py
[2024-05-02T23:53:53.494+0000] {processor.py:830} INFO - Processing file /home/airflow/.local/lib/python3.12/site-packages/airflow/example_dags/example_short_circuit_operator.py for tasks to queue
[2024-05-02T23:53:53.496+0000] {logging_mixin.py:188} INFO - [2024-05-02T23:53:53.495+0000] {dagbag.py:540} INFO - Filling up the DagBag from /home/airflow/.local/lib/python3.12/site-packages/airflow/example_dags/example_short_circuit_operator.py
[2024-05-02T23:53:53.515+0000] {processor.py:840} INFO - DAG(s) 'example_short_circuit_operator' retrieved from /home/airflow/.local/lib/python3.12/site-packages/airflow/example_dags/example_short_circuit_operator.py
[2024-05-02T23:53:53.564+0000] {logging_mixin.py:188} INFO - [2024-05-02T23:53:53.563+0000] {dag.py:3096} INFO - Sync 1 DAGs
[2024-05-02T23:53:53.616+0000] {logging_mixin.py:188} INFO - [2024-05-02T23:53:53.616+0000] {dag.py:3954} INFO - Setting next_dagrun for example_short_circuit_operator to 2024-05-01 00:00:00+00:00, run_after=2024-05-02 00:00:00+00:00
[2024-05-02T23:53:53.652+0000] {processor.py:183} INFO - Processing /home/airflow/.local/lib/python3.12/site-packages/airflow/example_dags/example_short_circuit_operator.py took 0.171 seconds
[2024-05-02T23:54:24.318+0000] {processor.py:161} INFO - Started process (PID=1615) to work on /home/airflow/.local/lib/python3.12/site-packages/airflow/example_dags/example_short_circuit_operator.py
[2024-05-02T23:54:24.319+0000] {processor.py:830} INFO - Processing file /home/airflow/.local/lib/python3.12/site-packages/airflow/example_dags/example_short_circuit_operator.py for tasks to queue
[2024-05-02T23:54:24.320+0000] {logging_mixin.py:188} INFO - [2024-05-02T23:54:24.320+0000] {dagbag.py:540} INFO - Filling up the DagBag from /home/airflow/.local/lib/python3.12/site-packages/airflow/example_dags/example_short_circuit_operator.py
[2024-05-02T23:54:24.330+0000] {processor.py:840} INFO - DAG(s) 'example_short_circuit_operator' retrieved from /home/airflow/.local/lib/python3.12/site-packages/airflow/example_dags/example_short_circuit_operator.py
[2024-05-02T23:54:24.359+0000] {logging_mixin.py:188} INFO - [2024-05-02T23:54:24.358+0000] {dag.py:3096} INFO - Sync 1 DAGs
[2024-05-02T23:54:24.388+0000] {logging_mixin.py:188} INFO - [2024-05-02T23:54:24.387+0000] {dag.py:3954} INFO - Setting next_dagrun for example_short_circuit_operator to 2024-05-01 00:00:00+00:00, run_after=2024-05-02 00:00:00+00:00
[2024-05-02T23:54:24.417+0000] {processor.py:183} INFO - Processing /home/airflow/.local/lib/python3.12/site-packages/airflow/example_dags/example_short_circuit_operator.py took 0.107 seconds
[2024-05-02T23:54:54.675+0000] {processor.py:161} INFO - Started process (PID=1673) to work on /home/airflow/.local/lib/python3.12/site-packages/airflow/example_dags/example_short_circuit_operator.py
[2024-05-02T23:54:54.678+0000] {processor.py:830} INFO - Processing file /home/airflow/.local/lib/python3.12/site-packages/airflow/example_dags/example_short_circuit_operator.py for tasks to queue
[2024-05-02T23:54:54.679+0000] {logging_mixin.py:188} INFO - [2024-05-02T23:54:54.679+0000] {dagbag.py:540} INFO - Filling up the DagBag from /home/airflow/.local/lib/python3.12/site-packages/airflow/example_dags/example_short_circuit_operator.py
[2024-05-02T23:54:54.694+0000] {processor.py:840} INFO - DAG(s) 'example_short_circuit_operator' retrieved from /home/airflow/.local/lib/python3.12/site-packages/airflow/example_dags/example_short_circuit_operator.py
[2024-05-02T23:54:54.738+0000] {logging_mixin.py:188} INFO - [2024-05-02T23:54:54.737+0000] {dag.py:3096} INFO - Sync 1 DAGs
[2024-05-02T23:54:54.791+0000] {logging_mixin.py:188} INFO - [2024-05-02T23:54:54.791+0000] {dag.py:3954} INFO - Setting next_dagrun for example_short_circuit_operator to 2024-05-01 00:00:00+00:00, run_after=2024-05-02 00:00:00+00:00
[2024-05-02T23:54:54.828+0000] {processor.py:183} INFO - Processing /home/airflow/.local/lib/python3.12/site-packages/airflow/example_dags/example_short_circuit_operator.py took 0.166 seconds
[2024-05-02T23:55:24.997+0000] {processor.py:161} INFO - Started process (PID=1731) to work on /home/airflow/.local/lib/python3.12/site-packages/airflow/example_dags/example_short_circuit_operator.py
[2024-05-02T23:55:24.998+0000] {processor.py:830} INFO - Processing file /home/airflow/.local/lib/python3.12/site-packages/airflow/example_dags/example_short_circuit_operator.py for tasks to queue
[2024-05-02T23:55:24.999+0000] {logging_mixin.py:188} INFO - [2024-05-02T23:55:24.999+0000] {dagbag.py:540} INFO - Filling up the DagBag from /home/airflow/.local/lib/python3.12/site-packages/airflow/example_dags/example_short_circuit_operator.py
[2024-05-02T23:55:25.009+0000] {processor.py:840} INFO - DAG(s) 'example_short_circuit_operator' retrieved from /home/airflow/.local/lib/python3.12/site-packages/airflow/example_dags/example_short_circuit_operator.py
[2024-05-02T23:55:25.039+0000] {logging_mixin.py:188} INFO - [2024-05-02T23:55:25.039+0000] {dag.py:3096} INFO - Sync 1 DAGs
[2024-05-02T23:55:25.081+0000] {logging_mixin.py:188} INFO - [2024-05-02T23:55:25.080+0000] {dag.py:3954} INFO - Setting next_dagrun for example_short_circuit_operator to 2024-05-01 00:00:00+00:00, run_after=2024-05-02 00:00:00+00:00
[2024-05-02T23:55:25.108+0000] {processor.py:183} INFO - Processing /home/airflow/.local/lib/python3.12/site-packages/airflow/example_dags/example_short_circuit_operator.py took 0.119 seconds
[2024-05-02T23:55:55.199+0000] {processor.py:161} INFO - Started process (PID=1788) to work on /home/airflow/.local/lib/python3.12/site-packages/airflow/example_dags/example_short_circuit_operator.py
[2024-05-02T23:55:55.200+0000] {processor.py:830} INFO - Processing file /home/airflow/.local/lib/python3.12/site-packages/airflow/example_dags/example_short_circuit_operator.py for tasks to queue
[2024-05-02T23:55:55.201+0000] {logging_mixin.py:188} INFO - [2024-05-02T23:55:55.201+0000] {dagbag.py:540} INFO - Filling up the DagBag from /home/airflow/.local/lib/python3.12/site-packages/airflow/example_dags/example_short_circuit_operator.py
[2024-05-02T23:55:55.215+0000] {processor.py:840} INFO - DAG(s) 'example_short_circuit_operator' retrieved from /home/airflow/.local/lib/python3.12/site-packages/airflow/example_dags/example_short_circuit_operator.py
[2024-05-02T23:55:55.244+0000] {logging_mixin.py:188} INFO - [2024-05-02T23:55:55.243+0000] {dag.py:3096} INFO - Sync 1 DAGs
[2024-05-02T23:55:55.276+0000] {logging_mixin.py:188} INFO - [2024-05-02T23:55:55.276+0000] {dag.py:3954} INFO - Setting next_dagrun for example_short_circuit_operator to 2024-05-01 00:00:00+00:00, run_after=2024-05-02 00:00:00+00:00
[2024-05-02T23:55:55.306+0000] {processor.py:183} INFO - Processing /home/airflow/.local/lib/python3.12/site-packages/airflow/example_dags/example_short_circuit_operator.py took 0.117 seconds
[2024-05-02T23:56:25.503+0000] {processor.py:161} INFO - Started process (PID=1845) to work on /home/airflow/.local/lib/python3.12/site-packages/airflow/example_dags/example_short_circuit_operator.py
[2024-05-02T23:56:25.505+0000] {processor.py:830} INFO - Processing file /home/airflow/.local/lib/python3.12/site-packages/airflow/example_dags/example_short_circuit_operator.py for tasks to queue
[2024-05-02T23:56:25.506+0000] {logging_mixin.py:188} INFO - [2024-05-02T23:56:25.506+0000] {dagbag.py:540} INFO - Filling up the DagBag from /home/airflow/.local/lib/python3.12/site-packages/airflow/example_dags/example_short_circuit_operator.py
[2024-05-02T23:56:25.516+0000] {processor.py:840} INFO - DAG(s) 'example_short_circuit_operator' retrieved from /home/airflow/.local/lib/python3.12/site-packages/airflow/example_dags/example_short_circuit_operator.py
[2024-05-02T23:56:25.552+0000] {logging_mixin.py:188} INFO - [2024-05-02T23:56:25.552+0000] {dag.py:3096} INFO - Sync 1 DAGs
[2024-05-02T23:56:25.584+0000] {logging_mixin.py:188} INFO - [2024-05-02T23:56:25.584+0000] {dag.py:3954} INFO - Setting next_dagrun for example_short_circuit_operator to 2024-05-01 00:00:00+00:00, run_after=2024-05-02 00:00:00+00:00
[2024-05-02T23:56:25.612+0000] {processor.py:183} INFO - Processing /home/airflow/.local/lib/python3.12/site-packages/airflow/example_dags/example_short_circuit_operator.py took 0.120 seconds
[2024-05-02T23:56:56.383+0000] {processor.py:161} INFO - Started process (PID=1903) to work on /home/airflow/.local/lib/python3.12/site-packages/airflow/example_dags/example_short_circuit_operator.py
[2024-05-02T23:56:56.384+0000] {processor.py:830} INFO - Processing file /home/airflow/.local/lib/python3.12/site-packages/airflow/example_dags/example_short_circuit_operator.py for tasks to queue
[2024-05-02T23:56:56.386+0000] {logging_mixin.py:188} INFO - [2024-05-02T23:56:56.385+0000] {dagbag.py:540} INFO - Filling up the DagBag from /home/airflow/.local/lib/python3.12/site-packages/airflow/example_dags/example_short_circuit_operator.py
[2024-05-02T23:56:56.395+0000] {processor.py:840} INFO - DAG(s) 'example_short_circuit_operator' retrieved from /home/airflow/.local/lib/python3.12/site-packages/airflow/example_dags/example_short_circuit_operator.py
[2024-05-02T23:56:56.423+0000] {logging_mixin.py:188} INFO - [2024-05-02T23:56:56.423+0000] {dag.py:3096} INFO - Sync 1 DAGs
[2024-05-02T23:56:56.454+0000] {logging_mixin.py:188} INFO - [2024-05-02T23:56:56.453+0000] {dag.py:3954} INFO - Setting next_dagrun for example_short_circuit_operator to 2024-05-01 00:00:00+00:00, run_after=2024-05-02 00:00:00+00:00
[2024-05-02T23:56:56.478+0000] {processor.py:183} INFO - Processing /home/airflow/.local/lib/python3.12/site-packages/airflow/example_dags/example_short_circuit_operator.py took 0.104 seconds
