[2024-05-02T05:54:20.130+0000] {processor.py:161} INFO - Started process (PID=62) to work on /home/airflow/.local/lib/python3.12/site-packages/airflow/example_dags/example_sensors.py
[2024-05-02T05:54:20.132+0000] {processor.py:830} INFO - Processing file /home/airflow/.local/lib/python3.12/site-packages/airflow/example_dags/example_sensors.py for tasks to queue
[2024-05-02T05:54:20.137+0000] {logging_mixin.py:188} INFO - [2024-05-02T05:54:20.136+0000] {dagbag.py:540} INFO - Filling up the DagBag from /home/airflow/.local/lib/python3.12/site-packages/airflow/example_dags/example_sensors.py
[2024-05-02T05:54:20.238+0000] {processor.py:840} INFO - DAG(s) 'example_sensors' retrieved from /home/airflow/.local/lib/python3.12/site-packages/airflow/example_dags/example_sensors.py
[2024-05-02T05:54:20.969+0000] {logging_mixin.py:188} INFO - [2024-05-02T05:54:20.969+0000] {dag.py:3096} INFO - Sync 1 DAGs
[2024-05-02T05:54:21.035+0000] {logging_mixin.py:188} INFO - [2024-05-02T05:54:21.035+0000] {dag.py:3954} INFO - Setting next_dagrun for example_sensors to None, run_after=None
[2024-05-02T05:54:21.209+0000] {processor.py:183} INFO - Processing /home/airflow/.local/lib/python3.12/site-packages/airflow/example_dags/example_sensors.py took 1.102 seconds
[2024-05-02T05:54:51.342+0000] {processor.py:161} INFO - Started process (PID=120) to work on /home/airflow/.local/lib/python3.12/site-packages/airflow/example_dags/example_sensors.py
[2024-05-02T05:54:51.344+0000] {processor.py:830} INFO - Processing file /home/airflow/.local/lib/python3.12/site-packages/airflow/example_dags/example_sensors.py for tasks to queue
[2024-05-02T05:54:51.348+0000] {logging_mixin.py:188} INFO - [2024-05-02T05:54:51.347+0000] {dagbag.py:540} INFO - Filling up the DagBag from /home/airflow/.local/lib/python3.12/site-packages/airflow/example_dags/example_sensors.py
[2024-05-02T05:54:51.367+0000] {processor.py:840} INFO - DAG(s) 'example_sensors' retrieved from /home/airflow/.local/lib/python3.12/site-packages/airflow/example_dags/example_sensors.py
[2024-05-02T05:54:51.418+0000] {logging_mixin.py:188} INFO - [2024-05-02T05:54:51.418+0000] {dag.py:3096} INFO - Sync 1 DAGs
[2024-05-02T05:54:51.444+0000] {logging_mixin.py:188} INFO - [2024-05-02T05:54:51.444+0000] {dag.py:3954} INFO - Setting next_dagrun for example_sensors to None, run_after=None
[2024-05-02T05:54:51.492+0000] {processor.py:183} INFO - Processing /home/airflow/.local/lib/python3.12/site-packages/airflow/example_dags/example_sensors.py took 0.165 seconds
[2024-05-02T05:55:22.005+0000] {processor.py:161} INFO - Started process (PID=178) to work on /home/airflow/.local/lib/python3.12/site-packages/airflow/example_dags/example_sensors.py
[2024-05-02T05:55:22.008+0000] {processor.py:830} INFO - Processing file /home/airflow/.local/lib/python3.12/site-packages/airflow/example_dags/example_sensors.py for tasks to queue
[2024-05-02T05:55:22.013+0000] {logging_mixin.py:188} INFO - [2024-05-02T05:55:22.012+0000] {dagbag.py:540} INFO - Filling up the DagBag from /home/airflow/.local/lib/python3.12/site-packages/airflow/example_dags/example_sensors.py
[2024-05-02T05:55:22.076+0000] {processor.py:840} INFO - DAG(s) 'example_sensors' retrieved from /home/airflow/.local/lib/python3.12/site-packages/airflow/example_dags/example_sensors.py
[2024-05-02T05:55:22.267+0000] {logging_mixin.py:188} INFO - [2024-05-02T05:55:22.267+0000] {dag.py:3096} INFO - Sync 1 DAGs
[2024-05-02T05:55:22.375+0000] {logging_mixin.py:188} INFO - [2024-05-02T05:55:22.374+0000] {dag.py:3954} INFO - Setting next_dagrun for example_sensors to None, run_after=None
[2024-05-02T05:55:22.501+0000] {processor.py:183} INFO - Processing /home/airflow/.local/lib/python3.12/site-packages/airflow/example_dags/example_sensors.py took 0.518 seconds
[2024-05-02T05:56:19.775+0000] {processor.py:161} INFO - Started process (PID=242) to work on /home/airflow/.local/lib/python3.12/site-packages/airflow/example_dags/example_sensors.py
[2024-05-02T05:56:19.818+0000] {processor.py:830} INFO - Processing file /home/airflow/.local/lib/python3.12/site-packages/airflow/example_dags/example_sensors.py for tasks to queue
[2024-05-02T05:56:19.836+0000] {logging_mixin.py:188} INFO - [2024-05-02T05:56:19.835+0000] {dagbag.py:540} INFO - Filling up the DagBag from /home/airflow/.local/lib/python3.12/site-packages/airflow/example_dags/example_sensors.py
[2024-05-02T05:56:19.937+0000] {processor.py:840} INFO - DAG(s) 'example_sensors' retrieved from /home/airflow/.local/lib/python3.12/site-packages/airflow/example_dags/example_sensors.py
[2024-05-02T05:56:20.382+0000] {logging_mixin.py:188} INFO - [2024-05-02T05:56:20.370+0000] {dag.py:3096} INFO - Sync 1 DAGs
[2024-05-02T05:56:20.511+0000] {logging_mixin.py:188} INFO - [2024-05-02T05:56:20.511+0000] {dag.py:3954} INFO - Setting next_dagrun for example_sensors to None, run_after=None
[2024-05-02T05:56:20.670+0000] {processor.py:183} INFO - Processing /home/airflow/.local/lib/python3.12/site-packages/airflow/example_dags/example_sensors.py took 0.946 seconds
[2024-05-02T05:58:21.267+0000] {processor.py:161} INFO - Started process (PID=329) to work on /home/airflow/.local/lib/python3.12/site-packages/airflow/example_dags/example_sensors.py
[2024-05-02T05:58:21.285+0000] {processor.py:830} INFO - Processing file /home/airflow/.local/lib/python3.12/site-packages/airflow/example_dags/example_sensors.py for tasks to queue
[2024-05-02T05:58:21.293+0000] {logging_mixin.py:188} INFO - [2024-05-02T05:58:21.291+0000] {dagbag.py:540} INFO - Filling up the DagBag from /home/airflow/.local/lib/python3.12/site-packages/airflow/example_dags/example_sensors.py
[2024-05-02T05:58:21.420+0000] {processor.py:840} INFO - DAG(s) 'example_sensors' retrieved from /home/airflow/.local/lib/python3.12/site-packages/airflow/example_dags/example_sensors.py
[2024-05-02T05:58:21.648+0000] {logging_mixin.py:188} INFO - [2024-05-02T05:58:21.646+0000] {dag.py:3096} INFO - Sync 1 DAGs
[2024-05-02T05:58:21.760+0000] {logging_mixin.py:188} INFO - [2024-05-02T05:58:21.760+0000] {dag.py:3954} INFO - Setting next_dagrun for example_sensors to None, run_after=None
[2024-05-02T05:58:21.957+0000] {processor.py:183} INFO - Processing /home/airflow/.local/lib/python3.12/site-packages/airflow/example_dags/example_sensors.py took 0.738 seconds
[2024-05-02T23:42:58.792+0000] {processor.py:161} INFO - Started process (PID=397) to work on /home/airflow/.local/lib/python3.12/site-packages/airflow/example_dags/example_sensors.py
[2024-05-02T23:42:58.796+0000] {processor.py:830} INFO - Processing file /home/airflow/.local/lib/python3.12/site-packages/airflow/example_dags/example_sensors.py for tasks to queue
[2024-05-02T23:42:58.798+0000] {logging_mixin.py:188} INFO - [2024-05-02T23:42:58.798+0000] {dagbag.py:540} INFO - Filling up the DagBag from /home/airflow/.local/lib/python3.12/site-packages/airflow/example_dags/example_sensors.py
[2024-05-02T23:42:58.877+0000] {processor.py:840} INFO - DAG(s) 'example_sensors' retrieved from /home/airflow/.local/lib/python3.12/site-packages/airflow/example_dags/example_sensors.py
[2024-05-02T23:42:59.051+0000] {logging_mixin.py:188} INFO - [2024-05-02T23:42:59.050+0000] {dag.py:3096} INFO - Sync 1 DAGs
[2024-05-02T23:42:59.161+0000] {logging_mixin.py:188} INFO - [2024-05-02T23:42:59.161+0000] {dag.py:3954} INFO - Setting next_dagrun for example_sensors to None, run_after=None
[2024-05-02T23:42:59.286+0000] {processor.py:183} INFO - Processing /home/airflow/.local/lib/python3.12/site-packages/airflow/example_dags/example_sensors.py took 0.509 seconds
[2024-05-02T23:44:17.188+0000] {processor.py:161} INFO - Started process (PID=461) to work on /home/airflow/.local/lib/python3.12/site-packages/airflow/example_dags/example_sensors.py
[2024-05-02T23:44:17.190+0000] {processor.py:830} INFO - Processing file /home/airflow/.local/lib/python3.12/site-packages/airflow/example_dags/example_sensors.py for tasks to queue
[2024-05-02T23:44:17.191+0000] {logging_mixin.py:188} INFO - [2024-05-02T23:44:17.191+0000] {dagbag.py:540} INFO - Filling up the DagBag from /home/airflow/.local/lib/python3.12/site-packages/airflow/example_dags/example_sensors.py
[2024-05-02T23:44:17.215+0000] {processor.py:840} INFO - DAG(s) 'example_sensors' retrieved from /home/airflow/.local/lib/python3.12/site-packages/airflow/example_dags/example_sensors.py
[2024-05-02T23:44:17.531+0000] {logging_mixin.py:188} INFO - [2024-05-02T23:44:17.530+0000] {dag.py:3096} INFO - Sync 1 DAGs
[2024-05-02T23:44:17.832+0000] {logging_mixin.py:188} INFO - [2024-05-02T23:44:17.828+0000] {dag.py:3954} INFO - Setting next_dagrun for example_sensors to None, run_after=None
[2024-05-02T23:44:17.885+0000] {processor.py:183} INFO - Processing /home/airflow/.local/lib/python3.12/site-packages/airflow/example_dags/example_sensors.py took 0.713 seconds
[2024-05-02T23:44:48.212+0000] {processor.py:161} INFO - Started process (PID=519) to work on /home/airflow/.local/lib/python3.12/site-packages/airflow/example_dags/example_sensors.py
[2024-05-02T23:44:48.214+0000] {processor.py:830} INFO - Processing file /home/airflow/.local/lib/python3.12/site-packages/airflow/example_dags/example_sensors.py for tasks to queue
[2024-05-02T23:44:48.216+0000] {logging_mixin.py:188} INFO - [2024-05-02T23:44:48.216+0000] {dagbag.py:540} INFO - Filling up the DagBag from /home/airflow/.local/lib/python3.12/site-packages/airflow/example_dags/example_sensors.py
[2024-05-02T23:44:48.244+0000] {processor.py:840} INFO - DAG(s) 'example_sensors' retrieved from /home/airflow/.local/lib/python3.12/site-packages/airflow/example_dags/example_sensors.py
[2024-05-02T23:44:48.335+0000] {logging_mixin.py:188} INFO - [2024-05-02T23:44:48.334+0000] {dag.py:3096} INFO - Sync 1 DAGs
[2024-05-02T23:44:48.375+0000] {logging_mixin.py:188} INFO - [2024-05-02T23:44:48.374+0000] {dag.py:3954} INFO - Setting next_dagrun for example_sensors to None, run_after=None
[2024-05-02T23:44:48.465+0000] {processor.py:183} INFO - Processing /home/airflow/.local/lib/python3.12/site-packages/airflow/example_dags/example_sensors.py took 0.281 seconds
[2024-05-02T23:45:20.021+0000] {processor.py:161} INFO - Started process (PID=577) to work on /home/airflow/.local/lib/python3.12/site-packages/airflow/example_dags/example_sensors.py
[2024-05-02T23:45:20.070+0000] {processor.py:830} INFO - Processing file /home/airflow/.local/lib/python3.12/site-packages/airflow/example_dags/example_sensors.py for tasks to queue
[2024-05-02T23:45:20.084+0000] {logging_mixin.py:188} INFO - [2024-05-02T23:45:20.083+0000] {dagbag.py:540} INFO - Filling up the DagBag from /home/airflow/.local/lib/python3.12/site-packages/airflow/example_dags/example_sensors.py
[2024-05-02T23:45:20.182+0000] {processor.py:840} INFO - DAG(s) 'example_sensors' retrieved from /home/airflow/.local/lib/python3.12/site-packages/airflow/example_dags/example_sensors.py
[2024-05-02T23:45:20.465+0000] {logging_mixin.py:188} INFO - [2024-05-02T23:45:20.452+0000] {dag.py:3096} INFO - Sync 1 DAGs
[2024-05-02T23:45:20.654+0000] {logging_mixin.py:188} INFO - [2024-05-02T23:45:20.653+0000] {dag.py:3954} INFO - Setting next_dagrun for example_sensors to None, run_after=None
[2024-05-02T23:45:20.943+0000] {processor.py:183} INFO - Processing /home/airflow/.local/lib/python3.12/site-packages/airflow/example_dags/example_sensors.py took 0.962 seconds
[2024-05-02T23:45:51.771+0000] {processor.py:161} INFO - Started process (PID=635) to work on /home/airflow/.local/lib/python3.12/site-packages/airflow/example_dags/example_sensors.py
[2024-05-02T23:45:51.772+0000] {processor.py:830} INFO - Processing file /home/airflow/.local/lib/python3.12/site-packages/airflow/example_dags/example_sensors.py for tasks to queue
[2024-05-02T23:45:51.774+0000] {logging_mixin.py:188} INFO - [2024-05-02T23:45:51.773+0000] {dagbag.py:540} INFO - Filling up the DagBag from /home/airflow/.local/lib/python3.12/site-packages/airflow/example_dags/example_sensors.py
[2024-05-02T23:45:51.790+0000] {processor.py:840} INFO - DAG(s) 'example_sensors' retrieved from /home/airflow/.local/lib/python3.12/site-packages/airflow/example_dags/example_sensors.py
[2024-05-02T23:45:51.830+0000] {logging_mixin.py:188} INFO - [2024-05-02T23:45:51.829+0000] {dag.py:3096} INFO - Sync 1 DAGs
[2024-05-02T23:45:51.849+0000] {logging_mixin.py:188} INFO - [2024-05-02T23:45:51.849+0000] {dag.py:3954} INFO - Setting next_dagrun for example_sensors to None, run_after=None
[2024-05-02T23:45:51.883+0000] {processor.py:183} INFO - Processing /home/airflow/.local/lib/python3.12/site-packages/airflow/example_dags/example_sensors.py took 0.127 seconds
[2024-05-02T23:46:22.127+0000] {processor.py:161} INFO - Started process (PID=693) to work on /home/airflow/.local/lib/python3.12/site-packages/airflow/example_dags/example_sensors.py
[2024-05-02T23:46:22.128+0000] {processor.py:830} INFO - Processing file /home/airflow/.local/lib/python3.12/site-packages/airflow/example_dags/example_sensors.py for tasks to queue
[2024-05-02T23:46:22.130+0000] {logging_mixin.py:188} INFO - [2024-05-02T23:46:22.129+0000] {dagbag.py:540} INFO - Filling up the DagBag from /home/airflow/.local/lib/python3.12/site-packages/airflow/example_dags/example_sensors.py
[2024-05-02T23:46:22.144+0000] {processor.py:840} INFO - DAG(s) 'example_sensors' retrieved from /home/airflow/.local/lib/python3.12/site-packages/airflow/example_dags/example_sensors.py
[2024-05-02T23:46:22.177+0000] {logging_mixin.py:188} INFO - [2024-05-02T23:46:22.177+0000] {dag.py:3096} INFO - Sync 1 DAGs
[2024-05-02T23:46:22.195+0000] {logging_mixin.py:188} INFO - [2024-05-02T23:46:22.195+0000] {dag.py:3954} INFO - Setting next_dagrun for example_sensors to None, run_after=None
[2024-05-02T23:46:22.221+0000] {processor.py:183} INFO - Processing /home/airflow/.local/lib/python3.12/site-packages/airflow/example_dags/example_sensors.py took 0.101 seconds
[2024-05-02T23:46:52.422+0000] {processor.py:161} INFO - Started process (PID=751) to work on /home/airflow/.local/lib/python3.12/site-packages/airflow/example_dags/example_sensors.py
[2024-05-02T23:46:52.423+0000] {processor.py:830} INFO - Processing file /home/airflow/.local/lib/python3.12/site-packages/airflow/example_dags/example_sensors.py for tasks to queue
[2024-05-02T23:46:52.424+0000] {logging_mixin.py:188} INFO - [2024-05-02T23:46:52.424+0000] {dagbag.py:540} INFO - Filling up the DagBag from /home/airflow/.local/lib/python3.12/site-packages/airflow/example_dags/example_sensors.py
[2024-05-02T23:46:52.441+0000] {processor.py:840} INFO - DAG(s) 'example_sensors' retrieved from /home/airflow/.local/lib/python3.12/site-packages/airflow/example_dags/example_sensors.py
[2024-05-02T23:46:52.471+0000] {logging_mixin.py:188} INFO - [2024-05-02T23:46:52.470+0000] {dag.py:3096} INFO - Sync 1 DAGs
[2024-05-02T23:46:52.487+0000] {logging_mixin.py:188} INFO - [2024-05-02T23:46:52.487+0000] {dag.py:3954} INFO - Setting next_dagrun for example_sensors to None, run_after=None
[2024-05-02T23:46:52.514+0000] {processor.py:183} INFO - Processing /home/airflow/.local/lib/python3.12/site-packages/airflow/example_dags/example_sensors.py took 0.101 seconds
[2024-05-02T23:47:22.725+0000] {processor.py:161} INFO - Started process (PID=809) to work on /home/airflow/.local/lib/python3.12/site-packages/airflow/example_dags/example_sensors.py
[2024-05-02T23:47:22.726+0000] {processor.py:830} INFO - Processing file /home/airflow/.local/lib/python3.12/site-packages/airflow/example_dags/example_sensors.py for tasks to queue
[2024-05-02T23:47:22.727+0000] {logging_mixin.py:188} INFO - [2024-05-02T23:47:22.727+0000] {dagbag.py:540} INFO - Filling up the DagBag from /home/airflow/.local/lib/python3.12/site-packages/airflow/example_dags/example_sensors.py
[2024-05-02T23:47:22.740+0000] {processor.py:840} INFO - DAG(s) 'example_sensors' retrieved from /home/airflow/.local/lib/python3.12/site-packages/airflow/example_dags/example_sensors.py
[2024-05-02T23:47:22.771+0000] {logging_mixin.py:188} INFO - [2024-05-02T23:47:22.770+0000] {dag.py:3096} INFO - Sync 1 DAGs
[2024-05-02T23:47:22.790+0000] {logging_mixin.py:188} INFO - [2024-05-02T23:47:22.790+0000] {dag.py:3954} INFO - Setting next_dagrun for example_sensors to None, run_after=None
[2024-05-02T23:47:22.818+0000] {processor.py:183} INFO - Processing /home/airflow/.local/lib/python3.12/site-packages/airflow/example_dags/example_sensors.py took 0.100 seconds
[2024-05-02T23:47:52.880+0000] {processor.py:161} INFO - Started process (PID=867) to work on /home/airflow/.local/lib/python3.12/site-packages/airflow/example_dags/example_sensors.py
[2024-05-02T23:47:52.882+0000] {processor.py:830} INFO - Processing file /home/airflow/.local/lib/python3.12/site-packages/airflow/example_dags/example_sensors.py for tasks to queue
[2024-05-02T23:47:52.883+0000] {logging_mixin.py:188} INFO - [2024-05-02T23:47:52.883+0000] {dagbag.py:540} INFO - Filling up the DagBag from /home/airflow/.local/lib/python3.12/site-packages/airflow/example_dags/example_sensors.py
[2024-05-02T23:47:52.896+0000] {processor.py:840} INFO - DAG(s) 'example_sensors' retrieved from /home/airflow/.local/lib/python3.12/site-packages/airflow/example_dags/example_sensors.py
[2024-05-02T23:47:52.929+0000] {logging_mixin.py:188} INFO - [2024-05-02T23:47:52.929+0000] {dag.py:3096} INFO - Sync 1 DAGs
[2024-05-02T23:47:52.949+0000] {logging_mixin.py:188} INFO - [2024-05-02T23:47:52.949+0000] {dag.py:3954} INFO - Setting next_dagrun for example_sensors to None, run_after=None
[2024-05-02T23:47:52.975+0000] {processor.py:183} INFO - Processing /home/airflow/.local/lib/python3.12/site-packages/airflow/example_dags/example_sensors.py took 0.102 seconds
[2024-05-02T23:48:23.395+0000] {processor.py:161} INFO - Started process (PID=925) to work on /home/airflow/.local/lib/python3.12/site-packages/airflow/example_dags/example_sensors.py
[2024-05-02T23:48:23.396+0000] {processor.py:830} INFO - Processing file /home/airflow/.local/lib/python3.12/site-packages/airflow/example_dags/example_sensors.py for tasks to queue
[2024-05-02T23:48:23.398+0000] {logging_mixin.py:188} INFO - [2024-05-02T23:48:23.397+0000] {dagbag.py:540} INFO - Filling up the DagBag from /home/airflow/.local/lib/python3.12/site-packages/airflow/example_dags/example_sensors.py
[2024-05-02T23:48:23.413+0000] {processor.py:840} INFO - DAG(s) 'example_sensors' retrieved from /home/airflow/.local/lib/python3.12/site-packages/airflow/example_dags/example_sensors.py
[2024-05-02T23:48:23.447+0000] {logging_mixin.py:188} INFO - [2024-05-02T23:48:23.446+0000] {dag.py:3096} INFO - Sync 1 DAGs
[2024-05-02T23:48:23.462+0000] {logging_mixin.py:188} INFO - [2024-05-02T23:48:23.462+0000] {dag.py:3954} INFO - Setting next_dagrun for example_sensors to None, run_after=None
[2024-05-02T23:48:23.486+0000] {processor.py:183} INFO - Processing /home/airflow/.local/lib/python3.12/site-packages/airflow/example_dags/example_sensors.py took 0.099 seconds
[2024-05-02T23:48:54.335+0000] {processor.py:161} INFO - Started process (PID=983) to work on /home/airflow/.local/lib/python3.12/site-packages/airflow/example_dags/example_sensors.py
[2024-05-02T23:48:54.336+0000] {processor.py:830} INFO - Processing file /home/airflow/.local/lib/python3.12/site-packages/airflow/example_dags/example_sensors.py for tasks to queue
[2024-05-02T23:48:54.338+0000] {logging_mixin.py:188} INFO - [2024-05-02T23:48:54.337+0000] {dagbag.py:540} INFO - Filling up the DagBag from /home/airflow/.local/lib/python3.12/site-packages/airflow/example_dags/example_sensors.py
[2024-05-02T23:48:54.354+0000] {processor.py:840} INFO - DAG(s) 'example_sensors' retrieved from /home/airflow/.local/lib/python3.12/site-packages/airflow/example_dags/example_sensors.py
[2024-05-02T23:48:54.387+0000] {logging_mixin.py:188} INFO - [2024-05-02T23:48:54.386+0000] {dag.py:3096} INFO - Sync 1 DAGs
[2024-05-02T23:48:54.589+0000] {logging_mixin.py:188} INFO - [2024-05-02T23:48:54.588+0000] {dag.py:3954} INFO - Setting next_dagrun for example_sensors to None, run_after=None
[2024-05-02T23:48:54.620+0000] {processor.py:183} INFO - Processing /home/airflow/.local/lib/python3.12/site-packages/airflow/example_dags/example_sensors.py took 0.295 seconds
[2024-05-02T23:49:24.820+0000] {processor.py:161} INFO - Started process (PID=1041) to work on /home/airflow/.local/lib/python3.12/site-packages/airflow/example_dags/example_sensors.py
[2024-05-02T23:49:24.822+0000] {processor.py:830} INFO - Processing file /home/airflow/.local/lib/python3.12/site-packages/airflow/example_dags/example_sensors.py for tasks to queue
[2024-05-02T23:49:24.823+0000] {logging_mixin.py:188} INFO - [2024-05-02T23:49:24.823+0000] {dagbag.py:540} INFO - Filling up the DagBag from /home/airflow/.local/lib/python3.12/site-packages/airflow/example_dags/example_sensors.py
[2024-05-02T23:49:24.837+0000] {processor.py:840} INFO - DAG(s) 'example_sensors' retrieved from /home/airflow/.local/lib/python3.12/site-packages/airflow/example_dags/example_sensors.py
[2024-05-02T23:49:24.870+0000] {logging_mixin.py:188} INFO - [2024-05-02T23:49:24.870+0000] {dag.py:3096} INFO - Sync 1 DAGs
[2024-05-02T23:49:24.888+0000] {logging_mixin.py:188} INFO - [2024-05-02T23:49:24.887+0000] {dag.py:3954} INFO - Setting next_dagrun for example_sensors to None, run_after=None
[2024-05-02T23:49:25.070+0000] {processor.py:183} INFO - Processing /home/airflow/.local/lib/python3.12/site-packages/airflow/example_dags/example_sensors.py took 0.261 seconds
[2024-05-02T23:49:55.286+0000] {processor.py:161} INFO - Started process (PID=1099) to work on /home/airflow/.local/lib/python3.12/site-packages/airflow/example_dags/example_sensors.py
[2024-05-02T23:49:55.288+0000] {processor.py:830} INFO - Processing file /home/airflow/.local/lib/python3.12/site-packages/airflow/example_dags/example_sensors.py for tasks to queue
[2024-05-02T23:49:55.291+0000] {logging_mixin.py:188} INFO - [2024-05-02T23:49:55.291+0000] {dagbag.py:540} INFO - Filling up the DagBag from /home/airflow/.local/lib/python3.12/site-packages/airflow/example_dags/example_sensors.py
[2024-05-02T23:49:55.312+0000] {processor.py:840} INFO - DAG(s) 'example_sensors' retrieved from /home/airflow/.local/lib/python3.12/site-packages/airflow/example_dags/example_sensors.py
[2024-05-02T23:49:55.370+0000] {logging_mixin.py:188} INFO - [2024-05-02T23:49:55.370+0000] {dag.py:3096} INFO - Sync 1 DAGs
[2024-05-02T23:49:55.395+0000] {logging_mixin.py:188} INFO - [2024-05-02T23:49:55.395+0000] {dag.py:3954} INFO - Setting next_dagrun for example_sensors to None, run_after=None
[2024-05-02T23:49:55.463+0000] {processor.py:183} INFO - Processing /home/airflow/.local/lib/python3.12/site-packages/airflow/example_dags/example_sensors.py took 0.187 seconds
[2024-05-02T23:50:25.952+0000] {processor.py:161} INFO - Started process (PID=1156) to work on /home/airflow/.local/lib/python3.12/site-packages/airflow/example_dags/example_sensors.py
[2024-05-02T23:50:25.953+0000] {processor.py:830} INFO - Processing file /home/airflow/.local/lib/python3.12/site-packages/airflow/example_dags/example_sensors.py for tasks to queue
[2024-05-02T23:50:25.954+0000] {logging_mixin.py:188} INFO - [2024-05-02T23:50:25.954+0000] {dagbag.py:540} INFO - Filling up the DagBag from /home/airflow/.local/lib/python3.12/site-packages/airflow/example_dags/example_sensors.py
[2024-05-02T23:50:25.967+0000] {processor.py:840} INFO - DAG(s) 'example_sensors' retrieved from /home/airflow/.local/lib/python3.12/site-packages/airflow/example_dags/example_sensors.py
[2024-05-02T23:50:25.998+0000] {logging_mixin.py:188} INFO - [2024-05-02T23:50:25.997+0000] {dag.py:3096} INFO - Sync 1 DAGs
[2024-05-02T23:50:26.014+0000] {logging_mixin.py:188} INFO - [2024-05-02T23:50:26.014+0000] {dag.py:3954} INFO - Setting next_dagrun for example_sensors to None, run_after=None
[2024-05-02T23:50:26.039+0000] {processor.py:183} INFO - Processing /home/airflow/.local/lib/python3.12/site-packages/airflow/example_dags/example_sensors.py took 0.095 seconds
[2024-05-02T23:50:56.158+0000] {processor.py:161} INFO - Started process (PID=1214) to work on /home/airflow/.local/lib/python3.12/site-packages/airflow/example_dags/example_sensors.py
[2024-05-02T23:50:56.160+0000] {processor.py:830} INFO - Processing file /home/airflow/.local/lib/python3.12/site-packages/airflow/example_dags/example_sensors.py for tasks to queue
[2024-05-02T23:50:56.161+0000] {logging_mixin.py:188} INFO - [2024-05-02T23:50:56.161+0000] {dagbag.py:540} INFO - Filling up the DagBag from /home/airflow/.local/lib/python3.12/site-packages/airflow/example_dags/example_sensors.py
[2024-05-02T23:50:56.174+0000] {processor.py:840} INFO - DAG(s) 'example_sensors' retrieved from /home/airflow/.local/lib/python3.12/site-packages/airflow/example_dags/example_sensors.py
[2024-05-02T23:50:56.257+0000] {logging_mixin.py:188} INFO - [2024-05-02T23:50:56.256+0000] {dag.py:3096} INFO - Sync 1 DAGs
[2024-05-02T23:50:56.321+0000] {logging_mixin.py:188} INFO - [2024-05-02T23:50:56.321+0000] {dag.py:3954} INFO - Setting next_dagrun for example_sensors to None, run_after=None
[2024-05-02T23:50:56.391+0000] {processor.py:183} INFO - Processing /home/airflow/.local/lib/python3.12/site-packages/airflow/example_dags/example_sensors.py took 0.243 seconds
[2024-05-02T23:51:26.586+0000] {processor.py:161} INFO - Started process (PID=1272) to work on /home/airflow/.local/lib/python3.12/site-packages/airflow/example_dags/example_sensors.py
[2024-05-02T23:51:26.589+0000] {processor.py:830} INFO - Processing file /home/airflow/.local/lib/python3.12/site-packages/airflow/example_dags/example_sensors.py for tasks to queue
[2024-05-02T23:51:26.591+0000] {logging_mixin.py:188} INFO - [2024-05-02T23:51:26.590+0000] {dagbag.py:540} INFO - Filling up the DagBag from /home/airflow/.local/lib/python3.12/site-packages/airflow/example_dags/example_sensors.py
[2024-05-02T23:51:26.606+0000] {processor.py:840} INFO - DAG(s) 'example_sensors' retrieved from /home/airflow/.local/lib/python3.12/site-packages/airflow/example_dags/example_sensors.py
[2024-05-02T23:51:26.639+0000] {logging_mixin.py:188} INFO - [2024-05-02T23:51:26.639+0000] {dag.py:3096} INFO - Sync 1 DAGs
[2024-05-02T23:51:26.658+0000] {logging_mixin.py:188} INFO - [2024-05-02T23:51:26.658+0000] {dag.py:3954} INFO - Setting next_dagrun for example_sensors to None, run_after=None
[2024-05-02T23:51:26.685+0000] {processor.py:183} INFO - Processing /home/airflow/.local/lib/python3.12/site-packages/airflow/example_dags/example_sensors.py took 0.106 seconds
[2024-05-02T23:51:56.832+0000] {processor.py:161} INFO - Started process (PID=1330) to work on /home/airflow/.local/lib/python3.12/site-packages/airflow/example_dags/example_sensors.py
[2024-05-02T23:51:56.834+0000] {processor.py:830} INFO - Processing file /home/airflow/.local/lib/python3.12/site-packages/airflow/example_dags/example_sensors.py for tasks to queue
[2024-05-02T23:51:56.835+0000] {logging_mixin.py:188} INFO - [2024-05-02T23:51:56.834+0000] {dagbag.py:540} INFO - Filling up the DagBag from /home/airflow/.local/lib/python3.12/site-packages/airflow/example_dags/example_sensors.py
[2024-05-02T23:51:56.849+0000] {processor.py:840} INFO - DAG(s) 'example_sensors' retrieved from /home/airflow/.local/lib/python3.12/site-packages/airflow/example_dags/example_sensors.py
[2024-05-02T23:51:56.882+0000] {logging_mixin.py:188} INFO - [2024-05-02T23:51:56.882+0000] {dag.py:3096} INFO - Sync 1 DAGs
[2024-05-02T23:51:56.901+0000] {logging_mixin.py:188} INFO - [2024-05-02T23:51:56.901+0000] {dag.py:3954} INFO - Setting next_dagrun for example_sensors to None, run_after=None
[2024-05-02T23:51:56.928+0000] {processor.py:183} INFO - Processing /home/airflow/.local/lib/python3.12/site-packages/airflow/example_dags/example_sensors.py took 0.107 seconds
[2024-05-02T23:52:27.316+0000] {processor.py:161} INFO - Started process (PID=1395) to work on /home/airflow/.local/lib/python3.12/site-packages/airflow/example_dags/example_sensors.py
[2024-05-02T23:52:27.318+0000] {processor.py:830} INFO - Processing file /home/airflow/.local/lib/python3.12/site-packages/airflow/example_dags/example_sensors.py for tasks to queue
[2024-05-02T23:52:27.319+0000] {logging_mixin.py:188} INFO - [2024-05-02T23:52:27.319+0000] {dagbag.py:540} INFO - Filling up the DagBag from /home/airflow/.local/lib/python3.12/site-packages/airflow/example_dags/example_sensors.py
[2024-05-02T23:52:27.333+0000] {processor.py:840} INFO - DAG(s) 'example_sensors' retrieved from /home/airflow/.local/lib/python3.12/site-packages/airflow/example_dags/example_sensors.py
[2024-05-02T23:52:27.365+0000] {logging_mixin.py:188} INFO - [2024-05-02T23:52:27.365+0000] {dag.py:3096} INFO - Sync 1 DAGs
[2024-05-02T23:52:27.382+0000] {logging_mixin.py:188} INFO - [2024-05-02T23:52:27.382+0000] {dag.py:3954} INFO - Setting next_dagrun for example_sensors to None, run_after=None
[2024-05-02T23:52:27.410+0000] {processor.py:183} INFO - Processing /home/airflow/.local/lib/python3.12/site-packages/airflow/example_dags/example_sensors.py took 0.105 seconds
[2024-05-02T23:52:57.622+0000] {processor.py:161} INFO - Started process (PID=1453) to work on /home/airflow/.local/lib/python3.12/site-packages/airflow/example_dags/example_sensors.py
[2024-05-02T23:52:57.624+0000] {processor.py:830} INFO - Processing file /home/airflow/.local/lib/python3.12/site-packages/airflow/example_dags/example_sensors.py for tasks to queue
[2024-05-02T23:52:57.625+0000] {logging_mixin.py:188} INFO - [2024-05-02T23:52:57.625+0000] {dagbag.py:540} INFO - Filling up the DagBag from /home/airflow/.local/lib/python3.12/site-packages/airflow/example_dags/example_sensors.py
[2024-05-02T23:52:57.643+0000] {processor.py:840} INFO - DAG(s) 'example_sensors' retrieved from /home/airflow/.local/lib/python3.12/site-packages/airflow/example_dags/example_sensors.py
[2024-05-02T23:52:57.677+0000] {logging_mixin.py:188} INFO - [2024-05-02T23:52:57.677+0000] {dag.py:3096} INFO - Sync 1 DAGs
[2024-05-02T23:52:57.697+0000] {logging_mixin.py:188} INFO - [2024-05-02T23:52:57.697+0000] {dag.py:3954} INFO - Setting next_dagrun for example_sensors to None, run_after=None
[2024-05-02T23:52:57.729+0000] {processor.py:183} INFO - Processing /home/airflow/.local/lib/python3.12/site-packages/airflow/example_dags/example_sensors.py took 0.117 seconds
[2024-05-02T23:53:28.558+0000] {processor.py:161} INFO - Started process (PID=1511) to work on /home/airflow/.local/lib/python3.12/site-packages/airflow/example_dags/example_sensors.py
[2024-05-02T23:53:28.559+0000] {processor.py:830} INFO - Processing file /home/airflow/.local/lib/python3.12/site-packages/airflow/example_dags/example_sensors.py for tasks to queue
[2024-05-02T23:53:28.560+0000] {logging_mixin.py:188} INFO - [2024-05-02T23:53:28.560+0000] {dagbag.py:540} INFO - Filling up the DagBag from /home/airflow/.local/lib/python3.12/site-packages/airflow/example_dags/example_sensors.py
[2024-05-02T23:53:28.573+0000] {processor.py:840} INFO - DAG(s) 'example_sensors' retrieved from /home/airflow/.local/lib/python3.12/site-packages/airflow/example_dags/example_sensors.py
[2024-05-02T23:53:28.608+0000] {logging_mixin.py:188} INFO - [2024-05-02T23:53:28.608+0000] {dag.py:3096} INFO - Sync 1 DAGs
[2024-05-02T23:53:28.628+0000] {logging_mixin.py:188} INFO - [2024-05-02T23:53:28.627+0000] {dag.py:3954} INFO - Setting next_dagrun for example_sensors to None, run_after=None
[2024-05-02T23:53:28.656+0000] {processor.py:183} INFO - Processing /home/airflow/.local/lib/python3.12/site-packages/airflow/example_dags/example_sensors.py took 0.106 seconds
[2024-05-02T23:53:59.083+0000] {processor.py:161} INFO - Started process (PID=1569) to work on /home/airflow/.local/lib/python3.12/site-packages/airflow/example_dags/example_sensors.py
[2024-05-02T23:53:59.084+0000] {processor.py:830} INFO - Processing file /home/airflow/.local/lib/python3.12/site-packages/airflow/example_dags/example_sensors.py for tasks to queue
[2024-05-02T23:53:59.086+0000] {logging_mixin.py:188} INFO - [2024-05-02T23:53:59.085+0000] {dagbag.py:540} INFO - Filling up the DagBag from /home/airflow/.local/lib/python3.12/site-packages/airflow/example_dags/example_sensors.py
[2024-05-02T23:53:59.104+0000] {processor.py:840} INFO - DAG(s) 'example_sensors' retrieved from /home/airflow/.local/lib/python3.12/site-packages/airflow/example_dags/example_sensors.py
[2024-05-02T23:53:59.144+0000] {logging_mixin.py:188} INFO - [2024-05-02T23:53:59.144+0000] {dag.py:3096} INFO - Sync 1 DAGs
[2024-05-02T23:53:59.166+0000] {logging_mixin.py:188} INFO - [2024-05-02T23:53:59.165+0000] {dag.py:3954} INFO - Setting next_dagrun for example_sensors to None, run_after=None
[2024-05-02T23:53:59.196+0000] {processor.py:183} INFO - Processing /home/airflow/.local/lib/python3.12/site-packages/airflow/example_dags/example_sensors.py took 0.122 seconds
[2024-05-02T23:54:29.781+0000] {processor.py:161} INFO - Started process (PID=1627) to work on /home/airflow/.local/lib/python3.12/site-packages/airflow/example_dags/example_sensors.py
[2024-05-02T23:54:29.783+0000] {processor.py:830} INFO - Processing file /home/airflow/.local/lib/python3.12/site-packages/airflow/example_dags/example_sensors.py for tasks to queue
[2024-05-02T23:54:29.784+0000] {logging_mixin.py:188} INFO - [2024-05-02T23:54:29.784+0000] {dagbag.py:540} INFO - Filling up the DagBag from /home/airflow/.local/lib/python3.12/site-packages/airflow/example_dags/example_sensors.py
[2024-05-02T23:54:29.802+0000] {processor.py:840} INFO - DAG(s) 'example_sensors' retrieved from /home/airflow/.local/lib/python3.12/site-packages/airflow/example_dags/example_sensors.py
[2024-05-02T23:54:29.832+0000] {logging_mixin.py:188} INFO - [2024-05-02T23:54:29.832+0000] {dag.py:3096} INFO - Sync 1 DAGs
[2024-05-02T23:54:29.847+0000] {logging_mixin.py:188} INFO - [2024-05-02T23:54:29.847+0000] {dag.py:3954} INFO - Setting next_dagrun for example_sensors to None, run_after=None
[2024-05-02T23:54:29.875+0000] {processor.py:183} INFO - Processing /home/airflow/.local/lib/python3.12/site-packages/airflow/example_dags/example_sensors.py took 0.104 seconds
[2024-05-02T23:55:00.227+0000] {processor.py:161} INFO - Started process (PID=1685) to work on /home/airflow/.local/lib/python3.12/site-packages/airflow/example_dags/example_sensors.py
[2024-05-02T23:55:00.228+0000] {processor.py:830} INFO - Processing file /home/airflow/.local/lib/python3.12/site-packages/airflow/example_dags/example_sensors.py for tasks to queue
[2024-05-02T23:55:00.229+0000] {logging_mixin.py:188} INFO - [2024-05-02T23:55:00.229+0000] {dagbag.py:540} INFO - Filling up the DagBag from /home/airflow/.local/lib/python3.12/site-packages/airflow/example_dags/example_sensors.py
[2024-05-02T23:55:00.241+0000] {processor.py:840} INFO - DAG(s) 'example_sensors' retrieved from /home/airflow/.local/lib/python3.12/site-packages/airflow/example_dags/example_sensors.py
[2024-05-02T23:55:00.279+0000] {logging_mixin.py:188} INFO - [2024-05-02T23:55:00.279+0000] {dag.py:3096} INFO - Sync 1 DAGs
[2024-05-02T23:55:00.296+0000] {logging_mixin.py:188} INFO - [2024-05-02T23:55:00.296+0000] {dag.py:3954} INFO - Setting next_dagrun for example_sensors to None, run_after=None
[2024-05-02T23:55:00.320+0000] {processor.py:183} INFO - Processing /home/airflow/.local/lib/python3.12/site-packages/airflow/example_dags/example_sensors.py took 0.104 seconds
[2024-05-02T23:55:30.454+0000] {processor.py:161} INFO - Started process (PID=1742) to work on /home/airflow/.local/lib/python3.12/site-packages/airflow/example_dags/example_sensors.py
[2024-05-02T23:55:30.456+0000] {processor.py:830} INFO - Processing file /home/airflow/.local/lib/python3.12/site-packages/airflow/example_dags/example_sensors.py for tasks to queue
[2024-05-02T23:55:30.458+0000] {logging_mixin.py:188} INFO - [2024-05-02T23:55:30.457+0000] {dagbag.py:540} INFO - Filling up the DagBag from /home/airflow/.local/lib/python3.12/site-packages/airflow/example_dags/example_sensors.py
[2024-05-02T23:55:30.476+0000] {processor.py:840} INFO - DAG(s) 'example_sensors' retrieved from /home/airflow/.local/lib/python3.12/site-packages/airflow/example_dags/example_sensors.py
[2024-05-02T23:55:30.518+0000] {logging_mixin.py:188} INFO - [2024-05-02T23:55:30.517+0000] {dag.py:3096} INFO - Sync 1 DAGs
[2024-05-02T23:55:30.540+0000] {logging_mixin.py:188} INFO - [2024-05-02T23:55:30.539+0000] {dag.py:3954} INFO - Setting next_dagrun for example_sensors to None, run_after=None
[2024-05-02T23:55:30.568+0000] {processor.py:183} INFO - Processing /home/airflow/.local/lib/python3.12/site-packages/airflow/example_dags/example_sensors.py took 0.123 seconds
[2024-05-02T23:56:00.732+0000] {processor.py:161} INFO - Started process (PID=1799) to work on /home/airflow/.local/lib/python3.12/site-packages/airflow/example_dags/example_sensors.py
[2024-05-02T23:56:00.734+0000] {processor.py:830} INFO - Processing file /home/airflow/.local/lib/python3.12/site-packages/airflow/example_dags/example_sensors.py for tasks to queue
[2024-05-02T23:56:00.736+0000] {logging_mixin.py:188} INFO - [2024-05-02T23:56:00.735+0000] {dagbag.py:540} INFO - Filling up the DagBag from /home/airflow/.local/lib/python3.12/site-packages/airflow/example_dags/example_sensors.py
[2024-05-02T23:56:00.755+0000] {processor.py:840} INFO - DAG(s) 'example_sensors' retrieved from /home/airflow/.local/lib/python3.12/site-packages/airflow/example_dags/example_sensors.py
[2024-05-02T23:56:00.802+0000] {logging_mixin.py:188} INFO - [2024-05-02T23:56:00.801+0000] {dag.py:3096} INFO - Sync 1 DAGs
[2024-05-02T23:56:00.824+0000] {logging_mixin.py:188} INFO - [2024-05-02T23:56:00.824+0000] {dag.py:3954} INFO - Setting next_dagrun for example_sensors to None, run_after=None
[2024-05-02T23:56:00.855+0000] {processor.py:183} INFO - Processing /home/airflow/.local/lib/python3.12/site-packages/airflow/example_dags/example_sensors.py took 0.134 seconds
[2024-05-02T23:56:31.000+0000] {processor.py:161} INFO - Started process (PID=1857) to work on /home/airflow/.local/lib/python3.12/site-packages/airflow/example_dags/example_sensors.py
[2024-05-02T23:56:31.002+0000] {processor.py:830} INFO - Processing file /home/airflow/.local/lib/python3.12/site-packages/airflow/example_dags/example_sensors.py for tasks to queue
[2024-05-02T23:56:31.003+0000] {logging_mixin.py:188} INFO - [2024-05-02T23:56:31.003+0000] {dagbag.py:540} INFO - Filling up the DagBag from /home/airflow/.local/lib/python3.12/site-packages/airflow/example_dags/example_sensors.py
[2024-05-02T23:56:31.017+0000] {processor.py:840} INFO - DAG(s) 'example_sensors' retrieved from /home/airflow/.local/lib/python3.12/site-packages/airflow/example_dags/example_sensors.py
[2024-05-02T23:56:31.058+0000] {logging_mixin.py:188} INFO - [2024-05-02T23:56:31.058+0000] {dag.py:3096} INFO - Sync 1 DAGs
[2024-05-02T23:56:31.077+0000] {logging_mixin.py:188} INFO - [2024-05-02T23:56:31.076+0000] {dag.py:3954} INFO - Setting next_dagrun for example_sensors to None, run_after=None
[2024-05-02T23:56:31.104+0000] {processor.py:183} INFO - Processing /home/airflow/.local/lib/python3.12/site-packages/airflow/example_dags/example_sensors.py took 0.115 seconds
[2024-05-02T23:57:01.828+0000] {processor.py:161} INFO - Started process (PID=1915) to work on /home/airflow/.local/lib/python3.12/site-packages/airflow/example_dags/example_sensors.py
[2024-05-02T23:57:01.829+0000] {processor.py:830} INFO - Processing file /home/airflow/.local/lib/python3.12/site-packages/airflow/example_dags/example_sensors.py for tasks to queue
[2024-05-02T23:57:01.831+0000] {logging_mixin.py:188} INFO - [2024-05-02T23:57:01.830+0000] {dagbag.py:540} INFO - Filling up the DagBag from /home/airflow/.local/lib/python3.12/site-packages/airflow/example_dags/example_sensors.py
[2024-05-02T23:57:01.846+0000] {processor.py:840} INFO - DAG(s) 'example_sensors' retrieved from /home/airflow/.local/lib/python3.12/site-packages/airflow/example_dags/example_sensors.py
[2024-05-02T23:57:01.891+0000] {logging_mixin.py:188} INFO - [2024-05-02T23:57:01.891+0000] {dag.py:3096} INFO - Sync 1 DAGs
[2024-05-02T23:57:01.913+0000] {logging_mixin.py:188} INFO - [2024-05-02T23:57:01.913+0000] {dag.py:3954} INFO - Setting next_dagrun for example_sensors to None, run_after=None
[2024-05-02T23:57:01.940+0000] {processor.py:183} INFO - Processing /home/airflow/.local/lib/python3.12/site-packages/airflow/example_dags/example_sensors.py took 0.123 seconds
