[2024-05-02T05:54:11.118+0000] {processor.py:161} INFO - Started process (PID=50) to work on /home/airflow/.local/lib/python3.12/site-packages/airflow/example_dags/example_python_operator.py
[2024-05-02T05:54:11.121+0000] {processor.py:830} INFO - Processing file /home/airflow/.local/lib/python3.12/site-packages/airflow/example_dags/example_python_operator.py for tasks to queue
[2024-05-02T05:54:11.125+0000] {logging_mixin.py:188} INFO - [2024-05-02T05:54:11.124+0000] {dagbag.py:540} INFO - Filling up the DagBag from /home/airflow/.local/lib/python3.12/site-packages/airflow/example_dags/example_python_operator.py
[2024-05-02T05:54:11.158+0000] {processor.py:840} INFO - DAG(s) 'example_python_operator' retrieved from /home/airflow/.local/lib/python3.12/site-packages/airflow/example_dags/example_python_operator.py
[2024-05-02T05:54:11.507+0000] {logging_mixin.py:188} INFO - [2024-05-02T05:54:11.507+0000] {dag.py:3096} INFO - Sync 1 DAGs
[2024-05-02T05:54:11.546+0000] {logging_mixin.py:188} INFO - [2024-05-02T05:54:11.545+0000] {dag.py:3954} INFO - Setting next_dagrun for example_python_operator to None, run_after=None
[2024-05-02T05:54:11.611+0000] {processor.py:183} INFO - Processing /home/airflow/.local/lib/python3.12/site-packages/airflow/example_dags/example_python_operator.py took 0.506 seconds
[2024-05-02T05:54:41.715+0000] {processor.py:161} INFO - Started process (PID=108) to work on /home/airflow/.local/lib/python3.12/site-packages/airflow/example_dags/example_python_operator.py
[2024-05-02T05:54:41.717+0000] {processor.py:830} INFO - Processing file /home/airflow/.local/lib/python3.12/site-packages/airflow/example_dags/example_python_operator.py for tasks to queue
[2024-05-02T05:54:41.727+0000] {logging_mixin.py:188} INFO - [2024-05-02T05:54:41.724+0000] {dagbag.py:540} INFO - Filling up the DagBag from /home/airflow/.local/lib/python3.12/site-packages/airflow/example_dags/example_python_operator.py
[2024-05-02T05:54:41.781+0000] {processor.py:840} INFO - DAG(s) 'example_python_operator' retrieved from /home/airflow/.local/lib/python3.12/site-packages/airflow/example_dags/example_python_operator.py
[2024-05-02T05:54:41.846+0000] {logging_mixin.py:188} INFO - [2024-05-02T05:54:41.846+0000] {dag.py:3096} INFO - Sync 1 DAGs
[2024-05-02T05:54:41.875+0000] {logging_mixin.py:188} INFO - [2024-05-02T05:54:41.875+0000] {dag.py:3954} INFO - Setting next_dagrun for example_python_operator to None, run_after=None
[2024-05-02T05:54:41.919+0000] {processor.py:183} INFO - Processing /home/airflow/.local/lib/python3.12/site-packages/airflow/example_dags/example_python_operator.py took 0.217 seconds
[2024-05-02T05:55:16.095+0000] {processor.py:161} INFO - Started process (PID=166) to work on /home/airflow/.local/lib/python3.12/site-packages/airflow/example_dags/example_python_operator.py
[2024-05-02T05:55:16.168+0000] {processor.py:830} INFO - Processing file /home/airflow/.local/lib/python3.12/site-packages/airflow/example_dags/example_python_operator.py for tasks to queue
[2024-05-02T05:55:16.219+0000] {logging_mixin.py:188} INFO - [2024-05-02T05:55:16.218+0000] {dagbag.py:540} INFO - Filling up the DagBag from /home/airflow/.local/lib/python3.12/site-packages/airflow/example_dags/example_python_operator.py
[2024-05-02T05:55:16.292+0000] {processor.py:840} INFO - DAG(s) 'example_python_operator' retrieved from /home/airflow/.local/lib/python3.12/site-packages/airflow/example_dags/example_python_operator.py
[2024-05-02T05:55:16.434+0000] {logging_mixin.py:188} INFO - [2024-05-02T05:55:16.433+0000] {dag.py:3096} INFO - Sync 1 DAGs
[2024-05-02T05:55:16.545+0000] {logging_mixin.py:188} INFO - [2024-05-02T05:55:16.545+0000] {dag.py:3954} INFO - Setting next_dagrun for example_python_operator to None, run_after=None
[2024-05-02T05:55:16.671+0000] {processor.py:183} INFO - Processing /home/airflow/.local/lib/python3.12/site-packages/airflow/example_dags/example_python_operator.py took 0.633 seconds
[2024-05-02T05:55:52.707+0000] {processor.py:161} INFO - Started process (PID=222) to work on /home/airflow/.local/lib/python3.12/site-packages/airflow/example_dags/example_python_operator.py
[2024-05-02T05:55:52.755+0000] {processor.py:830} INFO - Processing file /home/airflow/.local/lib/python3.12/site-packages/airflow/example_dags/example_python_operator.py for tasks to queue
[2024-05-02T05:55:52.778+0000] {logging_mixin.py:188} INFO - [2024-05-02T05:55:52.777+0000] {dagbag.py:540} INFO - Filling up the DagBag from /home/airflow/.local/lib/python3.12/site-packages/airflow/example_dags/example_python_operator.py
[2024-05-02T05:55:53.146+0000] {processor.py:840} INFO - DAG(s) 'example_python_operator' retrieved from /home/airflow/.local/lib/python3.12/site-packages/airflow/example_dags/example_python_operator.py
[2024-05-02T05:55:55.486+0000] {logging_mixin.py:188} INFO - [2024-05-02T05:55:55.485+0000] {dag.py:3096} INFO - Sync 1 DAGs
[2024-05-02T05:55:56.186+0000] {logging_mixin.py:188} INFO - [2024-05-02T05:55:56.186+0000] {dag.py:3954} INFO - Setting next_dagrun for example_python_operator to None, run_after=None
[2024-05-02T05:55:56.783+0000] {processor.py:183} INFO - Processing /home/airflow/.local/lib/python3.12/site-packages/airflow/example_dags/example_python_operator.py took 4.253 seconds
[2024-05-02T05:56:57.650+0000] {processor.py:161} INFO - Started process (PID=269) to work on /home/airflow/.local/lib/python3.12/site-packages/airflow/example_dags/example_python_operator.py
[2024-05-02T05:56:57.724+0000] {processor.py:830} INFO - Processing file /home/airflow/.local/lib/python3.12/site-packages/airflow/example_dags/example_python_operator.py for tasks to queue
[2024-05-02T05:56:57.756+0000] {logging_mixin.py:188} INFO - [2024-05-02T05:56:57.740+0000] {dagbag.py:540} INFO - Filling up the DagBag from /home/airflow/.local/lib/python3.12/site-packages/airflow/example_dags/example_python_operator.py
[2024-05-02T05:56:58.078+0000] {processor.py:840} INFO - DAG(s) 'example_python_operator' retrieved from /home/airflow/.local/lib/python3.12/site-packages/airflow/example_dags/example_python_operator.py
[2024-05-02T05:56:58.331+0000] {logging_mixin.py:188} INFO - [2024-05-02T05:56:58.330+0000] {dag.py:3096} INFO - Sync 1 DAGs
[2024-05-02T05:56:58.563+0000] {logging_mixin.py:188} INFO - [2024-05-02T05:56:58.563+0000] {dag.py:3954} INFO - Setting next_dagrun for example_python_operator to None, run_after=None
[2024-05-02T05:56:59.022+0000] {processor.py:183} INFO - Processing /home/airflow/.local/lib/python3.12/site-packages/airflow/example_dags/example_python_operator.py took 1.521 seconds
[2024-05-02T05:58:17.573+0000] {processor.py:161} INFO - Started process (PID=322) to work on /home/airflow/.local/lib/python3.12/site-packages/airflow/example_dags/example_python_operator.py
[2024-05-02T05:58:17.613+0000] {processor.py:830} INFO - Processing file /home/airflow/.local/lib/python3.12/site-packages/airflow/example_dags/example_python_operator.py for tasks to queue
[2024-05-02T05:58:17.634+0000] {logging_mixin.py:188} INFO - [2024-05-02T05:58:17.621+0000] {dagbag.py:540} INFO - Filling up the DagBag from /home/airflow/.local/lib/python3.12/site-packages/airflow/example_dags/example_python_operator.py
[2024-05-02T05:58:17.801+0000] {processor.py:840} INFO - DAG(s) 'example_python_operator' retrieved from /home/airflow/.local/lib/python3.12/site-packages/airflow/example_dags/example_python_operator.py
[2024-05-02T05:58:18.011+0000] {logging_mixin.py:188} INFO - [2024-05-02T05:58:18.008+0000] {dag.py:3096} INFO - Sync 1 DAGs
[2024-05-02T05:58:18.109+0000] {logging_mixin.py:188} INFO - [2024-05-02T05:58:18.109+0000] {dag.py:3954} INFO - Setting next_dagrun for example_python_operator to None, run_after=None
[2024-05-02T05:58:18.251+0000] {processor.py:183} INFO - Processing /home/airflow/.local/lib/python3.12/site-packages/airflow/example_dags/example_python_operator.py took 0.719 seconds
[2024-05-02T23:42:55.127+0000] {processor.py:161} INFO - Started process (PID=390) to work on /home/airflow/.local/lib/python3.12/site-packages/airflow/example_dags/example_python_operator.py
[2024-05-02T23:42:55.144+0000] {processor.py:830} INFO - Processing file /home/airflow/.local/lib/python3.12/site-packages/airflow/example_dags/example_python_operator.py for tasks to queue
[2024-05-02T23:42:55.169+0000] {logging_mixin.py:188} INFO - [2024-05-02T23:42:55.146+0000] {dagbag.py:540} INFO - Filling up the DagBag from /home/airflow/.local/lib/python3.12/site-packages/airflow/example_dags/example_python_operator.py
[2024-05-02T23:42:55.344+0000] {processor.py:840} INFO - DAG(s) 'example_python_operator' retrieved from /home/airflow/.local/lib/python3.12/site-packages/airflow/example_dags/example_python_operator.py
[2024-05-02T23:42:55.979+0000] {logging_mixin.py:188} INFO - [2024-05-02T23:42:55.978+0000] {dag.py:3096} INFO - Sync 1 DAGs
[2024-05-02T23:42:56.175+0000] {logging_mixin.py:188} INFO - [2024-05-02T23:42:56.174+0000] {dag.py:3954} INFO - Setting next_dagrun for example_python_operator to None, run_after=None
[2024-05-02T23:42:56.293+0000] {processor.py:183} INFO - Processing /home/airflow/.local/lib/python3.12/site-packages/airflow/example_dags/example_python_operator.py took 1.237 seconds
[2024-05-02T23:44:11.341+0000] {processor.py:161} INFO - Started process (PID=454) to work on /home/airflow/.local/lib/python3.12/site-packages/airflow/example_dags/example_python_operator.py
[2024-05-02T23:44:11.359+0000] {processor.py:830} INFO - Processing file /home/airflow/.local/lib/python3.12/site-packages/airflow/example_dags/example_python_operator.py for tasks to queue
[2024-05-02T23:44:11.363+0000] {logging_mixin.py:188} INFO - [2024-05-02T23:44:11.361+0000] {dagbag.py:540} INFO - Filling up the DagBag from /home/airflow/.local/lib/python3.12/site-packages/airflow/example_dags/example_python_operator.py
[2024-05-02T23:44:11.406+0000] {processor.py:840} INFO - DAG(s) 'example_python_operator' retrieved from /home/airflow/.local/lib/python3.12/site-packages/airflow/example_dags/example_python_operator.py
[2024-05-02T23:44:11.976+0000] {logging_mixin.py:188} INFO - [2024-05-02T23:44:11.975+0000] {dag.py:3096} INFO - Sync 1 DAGs
[2024-05-02T23:44:12.714+0000] {logging_mixin.py:188} INFO - [2024-05-02T23:44:12.714+0000] {dag.py:3954} INFO - Setting next_dagrun for example_python_operator to None, run_after=None
[2024-05-02T23:44:12.830+0000] {processor.py:183} INFO - Processing /home/airflow/.local/lib/python3.12/site-packages/airflow/example_dags/example_python_operator.py took 1.521 seconds
[2024-05-02T23:44:43.044+0000] {processor.py:161} INFO - Started process (PID=512) to work on /home/airflow/.local/lib/python3.12/site-packages/airflow/example_dags/example_python_operator.py
[2024-05-02T23:44:43.058+0000] {processor.py:830} INFO - Processing file /home/airflow/.local/lib/python3.12/site-packages/airflow/example_dags/example_python_operator.py for tasks to queue
[2024-05-02T23:44:43.062+0000] {logging_mixin.py:188} INFO - [2024-05-02T23:44:43.061+0000] {dagbag.py:540} INFO - Filling up the DagBag from /home/airflow/.local/lib/python3.12/site-packages/airflow/example_dags/example_python_operator.py
[2024-05-02T23:44:43.120+0000] {processor.py:840} INFO - DAG(s) 'example_python_operator' retrieved from /home/airflow/.local/lib/python3.12/site-packages/airflow/example_dags/example_python_operator.py
[2024-05-02T23:44:43.362+0000] {logging_mixin.py:188} INFO - [2024-05-02T23:44:43.362+0000] {dag.py:3096} INFO - Sync 1 DAGs
[2024-05-02T23:44:43.487+0000] {logging_mixin.py:188} INFO - [2024-05-02T23:44:43.487+0000] {dag.py:3954} INFO - Setting next_dagrun for example_python_operator to None, run_after=None
[2024-05-02T23:44:43.695+0000] {processor.py:183} INFO - Processing /home/airflow/.local/lib/python3.12/site-packages/airflow/example_dags/example_python_operator.py took 0.662 seconds
[2024-05-02T23:45:14.507+0000] {processor.py:161} INFO - Started process (PID=570) to work on /home/airflow/.local/lib/python3.12/site-packages/airflow/example_dags/example_python_operator.py
[2024-05-02T23:45:14.517+0000] {processor.py:830} INFO - Processing file /home/airflow/.local/lib/python3.12/site-packages/airflow/example_dags/example_python_operator.py for tasks to queue
[2024-05-02T23:45:14.525+0000] {logging_mixin.py:188} INFO - [2024-05-02T23:45:14.524+0000] {dagbag.py:540} INFO - Filling up the DagBag from /home/airflow/.local/lib/python3.12/site-packages/airflow/example_dags/example_python_operator.py
[2024-05-02T23:45:14.560+0000] {processor.py:840} INFO - DAG(s) 'example_python_operator' retrieved from /home/airflow/.local/lib/python3.12/site-packages/airflow/example_dags/example_python_operator.py
[2024-05-02T23:45:14.735+0000] {logging_mixin.py:188} INFO - [2024-05-02T23:45:14.735+0000] {dag.py:3096} INFO - Sync 1 DAGs
[2024-05-02T23:45:14.839+0000] {logging_mixin.py:188} INFO - [2024-05-02T23:45:14.838+0000] {dag.py:3954} INFO - Setting next_dagrun for example_python_operator to None, run_after=None
[2024-05-02T23:45:14.955+0000] {processor.py:183} INFO - Processing /home/airflow/.local/lib/python3.12/site-packages/airflow/example_dags/example_python_operator.py took 0.456 seconds
[2024-05-02T23:45:45.106+0000] {processor.py:161} INFO - Started process (PID=627) to work on /home/airflow/.local/lib/python3.12/site-packages/airflow/example_dags/example_python_operator.py
[2024-05-02T23:45:45.107+0000] {processor.py:830} INFO - Processing file /home/airflow/.local/lib/python3.12/site-packages/airflow/example_dags/example_python_operator.py for tasks to queue
[2024-05-02T23:45:45.110+0000] {logging_mixin.py:188} INFO - [2024-05-02T23:45:45.109+0000] {dagbag.py:540} INFO - Filling up the DagBag from /home/airflow/.local/lib/python3.12/site-packages/airflow/example_dags/example_python_operator.py
[2024-05-02T23:45:45.122+0000] {processor.py:840} INFO - DAG(s) 'example_python_operator' retrieved from /home/airflow/.local/lib/python3.12/site-packages/airflow/example_dags/example_python_operator.py
[2024-05-02T23:45:45.151+0000] {logging_mixin.py:188} INFO - [2024-05-02T23:45:45.151+0000] {dag.py:3096} INFO - Sync 1 DAGs
[2024-05-02T23:45:45.166+0000] {logging_mixin.py:188} INFO - [2024-05-02T23:45:45.166+0000] {dag.py:3954} INFO - Setting next_dagrun for example_python_operator to None, run_after=None
[2024-05-02T23:45:45.191+0000] {processor.py:183} INFO - Processing /home/airflow/.local/lib/python3.12/site-packages/airflow/example_dags/example_python_operator.py took 0.092 seconds
[2024-05-02T23:46:15.599+0000] {processor.py:161} INFO - Started process (PID=686) to work on /home/airflow/.local/lib/python3.12/site-packages/airflow/example_dags/example_python_operator.py
[2024-05-02T23:46:15.601+0000] {processor.py:830} INFO - Processing file /home/airflow/.local/lib/python3.12/site-packages/airflow/example_dags/example_python_operator.py for tasks to queue
[2024-05-02T23:46:15.602+0000] {logging_mixin.py:188} INFO - [2024-05-02T23:46:15.602+0000] {dagbag.py:540} INFO - Filling up the DagBag from /home/airflow/.local/lib/python3.12/site-packages/airflow/example_dags/example_python_operator.py
[2024-05-02T23:46:15.615+0000] {processor.py:840} INFO - DAG(s) 'example_python_operator' retrieved from /home/airflow/.local/lib/python3.12/site-packages/airflow/example_dags/example_python_operator.py
[2024-05-02T23:46:15.651+0000] {logging_mixin.py:188} INFO - [2024-05-02T23:46:15.650+0000] {dag.py:3096} INFO - Sync 1 DAGs
[2024-05-02T23:46:15.667+0000] {logging_mixin.py:188} INFO - [2024-05-02T23:46:15.667+0000] {dag.py:3954} INFO - Setting next_dagrun for example_python_operator to None, run_after=None
[2024-05-02T23:46:15.694+0000] {processor.py:183} INFO - Processing /home/airflow/.local/lib/python3.12/site-packages/airflow/example_dags/example_python_operator.py took 0.104 seconds
[2024-05-02T23:46:45.892+0000] {processor.py:161} INFO - Started process (PID=744) to work on /home/airflow/.local/lib/python3.12/site-packages/airflow/example_dags/example_python_operator.py
[2024-05-02T23:46:45.894+0000] {processor.py:830} INFO - Processing file /home/airflow/.local/lib/python3.12/site-packages/airflow/example_dags/example_python_operator.py for tasks to queue
[2024-05-02T23:46:45.896+0000] {logging_mixin.py:188} INFO - [2024-05-02T23:46:45.895+0000] {dagbag.py:540} INFO - Filling up the DagBag from /home/airflow/.local/lib/python3.12/site-packages/airflow/example_dags/example_python_operator.py
[2024-05-02T23:46:45.914+0000] {processor.py:840} INFO - DAG(s) 'example_python_operator' retrieved from /home/airflow/.local/lib/python3.12/site-packages/airflow/example_dags/example_python_operator.py
[2024-05-02T23:46:45.945+0000] {logging_mixin.py:188} INFO - [2024-05-02T23:46:45.945+0000] {dag.py:3096} INFO - Sync 1 DAGs
[2024-05-02T23:46:45.961+0000] {logging_mixin.py:188} INFO - [2024-05-02T23:46:45.960+0000] {dag.py:3954} INFO - Setting next_dagrun for example_python_operator to None, run_after=None
[2024-05-02T23:46:45.987+0000] {processor.py:183} INFO - Processing /home/airflow/.local/lib/python3.12/site-packages/airflow/example_dags/example_python_operator.py took 0.104 seconds
[2024-05-02T23:47:16.123+0000] {processor.py:161} INFO - Started process (PID=802) to work on /home/airflow/.local/lib/python3.12/site-packages/airflow/example_dags/example_python_operator.py
[2024-05-02T23:47:16.125+0000] {processor.py:830} INFO - Processing file /home/airflow/.local/lib/python3.12/site-packages/airflow/example_dags/example_python_operator.py for tasks to queue
[2024-05-02T23:47:16.126+0000] {logging_mixin.py:188} INFO - [2024-05-02T23:47:16.126+0000] {dagbag.py:540} INFO - Filling up the DagBag from /home/airflow/.local/lib/python3.12/site-packages/airflow/example_dags/example_python_operator.py
[2024-05-02T23:47:16.145+0000] {processor.py:840} INFO - DAG(s) 'example_python_operator' retrieved from /home/airflow/.local/lib/python3.12/site-packages/airflow/example_dags/example_python_operator.py
[2024-05-02T23:47:16.189+0000] {logging_mixin.py:188} INFO - [2024-05-02T23:47:16.189+0000] {dag.py:3096} INFO - Sync 1 DAGs
[2024-05-02T23:47:16.206+0000] {logging_mixin.py:188} INFO - [2024-05-02T23:47:16.205+0000] {dag.py:3954} INFO - Setting next_dagrun for example_python_operator to None, run_after=None
[2024-05-02T23:47:16.233+0000] {processor.py:183} INFO - Processing /home/airflow/.local/lib/python3.12/site-packages/airflow/example_dags/example_python_operator.py took 0.117 seconds
[2024-05-02T23:47:46.387+0000] {processor.py:161} INFO - Started process (PID=860) to work on /home/airflow/.local/lib/python3.12/site-packages/airflow/example_dags/example_python_operator.py
[2024-05-02T23:47:46.388+0000] {processor.py:830} INFO - Processing file /home/airflow/.local/lib/python3.12/site-packages/airflow/example_dags/example_python_operator.py for tasks to queue
[2024-05-02T23:47:46.389+0000] {logging_mixin.py:188} INFO - [2024-05-02T23:47:46.389+0000] {dagbag.py:540} INFO - Filling up the DagBag from /home/airflow/.local/lib/python3.12/site-packages/airflow/example_dags/example_python_operator.py
[2024-05-02T23:47:46.404+0000] {processor.py:840} INFO - DAG(s) 'example_python_operator' retrieved from /home/airflow/.local/lib/python3.12/site-packages/airflow/example_dags/example_python_operator.py
[2024-05-02T23:47:46.433+0000] {logging_mixin.py:188} INFO - [2024-05-02T23:47:46.433+0000] {dag.py:3096} INFO - Sync 1 DAGs
[2024-05-02T23:47:46.450+0000] {logging_mixin.py:188} INFO - [2024-05-02T23:47:46.450+0000] {dag.py:3954} INFO - Setting next_dagrun for example_python_operator to None, run_after=None
[2024-05-02T23:47:46.475+0000] {processor.py:183} INFO - Processing /home/airflow/.local/lib/python3.12/site-packages/airflow/example_dags/example_python_operator.py took 0.095 seconds
[2024-05-02T23:48:16.704+0000] {processor.py:161} INFO - Started process (PID=918) to work on /home/airflow/.local/lib/python3.12/site-packages/airflow/example_dags/example_python_operator.py
[2024-05-02T23:48:16.706+0000] {processor.py:830} INFO - Processing file /home/airflow/.local/lib/python3.12/site-packages/airflow/example_dags/example_python_operator.py for tasks to queue
[2024-05-02T23:48:16.710+0000] {logging_mixin.py:188} INFO - [2024-05-02T23:48:16.710+0000] {dagbag.py:540} INFO - Filling up the DagBag from /home/airflow/.local/lib/python3.12/site-packages/airflow/example_dags/example_python_operator.py
[2024-05-02T23:48:16.743+0000] {processor.py:840} INFO - DAG(s) 'example_python_operator' retrieved from /home/airflow/.local/lib/python3.12/site-packages/airflow/example_dags/example_python_operator.py
[2024-05-02T23:48:16.801+0000] {logging_mixin.py:188} INFO - [2024-05-02T23:48:16.801+0000] {dag.py:3096} INFO - Sync 1 DAGs
[2024-05-02T23:48:16.834+0000] {logging_mixin.py:188} INFO - [2024-05-02T23:48:16.834+0000] {dag.py:3954} INFO - Setting next_dagrun for example_python_operator to None, run_after=None
[2024-05-02T23:48:16.916+0000] {processor.py:183} INFO - Processing /home/airflow/.local/lib/python3.12/site-packages/airflow/example_dags/example_python_operator.py took 0.227 seconds
[2024-05-02T23:48:47.071+0000] {processor.py:161} INFO - Started process (PID=976) to work on /home/airflow/.local/lib/python3.12/site-packages/airflow/example_dags/example_python_operator.py
[2024-05-02T23:48:47.073+0000] {processor.py:830} INFO - Processing file /home/airflow/.local/lib/python3.12/site-packages/airflow/example_dags/example_python_operator.py for tasks to queue
[2024-05-02T23:48:47.074+0000] {logging_mixin.py:188} INFO - [2024-05-02T23:48:47.073+0000] {dagbag.py:540} INFO - Filling up the DagBag from /home/airflow/.local/lib/python3.12/site-packages/airflow/example_dags/example_python_operator.py
[2024-05-02T23:48:47.086+0000] {processor.py:840} INFO - DAG(s) 'example_python_operator' retrieved from /home/airflow/.local/lib/python3.12/site-packages/airflow/example_dags/example_python_operator.py
[2024-05-02T23:48:47.115+0000] {logging_mixin.py:188} INFO - [2024-05-02T23:48:47.115+0000] {dag.py:3096} INFO - Sync 1 DAGs
[2024-05-02T23:48:47.131+0000] {logging_mixin.py:188} INFO - [2024-05-02T23:48:47.131+0000] {dag.py:3954} INFO - Setting next_dagrun for example_python_operator to None, run_after=None
[2024-05-02T23:48:47.362+0000] {processor.py:183} INFO - Processing /home/airflow/.local/lib/python3.12/site-packages/airflow/example_dags/example_python_operator.py took 0.298 seconds
[2024-05-02T23:49:18.125+0000] {processor.py:161} INFO - Started process (PID=1034) to work on /home/airflow/.local/lib/python3.12/site-packages/airflow/example_dags/example_python_operator.py
[2024-05-02T23:49:18.127+0000] {processor.py:830} INFO - Processing file /home/airflow/.local/lib/python3.12/site-packages/airflow/example_dags/example_python_operator.py for tasks to queue
[2024-05-02T23:49:18.128+0000] {logging_mixin.py:188} INFO - [2024-05-02T23:49:18.128+0000] {dagbag.py:540} INFO - Filling up the DagBag from /home/airflow/.local/lib/python3.12/site-packages/airflow/example_dags/example_python_operator.py
[2024-05-02T23:49:18.146+0000] {processor.py:840} INFO - DAG(s) 'example_python_operator' retrieved from /home/airflow/.local/lib/python3.12/site-packages/airflow/example_dags/example_python_operator.py
[2024-05-02T23:49:18.176+0000] {logging_mixin.py:188} INFO - [2024-05-02T23:49:18.176+0000] {dag.py:3096} INFO - Sync 1 DAGs
[2024-05-02T23:49:18.192+0000] {logging_mixin.py:188} INFO - [2024-05-02T23:49:18.191+0000] {dag.py:3954} INFO - Setting next_dagrun for example_python_operator to None, run_after=None
[2024-05-02T23:49:18.217+0000] {processor.py:183} INFO - Processing /home/airflow/.local/lib/python3.12/site-packages/airflow/example_dags/example_python_operator.py took 0.101 seconds
[2024-05-02T23:49:48.418+0000] {processor.py:161} INFO - Started process (PID=1090) to work on /home/airflow/.local/lib/python3.12/site-packages/airflow/example_dags/example_python_operator.py
[2024-05-02T23:49:48.419+0000] {processor.py:830} INFO - Processing file /home/airflow/.local/lib/python3.12/site-packages/airflow/example_dags/example_python_operator.py for tasks to queue
[2024-05-02T23:49:48.420+0000] {logging_mixin.py:188} INFO - [2024-05-02T23:49:48.419+0000] {dagbag.py:540} INFO - Filling up the DagBag from /home/airflow/.local/lib/python3.12/site-packages/airflow/example_dags/example_python_operator.py
[2024-05-02T23:49:48.438+0000] {processor.py:840} INFO - DAG(s) 'example_python_operator' retrieved from /home/airflow/.local/lib/python3.12/site-packages/airflow/example_dags/example_python_operator.py
[2024-05-02T23:49:48.469+0000] {logging_mixin.py:188} INFO - [2024-05-02T23:49:48.469+0000] {dag.py:3096} INFO - Sync 1 DAGs
[2024-05-02T23:49:48.489+0000] {logging_mixin.py:188} INFO - [2024-05-02T23:49:48.488+0000] {dag.py:3954} INFO - Setting next_dagrun for example_python_operator to None, run_after=None
[2024-05-02T23:49:48.518+0000] {processor.py:183} INFO - Processing /home/airflow/.local/lib/python3.12/site-packages/airflow/example_dags/example_python_operator.py took 0.108 seconds
[2024-05-02T23:50:19.694+0000] {processor.py:161} INFO - Started process (PID=1149) to work on /home/airflow/.local/lib/python3.12/site-packages/airflow/example_dags/example_python_operator.py
[2024-05-02T23:50:19.697+0000] {processor.py:830} INFO - Processing file /home/airflow/.local/lib/python3.12/site-packages/airflow/example_dags/example_python_operator.py for tasks to queue
[2024-05-02T23:50:19.707+0000] {logging_mixin.py:188} INFO - [2024-05-02T23:50:19.706+0000] {dagbag.py:540} INFO - Filling up the DagBag from /home/airflow/.local/lib/python3.12/site-packages/airflow/example_dags/example_python_operator.py
[2024-05-02T23:50:19.749+0000] {processor.py:840} INFO - DAG(s) 'example_python_operator' retrieved from /home/airflow/.local/lib/python3.12/site-packages/airflow/example_dags/example_python_operator.py
[2024-05-02T23:50:19.857+0000] {logging_mixin.py:188} INFO - [2024-05-02T23:50:19.857+0000] {dag.py:3096} INFO - Sync 1 DAGs
[2024-05-02T23:50:19.880+0000] {logging_mixin.py:188} INFO - [2024-05-02T23:50:19.879+0000] {dag.py:3954} INFO - Setting next_dagrun for example_python_operator to None, run_after=None
[2024-05-02T23:50:19.914+0000] {processor.py:183} INFO - Processing /home/airflow/.local/lib/python3.12/site-packages/airflow/example_dags/example_python_operator.py took 0.240 seconds
[2024-05-02T23:50:50.540+0000] {processor.py:161} INFO - Started process (PID=1207) to work on /home/airflow/.local/lib/python3.12/site-packages/airflow/example_dags/example_python_operator.py
[2024-05-02T23:50:50.541+0000] {processor.py:830} INFO - Processing file /home/airflow/.local/lib/python3.12/site-packages/airflow/example_dags/example_python_operator.py for tasks to queue
[2024-05-02T23:50:50.543+0000] {logging_mixin.py:188} INFO - [2024-05-02T23:50:50.542+0000] {dagbag.py:540} INFO - Filling up the DagBag from /home/airflow/.local/lib/python3.12/site-packages/airflow/example_dags/example_python_operator.py
[2024-05-02T23:50:50.561+0000] {processor.py:840} INFO - DAG(s) 'example_python_operator' retrieved from /home/airflow/.local/lib/python3.12/site-packages/airflow/example_dags/example_python_operator.py
[2024-05-02T23:50:50.605+0000] {logging_mixin.py:188} INFO - [2024-05-02T23:50:50.605+0000] {dag.py:3096} INFO - Sync 1 DAGs
[2024-05-02T23:50:50.621+0000] {logging_mixin.py:188} INFO - [2024-05-02T23:50:50.620+0000] {dag.py:3954} INFO - Setting next_dagrun for example_python_operator to None, run_after=None
[2024-05-02T23:50:50.647+0000] {processor.py:183} INFO - Processing /home/airflow/.local/lib/python3.12/site-packages/airflow/example_dags/example_python_operator.py took 0.115 seconds
[2024-05-02T23:51:20.971+0000] {processor.py:161} INFO - Started process (PID=1265) to work on /home/airflow/.local/lib/python3.12/site-packages/airflow/example_dags/example_python_operator.py
[2024-05-02T23:51:20.972+0000] {processor.py:830} INFO - Processing file /home/airflow/.local/lib/python3.12/site-packages/airflow/example_dags/example_python_operator.py for tasks to queue
[2024-05-02T23:51:20.974+0000] {logging_mixin.py:188} INFO - [2024-05-02T23:51:20.973+0000] {dagbag.py:540} INFO - Filling up the DagBag from /home/airflow/.local/lib/python3.12/site-packages/airflow/example_dags/example_python_operator.py
[2024-05-02T23:51:20.989+0000] {processor.py:840} INFO - DAG(s) 'example_python_operator' retrieved from /home/airflow/.local/lib/python3.12/site-packages/airflow/example_dags/example_python_operator.py
[2024-05-02T23:51:21.018+0000] {logging_mixin.py:188} INFO - [2024-05-02T23:51:21.017+0000] {dag.py:3096} INFO - Sync 1 DAGs
[2024-05-02T23:51:21.034+0000] {logging_mixin.py:188} INFO - [2024-05-02T23:51:21.034+0000] {dag.py:3954} INFO - Setting next_dagrun for example_python_operator to None, run_after=None
[2024-05-02T23:51:21.064+0000] {processor.py:183} INFO - Processing /home/airflow/.local/lib/python3.12/site-packages/airflow/example_dags/example_python_operator.py took 0.100 seconds
[2024-05-02T23:51:51.223+0000] {processor.py:161} INFO - Started process (PID=1323) to work on /home/airflow/.local/lib/python3.12/site-packages/airflow/example_dags/example_python_operator.py
[2024-05-02T23:51:51.224+0000] {processor.py:830} INFO - Processing file /home/airflow/.local/lib/python3.12/site-packages/airflow/example_dags/example_python_operator.py for tasks to queue
[2024-05-02T23:51:51.225+0000] {logging_mixin.py:188} INFO - [2024-05-02T23:51:51.225+0000] {dagbag.py:540} INFO - Filling up the DagBag from /home/airflow/.local/lib/python3.12/site-packages/airflow/example_dags/example_python_operator.py
[2024-05-02T23:51:51.237+0000] {processor.py:840} INFO - DAG(s) 'example_python_operator' retrieved from /home/airflow/.local/lib/python3.12/site-packages/airflow/example_dags/example_python_operator.py
[2024-05-02T23:51:51.273+0000] {logging_mixin.py:188} INFO - [2024-05-02T23:51:51.272+0000] {dag.py:3096} INFO - Sync 1 DAGs
[2024-05-02T23:51:51.290+0000] {logging_mixin.py:188} INFO - [2024-05-02T23:51:51.290+0000] {dag.py:3954} INFO - Setting next_dagrun for example_python_operator to None, run_after=None
[2024-05-02T23:51:51.319+0000] {processor.py:183} INFO - Processing /home/airflow/.local/lib/python3.12/site-packages/airflow/example_dags/example_python_operator.py took 0.104 seconds
[2024-05-02T23:52:21.649+0000] {processor.py:161} INFO - Started process (PID=1381) to work on /home/airflow/.local/lib/python3.12/site-packages/airflow/example_dags/example_python_operator.py
[2024-05-02T23:52:21.650+0000] {processor.py:830} INFO - Processing file /home/airflow/.local/lib/python3.12/site-packages/airflow/example_dags/example_python_operator.py for tasks to queue
[2024-05-02T23:52:21.651+0000] {logging_mixin.py:188} INFO - [2024-05-02T23:52:21.651+0000] {dagbag.py:540} INFO - Filling up the DagBag from /home/airflow/.local/lib/python3.12/site-packages/airflow/example_dags/example_python_operator.py
[2024-05-02T23:52:21.664+0000] {processor.py:840} INFO - DAG(s) 'example_python_operator' retrieved from /home/airflow/.local/lib/python3.12/site-packages/airflow/example_dags/example_python_operator.py
[2024-05-02T23:52:21.697+0000] {logging_mixin.py:188} INFO - [2024-05-02T23:52:21.696+0000] {dag.py:3096} INFO - Sync 1 DAGs
[2024-05-02T23:52:21.715+0000] {logging_mixin.py:188} INFO - [2024-05-02T23:52:21.714+0000] {dag.py:3954} INFO - Setting next_dagrun for example_python_operator to None, run_after=None
[2024-05-02T23:52:21.742+0000] {processor.py:183} INFO - Processing /home/airflow/.local/lib/python3.12/site-packages/airflow/example_dags/example_python_operator.py took 0.100 seconds
[2024-05-02T23:52:52.104+0000] {processor.py:161} INFO - Started process (PID=1440) to work on /home/airflow/.local/lib/python3.12/site-packages/airflow/example_dags/example_python_operator.py
[2024-05-02T23:52:52.105+0000] {processor.py:830} INFO - Processing file /home/airflow/.local/lib/python3.12/site-packages/airflow/example_dags/example_python_operator.py for tasks to queue
[2024-05-02T23:52:52.106+0000] {logging_mixin.py:188} INFO - [2024-05-02T23:52:52.106+0000] {dagbag.py:540} INFO - Filling up the DagBag from /home/airflow/.local/lib/python3.12/site-packages/airflow/example_dags/example_python_operator.py
[2024-05-02T23:52:52.119+0000] {processor.py:840} INFO - DAG(s) 'example_python_operator' retrieved from /home/airflow/.local/lib/python3.12/site-packages/airflow/example_dags/example_python_operator.py
[2024-05-02T23:52:52.147+0000] {logging_mixin.py:188} INFO - [2024-05-02T23:52:52.147+0000] {dag.py:3096} INFO - Sync 1 DAGs
[2024-05-02T23:52:52.163+0000] {logging_mixin.py:188} INFO - [2024-05-02T23:52:52.163+0000] {dag.py:3954} INFO - Setting next_dagrun for example_python_operator to None, run_after=None
[2024-05-02T23:52:52.190+0000] {processor.py:183} INFO - Processing /home/airflow/.local/lib/python3.12/site-packages/airflow/example_dags/example_python_operator.py took 0.094 seconds
[2024-05-02T23:53:22.950+0000] {processor.py:161} INFO - Started process (PID=1498) to work on /home/airflow/.local/lib/python3.12/site-packages/airflow/example_dags/example_python_operator.py
[2024-05-02T23:53:22.951+0000] {processor.py:830} INFO - Processing file /home/airflow/.local/lib/python3.12/site-packages/airflow/example_dags/example_python_operator.py for tasks to queue
[2024-05-02T23:53:22.952+0000] {logging_mixin.py:188} INFO - [2024-05-02T23:53:22.952+0000] {dagbag.py:540} INFO - Filling up the DagBag from /home/airflow/.local/lib/python3.12/site-packages/airflow/example_dags/example_python_operator.py
[2024-05-02T23:53:22.965+0000] {processor.py:840} INFO - DAG(s) 'example_python_operator' retrieved from /home/airflow/.local/lib/python3.12/site-packages/airflow/example_dags/example_python_operator.py
[2024-05-02T23:53:22.997+0000] {logging_mixin.py:188} INFO - [2024-05-02T23:53:22.997+0000] {dag.py:3096} INFO - Sync 1 DAGs
[2024-05-02T23:53:23.015+0000] {logging_mixin.py:188} INFO - [2024-05-02T23:53:23.015+0000] {dag.py:3954} INFO - Setting next_dagrun for example_python_operator to None, run_after=None
[2024-05-02T23:53:23.045+0000] {processor.py:183} INFO - Processing /home/airflow/.local/lib/python3.12/site-packages/airflow/example_dags/example_python_operator.py took 0.105 seconds
[2024-05-02T23:53:53.318+0000] {processor.py:161} INFO - Started process (PID=1556) to work on /home/airflow/.local/lib/python3.12/site-packages/airflow/example_dags/example_python_operator.py
[2024-05-02T23:53:53.320+0000] {processor.py:830} INFO - Processing file /home/airflow/.local/lib/python3.12/site-packages/airflow/example_dags/example_python_operator.py for tasks to queue
[2024-05-02T23:53:53.321+0000] {logging_mixin.py:188} INFO - [2024-05-02T23:53:53.321+0000] {dagbag.py:540} INFO - Filling up the DagBag from /home/airflow/.local/lib/python3.12/site-packages/airflow/example_dags/example_python_operator.py
[2024-05-02T23:53:53.341+0000] {processor.py:840} INFO - DAG(s) 'example_python_operator' retrieved from /home/airflow/.local/lib/python3.12/site-packages/airflow/example_dags/example_python_operator.py
[2024-05-02T23:53:53.383+0000] {logging_mixin.py:188} INFO - [2024-05-02T23:53:53.383+0000] {dag.py:3096} INFO - Sync 1 DAGs
[2024-05-02T23:53:53.406+0000] {logging_mixin.py:188} INFO - [2024-05-02T23:53:53.406+0000] {dag.py:3954} INFO - Setting next_dagrun for example_python_operator to None, run_after=None
[2024-05-02T23:53:53.443+0000] {processor.py:183} INFO - Processing /home/airflow/.local/lib/python3.12/site-packages/airflow/example_dags/example_python_operator.py took 0.139 seconds
[2024-05-02T23:54:24.099+0000] {processor.py:161} INFO - Started process (PID=1614) to work on /home/airflow/.local/lib/python3.12/site-packages/airflow/example_dags/example_python_operator.py
[2024-05-02T23:54:24.101+0000] {processor.py:830} INFO - Processing file /home/airflow/.local/lib/python3.12/site-packages/airflow/example_dags/example_python_operator.py for tasks to queue
[2024-05-02T23:54:24.103+0000] {logging_mixin.py:188} INFO - [2024-05-02T23:54:24.102+0000] {dagbag.py:540} INFO - Filling up the DagBag from /home/airflow/.local/lib/python3.12/site-packages/airflow/example_dags/example_python_operator.py
[2024-05-02T23:54:24.124+0000] {processor.py:840} INFO - DAG(s) 'example_python_operator' retrieved from /home/airflow/.local/lib/python3.12/site-packages/airflow/example_dags/example_python_operator.py
[2024-05-02T23:54:24.168+0000] {logging_mixin.py:188} INFO - [2024-05-02T23:54:24.168+0000] {dag.py:3096} INFO - Sync 1 DAGs
[2024-05-02T23:54:24.191+0000] {logging_mixin.py:188} INFO - [2024-05-02T23:54:24.191+0000] {dag.py:3954} INFO - Setting next_dagrun for example_python_operator to None, run_after=None
[2024-05-02T23:54:24.267+0000] {processor.py:183} INFO - Processing /home/airflow/.local/lib/python3.12/site-packages/airflow/example_dags/example_python_operator.py took 0.178 seconds
[2024-05-02T23:54:54.488+0000] {processor.py:161} INFO - Started process (PID=1671) to work on /home/airflow/.local/lib/python3.12/site-packages/airflow/example_dags/example_python_operator.py
[2024-05-02T23:54:54.490+0000] {processor.py:830} INFO - Processing file /home/airflow/.local/lib/python3.12/site-packages/airflow/example_dags/example_python_operator.py for tasks to queue
[2024-05-02T23:54:54.491+0000] {logging_mixin.py:188} INFO - [2024-05-02T23:54:54.491+0000] {dagbag.py:540} INFO - Filling up the DagBag from /home/airflow/.local/lib/python3.12/site-packages/airflow/example_dags/example_python_operator.py
[2024-05-02T23:54:54.517+0000] {processor.py:840} INFO - DAG(s) 'example_python_operator' retrieved from /home/airflow/.local/lib/python3.12/site-packages/airflow/example_dags/example_python_operator.py
[2024-05-02T23:54:54.563+0000] {logging_mixin.py:188} INFO - [2024-05-02T23:54:54.563+0000] {dag.py:3096} INFO - Sync 1 DAGs
[2024-05-02T23:54:54.587+0000] {logging_mixin.py:188} INFO - [2024-05-02T23:54:54.587+0000] {dag.py:3954} INFO - Setting next_dagrun for example_python_operator to None, run_after=None
[2024-05-02T23:54:54.623+0000] {processor.py:183} INFO - Processing /home/airflow/.local/lib/python3.12/site-packages/airflow/example_dags/example_python_operator.py took 0.145 seconds
[2024-05-02T23:55:24.853+0000] {processor.py:161} INFO - Started process (PID=1729) to work on /home/airflow/.local/lib/python3.12/site-packages/airflow/example_dags/example_python_operator.py
[2024-05-02T23:55:24.854+0000] {processor.py:830} INFO - Processing file /home/airflow/.local/lib/python3.12/site-packages/airflow/example_dags/example_python_operator.py for tasks to queue
[2024-05-02T23:55:24.856+0000] {logging_mixin.py:188} INFO - [2024-05-02T23:55:24.855+0000] {dagbag.py:540} INFO - Filling up the DagBag from /home/airflow/.local/lib/python3.12/site-packages/airflow/example_dags/example_python_operator.py
[2024-05-02T23:55:24.871+0000] {processor.py:840} INFO - DAG(s) 'example_python_operator' retrieved from /home/airflow/.local/lib/python3.12/site-packages/airflow/example_dags/example_python_operator.py
[2024-05-02T23:55:24.901+0000] {logging_mixin.py:188} INFO - [2024-05-02T23:55:24.901+0000] {dag.py:3096} INFO - Sync 1 DAGs
[2024-05-02T23:55:24.928+0000] {logging_mixin.py:188} INFO - [2024-05-02T23:55:24.928+0000] {dag.py:3954} INFO - Setting next_dagrun for example_python_operator to None, run_after=None
[2024-05-02T23:55:24.960+0000] {processor.py:183} INFO - Processing /home/airflow/.local/lib/python3.12/site-packages/airflow/example_dags/example_python_operator.py took 0.124 seconds
[2024-05-02T23:55:55.027+0000] {processor.py:161} INFO - Started process (PID=1786) to work on /home/airflow/.local/lib/python3.12/site-packages/airflow/example_dags/example_python_operator.py
[2024-05-02T23:55:55.029+0000] {processor.py:830} INFO - Processing file /home/airflow/.local/lib/python3.12/site-packages/airflow/example_dags/example_python_operator.py for tasks to queue
[2024-05-02T23:55:55.030+0000] {logging_mixin.py:188} INFO - [2024-05-02T23:55:55.029+0000] {dagbag.py:540} INFO - Filling up the DagBag from /home/airflow/.local/lib/python3.12/site-packages/airflow/example_dags/example_python_operator.py
[2024-05-02T23:55:55.042+0000] {processor.py:840} INFO - DAG(s) 'example_python_operator' retrieved from /home/airflow/.local/lib/python3.12/site-packages/airflow/example_dags/example_python_operator.py
[2024-05-02T23:55:55.074+0000] {logging_mixin.py:188} INFO - [2024-05-02T23:55:55.074+0000] {dag.py:3096} INFO - Sync 1 DAGs
[2024-05-02T23:55:55.090+0000] {logging_mixin.py:188} INFO - [2024-05-02T23:55:55.090+0000] {dag.py:3954} INFO - Setting next_dagrun for example_python_operator to None, run_after=None
[2024-05-02T23:55:55.115+0000] {processor.py:183} INFO - Processing /home/airflow/.local/lib/python3.12/site-packages/airflow/example_dags/example_python_operator.py took 0.096 seconds
[2024-05-02T23:56:25.369+0000] {processor.py:161} INFO - Started process (PID=1843) to work on /home/airflow/.local/lib/python3.12/site-packages/airflow/example_dags/example_python_operator.py
[2024-05-02T23:56:25.370+0000] {processor.py:830} INFO - Processing file /home/airflow/.local/lib/python3.12/site-packages/airflow/example_dags/example_python_operator.py for tasks to queue
[2024-05-02T23:56:25.371+0000] {logging_mixin.py:188} INFO - [2024-05-02T23:56:25.371+0000] {dagbag.py:540} INFO - Filling up the DagBag from /home/airflow/.local/lib/python3.12/site-packages/airflow/example_dags/example_python_operator.py
[2024-05-02T23:56:25.384+0000] {processor.py:840} INFO - DAG(s) 'example_python_operator' retrieved from /home/airflow/.local/lib/python3.12/site-packages/airflow/example_dags/example_python_operator.py
[2024-05-02T23:56:25.412+0000] {logging_mixin.py:188} INFO - [2024-05-02T23:56:25.411+0000] {dag.py:3096} INFO - Sync 1 DAGs
[2024-05-02T23:56:25.427+0000] {logging_mixin.py:188} INFO - [2024-05-02T23:56:25.427+0000] {dag.py:3954} INFO - Setting next_dagrun for example_python_operator to None, run_after=None
[2024-05-02T23:56:25.453+0000] {processor.py:183} INFO - Processing /home/airflow/.local/lib/python3.12/site-packages/airflow/example_dags/example_python_operator.py took 0.091 seconds
[2024-05-02T23:56:56.257+0000] {processor.py:161} INFO - Started process (PID=1902) to work on /home/airflow/.local/lib/python3.12/site-packages/airflow/example_dags/example_python_operator.py
[2024-05-02T23:56:56.259+0000] {processor.py:830} INFO - Processing file /home/airflow/.local/lib/python3.12/site-packages/airflow/example_dags/example_python_operator.py for tasks to queue
[2024-05-02T23:56:56.261+0000] {logging_mixin.py:188} INFO - [2024-05-02T23:56:56.260+0000] {dagbag.py:540} INFO - Filling up the DagBag from /home/airflow/.local/lib/python3.12/site-packages/airflow/example_dags/example_python_operator.py
[2024-05-02T23:56:56.277+0000] {processor.py:840} INFO - DAG(s) 'example_python_operator' retrieved from /home/airflow/.local/lib/python3.12/site-packages/airflow/example_dags/example_python_operator.py
[2024-05-02T23:56:56.308+0000] {logging_mixin.py:188} INFO - [2024-05-02T23:56:56.308+0000] {dag.py:3096} INFO - Sync 1 DAGs
[2024-05-02T23:56:56.325+0000] {logging_mixin.py:188} INFO - [2024-05-02T23:56:56.324+0000] {dag.py:3954} INFO - Setting next_dagrun for example_python_operator to None, run_after=None
[2024-05-02T23:56:56.349+0000] {processor.py:183} INFO - Processing /home/airflow/.local/lib/python3.12/site-packages/airflow/example_dags/example_python_operator.py took 0.101 seconds
