[2024-05-02T05:54:09.308+0000] {processor.py:161} INFO - Started process (PID=46) to work on /home/airflow/.local/lib/python3.12/site-packages/airflow/example_dags/example_dynamic_task_mapping.py
[2024-05-02T05:54:09.315+0000] {processor.py:830} INFO - Processing file /home/airflow/.local/lib/python3.12/site-packages/airflow/example_dags/example_dynamic_task_mapping.py for tasks to queue
[2024-05-02T05:54:09.321+0000] {logging_mixin.py:188} INFO - [2024-05-02T05:54:09.320+0000] {dagbag.py:540} INFO - Filling up the DagBag from /home/airflow/.local/lib/python3.12/site-packages/airflow/example_dags/example_dynamic_task_mapping.py
[2024-05-02T05:54:09.343+0000] {processor.py:840} INFO - DAG(s) 'example_dynamic_task_mapping' retrieved from /home/airflow/.local/lib/python3.12/site-packages/airflow/example_dags/example_dynamic_task_mapping.py
[2024-05-02T05:54:09.661+0000] {logging_mixin.py:188} INFO - [2024-05-02T05:54:09.652+0000] {dag.py:3096} INFO - Sync 1 DAGs
[2024-05-02T05:54:09.910+0000] {logging_mixin.py:188} INFO - [2024-05-02T05:54:09.910+0000] {dag.py:3954} INFO - Setting next_dagrun for example_dynamic_task_mapping to 2022-03-04 00:00:00+00:00, run_after=2022-03-05 00:00:00+00:00
[2024-05-02T05:54:10.008+0000] {processor.py:183} INFO - Processing /home/airflow/.local/lib/python3.12/site-packages/airflow/example_dags/example_dynamic_task_mapping.py took 0.720 seconds
[2024-05-02T05:54:40.227+0000] {processor.py:161} INFO - Started process (PID=104) to work on /home/airflow/.local/lib/python3.12/site-packages/airflow/example_dags/example_dynamic_task_mapping.py
[2024-05-02T05:54:40.229+0000] {processor.py:830} INFO - Processing file /home/airflow/.local/lib/python3.12/site-packages/airflow/example_dags/example_dynamic_task_mapping.py for tasks to queue
[2024-05-02T05:54:40.232+0000] {logging_mixin.py:188} INFO - [2024-05-02T05:54:40.232+0000] {dagbag.py:540} INFO - Filling up the DagBag from /home/airflow/.local/lib/python3.12/site-packages/airflow/example_dags/example_dynamic_task_mapping.py
[2024-05-02T05:54:40.247+0000] {processor.py:840} INFO - DAG(s) 'example_dynamic_task_mapping' retrieved from /home/airflow/.local/lib/python3.12/site-packages/airflow/example_dags/example_dynamic_task_mapping.py
[2024-05-02T05:54:40.287+0000] {logging_mixin.py:188} INFO - [2024-05-02T05:54:40.287+0000] {dag.py:3096} INFO - Sync 1 DAGs
[2024-05-02T05:54:40.345+0000] {logging_mixin.py:188} INFO - [2024-05-02T05:54:40.345+0000] {dag.py:3954} INFO - Setting next_dagrun for example_dynamic_task_mapping to 2022-03-04 00:00:00+00:00, run_after=2022-03-05 00:00:00+00:00
[2024-05-02T05:54:40.390+0000] {processor.py:183} INFO - Processing /home/airflow/.local/lib/python3.12/site-packages/airflow/example_dags/example_dynamic_task_mapping.py took 0.175 seconds
[2024-05-02T05:55:13.816+0000] {processor.py:161} INFO - Started process (PID=162) to work on /home/airflow/.local/lib/python3.12/site-packages/airflow/example_dags/example_dynamic_task_mapping.py
[2024-05-02T05:55:13.859+0000] {processor.py:830} INFO - Processing file /home/airflow/.local/lib/python3.12/site-packages/airflow/example_dags/example_dynamic_task_mapping.py for tasks to queue
[2024-05-02T05:55:13.869+0000] {logging_mixin.py:188} INFO - [2024-05-02T05:55:13.868+0000] {dagbag.py:540} INFO - Filling up the DagBag from /home/airflow/.local/lib/python3.12/site-packages/airflow/example_dags/example_dynamic_task_mapping.py
[2024-05-02T05:55:13.929+0000] {processor.py:840} INFO - DAG(s) 'example_dynamic_task_mapping' retrieved from /home/airflow/.local/lib/python3.12/site-packages/airflow/example_dags/example_dynamic_task_mapping.py
[2024-05-02T05:55:14.038+0000] {logging_mixin.py:188} INFO - [2024-05-02T05:55:14.029+0000] {dag.py:3096} INFO - Sync 1 DAGs
[2024-05-02T05:55:14.193+0000] {logging_mixin.py:188} INFO - [2024-05-02T05:55:14.192+0000] {dag.py:3954} INFO - Setting next_dagrun for example_dynamic_task_mapping to 2022-03-04 00:00:00+00:00, run_after=2022-03-05 00:00:00+00:00
[2024-05-02T05:55:14.283+0000] {processor.py:183} INFO - Processing /home/airflow/.local/lib/python3.12/site-packages/airflow/example_dags/example_dynamic_task_mapping.py took 0.498 seconds
[2024-05-02T05:55:47.486+0000] {processor.py:161} INFO - Started process (PID=218) to work on /home/airflow/.local/lib/python3.12/site-packages/airflow/example_dags/example_dynamic_task_mapping.py
[2024-05-02T05:55:47.506+0000] {processor.py:830} INFO - Processing file /home/airflow/.local/lib/python3.12/site-packages/airflow/example_dags/example_dynamic_task_mapping.py for tasks to queue
[2024-05-02T05:55:47.530+0000] {logging_mixin.py:188} INFO - [2024-05-02T05:55:47.522+0000] {dagbag.py:540} INFO - Filling up the DagBag from /home/airflow/.local/lib/python3.12/site-packages/airflow/example_dags/example_dynamic_task_mapping.py
[2024-05-02T05:55:47.581+0000] {processor.py:840} INFO - DAG(s) 'example_dynamic_task_mapping' retrieved from /home/airflow/.local/lib/python3.12/site-packages/airflow/example_dags/example_dynamic_task_mapping.py
[2024-05-02T05:55:47.952+0000] {logging_mixin.py:188} INFO - [2024-05-02T05:55:47.952+0000] {dag.py:3096} INFO - Sync 1 DAGs
[2024-05-02T05:55:48.425+0000] {logging_mixin.py:188} INFO - [2024-05-02T05:55:48.424+0000] {dag.py:3954} INFO - Setting next_dagrun for example_dynamic_task_mapping to 2022-03-04 00:00:00+00:00, run_after=2022-03-05 00:00:00+00:00
[2024-05-02T05:55:48.611+0000] {processor.py:183} INFO - Processing /home/airflow/.local/lib/python3.12/site-packages/airflow/example_dags/example_dynamic_task_mapping.py took 1.165 seconds
[2024-05-02T05:56:52.301+0000] {processor.py:161} INFO - Started process (PID=265) to work on /home/airflow/.local/lib/python3.12/site-packages/airflow/example_dags/example_dynamic_task_mapping.py
[2024-05-02T05:56:52.331+0000] {processor.py:830} INFO - Processing file /home/airflow/.local/lib/python3.12/site-packages/airflow/example_dags/example_dynamic_task_mapping.py for tasks to queue
[2024-05-02T05:56:52.375+0000] {logging_mixin.py:188} INFO - [2024-05-02T05:56:52.355+0000] {dagbag.py:540} INFO - Filling up the DagBag from /home/airflow/.local/lib/python3.12/site-packages/airflow/example_dags/example_dynamic_task_mapping.py
[2024-05-02T05:56:52.451+0000] {processor.py:840} INFO - DAG(s) 'example_dynamic_task_mapping' retrieved from /home/airflow/.local/lib/python3.12/site-packages/airflow/example_dags/example_dynamic_task_mapping.py
[2024-05-02T05:56:52.767+0000] {logging_mixin.py:188} INFO - [2024-05-02T05:56:52.766+0000] {dag.py:3096} INFO - Sync 1 DAGs
[2024-05-02T05:56:53.027+0000] {logging_mixin.py:188} INFO - [2024-05-02T05:56:53.026+0000] {dag.py:3954} INFO - Setting next_dagrun for example_dynamic_task_mapping to 2022-03-04 00:00:00+00:00, run_after=2022-03-05 00:00:00+00:00
[2024-05-02T05:56:53.338+0000] {processor.py:183} INFO - Processing /home/airflow/.local/lib/python3.12/site-packages/airflow/example_dags/example_dynamic_task_mapping.py took 1.208 seconds
[2024-05-02T05:58:05.855+0000] {processor.py:161} INFO - Started process (PID=313) to work on /home/airflow/.local/lib/python3.12/site-packages/airflow/example_dags/example_dynamic_task_mapping.py
[2024-05-02T05:58:05.916+0000] {processor.py:830} INFO - Processing file /home/airflow/.local/lib/python3.12/site-packages/airflow/example_dags/example_dynamic_task_mapping.py for tasks to queue
[2024-05-02T05:58:06.600+0000] {logging_mixin.py:188} INFO - [2024-05-02T05:58:06.599+0000] {dagbag.py:540} INFO - Filling up the DagBag from /home/airflow/.local/lib/python3.12/site-packages/airflow/example_dags/example_dynamic_task_mapping.py
[2024-05-02T05:58:07.948+0000] {processor.py:840} INFO - DAG(s) 'example_dynamic_task_mapping' retrieved from /home/airflow/.local/lib/python3.12/site-packages/airflow/example_dags/example_dynamic_task_mapping.py
[2024-05-02T05:58:08.726+0000] {logging_mixin.py:188} INFO - [2024-05-02T05:58:08.725+0000] {dag.py:3096} INFO - Sync 1 DAGs
[2024-05-02T05:58:10.202+0000] {logging_mixin.py:188} INFO - [2024-05-02T05:58:10.200+0000] {dag.py:3954} INFO - Setting next_dagrun for example_dynamic_task_mapping to 2022-03-04 00:00:00+00:00, run_after=2022-03-05 00:00:00+00:00
[2024-05-02T05:58:11.125+0000] {processor.py:183} INFO - Processing /home/airflow/.local/lib/python3.12/site-packages/airflow/example_dags/example_dynamic_task_mapping.py took 5.921 seconds
[2024-05-02T23:42:52.890+0000] {processor.py:161} INFO - Started process (PID=386) to work on /home/airflow/.local/lib/python3.12/site-packages/airflow/example_dags/example_dynamic_task_mapping.py
[2024-05-02T23:42:52.892+0000] {processor.py:830} INFO - Processing file /home/airflow/.local/lib/python3.12/site-packages/airflow/example_dags/example_dynamic_task_mapping.py for tasks to queue
[2024-05-02T23:42:52.894+0000] {logging_mixin.py:188} INFO - [2024-05-02T23:42:52.894+0000] {dagbag.py:540} INFO - Filling up the DagBag from /home/airflow/.local/lib/python3.12/site-packages/airflow/example_dags/example_dynamic_task_mapping.py
[2024-05-02T23:42:52.928+0000] {processor.py:840} INFO - DAG(s) 'example_dynamic_task_mapping' retrieved from /home/airflow/.local/lib/python3.12/site-packages/airflow/example_dags/example_dynamic_task_mapping.py
[2024-05-02T23:42:52.976+0000] {logging_mixin.py:188} INFO - [2024-05-02T23:42:52.975+0000] {dag.py:3096} INFO - Sync 1 DAGs
[2024-05-02T23:42:53.030+0000] {logging_mixin.py:188} INFO - [2024-05-02T23:42:53.030+0000] {dag.py:3954} INFO - Setting next_dagrun for example_dynamic_task_mapping to 2022-03-04 00:00:00+00:00, run_after=2022-03-05 00:00:00+00:00
[2024-05-02T23:42:53.073+0000] {processor.py:183} INFO - Processing /home/airflow/.local/lib/python3.12/site-packages/airflow/example_dags/example_dynamic_task_mapping.py took 0.210 seconds
[2024-05-02T23:43:35.762+0000] {processor.py:161} INFO - Started process (PID=445) to work on /home/airflow/.local/lib/python3.12/site-packages/airflow/example_dags/example_dynamic_task_mapping.py
[2024-05-02T23:43:35.775+0000] {processor.py:830} INFO - Processing file /home/airflow/.local/lib/python3.12/site-packages/airflow/example_dags/example_dynamic_task_mapping.py for tasks to queue
[2024-05-02T23:43:35.784+0000] {logging_mixin.py:188} INFO - [2024-05-02T23:43:35.783+0000] {dagbag.py:540} INFO - Filling up the DagBag from /home/airflow/.local/lib/python3.12/site-packages/airflow/example_dags/example_dynamic_task_mapping.py
[2024-05-02T23:43:35.959+0000] {processor.py:840} INFO - DAG(s) 'example_dynamic_task_mapping' retrieved from /home/airflow/.local/lib/python3.12/site-packages/airflow/example_dags/example_dynamic_task_mapping.py
[2024-05-02T23:43:37.088+0000] {logging_mixin.py:188} INFO - [2024-05-02T23:43:37.088+0000] {dag.py:3096} INFO - Sync 1 DAGs
[2024-05-02T23:43:37.717+0000] {logging_mixin.py:188} INFO - [2024-05-02T23:43:37.716+0000] {dag.py:3954} INFO - Setting next_dagrun for example_dynamic_task_mapping to 2022-03-04 00:00:00+00:00, run_after=2022-03-05 00:00:00+00:00
[2024-05-02T23:44:07.530+0000] {processor.py:183} INFO - Processing /home/airflow/.local/lib/python3.12/site-packages/airflow/example_dags/example_dynamic_task_mapping.py took 31.843 seconds
[2024-05-02T23:44:38.108+0000] {processor.py:161} INFO - Started process (PID=508) to work on /home/airflow/.local/lib/python3.12/site-packages/airflow/example_dags/example_dynamic_task_mapping.py
[2024-05-02T23:44:38.114+0000] {processor.py:830} INFO - Processing file /home/airflow/.local/lib/python3.12/site-packages/airflow/example_dags/example_dynamic_task_mapping.py for tasks to queue
[2024-05-02T23:44:38.116+0000] {logging_mixin.py:188} INFO - [2024-05-02T23:44:38.116+0000] {dagbag.py:540} INFO - Filling up the DagBag from /home/airflow/.local/lib/python3.12/site-packages/airflow/example_dags/example_dynamic_task_mapping.py
[2024-05-02T23:44:38.140+0000] {processor.py:840} INFO - DAG(s) 'example_dynamic_task_mapping' retrieved from /home/airflow/.local/lib/python3.12/site-packages/airflow/example_dags/example_dynamic_task_mapping.py
[2024-05-02T23:44:38.228+0000] {logging_mixin.py:188} INFO - [2024-05-02T23:44:38.228+0000] {dag.py:3096} INFO - Sync 1 DAGs
[2024-05-02T23:44:38.372+0000] {logging_mixin.py:188} INFO - [2024-05-02T23:44:38.371+0000] {dag.py:3954} INFO - Setting next_dagrun for example_dynamic_task_mapping to 2022-03-04 00:00:00+00:00, run_after=2022-03-05 00:00:00+00:00
[2024-05-02T23:44:38.498+0000] {processor.py:183} INFO - Processing /home/airflow/.local/lib/python3.12/site-packages/airflow/example_dags/example_dynamic_task_mapping.py took 0.405 seconds
[2024-05-02T23:45:08.625+0000] {processor.py:161} INFO - Started process (PID=565) to work on /home/airflow/.local/lib/python3.12/site-packages/airflow/example_dags/example_dynamic_task_mapping.py
[2024-05-02T23:45:08.632+0000] {processor.py:830} INFO - Processing file /home/airflow/.local/lib/python3.12/site-packages/airflow/example_dags/example_dynamic_task_mapping.py for tasks to queue
[2024-05-02T23:45:08.634+0000] {logging_mixin.py:188} INFO - [2024-05-02T23:45:08.633+0000] {dagbag.py:540} INFO - Filling up the DagBag from /home/airflow/.local/lib/python3.12/site-packages/airflow/example_dags/example_dynamic_task_mapping.py
[2024-05-02T23:45:08.643+0000] {processor.py:840} INFO - DAG(s) 'example_dynamic_task_mapping' retrieved from /home/airflow/.local/lib/python3.12/site-packages/airflow/example_dags/example_dynamic_task_mapping.py
[2024-05-02T23:45:08.670+0000] {logging_mixin.py:188} INFO - [2024-05-02T23:45:08.670+0000] {dag.py:3096} INFO - Sync 1 DAGs
[2024-05-02T23:45:08.699+0000] {logging_mixin.py:188} INFO - [2024-05-02T23:45:08.699+0000] {dag.py:3954} INFO - Setting next_dagrun for example_dynamic_task_mapping to 2022-03-04 00:00:00+00:00, run_after=2022-03-05 00:00:00+00:00
[2024-05-02T23:45:08.787+0000] {processor.py:183} INFO - Processing /home/airflow/.local/lib/python3.12/site-packages/airflow/example_dags/example_dynamic_task_mapping.py took 0.171 seconds
[2024-05-02T23:45:39.748+0000] {processor.py:161} INFO - Started process (PID=624) to work on /home/airflow/.local/lib/python3.12/site-packages/airflow/example_dags/example_dynamic_task_mapping.py
[2024-05-02T23:45:39.750+0000] {processor.py:830} INFO - Processing file /home/airflow/.local/lib/python3.12/site-packages/airflow/example_dags/example_dynamic_task_mapping.py for tasks to queue
[2024-05-02T23:45:39.751+0000] {logging_mixin.py:188} INFO - [2024-05-02T23:45:39.751+0000] {dagbag.py:540} INFO - Filling up the DagBag from /home/airflow/.local/lib/python3.12/site-packages/airflow/example_dags/example_dynamic_task_mapping.py
[2024-05-02T23:45:39.760+0000] {processor.py:840} INFO - DAG(s) 'example_dynamic_task_mapping' retrieved from /home/airflow/.local/lib/python3.12/site-packages/airflow/example_dags/example_dynamic_task_mapping.py
[2024-05-02T23:45:39.790+0000] {logging_mixin.py:188} INFO - [2024-05-02T23:45:39.789+0000] {dag.py:3096} INFO - Sync 1 DAGs
[2024-05-02T23:45:39.822+0000] {logging_mixin.py:188} INFO - [2024-05-02T23:45:39.822+0000] {dag.py:3954} INFO - Setting next_dagrun for example_dynamic_task_mapping to 2022-03-04 00:00:00+00:00, run_after=2022-03-05 00:00:00+00:00
[2024-05-02T23:45:39.850+0000] {processor.py:183} INFO - Processing /home/airflow/.local/lib/python3.12/site-packages/airflow/example_dags/example_dynamic_task_mapping.py took 0.109 seconds
[2024-05-02T23:46:10.197+0000] {processor.py:161} INFO - Started process (PID=682) to work on /home/airflow/.local/lib/python3.12/site-packages/airflow/example_dags/example_dynamic_task_mapping.py
[2024-05-02T23:46:10.199+0000] {processor.py:830} INFO - Processing file /home/airflow/.local/lib/python3.12/site-packages/airflow/example_dags/example_dynamic_task_mapping.py for tasks to queue
[2024-05-02T23:46:10.200+0000] {logging_mixin.py:188} INFO - [2024-05-02T23:46:10.200+0000] {dagbag.py:540} INFO - Filling up the DagBag from /home/airflow/.local/lib/python3.12/site-packages/airflow/example_dags/example_dynamic_task_mapping.py
[2024-05-02T23:46:10.210+0000] {processor.py:840} INFO - DAG(s) 'example_dynamic_task_mapping' retrieved from /home/airflow/.local/lib/python3.12/site-packages/airflow/example_dags/example_dynamic_task_mapping.py
[2024-05-02T23:46:10.237+0000] {logging_mixin.py:188} INFO - [2024-05-02T23:46:10.236+0000] {dag.py:3096} INFO - Sync 1 DAGs
[2024-05-02T23:46:10.272+0000] {logging_mixin.py:188} INFO - [2024-05-02T23:46:10.272+0000] {dag.py:3954} INFO - Setting next_dagrun for example_dynamic_task_mapping to 2022-03-04 00:00:00+00:00, run_after=2022-03-05 00:00:00+00:00
[2024-05-02T23:46:10.299+0000] {processor.py:183} INFO - Processing /home/airflow/.local/lib/python3.12/site-packages/airflow/example_dags/example_dynamic_task_mapping.py took 0.108 seconds
[2024-05-02T23:46:40.522+0000] {processor.py:161} INFO - Started process (PID=740) to work on /home/airflow/.local/lib/python3.12/site-packages/airflow/example_dags/example_dynamic_task_mapping.py
[2024-05-02T23:46:40.524+0000] {processor.py:830} INFO - Processing file /home/airflow/.local/lib/python3.12/site-packages/airflow/example_dags/example_dynamic_task_mapping.py for tasks to queue
[2024-05-02T23:46:40.525+0000] {logging_mixin.py:188} INFO - [2024-05-02T23:46:40.525+0000] {dagbag.py:540} INFO - Filling up the DagBag from /home/airflow/.local/lib/python3.12/site-packages/airflow/example_dags/example_dynamic_task_mapping.py
[2024-05-02T23:46:40.537+0000] {processor.py:840} INFO - DAG(s) 'example_dynamic_task_mapping' retrieved from /home/airflow/.local/lib/python3.12/site-packages/airflow/example_dags/example_dynamic_task_mapping.py
[2024-05-02T23:46:40.564+0000] {logging_mixin.py:188} INFO - [2024-05-02T23:46:40.563+0000] {dag.py:3096} INFO - Sync 1 DAGs
[2024-05-02T23:46:40.592+0000] {logging_mixin.py:188} INFO - [2024-05-02T23:46:40.591+0000] {dag.py:3954} INFO - Setting next_dagrun for example_dynamic_task_mapping to 2022-03-04 00:00:00+00:00, run_after=2022-03-05 00:00:00+00:00
[2024-05-02T23:46:40.616+0000] {processor.py:183} INFO - Processing /home/airflow/.local/lib/python3.12/site-packages/airflow/example_dags/example_dynamic_task_mapping.py took 0.101 seconds
[2024-05-02T23:47:10.737+0000] {processor.py:161} INFO - Started process (PID=798) to work on /home/airflow/.local/lib/python3.12/site-packages/airflow/example_dags/example_dynamic_task_mapping.py
[2024-05-02T23:47:10.739+0000] {processor.py:830} INFO - Processing file /home/airflow/.local/lib/python3.12/site-packages/airflow/example_dags/example_dynamic_task_mapping.py for tasks to queue
[2024-05-02T23:47:10.740+0000] {logging_mixin.py:188} INFO - [2024-05-02T23:47:10.740+0000] {dagbag.py:540} INFO - Filling up the DagBag from /home/airflow/.local/lib/python3.12/site-packages/airflow/example_dags/example_dynamic_task_mapping.py
[2024-05-02T23:47:10.749+0000] {processor.py:840} INFO - DAG(s) 'example_dynamic_task_mapping' retrieved from /home/airflow/.local/lib/python3.12/site-packages/airflow/example_dags/example_dynamic_task_mapping.py
[2024-05-02T23:47:10.774+0000] {logging_mixin.py:188} INFO - [2024-05-02T23:47:10.774+0000] {dag.py:3096} INFO - Sync 1 DAGs
[2024-05-02T23:47:10.802+0000] {logging_mixin.py:188} INFO - [2024-05-02T23:47:10.802+0000] {dag.py:3954} INFO - Setting next_dagrun for example_dynamic_task_mapping to 2022-03-04 00:00:00+00:00, run_after=2022-03-05 00:00:00+00:00
[2024-05-02T23:47:10.827+0000] {processor.py:183} INFO - Processing /home/airflow/.local/lib/python3.12/site-packages/airflow/example_dags/example_dynamic_task_mapping.py took 0.097 seconds
[2024-05-02T23:47:41.016+0000] {processor.py:161} INFO - Started process (PID=856) to work on /home/airflow/.local/lib/python3.12/site-packages/airflow/example_dags/example_dynamic_task_mapping.py
[2024-05-02T23:47:41.018+0000] {processor.py:830} INFO - Processing file /home/airflow/.local/lib/python3.12/site-packages/airflow/example_dags/example_dynamic_task_mapping.py for tasks to queue
[2024-05-02T23:47:41.019+0000] {logging_mixin.py:188} INFO - [2024-05-02T23:47:41.019+0000] {dagbag.py:540} INFO - Filling up the DagBag from /home/airflow/.local/lib/python3.12/site-packages/airflow/example_dags/example_dynamic_task_mapping.py
[2024-05-02T23:47:41.029+0000] {processor.py:840} INFO - DAG(s) 'example_dynamic_task_mapping' retrieved from /home/airflow/.local/lib/python3.12/site-packages/airflow/example_dags/example_dynamic_task_mapping.py
[2024-05-02T23:47:41.061+0000] {logging_mixin.py:188} INFO - [2024-05-02T23:47:41.060+0000] {dag.py:3096} INFO - Sync 1 DAGs
[2024-05-02T23:47:41.100+0000] {logging_mixin.py:188} INFO - [2024-05-02T23:47:41.100+0000] {dag.py:3954} INFO - Setting next_dagrun for example_dynamic_task_mapping to 2022-03-04 00:00:00+00:00, run_after=2022-03-05 00:00:00+00:00
[2024-05-02T23:47:41.129+0000] {processor.py:183} INFO - Processing /home/airflow/.local/lib/python3.12/site-packages/airflow/example_dags/example_dynamic_task_mapping.py took 0.120 seconds
[2024-05-02T23:48:11.411+0000] {processor.py:161} INFO - Started process (PID=914) to work on /home/airflow/.local/lib/python3.12/site-packages/airflow/example_dags/example_dynamic_task_mapping.py
[2024-05-02T23:48:11.412+0000] {processor.py:830} INFO - Processing file /home/airflow/.local/lib/python3.12/site-packages/airflow/example_dags/example_dynamic_task_mapping.py for tasks to queue
[2024-05-02T23:48:11.413+0000] {logging_mixin.py:188} INFO - [2024-05-02T23:48:11.413+0000] {dagbag.py:540} INFO - Filling up the DagBag from /home/airflow/.local/lib/python3.12/site-packages/airflow/example_dags/example_dynamic_task_mapping.py
[2024-05-02T23:48:11.422+0000] {processor.py:840} INFO - DAG(s) 'example_dynamic_task_mapping' retrieved from /home/airflow/.local/lib/python3.12/site-packages/airflow/example_dags/example_dynamic_task_mapping.py
[2024-05-02T23:48:11.450+0000] {logging_mixin.py:188} INFO - [2024-05-02T23:48:11.449+0000] {dag.py:3096} INFO - Sync 1 DAGs
[2024-05-02T23:48:11.484+0000] {logging_mixin.py:188} INFO - [2024-05-02T23:48:11.483+0000] {dag.py:3954} INFO - Setting next_dagrun for example_dynamic_task_mapping to 2022-03-04 00:00:00+00:00, run_after=2022-03-05 00:00:00+00:00
[2024-05-02T23:48:11.723+0000] {processor.py:183} INFO - Processing /home/airflow/.local/lib/python3.12/site-packages/airflow/example_dags/example_dynamic_task_mapping.py took 0.319 seconds
[2024-05-02T23:48:42.670+0000] {processor.py:161} INFO - Started process (PID=972) to work on /home/airflow/.local/lib/python3.12/site-packages/airflow/example_dags/example_dynamic_task_mapping.py
[2024-05-02T23:48:42.671+0000] {processor.py:830} INFO - Processing file /home/airflow/.local/lib/python3.12/site-packages/airflow/example_dags/example_dynamic_task_mapping.py for tasks to queue
[2024-05-02T23:48:42.673+0000] {logging_mixin.py:188} INFO - [2024-05-02T23:48:42.672+0000] {dagbag.py:540} INFO - Filling up the DagBag from /home/airflow/.local/lib/python3.12/site-packages/airflow/example_dags/example_dynamic_task_mapping.py
[2024-05-02T23:48:42.685+0000] {processor.py:840} INFO - DAG(s) 'example_dynamic_task_mapping' retrieved from /home/airflow/.local/lib/python3.12/site-packages/airflow/example_dags/example_dynamic_task_mapping.py
[2024-05-02T23:48:42.717+0000] {logging_mixin.py:188} INFO - [2024-05-02T23:48:42.717+0000] {dag.py:3096} INFO - Sync 1 DAGs
[2024-05-02T23:48:42.752+0000] {logging_mixin.py:188} INFO - [2024-05-02T23:48:42.752+0000] {dag.py:3954} INFO - Setting next_dagrun for example_dynamic_task_mapping to 2022-03-04 00:00:00+00:00, run_after=2022-03-05 00:00:00+00:00
[2024-05-02T23:48:42.782+0000] {processor.py:183} INFO - Processing /home/airflow/.local/lib/python3.12/site-packages/airflow/example_dags/example_dynamic_task_mapping.py took 0.124 seconds
[2024-05-02T23:49:13.752+0000] {processor.py:161} INFO - Started process (PID=1030) to work on /home/airflow/.local/lib/python3.12/site-packages/airflow/example_dags/example_dynamic_task_mapping.py
[2024-05-02T23:49:13.753+0000] {processor.py:830} INFO - Processing file /home/airflow/.local/lib/python3.12/site-packages/airflow/example_dags/example_dynamic_task_mapping.py for tasks to queue
[2024-05-02T23:49:13.755+0000] {logging_mixin.py:188} INFO - [2024-05-02T23:49:13.754+0000] {dagbag.py:540} INFO - Filling up the DagBag from /home/airflow/.local/lib/python3.12/site-packages/airflow/example_dags/example_dynamic_task_mapping.py
[2024-05-02T23:49:13.767+0000] {processor.py:840} INFO - DAG(s) 'example_dynamic_task_mapping' retrieved from /home/airflow/.local/lib/python3.12/site-packages/airflow/example_dags/example_dynamic_task_mapping.py
[2024-05-02T23:49:13.798+0000] {logging_mixin.py:188} INFO - [2024-05-02T23:49:13.797+0000] {dag.py:3096} INFO - Sync 1 DAGs
[2024-05-02T23:49:13.836+0000] {logging_mixin.py:188} INFO - [2024-05-02T23:49:13.836+0000] {dag.py:3954} INFO - Setting next_dagrun for example_dynamic_task_mapping to 2022-03-04 00:00:00+00:00, run_after=2022-03-05 00:00:00+00:00
[2024-05-02T23:49:13.867+0000] {processor.py:183} INFO - Processing /home/airflow/.local/lib/python3.12/site-packages/airflow/example_dags/example_dynamic_task_mapping.py took 0.125 seconds
[2024-05-02T23:49:44.219+0000] {processor.py:161} INFO - Started process (PID=1087) to work on /home/airflow/.local/lib/python3.12/site-packages/airflow/example_dags/example_dynamic_task_mapping.py
[2024-05-02T23:49:44.221+0000] {processor.py:830} INFO - Processing file /home/airflow/.local/lib/python3.12/site-packages/airflow/example_dags/example_dynamic_task_mapping.py for tasks to queue
[2024-05-02T23:49:44.222+0000] {logging_mixin.py:188} INFO - [2024-05-02T23:49:44.222+0000] {dagbag.py:540} INFO - Filling up the DagBag from /home/airflow/.local/lib/python3.12/site-packages/airflow/example_dags/example_dynamic_task_mapping.py
[2024-05-02T23:49:44.233+0000] {processor.py:840} INFO - DAG(s) 'example_dynamic_task_mapping' retrieved from /home/airflow/.local/lib/python3.12/site-packages/airflow/example_dags/example_dynamic_task_mapping.py
[2024-05-02T23:49:44.264+0000] {logging_mixin.py:188} INFO - [2024-05-02T23:49:44.264+0000] {dag.py:3096} INFO - Sync 1 DAGs
[2024-05-02T23:49:44.297+0000] {logging_mixin.py:188} INFO - [2024-05-02T23:49:44.297+0000] {dag.py:3954} INFO - Setting next_dagrun for example_dynamic_task_mapping to 2022-03-04 00:00:00+00:00, run_after=2022-03-05 00:00:00+00:00
[2024-05-02T23:49:44.324+0000] {processor.py:183} INFO - Processing /home/airflow/.local/lib/python3.12/site-packages/airflow/example_dags/example_dynamic_task_mapping.py took 0.115 seconds
[2024-05-02T23:50:15.086+0000] {processor.py:161} INFO - Started process (PID=1145) to work on /home/airflow/.local/lib/python3.12/site-packages/airflow/example_dags/example_dynamic_task_mapping.py
[2024-05-02T23:50:15.087+0000] {processor.py:830} INFO - Processing file /home/airflow/.local/lib/python3.12/site-packages/airflow/example_dags/example_dynamic_task_mapping.py for tasks to queue
[2024-05-02T23:50:15.088+0000] {logging_mixin.py:188} INFO - [2024-05-02T23:50:15.088+0000] {dagbag.py:540} INFO - Filling up the DagBag from /home/airflow/.local/lib/python3.12/site-packages/airflow/example_dags/example_dynamic_task_mapping.py
[2024-05-02T23:50:15.097+0000] {processor.py:840} INFO - DAG(s) 'example_dynamic_task_mapping' retrieved from /home/airflow/.local/lib/python3.12/site-packages/airflow/example_dags/example_dynamic_task_mapping.py
[2024-05-02T23:50:15.124+0000] {logging_mixin.py:188} INFO - [2024-05-02T23:50:15.124+0000] {dag.py:3096} INFO - Sync 1 DAGs
[2024-05-02T23:50:15.152+0000] {logging_mixin.py:188} INFO - [2024-05-02T23:50:15.151+0000] {dag.py:3954} INFO - Setting next_dagrun for example_dynamic_task_mapping to 2022-03-04 00:00:00+00:00, run_after=2022-03-05 00:00:00+00:00
[2024-05-02T23:50:15.176+0000] {processor.py:183} INFO - Processing /home/airflow/.local/lib/python3.12/site-packages/airflow/example_dags/example_dynamic_task_mapping.py took 0.098 seconds
[2024-05-02T23:50:46.120+0000] {processor.py:161} INFO - Started process (PID=1203) to work on /home/airflow/.local/lib/python3.12/site-packages/airflow/example_dags/example_dynamic_task_mapping.py
[2024-05-02T23:50:46.121+0000] {processor.py:830} INFO - Processing file /home/airflow/.local/lib/python3.12/site-packages/airflow/example_dags/example_dynamic_task_mapping.py for tasks to queue
[2024-05-02T23:50:46.123+0000] {logging_mixin.py:188} INFO - [2024-05-02T23:50:46.122+0000] {dagbag.py:540} INFO - Filling up the DagBag from /home/airflow/.local/lib/python3.12/site-packages/airflow/example_dags/example_dynamic_task_mapping.py
[2024-05-02T23:50:46.133+0000] {processor.py:840} INFO - DAG(s) 'example_dynamic_task_mapping' retrieved from /home/airflow/.local/lib/python3.12/site-packages/airflow/example_dags/example_dynamic_task_mapping.py
[2024-05-02T23:50:46.161+0000] {logging_mixin.py:188} INFO - [2024-05-02T23:50:46.160+0000] {dag.py:3096} INFO - Sync 1 DAGs
[2024-05-02T23:50:46.214+0000] {logging_mixin.py:188} INFO - [2024-05-02T23:50:46.213+0000] {dag.py:3954} INFO - Setting next_dagrun for example_dynamic_task_mapping to 2022-03-04 00:00:00+00:00, run_after=2022-03-05 00:00:00+00:00
[2024-05-02T23:50:46.253+0000] {processor.py:183} INFO - Processing /home/airflow/.local/lib/python3.12/site-packages/airflow/example_dags/example_dynamic_task_mapping.py took 0.144 seconds
[2024-05-02T23:51:16.633+0000] {processor.py:161} INFO - Started process (PID=1261) to work on /home/airflow/.local/lib/python3.12/site-packages/airflow/example_dags/example_dynamic_task_mapping.py
[2024-05-02T23:51:16.634+0000] {processor.py:830} INFO - Processing file /home/airflow/.local/lib/python3.12/site-packages/airflow/example_dags/example_dynamic_task_mapping.py for tasks to queue
[2024-05-02T23:51:16.636+0000] {logging_mixin.py:188} INFO - [2024-05-02T23:51:16.635+0000] {dagbag.py:540} INFO - Filling up the DagBag from /home/airflow/.local/lib/python3.12/site-packages/airflow/example_dags/example_dynamic_task_mapping.py
[2024-05-02T23:51:16.644+0000] {processor.py:840} INFO - DAG(s) 'example_dynamic_task_mapping' retrieved from /home/airflow/.local/lib/python3.12/site-packages/airflow/example_dags/example_dynamic_task_mapping.py
[2024-05-02T23:51:16.671+0000] {logging_mixin.py:188} INFO - [2024-05-02T23:51:16.670+0000] {dag.py:3096} INFO - Sync 1 DAGs
[2024-05-02T23:51:16.697+0000] {logging_mixin.py:188} INFO - [2024-05-02T23:51:16.697+0000] {dag.py:3954} INFO - Setting next_dagrun for example_dynamic_task_mapping to 2022-03-04 00:00:00+00:00, run_after=2022-03-05 00:00:00+00:00
[2024-05-02T23:51:16.722+0000] {processor.py:183} INFO - Processing /home/airflow/.local/lib/python3.12/site-packages/airflow/example_dags/example_dynamic_task_mapping.py took 0.097 seconds
[2024-05-02T23:51:46.858+0000] {processor.py:161} INFO - Started process (PID=1319) to work on /home/airflow/.local/lib/python3.12/site-packages/airflow/example_dags/example_dynamic_task_mapping.py
[2024-05-02T23:51:46.859+0000] {processor.py:830} INFO - Processing file /home/airflow/.local/lib/python3.12/site-packages/airflow/example_dags/example_dynamic_task_mapping.py for tasks to queue
[2024-05-02T23:51:46.860+0000] {logging_mixin.py:188} INFO - [2024-05-02T23:51:46.860+0000] {dagbag.py:540} INFO - Filling up the DagBag from /home/airflow/.local/lib/python3.12/site-packages/airflow/example_dags/example_dynamic_task_mapping.py
[2024-05-02T23:51:46.869+0000] {processor.py:840} INFO - DAG(s) 'example_dynamic_task_mapping' retrieved from /home/airflow/.local/lib/python3.12/site-packages/airflow/example_dags/example_dynamic_task_mapping.py
[2024-05-02T23:51:46.894+0000] {logging_mixin.py:188} INFO - [2024-05-02T23:51:46.894+0000] {dag.py:3096} INFO - Sync 1 DAGs
[2024-05-02T23:51:46.926+0000] {logging_mixin.py:188} INFO - [2024-05-02T23:51:46.926+0000] {dag.py:3954} INFO - Setting next_dagrun for example_dynamic_task_mapping to 2022-03-04 00:00:00+00:00, run_after=2022-03-05 00:00:00+00:00
[2024-05-02T23:51:46.952+0000] {processor.py:183} INFO - Processing /home/airflow/.local/lib/python3.12/site-packages/airflow/example_dags/example_dynamic_task_mapping.py took 0.105 seconds
[2024-05-02T23:52:17.281+0000] {processor.py:161} INFO - Started process (PID=1377) to work on /home/airflow/.local/lib/python3.12/site-packages/airflow/example_dags/example_dynamic_task_mapping.py
[2024-05-02T23:52:17.282+0000] {processor.py:830} INFO - Processing file /home/airflow/.local/lib/python3.12/site-packages/airflow/example_dags/example_dynamic_task_mapping.py for tasks to queue
[2024-05-02T23:52:17.284+0000] {logging_mixin.py:188} INFO - [2024-05-02T23:52:17.283+0000] {dagbag.py:540} INFO - Filling up the DagBag from /home/airflow/.local/lib/python3.12/site-packages/airflow/example_dags/example_dynamic_task_mapping.py
[2024-05-02T23:52:17.295+0000] {processor.py:840} INFO - DAG(s) 'example_dynamic_task_mapping' retrieved from /home/airflow/.local/lib/python3.12/site-packages/airflow/example_dags/example_dynamic_task_mapping.py
[2024-05-02T23:52:17.325+0000] {logging_mixin.py:188} INFO - [2024-05-02T23:52:17.324+0000] {dag.py:3096} INFO - Sync 1 DAGs
[2024-05-02T23:52:17.356+0000] {logging_mixin.py:188} INFO - [2024-05-02T23:52:17.356+0000] {dag.py:3954} INFO - Setting next_dagrun for example_dynamic_task_mapping to 2022-03-04 00:00:00+00:00, run_after=2022-03-05 00:00:00+00:00
[2024-05-02T23:52:17.381+0000] {processor.py:183} INFO - Processing /home/airflow/.local/lib/python3.12/site-packages/airflow/example_dags/example_dynamic_task_mapping.py took 0.107 seconds
[2024-05-02T23:52:47.729+0000] {processor.py:161} INFO - Started process (PID=1436) to work on /home/airflow/.local/lib/python3.12/site-packages/airflow/example_dags/example_dynamic_task_mapping.py
[2024-05-02T23:52:47.730+0000] {processor.py:830} INFO - Processing file /home/airflow/.local/lib/python3.12/site-packages/airflow/example_dags/example_dynamic_task_mapping.py for tasks to queue
[2024-05-02T23:52:47.732+0000] {logging_mixin.py:188} INFO - [2024-05-02T23:52:47.731+0000] {dagbag.py:540} INFO - Filling up the DagBag from /home/airflow/.local/lib/python3.12/site-packages/airflow/example_dags/example_dynamic_task_mapping.py
[2024-05-02T23:52:47.743+0000] {processor.py:840} INFO - DAG(s) 'example_dynamic_task_mapping' retrieved from /home/airflow/.local/lib/python3.12/site-packages/airflow/example_dags/example_dynamic_task_mapping.py
[2024-05-02T23:52:47.769+0000] {logging_mixin.py:188} INFO - [2024-05-02T23:52:47.769+0000] {dag.py:3096} INFO - Sync 1 DAGs
[2024-05-02T23:52:47.804+0000] {logging_mixin.py:188} INFO - [2024-05-02T23:52:47.803+0000] {dag.py:3954} INFO - Setting next_dagrun for example_dynamic_task_mapping to 2022-03-04 00:00:00+00:00, run_after=2022-03-05 00:00:00+00:00
[2024-05-02T23:52:47.831+0000] {processor.py:183} INFO - Processing /home/airflow/.local/lib/python3.12/site-packages/airflow/example_dags/example_dynamic_task_mapping.py took 0.112 seconds
[2024-05-02T23:53:18.737+0000] {processor.py:161} INFO - Started process (PID=1494) to work on /home/airflow/.local/lib/python3.12/site-packages/airflow/example_dags/example_dynamic_task_mapping.py
[2024-05-02T23:53:18.738+0000] {processor.py:830} INFO - Processing file /home/airflow/.local/lib/python3.12/site-packages/airflow/example_dags/example_dynamic_task_mapping.py for tasks to queue
[2024-05-02T23:53:18.740+0000] {logging_mixin.py:188} INFO - [2024-05-02T23:53:18.739+0000] {dagbag.py:540} INFO - Filling up the DagBag from /home/airflow/.local/lib/python3.12/site-packages/airflow/example_dags/example_dynamic_task_mapping.py
[2024-05-02T23:53:18.752+0000] {processor.py:840} INFO - DAG(s) 'example_dynamic_task_mapping' retrieved from /home/airflow/.local/lib/python3.12/site-packages/airflow/example_dags/example_dynamic_task_mapping.py
[2024-05-02T23:53:18.777+0000] {logging_mixin.py:188} INFO - [2024-05-02T23:53:18.777+0000] {dag.py:3096} INFO - Sync 1 DAGs
[2024-05-02T23:53:18.804+0000] {logging_mixin.py:188} INFO - [2024-05-02T23:53:18.804+0000] {dag.py:3954} INFO - Setting next_dagrun for example_dynamic_task_mapping to 2022-03-04 00:00:00+00:00, run_after=2022-03-05 00:00:00+00:00
[2024-05-02T23:53:18.828+0000] {processor.py:183} INFO - Processing /home/airflow/.local/lib/python3.12/site-packages/airflow/example_dags/example_dynamic_task_mapping.py took 0.100 seconds
[2024-05-02T23:53:49.737+0000] {processor.py:161} INFO - Started process (PID=1552) to work on /home/airflow/.local/lib/python3.12/site-packages/airflow/example_dags/example_dynamic_task_mapping.py
[2024-05-02T23:53:49.739+0000] {processor.py:830} INFO - Processing file /home/airflow/.local/lib/python3.12/site-packages/airflow/example_dags/example_dynamic_task_mapping.py for tasks to queue
[2024-05-02T23:53:49.741+0000] {logging_mixin.py:188} INFO - [2024-05-02T23:53:49.740+0000] {dagbag.py:540} INFO - Filling up the DagBag from /home/airflow/.local/lib/python3.12/site-packages/airflow/example_dags/example_dynamic_task_mapping.py
[2024-05-02T23:53:49.759+0000] {processor.py:840} INFO - DAG(s) 'example_dynamic_task_mapping' retrieved from /home/airflow/.local/lib/python3.12/site-packages/airflow/example_dags/example_dynamic_task_mapping.py
[2024-05-02T23:53:49.820+0000] {logging_mixin.py:188} INFO - [2024-05-02T23:53:49.819+0000] {dag.py:3096} INFO - Sync 1 DAGs
[2024-05-02T23:53:49.878+0000] {logging_mixin.py:188} INFO - [2024-05-02T23:53:49.877+0000] {dag.py:3954} INFO - Setting next_dagrun for example_dynamic_task_mapping to 2022-03-04 00:00:00+00:00, run_after=2022-03-05 00:00:00+00:00
[2024-05-02T23:53:49.927+0000] {processor.py:183} INFO - Processing /home/airflow/.local/lib/python3.12/site-packages/airflow/example_dags/example_dynamic_task_mapping.py took 0.209 seconds
[2024-05-02T23:54:20.635+0000] {processor.py:161} INFO - Started process (PID=1610) to work on /home/airflow/.local/lib/python3.12/site-packages/airflow/example_dags/example_dynamic_task_mapping.py
[2024-05-02T23:54:20.637+0000] {processor.py:830} INFO - Processing file /home/airflow/.local/lib/python3.12/site-packages/airflow/example_dags/example_dynamic_task_mapping.py for tasks to queue
[2024-05-02T23:54:20.639+0000] {logging_mixin.py:188} INFO - [2024-05-02T23:54:20.638+0000] {dagbag.py:540} INFO - Filling up the DagBag from /home/airflow/.local/lib/python3.12/site-packages/airflow/example_dags/example_dynamic_task_mapping.py
[2024-05-02T23:54:20.651+0000] {processor.py:840} INFO - DAG(s) 'example_dynamic_task_mapping' retrieved from /home/airflow/.local/lib/python3.12/site-packages/airflow/example_dags/example_dynamic_task_mapping.py
[2024-05-02T23:54:20.681+0000] {logging_mixin.py:188} INFO - [2024-05-02T23:54:20.681+0000] {dag.py:3096} INFO - Sync 1 DAGs
[2024-05-02T23:54:20.718+0000] {logging_mixin.py:188} INFO - [2024-05-02T23:54:20.718+0000] {dag.py:3954} INFO - Setting next_dagrun for example_dynamic_task_mapping to 2022-03-04 00:00:00+00:00, run_after=2022-03-05 00:00:00+00:00
[2024-05-02T23:54:20.750+0000] {processor.py:183} INFO - Processing /home/airflow/.local/lib/python3.12/site-packages/airflow/example_dags/example_dynamic_task_mapping.py took 0.125 seconds
[2024-05-02T23:54:50.880+0000] {processor.py:161} INFO - Started process (PID=1668) to work on /home/airflow/.local/lib/python3.12/site-packages/airflow/example_dags/example_dynamic_task_mapping.py
[2024-05-02T23:54:50.882+0000] {processor.py:830} INFO - Processing file /home/airflow/.local/lib/python3.12/site-packages/airflow/example_dags/example_dynamic_task_mapping.py for tasks to queue
[2024-05-02T23:54:50.889+0000] {logging_mixin.py:188} INFO - [2024-05-02T23:54:50.884+0000] {dagbag.py:540} INFO - Filling up the DagBag from /home/airflow/.local/lib/python3.12/site-packages/airflow/example_dags/example_dynamic_task_mapping.py
[2024-05-02T23:54:50.910+0000] {processor.py:840} INFO - DAG(s) 'example_dynamic_task_mapping' retrieved from /home/airflow/.local/lib/python3.12/site-packages/airflow/example_dags/example_dynamic_task_mapping.py
[2024-05-02T23:54:50.984+0000] {logging_mixin.py:188} INFO - [2024-05-02T23:54:50.984+0000] {dag.py:3096} INFO - Sync 1 DAGs
[2024-05-02T23:54:51.092+0000] {logging_mixin.py:188} INFO - [2024-05-02T23:54:51.090+0000] {dag.py:3954} INFO - Setting next_dagrun for example_dynamic_task_mapping to 2022-03-04 00:00:00+00:00, run_after=2022-03-05 00:00:00+00:00
[2024-05-02T23:54:51.169+0000] {processor.py:183} INFO - Processing /home/airflow/.local/lib/python3.12/site-packages/airflow/example_dags/example_dynamic_task_mapping.py took 0.302 seconds
[2024-05-02T23:55:21.466+0000] {processor.py:161} INFO - Started process (PID=1726) to work on /home/airflow/.local/lib/python3.12/site-packages/airflow/example_dags/example_dynamic_task_mapping.py
[2024-05-02T23:55:21.468+0000] {processor.py:830} INFO - Processing file /home/airflow/.local/lib/python3.12/site-packages/airflow/example_dags/example_dynamic_task_mapping.py for tasks to queue
[2024-05-02T23:55:21.469+0000] {logging_mixin.py:188} INFO - [2024-05-02T23:55:21.468+0000] {dagbag.py:540} INFO - Filling up the DagBag from /home/airflow/.local/lib/python3.12/site-packages/airflow/example_dags/example_dynamic_task_mapping.py
[2024-05-02T23:55:21.479+0000] {processor.py:840} INFO - DAG(s) 'example_dynamic_task_mapping' retrieved from /home/airflow/.local/lib/python3.12/site-packages/airflow/example_dags/example_dynamic_task_mapping.py
[2024-05-02T23:55:21.507+0000] {logging_mixin.py:188} INFO - [2024-05-02T23:55:21.507+0000] {dag.py:3096} INFO - Sync 1 DAGs
[2024-05-02T23:55:21.538+0000] {logging_mixin.py:188} INFO - [2024-05-02T23:55:21.537+0000] {dag.py:3954} INFO - Setting next_dagrun for example_dynamic_task_mapping to 2022-03-04 00:00:00+00:00, run_after=2022-03-05 00:00:00+00:00
[2024-05-02T23:55:21.566+0000] {processor.py:183} INFO - Processing /home/airflow/.local/lib/python3.12/site-packages/airflow/example_dags/example_dynamic_task_mapping.py took 0.109 seconds
[2024-05-02T23:55:51.658+0000] {processor.py:161} INFO - Started process (PID=1783) to work on /home/airflow/.local/lib/python3.12/site-packages/airflow/example_dags/example_dynamic_task_mapping.py
[2024-05-02T23:55:51.659+0000] {processor.py:830} INFO - Processing file /home/airflow/.local/lib/python3.12/site-packages/airflow/example_dags/example_dynamic_task_mapping.py for tasks to queue
[2024-05-02T23:55:51.660+0000] {logging_mixin.py:188} INFO - [2024-05-02T23:55:51.660+0000] {dagbag.py:540} INFO - Filling up the DagBag from /home/airflow/.local/lib/python3.12/site-packages/airflow/example_dags/example_dynamic_task_mapping.py
[2024-05-02T23:55:51.670+0000] {processor.py:840} INFO - DAG(s) 'example_dynamic_task_mapping' retrieved from /home/airflow/.local/lib/python3.12/site-packages/airflow/example_dags/example_dynamic_task_mapping.py
[2024-05-02T23:55:51.697+0000] {logging_mixin.py:188} INFO - [2024-05-02T23:55:51.696+0000] {dag.py:3096} INFO - Sync 1 DAGs
[2024-05-02T23:55:51.725+0000] {logging_mixin.py:188} INFO - [2024-05-02T23:55:51.725+0000] {dag.py:3954} INFO - Setting next_dagrun for example_dynamic_task_mapping to 2022-03-04 00:00:00+00:00, run_after=2022-03-05 00:00:00+00:00
[2024-05-02T23:55:51.752+0000] {processor.py:183} INFO - Processing /home/airflow/.local/lib/python3.12/site-packages/airflow/example_dags/example_dynamic_task_mapping.py took 0.106 seconds
[2024-05-02T23:56:22.027+0000] {processor.py:161} INFO - Started process (PID=1840) to work on /home/airflow/.local/lib/python3.12/site-packages/airflow/example_dags/example_dynamic_task_mapping.py
[2024-05-02T23:56:22.029+0000] {processor.py:830} INFO - Processing file /home/airflow/.local/lib/python3.12/site-packages/airflow/example_dags/example_dynamic_task_mapping.py for tasks to queue
[2024-05-02T23:56:22.030+0000] {logging_mixin.py:188} INFO - [2024-05-02T23:56:22.029+0000] {dagbag.py:540} INFO - Filling up the DagBag from /home/airflow/.local/lib/python3.12/site-packages/airflow/example_dags/example_dynamic_task_mapping.py
[2024-05-02T23:56:22.040+0000] {processor.py:840} INFO - DAG(s) 'example_dynamic_task_mapping' retrieved from /home/airflow/.local/lib/python3.12/site-packages/airflow/example_dags/example_dynamic_task_mapping.py
[2024-05-02T23:56:22.070+0000] {logging_mixin.py:188} INFO - [2024-05-02T23:56:22.070+0000] {dag.py:3096} INFO - Sync 1 DAGs
[2024-05-02T23:56:22.099+0000] {logging_mixin.py:188} INFO - [2024-05-02T23:56:22.099+0000] {dag.py:3954} INFO - Setting next_dagrun for example_dynamic_task_mapping to 2022-03-04 00:00:00+00:00, run_after=2022-03-05 00:00:00+00:00
[2024-05-02T23:56:22.126+0000] {processor.py:183} INFO - Processing /home/airflow/.local/lib/python3.12/site-packages/airflow/example_dags/example_dynamic_task_mapping.py took 0.108 seconds
[2024-05-02T23:56:52.901+0000] {processor.py:161} INFO - Started process (PID=1898) to work on /home/airflow/.local/lib/python3.12/site-packages/airflow/example_dags/example_dynamic_task_mapping.py
[2024-05-02T23:56:52.902+0000] {processor.py:830} INFO - Processing file /home/airflow/.local/lib/python3.12/site-packages/airflow/example_dags/example_dynamic_task_mapping.py for tasks to queue
[2024-05-02T23:56:52.903+0000] {logging_mixin.py:188} INFO - [2024-05-02T23:56:52.903+0000] {dagbag.py:540} INFO - Filling up the DagBag from /home/airflow/.local/lib/python3.12/site-packages/airflow/example_dags/example_dynamic_task_mapping.py
[2024-05-02T23:56:52.913+0000] {processor.py:840} INFO - DAG(s) 'example_dynamic_task_mapping' retrieved from /home/airflow/.local/lib/python3.12/site-packages/airflow/example_dags/example_dynamic_task_mapping.py
[2024-05-02T23:56:52.939+0000] {logging_mixin.py:188} INFO - [2024-05-02T23:56:52.939+0000] {dag.py:3096} INFO - Sync 1 DAGs
[2024-05-02T23:56:52.966+0000] {logging_mixin.py:188} INFO - [2024-05-02T23:56:52.965+0000] {dag.py:3954} INFO - Setting next_dagrun for example_dynamic_task_mapping to 2022-03-04 00:00:00+00:00, run_after=2022-03-05 00:00:00+00:00
[2024-05-02T23:56:52.987+0000] {processor.py:183} INFO - Processing /home/airflow/.local/lib/python3.12/site-packages/airflow/example_dags/example_dynamic_task_mapping.py took 0.094 seconds
