[2024-05-02T05:54:28.858+0000] {processor.py:161} INFO - Started process (PID=82) to work on /home/airflow/.local/lib/python3.12/site-packages/airflow/example_dags/example_task_group.py
[2024-05-02T05:54:28.863+0000] {processor.py:830} INFO - Processing file /home/airflow/.local/lib/python3.12/site-packages/airflow/example_dags/example_task_group.py for tasks to queue
[2024-05-02T05:54:28.868+0000] {logging_mixin.py:188} INFO - [2024-05-02T05:54:28.867+0000] {dagbag.py:540} INFO - Filling up the DagBag from /home/airflow/.local/lib/python3.12/site-packages/airflow/example_dags/example_task_group.py
[2024-05-02T05:54:28.888+0000] {processor.py:840} INFO - DAG(s) 'example_task_group' retrieved from /home/airflow/.local/lib/python3.12/site-packages/airflow/example_dags/example_task_group.py
[2024-05-02T05:54:29.139+0000] {logging_mixin.py:188} INFO - [2024-05-02T05:54:29.138+0000] {dag.py:3096} INFO - Sync 1 DAGs
[2024-05-02T05:54:29.178+0000] {logging_mixin.py:188} INFO - [2024-05-02T05:54:29.178+0000] {dag.py:3954} INFO - Setting next_dagrun for example_task_group to 2024-05-01 00:00:00+00:00, run_after=2024-05-02 00:00:00+00:00
[2024-05-02T05:54:29.224+0000] {processor.py:183} INFO - Processing /home/airflow/.local/lib/python3.12/site-packages/airflow/example_dags/example_task_group.py took 0.382 seconds
[2024-05-02T05:55:00.890+0000] {processor.py:161} INFO - Started process (PID=140) to work on /home/airflow/.local/lib/python3.12/site-packages/airflow/example_dags/example_task_group.py
[2024-05-02T05:55:00.893+0000] {processor.py:830} INFO - Processing file /home/airflow/.local/lib/python3.12/site-packages/airflow/example_dags/example_task_group.py for tasks to queue
[2024-05-02T05:55:00.902+0000] {logging_mixin.py:188} INFO - [2024-05-02T05:55:00.901+0000] {dagbag.py:540} INFO - Filling up the DagBag from /home/airflow/.local/lib/python3.12/site-packages/airflow/example_dags/example_task_group.py
[2024-05-02T05:55:00.930+0000] {processor.py:840} INFO - DAG(s) 'example_task_group' retrieved from /home/airflow/.local/lib/python3.12/site-packages/airflow/example_dags/example_task_group.py
[2024-05-02T05:55:01.085+0000] {logging_mixin.py:188} INFO - [2024-05-02T05:55:01.084+0000] {dag.py:3096} INFO - Sync 1 DAGs
[2024-05-02T05:55:01.158+0000] {logging_mixin.py:188} INFO - [2024-05-02T05:55:01.157+0000] {dag.py:3954} INFO - Setting next_dagrun for example_task_group to 2024-05-01 00:00:00+00:00, run_after=2024-05-02 00:00:00+00:00
[2024-05-02T05:55:01.215+0000] {processor.py:183} INFO - Processing /home/airflow/.local/lib/python3.12/site-packages/airflow/example_dags/example_task_group.py took 0.351 seconds
[2024-05-02T05:55:31.927+0000] {processor.py:161} INFO - Started process (PID=198) to work on /home/airflow/.local/lib/python3.12/site-packages/airflow/example_dags/example_task_group.py
[2024-05-02T05:55:31.943+0000] {processor.py:830} INFO - Processing file /home/airflow/.local/lib/python3.12/site-packages/airflow/example_dags/example_task_group.py for tasks to queue
[2024-05-02T05:55:31.962+0000] {logging_mixin.py:188} INFO - [2024-05-02T05:55:31.961+0000] {dagbag.py:540} INFO - Filling up the DagBag from /home/airflow/.local/lib/python3.12/site-packages/airflow/example_dags/example_task_group.py
[2024-05-02T05:55:32.028+0000] {processor.py:840} INFO - DAG(s) 'example_task_group' retrieved from /home/airflow/.local/lib/python3.12/site-packages/airflow/example_dags/example_task_group.py
[2024-05-02T05:55:32.163+0000] {logging_mixin.py:188} INFO - [2024-05-02T05:55:32.160+0000] {dag.py:3096} INFO - Sync 1 DAGs
[2024-05-02T05:55:32.308+0000] {logging_mixin.py:188} INFO - [2024-05-02T05:55:32.308+0000] {dag.py:3954} INFO - Setting next_dagrun for example_task_group to 2024-05-01 00:00:00+00:00, run_after=2024-05-02 00:00:00+00:00
[2024-05-02T05:55:32.438+0000] {processor.py:183} INFO - Processing /home/airflow/.local/lib/python3.12/site-packages/airflow/example_dags/example_task_group.py took 0.554 seconds
[2024-05-02T05:57:20.096+0000] {processor.py:161} INFO - Started process (PID=292) to work on /home/airflow/.local/lib/python3.12/site-packages/airflow/example_dags/example_task_group.py
[2024-05-02T05:57:20.128+0000] {processor.py:830} INFO - Processing file /home/airflow/.local/lib/python3.12/site-packages/airflow/example_dags/example_task_group.py for tasks to queue
[2024-05-02T05:57:20.225+0000] {logging_mixin.py:188} INFO - [2024-05-02T05:57:20.224+0000] {dagbag.py:540} INFO - Filling up the DagBag from /home/airflow/.local/lib/python3.12/site-packages/airflow/example_dags/example_task_group.py
[2024-05-02T05:57:20.353+0000] {processor.py:840} INFO - DAG(s) 'example_task_group' retrieved from /home/airflow/.local/lib/python3.12/site-packages/airflow/example_dags/example_task_group.py
[2024-05-02T05:57:21.143+0000] {logging_mixin.py:188} INFO - [2024-05-02T05:57:21.143+0000] {dag.py:3096} INFO - Sync 1 DAGs
[2024-05-02T05:57:22.137+0000] {logging_mixin.py:188} INFO - [2024-05-02T05:57:22.136+0000] {dag.py:3954} INFO - Setting next_dagrun for example_task_group to 2024-05-01 00:00:00+00:00, run_after=2024-05-02 00:00:00+00:00
[2024-05-02T05:57:23.117+0000] {processor.py:183} INFO - Processing /home/airflow/.local/lib/python3.12/site-packages/airflow/example_dags/example_task_group.py took 3.186 seconds
[2024-05-02T23:42:48.105+0000] {processor.py:161} INFO - Started process (PID=373) to work on /home/airflow/.local/lib/python3.12/site-packages/airflow/example_dags/example_task_group.py
[2024-05-02T23:42:48.129+0000] {processor.py:830} INFO - Processing file /home/airflow/.local/lib/python3.12/site-packages/airflow/example_dags/example_task_group.py for tasks to queue
[2024-05-02T23:42:48.133+0000] {logging_mixin.py:188} INFO - [2024-05-02T23:42:48.132+0000] {dagbag.py:540} INFO - Filling up the DagBag from /home/airflow/.local/lib/python3.12/site-packages/airflow/example_dags/example_task_group.py
[2024-05-02T23:42:48.175+0000] {processor.py:840} INFO - DAG(s) 'example_task_group' retrieved from /home/airflow/.local/lib/python3.12/site-packages/airflow/example_dags/example_task_group.py
[2024-05-02T23:42:48.342+0000] {logging_mixin.py:188} INFO - [2024-05-02T23:42:48.342+0000] {dag.py:3096} INFO - Sync 1 DAGs
[2024-05-02T23:42:48.515+0000] {logging_mixin.py:188} INFO - [2024-05-02T23:42:48.512+0000] {dag.py:3954} INFO - Setting next_dagrun for example_task_group to 2024-05-01 00:00:00+00:00, run_after=2024-05-02 00:00:00+00:00
[2024-05-02T23:42:48.817+0000] {processor.py:183} INFO - Processing /home/airflow/.local/lib/python3.12/site-packages/airflow/example_dags/example_task_group.py took 0.726 seconds
[2024-05-02T23:43:21.651+0000] {processor.py:161} INFO - Started process (PID=432) to work on /home/airflow/.local/lib/python3.12/site-packages/airflow/example_dags/example_task_group.py
[2024-05-02T23:43:21.658+0000] {processor.py:830} INFO - Processing file /home/airflow/.local/lib/python3.12/site-packages/airflow/example_dags/example_task_group.py for tasks to queue
[2024-05-02T23:43:21.661+0000] {logging_mixin.py:188} INFO - [2024-05-02T23:43:21.660+0000] {dagbag.py:540} INFO - Filling up the DagBag from /home/airflow/.local/lib/python3.12/site-packages/airflow/example_dags/example_task_group.py
[2024-05-02T23:43:21.700+0000] {processor.py:840} INFO - DAG(s) 'example_task_group' retrieved from /home/airflow/.local/lib/python3.12/site-packages/airflow/example_dags/example_task_group.py
[2024-05-02T23:43:21.743+0000] {logging_mixin.py:188} INFO - [2024-05-02T23:43:21.743+0000] {dag.py:3096} INFO - Sync 1 DAGs
[2024-05-02T23:43:21.941+0000] {logging_mixin.py:188} INFO - [2024-05-02T23:43:21.940+0000] {dag.py:3954} INFO - Setting next_dagrun for example_task_group to 2024-05-01 00:00:00+00:00, run_after=2024-05-02 00:00:00+00:00
[2024-05-02T23:43:22.125+0000] {processor.py:183} INFO - Processing /home/airflow/.local/lib/python3.12/site-packages/airflow/example_dags/example_task_group.py took 0.521 seconds
[2024-05-02T23:44:24.365+0000] {processor.py:161} INFO - Started process (PID=491) to work on /home/airflow/.local/lib/python3.12/site-packages/airflow/example_dags/example_task_group.py
[2024-05-02T23:44:24.377+0000] {processor.py:830} INFO - Processing file /home/airflow/.local/lib/python3.12/site-packages/airflow/example_dags/example_task_group.py for tasks to queue
[2024-05-02T23:44:24.379+0000] {logging_mixin.py:188} INFO - [2024-05-02T23:44:24.378+0000] {dagbag.py:540} INFO - Filling up the DagBag from /home/airflow/.local/lib/python3.12/site-packages/airflow/example_dags/example_task_group.py
[2024-05-02T23:44:24.395+0000] {processor.py:840} INFO - DAG(s) 'example_task_group' retrieved from /home/airflow/.local/lib/python3.12/site-packages/airflow/example_dags/example_task_group.py
[2024-05-02T23:44:24.587+0000] {logging_mixin.py:188} INFO - [2024-05-02T23:44:24.586+0000] {dag.py:3096} INFO - Sync 1 DAGs
[2024-05-02T23:44:24.696+0000] {logging_mixin.py:188} INFO - [2024-05-02T23:44:24.696+0000] {dag.py:3954} INFO - Setting next_dagrun for example_task_group to 2024-05-01 00:00:00+00:00, run_after=2024-05-02 00:00:00+00:00
[2024-05-02T23:44:24.732+0000] {processor.py:183} INFO - Processing /home/airflow/.local/lib/python3.12/site-packages/airflow/example_dags/example_task_group.py took 0.379 seconds
[2024-05-02T23:44:54.987+0000] {processor.py:161} INFO - Started process (PID=549) to work on /home/airflow/.local/lib/python3.12/site-packages/airflow/example_dags/example_task_group.py
[2024-05-02T23:44:54.989+0000] {processor.py:830} INFO - Processing file /home/airflow/.local/lib/python3.12/site-packages/airflow/example_dags/example_task_group.py for tasks to queue
[2024-05-02T23:44:54.991+0000] {logging_mixin.py:188} INFO - [2024-05-02T23:44:54.990+0000] {dagbag.py:540} INFO - Filling up the DagBag from /home/airflow/.local/lib/python3.12/site-packages/airflow/example_dags/example_task_group.py
[2024-05-02T23:44:55.004+0000] {processor.py:840} INFO - DAG(s) 'example_task_group' retrieved from /home/airflow/.local/lib/python3.12/site-packages/airflow/example_dags/example_task_group.py
[2024-05-02T23:44:55.037+0000] {logging_mixin.py:188} INFO - [2024-05-02T23:44:55.037+0000] {dag.py:3096} INFO - Sync 1 DAGs
[2024-05-02T23:44:55.077+0000] {logging_mixin.py:188} INFO - [2024-05-02T23:44:55.077+0000] {dag.py:3954} INFO - Setting next_dagrun for example_task_group to 2024-05-01 00:00:00+00:00, run_after=2024-05-02 00:00:00+00:00
[2024-05-02T23:44:55.112+0000] {processor.py:183} INFO - Processing /home/airflow/.local/lib/python3.12/site-packages/airflow/example_dags/example_task_group.py took 0.132 seconds
[2024-05-02T23:45:27.754+0000] {processor.py:161} INFO - Started process (PID=613) to work on /home/airflow/.local/lib/python3.12/site-packages/airflow/example_dags/example_task_group.py
[2024-05-02T23:45:27.756+0000] {processor.py:830} INFO - Processing file /home/airflow/.local/lib/python3.12/site-packages/airflow/example_dags/example_task_group.py for tasks to queue
[2024-05-02T23:45:27.760+0000] {logging_mixin.py:188} INFO - [2024-05-02T23:45:27.759+0000] {dagbag.py:540} INFO - Filling up the DagBag from /home/airflow/.local/lib/python3.12/site-packages/airflow/example_dags/example_task_group.py
[2024-05-02T23:45:27.781+0000] {processor.py:840} INFO - DAG(s) 'example_task_group' retrieved from /home/airflow/.local/lib/python3.12/site-packages/airflow/example_dags/example_task_group.py
[2024-05-02T23:45:27.825+0000] {logging_mixin.py:188} INFO - [2024-05-02T23:45:27.824+0000] {dag.py:3096} INFO - Sync 1 DAGs
[2024-05-02T23:45:27.884+0000] {logging_mixin.py:188} INFO - [2024-05-02T23:45:27.883+0000] {dag.py:3954} INFO - Setting next_dagrun for example_task_group to 2024-05-01 00:00:00+00:00, run_after=2024-05-02 00:00:00+00:00
[2024-05-02T23:45:27.929+0000] {processor.py:183} INFO - Processing /home/airflow/.local/lib/python3.12/site-packages/airflow/example_dags/example_task_group.py took 0.190 seconds
[2024-05-02T23:45:58.240+0000] {processor.py:161} INFO - Started process (PID=671) to work on /home/airflow/.local/lib/python3.12/site-packages/airflow/example_dags/example_task_group.py
[2024-05-02T23:45:58.241+0000] {processor.py:830} INFO - Processing file /home/airflow/.local/lib/python3.12/site-packages/airflow/example_dags/example_task_group.py for tasks to queue
[2024-05-02T23:45:58.242+0000] {logging_mixin.py:188} INFO - [2024-05-02T23:45:58.242+0000] {dagbag.py:540} INFO - Filling up the DagBag from /home/airflow/.local/lib/python3.12/site-packages/airflow/example_dags/example_task_group.py
[2024-05-02T23:45:58.258+0000] {processor.py:840} INFO - DAG(s) 'example_task_group' retrieved from /home/airflow/.local/lib/python3.12/site-packages/airflow/example_dags/example_task_group.py
[2024-05-02T23:45:58.302+0000] {logging_mixin.py:188} INFO - [2024-05-02T23:45:58.302+0000] {dag.py:3096} INFO - Sync 1 DAGs
[2024-05-02T23:45:58.339+0000] {logging_mixin.py:188} INFO - [2024-05-02T23:45:58.339+0000] {dag.py:3954} INFO - Setting next_dagrun for example_task_group to 2024-05-01 00:00:00+00:00, run_after=2024-05-02 00:00:00+00:00
[2024-05-02T23:45:58.380+0000] {processor.py:183} INFO - Processing /home/airflow/.local/lib/python3.12/site-packages/airflow/example_dags/example_task_group.py took 0.148 seconds
[2024-05-02T23:46:28.497+0000] {processor.py:161} INFO - Started process (PID=729) to work on /home/airflow/.local/lib/python3.12/site-packages/airflow/example_dags/example_task_group.py
[2024-05-02T23:46:28.499+0000] {processor.py:830} INFO - Processing file /home/airflow/.local/lib/python3.12/site-packages/airflow/example_dags/example_task_group.py for tasks to queue
[2024-05-02T23:46:28.500+0000] {logging_mixin.py:188} INFO - [2024-05-02T23:46:28.500+0000] {dagbag.py:540} INFO - Filling up the DagBag from /home/airflow/.local/lib/python3.12/site-packages/airflow/example_dags/example_task_group.py
[2024-05-02T23:46:28.512+0000] {processor.py:840} INFO - DAG(s) 'example_task_group' retrieved from /home/airflow/.local/lib/python3.12/site-packages/airflow/example_dags/example_task_group.py
[2024-05-02T23:46:28.543+0000] {logging_mixin.py:188} INFO - [2024-05-02T23:46:28.543+0000] {dag.py:3096} INFO - Sync 1 DAGs
[2024-05-02T23:46:28.578+0000] {logging_mixin.py:188} INFO - [2024-05-02T23:46:28.578+0000] {dag.py:3954} INFO - Setting next_dagrun for example_task_group to 2024-05-01 00:00:00+00:00, run_after=2024-05-02 00:00:00+00:00
[2024-05-02T23:46:28.609+0000] {processor.py:183} INFO - Processing /home/airflow/.local/lib/python3.12/site-packages/airflow/example_dags/example_task_group.py took 0.122 seconds
[2024-05-02T23:46:59.491+0000] {processor.py:161} INFO - Started process (PID=787) to work on /home/airflow/.local/lib/python3.12/site-packages/airflow/example_dags/example_task_group.py
[2024-05-02T23:46:59.493+0000] {processor.py:830} INFO - Processing file /home/airflow/.local/lib/python3.12/site-packages/airflow/example_dags/example_task_group.py for tasks to queue
[2024-05-02T23:46:59.494+0000] {logging_mixin.py:188} INFO - [2024-05-02T23:46:59.494+0000] {dagbag.py:540} INFO - Filling up the DagBag from /home/airflow/.local/lib/python3.12/site-packages/airflow/example_dags/example_task_group.py
[2024-05-02T23:46:59.504+0000] {processor.py:840} INFO - DAG(s) 'example_task_group' retrieved from /home/airflow/.local/lib/python3.12/site-packages/airflow/example_dags/example_task_group.py
[2024-05-02T23:46:59.538+0000] {logging_mixin.py:188} INFO - [2024-05-02T23:46:59.538+0000] {dag.py:3096} INFO - Sync 1 DAGs
[2024-05-02T23:46:59.566+0000] {logging_mixin.py:188} INFO - [2024-05-02T23:46:59.566+0000] {dag.py:3954} INFO - Setting next_dagrun for example_task_group to 2024-05-01 00:00:00+00:00, run_after=2024-05-02 00:00:00+00:00
[2024-05-02T23:46:59.590+0000] {processor.py:183} INFO - Processing /home/airflow/.local/lib/python3.12/site-packages/airflow/example_dags/example_task_group.py took 0.106 seconds
[2024-05-02T23:47:29.932+0000] {processor.py:161} INFO - Started process (PID=845) to work on /home/airflow/.local/lib/python3.12/site-packages/airflow/example_dags/example_task_group.py
[2024-05-02T23:47:29.933+0000] {processor.py:830} INFO - Processing file /home/airflow/.local/lib/python3.12/site-packages/airflow/example_dags/example_task_group.py for tasks to queue
[2024-05-02T23:47:29.934+0000] {logging_mixin.py:188} INFO - [2024-05-02T23:47:29.934+0000] {dagbag.py:540} INFO - Filling up the DagBag from /home/airflow/.local/lib/python3.12/site-packages/airflow/example_dags/example_task_group.py
[2024-05-02T23:47:29.944+0000] {processor.py:840} INFO - DAG(s) 'example_task_group' retrieved from /home/airflow/.local/lib/python3.12/site-packages/airflow/example_dags/example_task_group.py
[2024-05-02T23:47:29.972+0000] {logging_mixin.py:188} INFO - [2024-05-02T23:47:29.971+0000] {dag.py:3096} INFO - Sync 1 DAGs
[2024-05-02T23:47:30.004+0000] {logging_mixin.py:188} INFO - [2024-05-02T23:47:30.004+0000] {dag.py:3954} INFO - Setting next_dagrun for example_task_group to 2024-05-01 00:00:00+00:00, run_after=2024-05-02 00:00:00+00:00
[2024-05-02T23:47:30.034+0000] {processor.py:183} INFO - Processing /home/airflow/.local/lib/python3.12/site-packages/airflow/example_dags/example_task_group.py took 0.113 seconds
[2024-05-02T23:48:00.171+0000] {processor.py:161} INFO - Started process (PID=902) to work on /home/airflow/.local/lib/python3.12/site-packages/airflow/example_dags/example_task_group.py
[2024-05-02T23:48:00.172+0000] {processor.py:830} INFO - Processing file /home/airflow/.local/lib/python3.12/site-packages/airflow/example_dags/example_task_group.py for tasks to queue
[2024-05-02T23:48:00.173+0000] {logging_mixin.py:188} INFO - [2024-05-02T23:48:00.173+0000] {dagbag.py:540} INFO - Filling up the DagBag from /home/airflow/.local/lib/python3.12/site-packages/airflow/example_dags/example_task_group.py
[2024-05-02T23:48:00.183+0000] {processor.py:840} INFO - DAG(s) 'example_task_group' retrieved from /home/airflow/.local/lib/python3.12/site-packages/airflow/example_dags/example_task_group.py
[2024-05-02T23:48:00.215+0000] {logging_mixin.py:188} INFO - [2024-05-02T23:48:00.214+0000] {dag.py:3096} INFO - Sync 1 DAGs
[2024-05-02T23:48:00.249+0000] {logging_mixin.py:188} INFO - [2024-05-02T23:48:00.248+0000] {dag.py:3954} INFO - Setting next_dagrun for example_task_group to 2024-05-01 00:00:00+00:00, run_after=2024-05-02 00:00:00+00:00
[2024-05-02T23:48:00.278+0000] {processor.py:183} INFO - Processing /home/airflow/.local/lib/python3.12/site-packages/airflow/example_dags/example_task_group.py took 0.114 seconds
[2024-05-02T23:48:30.498+0000] {processor.py:161} INFO - Started process (PID=960) to work on /home/airflow/.local/lib/python3.12/site-packages/airflow/example_dags/example_task_group.py
[2024-05-02T23:48:30.500+0000] {processor.py:830} INFO - Processing file /home/airflow/.local/lib/python3.12/site-packages/airflow/example_dags/example_task_group.py for tasks to queue
[2024-05-02T23:48:30.501+0000] {logging_mixin.py:188} INFO - [2024-05-02T23:48:30.500+0000] {dagbag.py:540} INFO - Filling up the DagBag from /home/airflow/.local/lib/python3.12/site-packages/airflow/example_dags/example_task_group.py
[2024-05-02T23:48:30.511+0000] {processor.py:840} INFO - DAG(s) 'example_task_group' retrieved from /home/airflow/.local/lib/python3.12/site-packages/airflow/example_dags/example_task_group.py
[2024-05-02T23:48:30.538+0000] {logging_mixin.py:188} INFO - [2024-05-02T23:48:30.538+0000] {dag.py:3096} INFO - Sync 1 DAGs
[2024-05-02T23:48:30.568+0000] {logging_mixin.py:188} INFO - [2024-05-02T23:48:30.568+0000] {dag.py:3954} INFO - Setting next_dagrun for example_task_group to 2024-05-01 00:00:00+00:00, run_after=2024-05-02 00:00:00+00:00
[2024-05-02T23:48:30.595+0000] {processor.py:183} INFO - Processing /home/airflow/.local/lib/python3.12/site-packages/airflow/example_dags/example_task_group.py took 0.103 seconds
[2024-05-02T23:49:00.981+0000] {processor.py:161} INFO - Started process (PID=1018) to work on /home/airflow/.local/lib/python3.12/site-packages/airflow/example_dags/example_task_group.py
[2024-05-02T23:49:00.982+0000] {processor.py:830} INFO - Processing file /home/airflow/.local/lib/python3.12/site-packages/airflow/example_dags/example_task_group.py for tasks to queue
[2024-05-02T23:49:00.983+0000] {logging_mixin.py:188} INFO - [2024-05-02T23:49:00.983+0000] {dagbag.py:540} INFO - Filling up the DagBag from /home/airflow/.local/lib/python3.12/site-packages/airflow/example_dags/example_task_group.py
[2024-05-02T23:49:00.993+0000] {processor.py:840} INFO - DAG(s) 'example_task_group' retrieved from /home/airflow/.local/lib/python3.12/site-packages/airflow/example_dags/example_task_group.py
[2024-05-02T23:49:01.022+0000] {logging_mixin.py:188} INFO - [2024-05-02T23:49:01.022+0000] {dag.py:3096} INFO - Sync 1 DAGs
[2024-05-02T23:49:01.057+0000] {logging_mixin.py:188} INFO - [2024-05-02T23:49:01.056+0000] {dag.py:3954} INFO - Setting next_dagrun for example_task_group to 2024-05-01 00:00:00+00:00, run_after=2024-05-02 00:00:00+00:00
[2024-05-02T23:49:01.088+0000] {processor.py:183} INFO - Processing /home/airflow/.local/lib/python3.12/site-packages/airflow/example_dags/example_task_group.py took 0.114 seconds
[2024-05-02T23:49:32.490+0000] {processor.py:161} INFO - Started process (PID=1075) to work on /home/airflow/.local/lib/python3.12/site-packages/airflow/example_dags/example_task_group.py
[2024-05-02T23:49:32.491+0000] {processor.py:830} INFO - Processing file /home/airflow/.local/lib/python3.12/site-packages/airflow/example_dags/example_task_group.py for tasks to queue
[2024-05-02T23:49:32.492+0000] {logging_mixin.py:188} INFO - [2024-05-02T23:49:32.492+0000] {dagbag.py:540} INFO - Filling up the DagBag from /home/airflow/.local/lib/python3.12/site-packages/airflow/example_dags/example_task_group.py
[2024-05-02T23:49:32.504+0000] {processor.py:840} INFO - DAG(s) 'example_task_group' retrieved from /home/airflow/.local/lib/python3.12/site-packages/airflow/example_dags/example_task_group.py
[2024-05-02T23:49:32.736+0000] {logging_mixin.py:188} INFO - [2024-05-02T23:49:32.736+0000] {dag.py:3096} INFO - Sync 1 DAGs
[2024-05-02T23:49:32.768+0000] {logging_mixin.py:188} INFO - [2024-05-02T23:49:32.767+0000] {dag.py:3954} INFO - Setting next_dagrun for example_task_group to 2024-05-01 00:00:00+00:00, run_after=2024-05-02 00:00:00+00:00
[2024-05-02T23:49:32.795+0000] {processor.py:183} INFO - Processing /home/airflow/.local/lib/python3.12/site-packages/airflow/example_dags/example_task_group.py took 0.313 seconds
[2024-05-02T23:50:03.017+0000] {processor.py:161} INFO - Started process (PID=1133) to work on /home/airflow/.local/lib/python3.12/site-packages/airflow/example_dags/example_task_group.py
[2024-05-02T23:50:03.018+0000] {processor.py:830} INFO - Processing file /home/airflow/.local/lib/python3.12/site-packages/airflow/example_dags/example_task_group.py for tasks to queue
[2024-05-02T23:50:03.020+0000] {logging_mixin.py:188} INFO - [2024-05-02T23:50:03.019+0000] {dagbag.py:540} INFO - Filling up the DagBag from /home/airflow/.local/lib/python3.12/site-packages/airflow/example_dags/example_task_group.py
[2024-05-02T23:50:03.032+0000] {processor.py:840} INFO - DAG(s) 'example_task_group' retrieved from /home/airflow/.local/lib/python3.12/site-packages/airflow/example_dags/example_task_group.py
[2024-05-02T23:50:03.066+0000] {logging_mixin.py:188} INFO - [2024-05-02T23:50:03.066+0000] {dag.py:3096} INFO - Sync 1 DAGs
[2024-05-02T23:50:03.103+0000] {logging_mixin.py:188} INFO - [2024-05-02T23:50:03.103+0000] {dag.py:3954} INFO - Setting next_dagrun for example_task_group to 2024-05-01 00:00:00+00:00, run_after=2024-05-02 00:00:00+00:00
[2024-05-02T23:50:03.135+0000] {processor.py:183} INFO - Processing /home/airflow/.local/lib/python3.12/site-packages/airflow/example_dags/example_task_group.py took 0.126 seconds
[2024-05-02T23:50:33.181+0000] {processor.py:161} INFO - Started process (PID=1191) to work on /home/airflow/.local/lib/python3.12/site-packages/airflow/example_dags/example_task_group.py
[2024-05-02T23:50:33.182+0000] {processor.py:830} INFO - Processing file /home/airflow/.local/lib/python3.12/site-packages/airflow/example_dags/example_task_group.py for tasks to queue
[2024-05-02T23:50:33.183+0000] {logging_mixin.py:188} INFO - [2024-05-02T23:50:33.182+0000] {dagbag.py:540} INFO - Filling up the DagBag from /home/airflow/.local/lib/python3.12/site-packages/airflow/example_dags/example_task_group.py
[2024-05-02T23:50:33.193+0000] {processor.py:840} INFO - DAG(s) 'example_task_group' retrieved from /home/airflow/.local/lib/python3.12/site-packages/airflow/example_dags/example_task_group.py
[2024-05-02T23:50:33.218+0000] {logging_mixin.py:188} INFO - [2024-05-02T23:50:33.218+0000] {dag.py:3096} INFO - Sync 1 DAGs
[2024-05-02T23:50:33.248+0000] {logging_mixin.py:188} INFO - [2024-05-02T23:50:33.247+0000] {dag.py:3954} INFO - Setting next_dagrun for example_task_group to 2024-05-01 00:00:00+00:00, run_after=2024-05-02 00:00:00+00:00
[2024-05-02T23:50:33.275+0000] {processor.py:183} INFO - Processing /home/airflow/.local/lib/python3.12/site-packages/airflow/example_dags/example_task_group.py took 0.101 seconds
[2024-05-02T23:51:03.626+0000] {processor.py:161} INFO - Started process (PID=1249) to work on /home/airflow/.local/lib/python3.12/site-packages/airflow/example_dags/example_task_group.py
[2024-05-02T23:51:03.628+0000] {processor.py:830} INFO - Processing file /home/airflow/.local/lib/python3.12/site-packages/airflow/example_dags/example_task_group.py for tasks to queue
[2024-05-02T23:51:03.629+0000] {logging_mixin.py:188} INFO - [2024-05-02T23:51:03.629+0000] {dagbag.py:540} INFO - Filling up the DagBag from /home/airflow/.local/lib/python3.12/site-packages/airflow/example_dags/example_task_group.py
[2024-05-02T23:51:03.640+0000] {processor.py:840} INFO - DAG(s) 'example_task_group' retrieved from /home/airflow/.local/lib/python3.12/site-packages/airflow/example_dags/example_task_group.py
[2024-05-02T23:51:03.682+0000] {logging_mixin.py:188} INFO - [2024-05-02T23:51:03.682+0000] {dag.py:3096} INFO - Sync 1 DAGs
[2024-05-02T23:51:03.724+0000] {logging_mixin.py:188} INFO - [2024-05-02T23:51:03.724+0000] {dag.py:3954} INFO - Setting next_dagrun for example_task_group to 2024-05-01 00:00:00+00:00, run_after=2024-05-02 00:00:00+00:00
[2024-05-02T23:51:03.759+0000] {processor.py:183} INFO - Processing /home/airflow/.local/lib/python3.12/site-packages/airflow/example_dags/example_task_group.py took 0.143 seconds
[2024-05-02T23:51:33.798+0000] {processor.py:161} INFO - Started process (PID=1307) to work on /home/airflow/.local/lib/python3.12/site-packages/airflow/example_dags/example_task_group.py
[2024-05-02T23:51:33.800+0000] {processor.py:830} INFO - Processing file /home/airflow/.local/lib/python3.12/site-packages/airflow/example_dags/example_task_group.py for tasks to queue
[2024-05-02T23:51:33.801+0000] {logging_mixin.py:188} INFO - [2024-05-02T23:51:33.801+0000] {dagbag.py:540} INFO - Filling up the DagBag from /home/airflow/.local/lib/python3.12/site-packages/airflow/example_dags/example_task_group.py
[2024-05-02T23:51:33.814+0000] {processor.py:840} INFO - DAG(s) 'example_task_group' retrieved from /home/airflow/.local/lib/python3.12/site-packages/airflow/example_dags/example_task_group.py
[2024-05-02T23:51:33.840+0000] {logging_mixin.py:188} INFO - [2024-05-02T23:51:33.840+0000] {dag.py:3096} INFO - Sync 1 DAGs
[2024-05-02T23:51:33.870+0000] {logging_mixin.py:188} INFO - [2024-05-02T23:51:33.869+0000] {dag.py:3954} INFO - Setting next_dagrun for example_task_group to 2024-05-01 00:00:00+00:00, run_after=2024-05-02 00:00:00+00:00
[2024-05-02T23:51:33.893+0000] {processor.py:183} INFO - Processing /home/airflow/.local/lib/python3.12/site-packages/airflow/example_dags/example_task_group.py took 0.102 seconds
[2024-05-02T23:52:04.126+0000] {processor.py:161} INFO - Started process (PID=1365) to work on /home/airflow/.local/lib/python3.12/site-packages/airflow/example_dags/example_task_group.py
[2024-05-02T23:52:04.127+0000] {processor.py:830} INFO - Processing file /home/airflow/.local/lib/python3.12/site-packages/airflow/example_dags/example_task_group.py for tasks to queue
[2024-05-02T23:52:04.128+0000] {logging_mixin.py:188} INFO - [2024-05-02T23:52:04.128+0000] {dagbag.py:540} INFO - Filling up the DagBag from /home/airflow/.local/lib/python3.12/site-packages/airflow/example_dags/example_task_group.py
[2024-05-02T23:52:04.138+0000] {processor.py:840} INFO - DAG(s) 'example_task_group' retrieved from /home/airflow/.local/lib/python3.12/site-packages/airflow/example_dags/example_task_group.py
[2024-05-02T23:52:04.164+0000] {logging_mixin.py:188} INFO - [2024-05-02T23:52:04.164+0000] {dag.py:3096} INFO - Sync 1 DAGs
[2024-05-02T23:52:04.190+0000] {logging_mixin.py:188} INFO - [2024-05-02T23:52:04.190+0000] {dag.py:3954} INFO - Setting next_dagrun for example_task_group to 2024-05-01 00:00:00+00:00, run_after=2024-05-02 00:00:00+00:00
[2024-05-02T23:52:04.217+0000] {processor.py:183} INFO - Processing /home/airflow/.local/lib/python3.12/site-packages/airflow/example_dags/example_task_group.py took 0.099 seconds
[2024-05-02T23:52:34.808+0000] {processor.py:161} INFO - Started process (PID=1424) to work on /home/airflow/.local/lib/python3.12/site-packages/airflow/example_dags/example_task_group.py
[2024-05-02T23:52:34.809+0000] {processor.py:830} INFO - Processing file /home/airflow/.local/lib/python3.12/site-packages/airflow/example_dags/example_task_group.py for tasks to queue
[2024-05-02T23:52:34.811+0000] {logging_mixin.py:188} INFO - [2024-05-02T23:52:34.810+0000] {dagbag.py:540} INFO - Filling up the DagBag from /home/airflow/.local/lib/python3.12/site-packages/airflow/example_dags/example_task_group.py
[2024-05-02T23:52:34.825+0000] {processor.py:840} INFO - DAG(s) 'example_task_group' retrieved from /home/airflow/.local/lib/python3.12/site-packages/airflow/example_dags/example_task_group.py
[2024-05-02T23:52:34.860+0000] {logging_mixin.py:188} INFO - [2024-05-02T23:52:34.859+0000] {dag.py:3096} INFO - Sync 1 DAGs
[2024-05-02T23:52:34.891+0000] {logging_mixin.py:188} INFO - [2024-05-02T23:52:34.890+0000] {dag.py:3954} INFO - Setting next_dagrun for example_task_group to 2024-05-01 00:00:00+00:00, run_after=2024-05-02 00:00:00+00:00
[2024-05-02T23:52:34.916+0000] {processor.py:183} INFO - Processing /home/airflow/.local/lib/python3.12/site-packages/airflow/example_dags/example_task_group.py took 0.118 seconds
[2024-05-02T23:53:05.701+0000] {processor.py:161} INFO - Started process (PID=1482) to work on /home/airflow/.local/lib/python3.12/site-packages/airflow/example_dags/example_task_group.py
[2024-05-02T23:53:05.702+0000] {processor.py:830} INFO - Processing file /home/airflow/.local/lib/python3.12/site-packages/airflow/example_dags/example_task_group.py for tasks to queue
[2024-05-02T23:53:05.703+0000] {logging_mixin.py:188} INFO - [2024-05-02T23:53:05.703+0000] {dagbag.py:540} INFO - Filling up the DagBag from /home/airflow/.local/lib/python3.12/site-packages/airflow/example_dags/example_task_group.py
[2024-05-02T23:53:05.715+0000] {processor.py:840} INFO - DAG(s) 'example_task_group' retrieved from /home/airflow/.local/lib/python3.12/site-packages/airflow/example_dags/example_task_group.py
[2024-05-02T23:53:05.745+0000] {logging_mixin.py:188} INFO - [2024-05-02T23:53:05.745+0000] {dag.py:3096} INFO - Sync 1 DAGs
[2024-05-02T23:53:05.774+0000] {logging_mixin.py:188} INFO - [2024-05-02T23:53:05.774+0000] {dag.py:3954} INFO - Setting next_dagrun for example_task_group to 2024-05-01 00:00:00+00:00, run_after=2024-05-02 00:00:00+00:00
[2024-05-02T23:53:05.803+0000] {processor.py:183} INFO - Processing /home/airflow/.local/lib/python3.12/site-packages/airflow/example_dags/example_task_group.py took 0.112 seconds
[2024-05-02T23:53:36.700+0000] {processor.py:161} INFO - Started process (PID=1540) to work on /home/airflow/.local/lib/python3.12/site-packages/airflow/example_dags/example_task_group.py
[2024-05-02T23:53:36.701+0000] {processor.py:830} INFO - Processing file /home/airflow/.local/lib/python3.12/site-packages/airflow/example_dags/example_task_group.py for tasks to queue
[2024-05-02T23:53:36.703+0000] {logging_mixin.py:188} INFO - [2024-05-02T23:53:36.703+0000] {dagbag.py:540} INFO - Filling up the DagBag from /home/airflow/.local/lib/python3.12/site-packages/airflow/example_dags/example_task_group.py
[2024-05-02T23:53:36.715+0000] {processor.py:840} INFO - DAG(s) 'example_task_group' retrieved from /home/airflow/.local/lib/python3.12/site-packages/airflow/example_dags/example_task_group.py
[2024-05-02T23:53:36.744+0000] {logging_mixin.py:188} INFO - [2024-05-02T23:53:36.744+0000] {dag.py:3096} INFO - Sync 1 DAGs
[2024-05-02T23:53:36.779+0000] {logging_mixin.py:188} INFO - [2024-05-02T23:53:36.778+0000] {dag.py:3954} INFO - Setting next_dagrun for example_task_group to 2024-05-01 00:00:00+00:00, run_after=2024-05-02 00:00:00+00:00
[2024-05-02T23:53:36.809+0000] {processor.py:183} INFO - Processing /home/airflow/.local/lib/python3.12/site-packages/airflow/example_dags/example_task_group.py took 0.117 seconds
[2024-05-02T23:54:07.357+0000] {processor.py:161} INFO - Started process (PID=1598) to work on /home/airflow/.local/lib/python3.12/site-packages/airflow/example_dags/example_task_group.py
[2024-05-02T23:54:07.359+0000] {processor.py:830} INFO - Processing file /home/airflow/.local/lib/python3.12/site-packages/airflow/example_dags/example_task_group.py for tasks to queue
[2024-05-02T23:54:07.360+0000] {logging_mixin.py:188} INFO - [2024-05-02T23:54:07.360+0000] {dagbag.py:540} INFO - Filling up the DagBag from /home/airflow/.local/lib/python3.12/site-packages/airflow/example_dags/example_task_group.py
[2024-05-02T23:54:07.372+0000] {processor.py:840} INFO - DAG(s) 'example_task_group' retrieved from /home/airflow/.local/lib/python3.12/site-packages/airflow/example_dags/example_task_group.py
[2024-05-02T23:54:07.406+0000] {logging_mixin.py:188} INFO - [2024-05-02T23:54:07.406+0000] {dag.py:3096} INFO - Sync 1 DAGs
[2024-05-02T23:54:07.444+0000] {logging_mixin.py:188} INFO - [2024-05-02T23:54:07.443+0000] {dag.py:3954} INFO - Setting next_dagrun for example_task_group to 2024-05-01 00:00:00+00:00, run_after=2024-05-02 00:00:00+00:00
[2024-05-02T23:54:07.475+0000] {processor.py:183} INFO - Processing /home/airflow/.local/lib/python3.12/site-packages/airflow/example_dags/example_task_group.py took 0.128 seconds
[2024-05-02T23:54:37.852+0000] {processor.py:161} INFO - Started process (PID=1656) to work on /home/airflow/.local/lib/python3.12/site-packages/airflow/example_dags/example_task_group.py
[2024-05-02T23:54:37.853+0000] {processor.py:830} INFO - Processing file /home/airflow/.local/lib/python3.12/site-packages/airflow/example_dags/example_task_group.py for tasks to queue
[2024-05-02T23:54:37.854+0000] {logging_mixin.py:188} INFO - [2024-05-02T23:54:37.854+0000] {dagbag.py:540} INFO - Filling up the DagBag from /home/airflow/.local/lib/python3.12/site-packages/airflow/example_dags/example_task_group.py
[2024-05-02T23:54:37.864+0000] {processor.py:840} INFO - DAG(s) 'example_task_group' retrieved from /home/airflow/.local/lib/python3.12/site-packages/airflow/example_dags/example_task_group.py
[2024-05-02T23:54:37.893+0000] {logging_mixin.py:188} INFO - [2024-05-02T23:54:37.893+0000] {dag.py:3096} INFO - Sync 1 DAGs
[2024-05-02T23:54:37.923+0000] {logging_mixin.py:188} INFO - [2024-05-02T23:54:37.923+0000] {dag.py:3954} INFO - Setting next_dagrun for example_task_group to 2024-05-01 00:00:00+00:00, run_after=2024-05-02 00:00:00+00:00
[2024-05-02T23:54:37.952+0000] {processor.py:183} INFO - Processing /home/airflow/.local/lib/python3.12/site-packages/airflow/example_dags/example_task_group.py took 0.107 seconds
[2024-05-02T23:55:08.457+0000] {processor.py:161} INFO - Started process (PID=1714) to work on /home/airflow/.local/lib/python3.12/site-packages/airflow/example_dags/example_task_group.py
[2024-05-02T23:55:08.458+0000] {processor.py:830} INFO - Processing file /home/airflow/.local/lib/python3.12/site-packages/airflow/example_dags/example_task_group.py for tasks to queue
[2024-05-02T23:55:08.460+0000] {logging_mixin.py:188} INFO - [2024-05-02T23:55:08.459+0000] {dagbag.py:540} INFO - Filling up the DagBag from /home/airflow/.local/lib/python3.12/site-packages/airflow/example_dags/example_task_group.py
[2024-05-02T23:55:08.472+0000] {processor.py:840} INFO - DAG(s) 'example_task_group' retrieved from /home/airflow/.local/lib/python3.12/site-packages/airflow/example_dags/example_task_group.py
[2024-05-02T23:55:08.503+0000] {logging_mixin.py:188} INFO - [2024-05-02T23:55:08.502+0000] {dag.py:3096} INFO - Sync 1 DAGs
[2024-05-02T23:55:08.537+0000] {logging_mixin.py:188} INFO - [2024-05-02T23:55:08.537+0000] {dag.py:3954} INFO - Setting next_dagrun for example_task_group to 2024-05-01 00:00:00+00:00, run_after=2024-05-02 00:00:00+00:00
[2024-05-02T23:55:08.564+0000] {processor.py:183} INFO - Processing /home/airflow/.local/lib/python3.12/site-packages/airflow/example_dags/example_task_group.py took 0.115 seconds
[2024-05-02T23:55:38.678+0000] {processor.py:161} INFO - Started process (PID=1771) to work on /home/airflow/.local/lib/python3.12/site-packages/airflow/example_dags/example_task_group.py
[2024-05-02T23:55:38.679+0000] {processor.py:830} INFO - Processing file /home/airflow/.local/lib/python3.12/site-packages/airflow/example_dags/example_task_group.py for tasks to queue
[2024-05-02T23:55:38.680+0000] {logging_mixin.py:188} INFO - [2024-05-02T23:55:38.680+0000] {dagbag.py:540} INFO - Filling up the DagBag from /home/airflow/.local/lib/python3.12/site-packages/airflow/example_dags/example_task_group.py
[2024-05-02T23:55:38.690+0000] {processor.py:840} INFO - DAG(s) 'example_task_group' retrieved from /home/airflow/.local/lib/python3.12/site-packages/airflow/example_dags/example_task_group.py
[2024-05-02T23:55:38.716+0000] {logging_mixin.py:188} INFO - [2024-05-02T23:55:38.716+0000] {dag.py:3096} INFO - Sync 1 DAGs
[2024-05-02T23:55:38.747+0000] {logging_mixin.py:188} INFO - [2024-05-02T23:55:38.747+0000] {dag.py:3954} INFO - Setting next_dagrun for example_task_group to 2024-05-01 00:00:00+00:00, run_after=2024-05-02 00:00:00+00:00
[2024-05-02T23:55:38.772+0000] {processor.py:183} INFO - Processing /home/airflow/.local/lib/python3.12/site-packages/airflow/example_dags/example_task_group.py took 0.102 seconds
[2024-05-02T23:56:09.210+0000] {processor.py:161} INFO - Started process (PID=1828) to work on /home/airflow/.local/lib/python3.12/site-packages/airflow/example_dags/example_task_group.py
[2024-05-02T23:56:09.211+0000] {processor.py:830} INFO - Processing file /home/airflow/.local/lib/python3.12/site-packages/airflow/example_dags/example_task_group.py for tasks to queue
[2024-05-02T23:56:09.213+0000] {logging_mixin.py:188} INFO - [2024-05-02T23:56:09.212+0000] {dagbag.py:540} INFO - Filling up the DagBag from /home/airflow/.local/lib/python3.12/site-packages/airflow/example_dags/example_task_group.py
[2024-05-02T23:56:09.226+0000] {processor.py:840} INFO - DAG(s) 'example_task_group' retrieved from /home/airflow/.local/lib/python3.12/site-packages/airflow/example_dags/example_task_group.py
[2024-05-02T23:56:09.262+0000] {logging_mixin.py:188} INFO - [2024-05-02T23:56:09.262+0000] {dag.py:3096} INFO - Sync 1 DAGs
[2024-05-02T23:56:09.297+0000] {logging_mixin.py:188} INFO - [2024-05-02T23:56:09.297+0000] {dag.py:3954} INFO - Setting next_dagrun for example_task_group to 2024-05-01 00:00:00+00:00, run_after=2024-05-02 00:00:00+00:00
[2024-05-02T23:56:09.331+0000] {processor.py:183} INFO - Processing /home/airflow/.local/lib/python3.12/site-packages/airflow/example_dags/example_task_group.py took 0.132 seconds
[2024-05-02T23:56:39.945+0000] {processor.py:161} INFO - Started process (PID=1886) to work on /home/airflow/.local/lib/python3.12/site-packages/airflow/example_dags/example_task_group.py
[2024-05-02T23:56:39.946+0000] {processor.py:830} INFO - Processing file /home/airflow/.local/lib/python3.12/site-packages/airflow/example_dags/example_task_group.py for tasks to queue
[2024-05-02T23:56:39.947+0000] {logging_mixin.py:188} INFO - [2024-05-02T23:56:39.947+0000] {dagbag.py:540} INFO - Filling up the DagBag from /home/airflow/.local/lib/python3.12/site-packages/airflow/example_dags/example_task_group.py
[2024-05-02T23:56:39.957+0000] {processor.py:840} INFO - DAG(s) 'example_task_group' retrieved from /home/airflow/.local/lib/python3.12/site-packages/airflow/example_dags/example_task_group.py
[2024-05-02T23:56:39.985+0000] {logging_mixin.py:188} INFO - [2024-05-02T23:56:39.984+0000] {dag.py:3096} INFO - Sync 1 DAGs
[2024-05-02T23:56:40.012+0000] {logging_mixin.py:188} INFO - [2024-05-02T23:56:40.012+0000] {dag.py:3954} INFO - Setting next_dagrun for example_task_group to 2024-05-01 00:00:00+00:00, run_after=2024-05-02 00:00:00+00:00
[2024-05-02T23:56:40.037+0000] {processor.py:183} INFO - Processing /home/airflow/.local/lib/python3.12/site-packages/airflow/example_dags/example_task_group.py took 0.099 seconds
[2024-05-02T23:57:10.876+0000] {processor.py:161} INFO - Started process (PID=1944) to work on /home/airflow/.local/lib/python3.12/site-packages/airflow/example_dags/example_task_group.py
[2024-05-02T23:57:10.877+0000] {processor.py:830} INFO - Processing file /home/airflow/.local/lib/python3.12/site-packages/airflow/example_dags/example_task_group.py for tasks to queue
[2024-05-02T23:57:10.878+0000] {logging_mixin.py:188} INFO - [2024-05-02T23:57:10.878+0000] {dagbag.py:540} INFO - Filling up the DagBag from /home/airflow/.local/lib/python3.12/site-packages/airflow/example_dags/example_task_group.py
[2024-05-02T23:57:10.891+0000] {processor.py:840} INFO - DAG(s) 'example_task_group' retrieved from /home/airflow/.local/lib/python3.12/site-packages/airflow/example_dags/example_task_group.py
[2024-05-02T23:57:10.926+0000] {logging_mixin.py:188} INFO - [2024-05-02T23:57:10.925+0000] {dag.py:3096} INFO - Sync 1 DAGs
[2024-05-02T23:57:10.962+0000] {logging_mixin.py:188} INFO - [2024-05-02T23:57:10.962+0000] {dag.py:3954} INFO - Setting next_dagrun for example_task_group to 2024-05-01 00:00:00+00:00, run_after=2024-05-02 00:00:00+00:00
[2024-05-02T23:57:10.990+0000] {processor.py:183} INFO - Processing /home/airflow/.local/lib/python3.12/site-packages/airflow/example_dags/example_task_group.py took 0.122 seconds
