[2024-05-02T05:54:24.992+0000] {processor.py:161} INFO - Started process (PID=73) to work on /home/airflow/.local/lib/python3.12/site-packages/airflow/example_dags/example_external_task_marker_dag.py
[2024-05-02T05:54:24.994+0000] {processor.py:830} INFO - Processing file /home/airflow/.local/lib/python3.12/site-packages/airflow/example_dags/example_external_task_marker_dag.py for tasks to queue
[2024-05-02T05:54:24.998+0000] {logging_mixin.py:188} INFO - [2024-05-02T05:54:24.997+0000] {dagbag.py:540} INFO - Filling up the DagBag from /home/airflow/.local/lib/python3.12/site-packages/airflow/example_dags/example_external_task_marker_dag.py
[2024-05-02T05:54:25.023+0000] {processor.py:840} INFO - DAG(s) 'example_external_task_marker_child', 'example_external_task_marker_parent' retrieved from /home/airflow/.local/lib/python3.12/site-packages/airflow/example_dags/example_external_task_marker_dag.py
[2024-05-02T05:54:25.398+0000] {logging_mixin.py:188} INFO - [2024-05-02T05:54:25.398+0000] {dag.py:3096} INFO - Sync 2 DAGs
[2024-05-02T05:54:25.434+0000] {logging_mixin.py:188} INFO - [2024-05-02T05:54:25.433+0000] {dag.py:3954} INFO - Setting next_dagrun for example_external_task_marker_child to None, run_after=None
[2024-05-02T05:54:25.450+0000] {logging_mixin.py:188} INFO - [2024-05-02T05:54:25.450+0000] {dag.py:3954} INFO - Setting next_dagrun for example_external_task_marker_parent to None, run_after=None
[2024-05-02T05:54:25.525+0000] {processor.py:183} INFO - Processing /home/airflow/.local/lib/python3.12/site-packages/airflow/example_dags/example_external_task_marker_dag.py took 0.546 seconds
[2024-05-02T05:54:56.012+0000] {processor.py:161} INFO - Started process (PID=131) to work on /home/airflow/.local/lib/python3.12/site-packages/airflow/example_dags/example_external_task_marker_dag.py
[2024-05-02T05:54:56.021+0000] {processor.py:830} INFO - Processing file /home/airflow/.local/lib/python3.12/site-packages/airflow/example_dags/example_external_task_marker_dag.py for tasks to queue
[2024-05-02T05:54:56.024+0000] {logging_mixin.py:188} INFO - [2024-05-02T05:54:56.024+0000] {dagbag.py:540} INFO - Filling up the DagBag from /home/airflow/.local/lib/python3.12/site-packages/airflow/example_dags/example_external_task_marker_dag.py
[2024-05-02T05:54:56.041+0000] {processor.py:840} INFO - DAG(s) 'example_external_task_marker_child', 'example_external_task_marker_parent' retrieved from /home/airflow/.local/lib/python3.12/site-packages/airflow/example_dags/example_external_task_marker_dag.py
[2024-05-02T05:54:56.077+0000] {logging_mixin.py:188} INFO - [2024-05-02T05:54:56.076+0000] {dag.py:3096} INFO - Sync 2 DAGs
[2024-05-02T05:54:56.100+0000] {logging_mixin.py:188} INFO - [2024-05-02T05:54:56.099+0000] {dag.py:3954} INFO - Setting next_dagrun for example_external_task_marker_child to None, run_after=None
[2024-05-02T05:54:56.110+0000] {logging_mixin.py:188} INFO - [2024-05-02T05:54:56.110+0000] {dag.py:3954} INFO - Setting next_dagrun for example_external_task_marker_parent to None, run_after=None
[2024-05-02T05:54:56.193+0000] {processor.py:183} INFO - Processing /home/airflow/.local/lib/python3.12/site-packages/airflow/example_dags/example_external_task_marker_dag.py took 0.192 seconds
[2024-05-02T05:55:27.526+0000] {processor.py:161} INFO - Started process (PID=189) to work on /home/airflow/.local/lib/python3.12/site-packages/airflow/example_dags/example_external_task_marker_dag.py
[2024-05-02T05:55:27.537+0000] {processor.py:830} INFO - Processing file /home/airflow/.local/lib/python3.12/site-packages/airflow/example_dags/example_external_task_marker_dag.py for tasks to queue
[2024-05-02T05:55:27.543+0000] {logging_mixin.py:188} INFO - [2024-05-02T05:55:27.542+0000] {dagbag.py:540} INFO - Filling up the DagBag from /home/airflow/.local/lib/python3.12/site-packages/airflow/example_dags/example_external_task_marker_dag.py
[2024-05-02T05:55:27.576+0000] {processor.py:840} INFO - DAG(s) 'example_external_task_marker_child', 'example_external_task_marker_parent' retrieved from /home/airflow/.local/lib/python3.12/site-packages/airflow/example_dags/example_external_task_marker_dag.py
[2024-05-02T05:55:27.743+0000] {logging_mixin.py:188} INFO - [2024-05-02T05:55:27.742+0000] {dag.py:3096} INFO - Sync 2 DAGs
[2024-05-02T05:55:27.884+0000] {logging_mixin.py:188} INFO - [2024-05-02T05:55:27.883+0000] {dag.py:3954} INFO - Setting next_dagrun for example_external_task_marker_child to None, run_after=None
[2024-05-02T05:55:27.940+0000] {logging_mixin.py:188} INFO - [2024-05-02T05:55:27.939+0000] {dag.py:3954} INFO - Setting next_dagrun for example_external_task_marker_parent to None, run_after=None
[2024-05-02T05:55:28.123+0000] {processor.py:183} INFO - Processing /home/airflow/.local/lib/python3.12/site-packages/airflow/example_dags/example_external_task_marker_dag.py took 0.642 seconds
[2024-05-02T05:57:06.675+0000] {processor.py:161} INFO - Started process (PID=277) to work on /home/airflow/.local/lib/python3.12/site-packages/airflow/example_dags/example_external_task_marker_dag.py
[2024-05-02T05:57:06.694+0000] {processor.py:830} INFO - Processing file /home/airflow/.local/lib/python3.12/site-packages/airflow/example_dags/example_external_task_marker_dag.py for tasks to queue
[2024-05-02T05:57:06.701+0000] {logging_mixin.py:188} INFO - [2024-05-02T05:57:06.700+0000] {dagbag.py:540} INFO - Filling up the DagBag from /home/airflow/.local/lib/python3.12/site-packages/airflow/example_dags/example_external_task_marker_dag.py
[2024-05-02T05:57:06.726+0000] {processor.py:840} INFO - DAG(s) 'example_external_task_marker_child', 'example_external_task_marker_parent' retrieved from /home/airflow/.local/lib/python3.12/site-packages/airflow/example_dags/example_external_task_marker_dag.py
[2024-05-02T05:57:07.190+0000] {logging_mixin.py:188} INFO - [2024-05-02T05:57:07.180+0000] {dag.py:3096} INFO - Sync 2 DAGs
[2024-05-02T05:57:07.494+0000] {logging_mixin.py:188} INFO - [2024-05-02T05:57:07.493+0000] {dag.py:3954} INFO - Setting next_dagrun for example_external_task_marker_child to None, run_after=None
[2024-05-02T05:57:07.536+0000] {logging_mixin.py:188} INFO - [2024-05-02T05:57:07.535+0000] {dag.py:3954} INFO - Setting next_dagrun for example_external_task_marker_parent to None, run_after=None
[2024-05-02T05:57:07.717+0000] {processor.py:183} INFO - Processing /home/airflow/.local/lib/python3.12/site-packages/airflow/example_dags/example_external_task_marker_dag.py took 1.068 seconds
[2024-05-02T23:42:33.913+0000] {processor.py:161} INFO - Started process (PID=358) to work on /home/airflow/.local/lib/python3.12/site-packages/airflow/example_dags/example_external_task_marker_dag.py
[2024-05-02T23:42:33.929+0000] {processor.py:830} INFO - Processing file /home/airflow/.local/lib/python3.12/site-packages/airflow/example_dags/example_external_task_marker_dag.py for tasks to queue
[2024-05-02T23:42:34.010+0000] {logging_mixin.py:188} INFO - [2024-05-02T23:42:33.968+0000] {dagbag.py:540} INFO - Filling up the DagBag from /home/airflow/.local/lib/python3.12/site-packages/airflow/example_dags/example_external_task_marker_dag.py
[2024-05-02T23:42:34.824+0000] {processor.py:840} INFO - DAG(s) 'example_external_task_marker_parent', 'example_external_task_marker_child' retrieved from /home/airflow/.local/lib/python3.12/site-packages/airflow/example_dags/example_external_task_marker_dag.py
[2024-05-02T23:42:35.493+0000] {logging_mixin.py:188} INFO - [2024-05-02T23:42:35.493+0000] {dag.py:3096} INFO - Sync 2 DAGs
[2024-05-02T23:42:35.817+0000] {logging_mixin.py:188} INFO - [2024-05-02T23:42:35.817+0000] {dag.py:3954} INFO - Setting next_dagrun for example_external_task_marker_child to None, run_after=None
[2024-05-02T23:42:35.904+0000] {logging_mixin.py:188} INFO - [2024-05-02T23:42:35.903+0000] {dag.py:3954} INFO - Setting next_dagrun for example_external_task_marker_parent to None, run_after=None
[2024-05-02T23:42:37.142+0000] {processor.py:183} INFO - Processing /home/airflow/.local/lib/python3.12/site-packages/airflow/example_dags/example_external_task_marker_dag.py took 3.474 seconds
[2024-05-02T23:43:10.104+0000] {processor.py:161} INFO - Started process (PID=416) to work on /home/airflow/.local/lib/python3.12/site-packages/airflow/example_dags/example_external_task_marker_dag.py
[2024-05-02T23:43:10.106+0000] {processor.py:830} INFO - Processing file /home/airflow/.local/lib/python3.12/site-packages/airflow/example_dags/example_external_task_marker_dag.py for tasks to queue
[2024-05-02T23:43:10.108+0000] {logging_mixin.py:188} INFO - [2024-05-02T23:43:10.107+0000] {dagbag.py:540} INFO - Filling up the DagBag from /home/airflow/.local/lib/python3.12/site-packages/airflow/example_dags/example_external_task_marker_dag.py
[2024-05-02T23:43:10.118+0000] {processor.py:840} INFO - DAG(s) 'example_external_task_marker_parent', 'example_external_task_marker_child' retrieved from /home/airflow/.local/lib/python3.12/site-packages/airflow/example_dags/example_external_task_marker_dag.py
[2024-05-02T23:43:10.138+0000] {logging_mixin.py:188} INFO - [2024-05-02T23:43:10.137+0000] {dag.py:3096} INFO - Sync 2 DAGs
[2024-05-02T23:43:10.168+0000] {logging_mixin.py:188} INFO - [2024-05-02T23:43:10.168+0000] {dag.py:3954} INFO - Setting next_dagrun for example_external_task_marker_child to None, run_after=None
[2024-05-02T23:43:10.176+0000] {logging_mixin.py:188} INFO - [2024-05-02T23:43:10.175+0000] {dag.py:3954} INFO - Setting next_dagrun for example_external_task_marker_parent to None, run_after=None
[2024-05-02T23:43:10.209+0000] {processor.py:183} INFO - Processing /home/airflow/.local/lib/python3.12/site-packages/airflow/example_dags/example_external_task_marker_dag.py took 0.115 seconds
[2024-05-02T23:44:22.192+0000] {processor.py:161} INFO - Started process (PID=482) to work on /home/airflow/.local/lib/python3.12/site-packages/airflow/example_dags/example_external_task_marker_dag.py
[2024-05-02T23:44:22.194+0000] {processor.py:830} INFO - Processing file /home/airflow/.local/lib/python3.12/site-packages/airflow/example_dags/example_external_task_marker_dag.py for tasks to queue
[2024-05-02T23:44:22.196+0000] {logging_mixin.py:188} INFO - [2024-05-02T23:44:22.195+0000] {dagbag.py:540} INFO - Filling up the DagBag from /home/airflow/.local/lib/python3.12/site-packages/airflow/example_dags/example_external_task_marker_dag.py
[2024-05-02T23:44:22.205+0000] {processor.py:840} INFO - DAG(s) 'example_external_task_marker_parent', 'example_external_task_marker_child' retrieved from /home/airflow/.local/lib/python3.12/site-packages/airflow/example_dags/example_external_task_marker_dag.py
[2024-05-02T23:44:22.449+0000] {logging_mixin.py:188} INFO - [2024-05-02T23:44:22.448+0000] {dag.py:3096} INFO - Sync 2 DAGs
[2024-05-02T23:44:22.474+0000] {logging_mixin.py:188} INFO - [2024-05-02T23:44:22.474+0000] {dag.py:3954} INFO - Setting next_dagrun for example_external_task_marker_child to None, run_after=None
[2024-05-02T23:44:22.482+0000] {logging_mixin.py:188} INFO - [2024-05-02T23:44:22.482+0000] {dag.py:3954} INFO - Setting next_dagrun for example_external_task_marker_parent to None, run_after=None
[2024-05-02T23:44:22.541+0000] {processor.py:183} INFO - Processing /home/airflow/.local/lib/python3.12/site-packages/airflow/example_dags/example_external_task_marker_dag.py took 0.359 seconds
[2024-05-02T23:44:52.966+0000] {processor.py:161} INFO - Started process (PID=540) to work on /home/airflow/.local/lib/python3.12/site-packages/airflow/example_dags/example_external_task_marker_dag.py
[2024-05-02T23:44:52.968+0000] {processor.py:830} INFO - Processing file /home/airflow/.local/lib/python3.12/site-packages/airflow/example_dags/example_external_task_marker_dag.py for tasks to queue
[2024-05-02T23:44:52.970+0000] {logging_mixin.py:188} INFO - [2024-05-02T23:44:52.970+0000] {dagbag.py:540} INFO - Filling up the DagBag from /home/airflow/.local/lib/python3.12/site-packages/airflow/example_dags/example_external_task_marker_dag.py
[2024-05-02T23:44:52.980+0000] {processor.py:840} INFO - DAG(s) 'example_external_task_marker_child', 'example_external_task_marker_parent' retrieved from /home/airflow/.local/lib/python3.12/site-packages/airflow/example_dags/example_external_task_marker_dag.py
[2024-05-02T23:44:53.025+0000] {logging_mixin.py:188} INFO - [2024-05-02T23:44:53.025+0000] {dag.py:3096} INFO - Sync 2 DAGs
[2024-05-02T23:44:53.050+0000] {logging_mixin.py:188} INFO - [2024-05-02T23:44:53.050+0000] {dag.py:3954} INFO - Setting next_dagrun for example_external_task_marker_child to None, run_after=None
[2024-05-02T23:44:53.058+0000] {logging_mixin.py:188} INFO - [2024-05-02T23:44:53.058+0000] {dag.py:3954} INFO - Setting next_dagrun for example_external_task_marker_parent to None, run_after=None
[2024-05-02T23:44:53.093+0000] {processor.py:183} INFO - Processing /home/airflow/.local/lib/python3.12/site-packages/airflow/example_dags/example_external_task_marker_dag.py took 0.138 seconds
[2024-05-02T23:45:26.329+0000] {processor.py:161} INFO - Started process (PID=604) to work on /home/airflow/.local/lib/python3.12/site-packages/airflow/example_dags/example_external_task_marker_dag.py
[2024-05-02T23:45:26.331+0000] {processor.py:830} INFO - Processing file /home/airflow/.local/lib/python3.12/site-packages/airflow/example_dags/example_external_task_marker_dag.py for tasks to queue
[2024-05-02T23:45:26.334+0000] {logging_mixin.py:188} INFO - [2024-05-02T23:45:26.333+0000] {dagbag.py:540} INFO - Filling up the DagBag from /home/airflow/.local/lib/python3.12/site-packages/airflow/example_dags/example_external_task_marker_dag.py
[2024-05-02T23:45:26.351+0000] {processor.py:840} INFO - DAG(s) 'example_external_task_marker_child', 'example_external_task_marker_parent' retrieved from /home/airflow/.local/lib/python3.12/site-packages/airflow/example_dags/example_external_task_marker_dag.py
[2024-05-02T23:45:26.408+0000] {logging_mixin.py:188} INFO - [2024-05-02T23:45:26.407+0000] {dag.py:3096} INFO - Sync 2 DAGs
[2024-05-02T23:45:26.439+0000] {logging_mixin.py:188} INFO - [2024-05-02T23:45:26.438+0000] {dag.py:3954} INFO - Setting next_dagrun for example_external_task_marker_child to None, run_after=None
[2024-05-02T23:45:26.453+0000] {logging_mixin.py:188} INFO - [2024-05-02T23:45:26.452+0000] {dag.py:3954} INFO - Setting next_dagrun for example_external_task_marker_parent to None, run_after=None
[2024-05-02T23:45:26.501+0000] {processor.py:183} INFO - Processing /home/airflow/.local/lib/python3.12/site-packages/airflow/example_dags/example_external_task_marker_dag.py took 0.186 seconds
[2024-05-02T23:45:57.365+0000] {processor.py:161} INFO - Started process (PID=662) to work on /home/airflow/.local/lib/python3.12/site-packages/airflow/example_dags/example_external_task_marker_dag.py
[2024-05-02T23:45:57.367+0000] {processor.py:830} INFO - Processing file /home/airflow/.local/lib/python3.12/site-packages/airflow/example_dags/example_external_task_marker_dag.py for tasks to queue
[2024-05-02T23:45:57.369+0000] {logging_mixin.py:188} INFO - [2024-05-02T23:45:57.368+0000] {dagbag.py:540} INFO - Filling up the DagBag from /home/airflow/.local/lib/python3.12/site-packages/airflow/example_dags/example_external_task_marker_dag.py
[2024-05-02T23:45:57.379+0000] {processor.py:840} INFO - DAG(s) 'example_external_task_marker_child', 'example_external_task_marker_parent' retrieved from /home/airflow/.local/lib/python3.12/site-packages/airflow/example_dags/example_external_task_marker_dag.py
[2024-05-02T23:45:57.420+0000] {logging_mixin.py:188} INFO - [2024-05-02T23:45:57.419+0000] {dag.py:3096} INFO - Sync 2 DAGs
[2024-05-02T23:45:57.440+0000] {logging_mixin.py:188} INFO - [2024-05-02T23:45:57.440+0000] {dag.py:3954} INFO - Setting next_dagrun for example_external_task_marker_child to None, run_after=None
[2024-05-02T23:45:57.451+0000] {logging_mixin.py:188} INFO - [2024-05-02T23:45:57.450+0000] {dag.py:3954} INFO - Setting next_dagrun for example_external_task_marker_parent to None, run_after=None
[2024-05-02T23:45:57.475+0000] {processor.py:183} INFO - Processing /home/airflow/.local/lib/python3.12/site-packages/airflow/example_dags/example_external_task_marker_dag.py took 0.125 seconds
[2024-05-02T23:46:27.630+0000] {processor.py:161} INFO - Started process (PID=720) to work on /home/airflow/.local/lib/python3.12/site-packages/airflow/example_dags/example_external_task_marker_dag.py
[2024-05-02T23:46:27.631+0000] {processor.py:830} INFO - Processing file /home/airflow/.local/lib/python3.12/site-packages/airflow/example_dags/example_external_task_marker_dag.py for tasks to queue
[2024-05-02T23:46:27.633+0000] {logging_mixin.py:188} INFO - [2024-05-02T23:46:27.632+0000] {dagbag.py:540} INFO - Filling up the DagBag from /home/airflow/.local/lib/python3.12/site-packages/airflow/example_dags/example_external_task_marker_dag.py
[2024-05-02T23:46:27.640+0000] {processor.py:840} INFO - DAG(s) 'example_external_task_marker_child', 'example_external_task_marker_parent' retrieved from /home/airflow/.local/lib/python3.12/site-packages/airflow/example_dags/example_external_task_marker_dag.py
[2024-05-02T23:46:27.675+0000] {logging_mixin.py:188} INFO - [2024-05-02T23:46:27.674+0000] {dag.py:3096} INFO - Sync 2 DAGs
[2024-05-02T23:46:27.694+0000] {logging_mixin.py:188} INFO - [2024-05-02T23:46:27.694+0000] {dag.py:3954} INFO - Setting next_dagrun for example_external_task_marker_child to None, run_after=None
[2024-05-02T23:46:27.700+0000] {logging_mixin.py:188} INFO - [2024-05-02T23:46:27.700+0000] {dag.py:3954} INFO - Setting next_dagrun for example_external_task_marker_parent to None, run_after=None
[2024-05-02T23:46:27.724+0000] {processor.py:183} INFO - Processing /home/airflow/.local/lib/python3.12/site-packages/airflow/example_dags/example_external_task_marker_dag.py took 0.102 seconds
[2024-05-02T23:46:57.800+0000] {processor.py:161} INFO - Started process (PID=778) to work on /home/airflow/.local/lib/python3.12/site-packages/airflow/example_dags/example_external_task_marker_dag.py
[2024-05-02T23:46:57.802+0000] {processor.py:830} INFO - Processing file /home/airflow/.local/lib/python3.12/site-packages/airflow/example_dags/example_external_task_marker_dag.py for tasks to queue
[2024-05-02T23:46:57.803+0000] {logging_mixin.py:188} INFO - [2024-05-02T23:46:57.803+0000] {dagbag.py:540} INFO - Filling up the DagBag from /home/airflow/.local/lib/python3.12/site-packages/airflow/example_dags/example_external_task_marker_dag.py
[2024-05-02T23:46:57.811+0000] {processor.py:840} INFO - DAG(s) 'example_external_task_marker_child', 'example_external_task_marker_parent' retrieved from /home/airflow/.local/lib/python3.12/site-packages/airflow/example_dags/example_external_task_marker_dag.py
[2024-05-02T23:46:57.845+0000] {logging_mixin.py:188} INFO - [2024-05-02T23:46:57.844+0000] {dag.py:3096} INFO - Sync 2 DAGs
[2024-05-02T23:46:57.866+0000] {logging_mixin.py:188} INFO - [2024-05-02T23:46:57.866+0000] {dag.py:3954} INFO - Setting next_dagrun for example_external_task_marker_child to None, run_after=None
[2024-05-02T23:46:57.872+0000] {logging_mixin.py:188} INFO - [2024-05-02T23:46:57.871+0000] {dag.py:3954} INFO - Setting next_dagrun for example_external_task_marker_parent to None, run_after=None
[2024-05-02T23:46:57.899+0000] {processor.py:183} INFO - Processing /home/airflow/.local/lib/python3.12/site-packages/airflow/example_dags/example_external_task_marker_dag.py took 0.109 seconds
[2024-05-02T23:47:28.270+0000] {processor.py:161} INFO - Started process (PID=836) to work on /home/airflow/.local/lib/python3.12/site-packages/airflow/example_dags/example_external_task_marker_dag.py
[2024-05-02T23:47:28.272+0000] {processor.py:830} INFO - Processing file /home/airflow/.local/lib/python3.12/site-packages/airflow/example_dags/example_external_task_marker_dag.py for tasks to queue
[2024-05-02T23:47:28.275+0000] {logging_mixin.py:188} INFO - [2024-05-02T23:47:28.274+0000] {dagbag.py:540} INFO - Filling up the DagBag from /home/airflow/.local/lib/python3.12/site-packages/airflow/example_dags/example_external_task_marker_dag.py
[2024-05-02T23:47:28.282+0000] {processor.py:840} INFO - DAG(s) 'example_external_task_marker_parent', 'example_external_task_marker_child' retrieved from /home/airflow/.local/lib/python3.12/site-packages/airflow/example_dags/example_external_task_marker_dag.py
[2024-05-02T23:47:28.315+0000] {logging_mixin.py:188} INFO - [2024-05-02T23:47:28.314+0000] {dag.py:3096} INFO - Sync 2 DAGs
[2024-05-02T23:47:28.332+0000] {logging_mixin.py:188} INFO - [2024-05-02T23:47:28.331+0000] {dag.py:3954} INFO - Setting next_dagrun for example_external_task_marker_child to None, run_after=None
[2024-05-02T23:47:28.337+0000] {logging_mixin.py:188} INFO - [2024-05-02T23:47:28.337+0000] {dag.py:3954} INFO - Setting next_dagrun for example_external_task_marker_parent to None, run_after=None
[2024-05-02T23:47:28.363+0000] {processor.py:183} INFO - Processing /home/airflow/.local/lib/python3.12/site-packages/airflow/example_dags/example_external_task_marker_dag.py took 0.100 seconds
[2024-05-02T23:47:58.630+0000] {processor.py:161} INFO - Started process (PID=894) to work on /home/airflow/.local/lib/python3.12/site-packages/airflow/example_dags/example_external_task_marker_dag.py
[2024-05-02T23:47:58.631+0000] {processor.py:830} INFO - Processing file /home/airflow/.local/lib/python3.12/site-packages/airflow/example_dags/example_external_task_marker_dag.py for tasks to queue
[2024-05-02T23:47:58.632+0000] {logging_mixin.py:188} INFO - [2024-05-02T23:47:58.632+0000] {dagbag.py:540} INFO - Filling up the DagBag from /home/airflow/.local/lib/python3.12/site-packages/airflow/example_dags/example_external_task_marker_dag.py
[2024-05-02T23:47:58.640+0000] {processor.py:840} INFO - DAG(s) 'example_external_task_marker_parent', 'example_external_task_marker_child' retrieved from /home/airflow/.local/lib/python3.12/site-packages/airflow/example_dags/example_external_task_marker_dag.py
[2024-05-02T23:47:58.704+0000] {logging_mixin.py:188} INFO - [2024-05-02T23:47:58.703+0000] {dag.py:3096} INFO - Sync 2 DAGs
[2024-05-02T23:47:58.734+0000] {logging_mixin.py:188} INFO - [2024-05-02T23:47:58.734+0000] {dag.py:3954} INFO - Setting next_dagrun for example_external_task_marker_child to None, run_after=None
[2024-05-02T23:47:58.743+0000] {logging_mixin.py:188} INFO - [2024-05-02T23:47:58.743+0000] {dag.py:3954} INFO - Setting next_dagrun for example_external_task_marker_parent to None, run_after=None
[2024-05-02T23:47:58.780+0000] {processor.py:183} INFO - Processing /home/airflow/.local/lib/python3.12/site-packages/airflow/example_dags/example_external_task_marker_dag.py took 0.158 seconds
[2024-05-02T23:48:29.010+0000] {processor.py:161} INFO - Started process (PID=952) to work on /home/airflow/.local/lib/python3.12/site-packages/airflow/example_dags/example_external_task_marker_dag.py
[2024-05-02T23:48:29.011+0000] {processor.py:830} INFO - Processing file /home/airflow/.local/lib/python3.12/site-packages/airflow/example_dags/example_external_task_marker_dag.py for tasks to queue
[2024-05-02T23:48:29.012+0000] {logging_mixin.py:188} INFO - [2024-05-02T23:48:29.012+0000] {dagbag.py:540} INFO - Filling up the DagBag from /home/airflow/.local/lib/python3.12/site-packages/airflow/example_dags/example_external_task_marker_dag.py
[2024-05-02T23:48:29.021+0000] {processor.py:840} INFO - DAG(s) 'example_external_task_marker_parent', 'example_external_task_marker_child' retrieved from /home/airflow/.local/lib/python3.12/site-packages/airflow/example_dags/example_external_task_marker_dag.py
[2024-05-02T23:48:29.072+0000] {logging_mixin.py:188} INFO - [2024-05-02T23:48:29.072+0000] {dag.py:3096} INFO - Sync 2 DAGs
[2024-05-02T23:48:29.090+0000] {logging_mixin.py:188} INFO - [2024-05-02T23:48:29.090+0000] {dag.py:3954} INFO - Setting next_dagrun for example_external_task_marker_child to None, run_after=None
[2024-05-02T23:48:29.095+0000] {logging_mixin.py:188} INFO - [2024-05-02T23:48:29.095+0000] {dag.py:3954} INFO - Setting next_dagrun for example_external_task_marker_parent to None, run_after=None
[2024-05-02T23:48:29.119+0000] {processor.py:183} INFO - Processing /home/airflow/.local/lib/python3.12/site-packages/airflow/example_dags/example_external_task_marker_dag.py took 0.117 seconds
[2024-05-02T23:48:59.458+0000] {processor.py:161} INFO - Started process (PID=1010) to work on /home/airflow/.local/lib/python3.12/site-packages/airflow/example_dags/example_external_task_marker_dag.py
[2024-05-02T23:48:59.459+0000] {processor.py:830} INFO - Processing file /home/airflow/.local/lib/python3.12/site-packages/airflow/example_dags/example_external_task_marker_dag.py for tasks to queue
[2024-05-02T23:48:59.461+0000] {logging_mixin.py:188} INFO - [2024-05-02T23:48:59.460+0000] {dagbag.py:540} INFO - Filling up the DagBag from /home/airflow/.local/lib/python3.12/site-packages/airflow/example_dags/example_external_task_marker_dag.py
[2024-05-02T23:48:59.469+0000] {processor.py:840} INFO - DAG(s) 'example_external_task_marker_parent', 'example_external_task_marker_child' retrieved from /home/airflow/.local/lib/python3.12/site-packages/airflow/example_dags/example_external_task_marker_dag.py
[2024-05-02T23:48:59.505+0000] {logging_mixin.py:188} INFO - [2024-05-02T23:48:59.505+0000] {dag.py:3096} INFO - Sync 2 DAGs
[2024-05-02T23:48:59.522+0000] {logging_mixin.py:188} INFO - [2024-05-02T23:48:59.522+0000] {dag.py:3954} INFO - Setting next_dagrun for example_external_task_marker_child to None, run_after=None
[2024-05-02T23:48:59.527+0000] {logging_mixin.py:188} INFO - [2024-05-02T23:48:59.527+0000] {dag.py:3954} INFO - Setting next_dagrun for example_external_task_marker_parent to None, run_after=None
[2024-05-02T23:48:59.548+0000] {processor.py:183} INFO - Processing /home/airflow/.local/lib/python3.12/site-packages/airflow/example_dags/example_external_task_marker_dag.py took 0.099 seconds
[2024-05-02T23:49:31.084+0000] {processor.py:161} INFO - Started process (PID=1067) to work on /home/airflow/.local/lib/python3.12/site-packages/airflow/example_dags/example_external_task_marker_dag.py
[2024-05-02T23:49:31.085+0000] {processor.py:830} INFO - Processing file /home/airflow/.local/lib/python3.12/site-packages/airflow/example_dags/example_external_task_marker_dag.py for tasks to queue
[2024-05-02T23:49:31.086+0000] {logging_mixin.py:188} INFO - [2024-05-02T23:49:31.086+0000] {dagbag.py:540} INFO - Filling up the DagBag from /home/airflow/.local/lib/python3.12/site-packages/airflow/example_dags/example_external_task_marker_dag.py
[2024-05-02T23:49:31.095+0000] {processor.py:840} INFO - DAG(s) 'example_external_task_marker_child', 'example_external_task_marker_parent' retrieved from /home/airflow/.local/lib/python3.12/site-packages/airflow/example_dags/example_external_task_marker_dag.py
[2024-05-02T23:49:31.128+0000] {logging_mixin.py:188} INFO - [2024-05-02T23:49:31.128+0000] {dag.py:3096} INFO - Sync 2 DAGs
[2024-05-02T23:49:31.325+0000] {logging_mixin.py:188} INFO - [2024-05-02T23:49:31.324+0000] {dag.py:3954} INFO - Setting next_dagrun for example_external_task_marker_child to None, run_after=None
[2024-05-02T23:49:31.330+0000] {logging_mixin.py:188} INFO - [2024-05-02T23:49:31.330+0000] {dag.py:3954} INFO - Setting next_dagrun for example_external_task_marker_parent to None, run_after=None
[2024-05-02T23:49:31.359+0000] {processor.py:183} INFO - Processing /home/airflow/.local/lib/python3.12/site-packages/airflow/example_dags/example_external_task_marker_dag.py took 0.283 seconds
[2024-05-02T23:50:02.335+0000] {processor.py:161} INFO - Started process (PID=1125) to work on /home/airflow/.local/lib/python3.12/site-packages/airflow/example_dags/example_external_task_marker_dag.py
[2024-05-02T23:50:02.336+0000] {processor.py:830} INFO - Processing file /home/airflow/.local/lib/python3.12/site-packages/airflow/example_dags/example_external_task_marker_dag.py for tasks to queue
[2024-05-02T23:50:02.338+0000] {logging_mixin.py:188} INFO - [2024-05-02T23:50:02.337+0000] {dagbag.py:540} INFO - Filling up the DagBag from /home/airflow/.local/lib/python3.12/site-packages/airflow/example_dags/example_external_task_marker_dag.py
[2024-05-02T23:50:02.349+0000] {processor.py:840} INFO - DAG(s) 'example_external_task_marker_parent', 'example_external_task_marker_child' retrieved from /home/airflow/.local/lib/python3.12/site-packages/airflow/example_dags/example_external_task_marker_dag.py
[2024-05-02T23:50:02.388+0000] {logging_mixin.py:188} INFO - [2024-05-02T23:50:02.388+0000] {dag.py:3096} INFO - Sync 2 DAGs
[2024-05-02T23:50:02.409+0000] {logging_mixin.py:188} INFO - [2024-05-02T23:50:02.408+0000] {dag.py:3954} INFO - Setting next_dagrun for example_external_task_marker_child to None, run_after=None
[2024-05-02T23:50:02.414+0000] {logging_mixin.py:188} INFO - [2024-05-02T23:50:02.414+0000] {dag.py:3954} INFO - Setting next_dagrun for example_external_task_marker_parent to None, run_after=None
[2024-05-02T23:50:02.442+0000] {processor.py:183} INFO - Processing /home/airflow/.local/lib/python3.12/site-packages/airflow/example_dags/example_external_task_marker_dag.py took 0.118 seconds
[2024-05-02T23:50:32.595+0000] {processor.py:161} INFO - Started process (PID=1183) to work on /home/airflow/.local/lib/python3.12/site-packages/airflow/example_dags/example_external_task_marker_dag.py
[2024-05-02T23:50:32.596+0000] {processor.py:830} INFO - Processing file /home/airflow/.local/lib/python3.12/site-packages/airflow/example_dags/example_external_task_marker_dag.py for tasks to queue
[2024-05-02T23:50:32.598+0000] {logging_mixin.py:188} INFO - [2024-05-02T23:50:32.597+0000] {dagbag.py:540} INFO - Filling up the DagBag from /home/airflow/.local/lib/python3.12/site-packages/airflow/example_dags/example_external_task_marker_dag.py
[2024-05-02T23:50:32.605+0000] {processor.py:840} INFO - DAG(s) 'example_external_task_marker_parent', 'example_external_task_marker_child' retrieved from /home/airflow/.local/lib/python3.12/site-packages/airflow/example_dags/example_external_task_marker_dag.py
[2024-05-02T23:50:32.634+0000] {logging_mixin.py:188} INFO - [2024-05-02T23:50:32.634+0000] {dag.py:3096} INFO - Sync 2 DAGs
[2024-05-02T23:50:32.651+0000] {logging_mixin.py:188} INFO - [2024-05-02T23:50:32.651+0000] {dag.py:3954} INFO - Setting next_dagrun for example_external_task_marker_child to None, run_after=None
[2024-05-02T23:50:32.656+0000] {logging_mixin.py:188} INFO - [2024-05-02T23:50:32.656+0000] {dag.py:3954} INFO - Setting next_dagrun for example_external_task_marker_parent to None, run_after=None
[2024-05-02T23:50:32.678+0000] {processor.py:183} INFO - Processing /home/airflow/.local/lib/python3.12/site-packages/airflow/example_dags/example_external_task_marker_dag.py took 0.091 seconds
[2024-05-02T23:51:02.996+0000] {processor.py:161} INFO - Started process (PID=1241) to work on /home/airflow/.local/lib/python3.12/site-packages/airflow/example_dags/example_external_task_marker_dag.py
[2024-05-02T23:51:02.997+0000] {processor.py:830} INFO - Processing file /home/airflow/.local/lib/python3.12/site-packages/airflow/example_dags/example_external_task_marker_dag.py for tasks to queue
[2024-05-02T23:51:02.999+0000] {logging_mixin.py:188} INFO - [2024-05-02T23:51:02.998+0000] {dagbag.py:540} INFO - Filling up the DagBag from /home/airflow/.local/lib/python3.12/site-packages/airflow/example_dags/example_external_task_marker_dag.py
[2024-05-02T23:51:03.008+0000] {processor.py:840} INFO - DAG(s) 'example_external_task_marker_child', 'example_external_task_marker_parent' retrieved from /home/airflow/.local/lib/python3.12/site-packages/airflow/example_dags/example_external_task_marker_dag.py
[2024-05-02T23:51:03.043+0000] {logging_mixin.py:188} INFO - [2024-05-02T23:51:03.043+0000] {dag.py:3096} INFO - Sync 2 DAGs
[2024-05-02T23:51:03.066+0000] {logging_mixin.py:188} INFO - [2024-05-02T23:51:03.066+0000] {dag.py:3954} INFO - Setting next_dagrun for example_external_task_marker_child to None, run_after=None
[2024-05-02T23:51:03.071+0000] {logging_mixin.py:188} INFO - [2024-05-02T23:51:03.071+0000] {dag.py:3954} INFO - Setting next_dagrun for example_external_task_marker_parent to None, run_after=None
[2024-05-02T23:51:03.097+0000] {processor.py:183} INFO - Processing /home/airflow/.local/lib/python3.12/site-packages/airflow/example_dags/example_external_task_marker_dag.py took 0.109 seconds
[2024-05-02T23:51:33.199+0000] {processor.py:161} INFO - Started process (PID=1299) to work on /home/airflow/.local/lib/python3.12/site-packages/airflow/example_dags/example_external_task_marker_dag.py
[2024-05-02T23:51:33.200+0000] {processor.py:830} INFO - Processing file /home/airflow/.local/lib/python3.12/site-packages/airflow/example_dags/example_external_task_marker_dag.py for tasks to queue
[2024-05-02T23:51:33.202+0000] {logging_mixin.py:188} INFO - [2024-05-02T23:51:33.201+0000] {dagbag.py:540} INFO - Filling up the DagBag from /home/airflow/.local/lib/python3.12/site-packages/airflow/example_dags/example_external_task_marker_dag.py
[2024-05-02T23:51:33.209+0000] {processor.py:840} INFO - DAG(s) 'example_external_task_marker_child', 'example_external_task_marker_parent' retrieved from /home/airflow/.local/lib/python3.12/site-packages/airflow/example_dags/example_external_task_marker_dag.py
[2024-05-02T23:51:33.241+0000] {logging_mixin.py:188} INFO - [2024-05-02T23:51:33.240+0000] {dag.py:3096} INFO - Sync 2 DAGs
[2024-05-02T23:51:33.257+0000] {logging_mixin.py:188} INFO - [2024-05-02T23:51:33.256+0000] {dag.py:3954} INFO - Setting next_dagrun for example_external_task_marker_child to None, run_after=None
[2024-05-02T23:51:33.263+0000] {logging_mixin.py:188} INFO - [2024-05-02T23:51:33.262+0000] {dag.py:3954} INFO - Setting next_dagrun for example_external_task_marker_parent to None, run_after=None
[2024-05-02T23:51:33.289+0000] {processor.py:183} INFO - Processing /home/airflow/.local/lib/python3.12/site-packages/airflow/example_dags/example_external_task_marker_dag.py took 0.101 seconds
[2024-05-02T23:52:03.491+0000] {processor.py:161} INFO - Started process (PID=1357) to work on /home/airflow/.local/lib/python3.12/site-packages/airflow/example_dags/example_external_task_marker_dag.py
[2024-05-02T23:52:03.492+0000] {processor.py:830} INFO - Processing file /home/airflow/.local/lib/python3.12/site-packages/airflow/example_dags/example_external_task_marker_dag.py for tasks to queue
[2024-05-02T23:52:03.494+0000] {logging_mixin.py:188} INFO - [2024-05-02T23:52:03.493+0000] {dagbag.py:540} INFO - Filling up the DagBag from /home/airflow/.local/lib/python3.12/site-packages/airflow/example_dags/example_external_task_marker_dag.py
[2024-05-02T23:52:03.504+0000] {processor.py:840} INFO - DAG(s) 'example_external_task_marker_parent', 'example_external_task_marker_child' retrieved from /home/airflow/.local/lib/python3.12/site-packages/airflow/example_dags/example_external_task_marker_dag.py
[2024-05-02T23:52:03.536+0000] {logging_mixin.py:188} INFO - [2024-05-02T23:52:03.536+0000] {dag.py:3096} INFO - Sync 2 DAGs
[2024-05-02T23:52:03.553+0000] {logging_mixin.py:188} INFO - [2024-05-02T23:52:03.553+0000] {dag.py:3954} INFO - Setting next_dagrun for example_external_task_marker_child to None, run_after=None
[2024-05-02T23:52:03.558+0000] {logging_mixin.py:188} INFO - [2024-05-02T23:52:03.558+0000] {dag.py:3954} INFO - Setting next_dagrun for example_external_task_marker_parent to None, run_after=None
[2024-05-02T23:52:03.580+0000] {processor.py:183} INFO - Processing /home/airflow/.local/lib/python3.12/site-packages/airflow/example_dags/example_external_task_marker_dag.py took 0.098 seconds
[2024-05-02T23:52:33.944+0000] {processor.py:161} INFO - Started process (PID=1416) to work on /home/airflow/.local/lib/python3.12/site-packages/airflow/example_dags/example_external_task_marker_dag.py
[2024-05-02T23:52:33.945+0000] {processor.py:830} INFO - Processing file /home/airflow/.local/lib/python3.12/site-packages/airflow/example_dags/example_external_task_marker_dag.py for tasks to queue
[2024-05-02T23:52:33.946+0000] {logging_mixin.py:188} INFO - [2024-05-02T23:52:33.946+0000] {dagbag.py:540} INFO - Filling up the DagBag from /home/airflow/.local/lib/python3.12/site-packages/airflow/example_dags/example_external_task_marker_dag.py
[2024-05-02T23:52:33.954+0000] {processor.py:840} INFO - DAG(s) 'example_external_task_marker_child', 'example_external_task_marker_parent' retrieved from /home/airflow/.local/lib/python3.12/site-packages/airflow/example_dags/example_external_task_marker_dag.py
[2024-05-02T23:52:33.993+0000] {logging_mixin.py:188} INFO - [2024-05-02T23:52:33.993+0000] {dag.py:3096} INFO - Sync 2 DAGs
[2024-05-02T23:52:34.016+0000] {logging_mixin.py:188} INFO - [2024-05-02T23:52:34.016+0000] {dag.py:3954} INFO - Setting next_dagrun for example_external_task_marker_child to None, run_after=None
[2024-05-02T23:52:34.023+0000] {logging_mixin.py:188} INFO - [2024-05-02T23:52:34.022+0000] {dag.py:3954} INFO - Setting next_dagrun for example_external_task_marker_parent to None, run_after=None
[2024-05-02T23:52:34.049+0000] {processor.py:183} INFO - Processing /home/airflow/.local/lib/python3.12/site-packages/airflow/example_dags/example_external_task_marker_dag.py took 0.114 seconds
[2024-05-02T23:53:04.121+0000] {processor.py:161} INFO - Started process (PID=1474) to work on /home/airflow/.local/lib/python3.12/site-packages/airflow/example_dags/example_external_task_marker_dag.py
[2024-05-02T23:53:04.122+0000] {processor.py:830} INFO - Processing file /home/airflow/.local/lib/python3.12/site-packages/airflow/example_dags/example_external_task_marker_dag.py for tasks to queue
[2024-05-02T23:53:04.123+0000] {logging_mixin.py:188} INFO - [2024-05-02T23:53:04.123+0000] {dagbag.py:540} INFO - Filling up the DagBag from /home/airflow/.local/lib/python3.12/site-packages/airflow/example_dags/example_external_task_marker_dag.py
[2024-05-02T23:53:04.130+0000] {processor.py:840} INFO - DAG(s) 'example_external_task_marker_child', 'example_external_task_marker_parent' retrieved from /home/airflow/.local/lib/python3.12/site-packages/airflow/example_dags/example_external_task_marker_dag.py
[2024-05-02T23:53:04.167+0000] {logging_mixin.py:188} INFO - [2024-05-02T23:53:04.166+0000] {dag.py:3096} INFO - Sync 2 DAGs
[2024-05-02T23:53:04.190+0000] {logging_mixin.py:188} INFO - [2024-05-02T23:53:04.190+0000] {dag.py:3954} INFO - Setting next_dagrun for example_external_task_marker_child to None, run_after=None
[2024-05-02T23:53:04.197+0000] {logging_mixin.py:188} INFO - [2024-05-02T23:53:04.196+0000] {dag.py:3954} INFO - Setting next_dagrun for example_external_task_marker_parent to None, run_after=None
[2024-05-02T23:53:04.224+0000] {processor.py:183} INFO - Processing /home/airflow/.local/lib/python3.12/site-packages/airflow/example_dags/example_external_task_marker_dag.py took 0.110 seconds
[2024-05-02T23:53:35.011+0000] {processor.py:161} INFO - Started process (PID=1532) to work on /home/airflow/.local/lib/python3.12/site-packages/airflow/example_dags/example_external_task_marker_dag.py
[2024-05-02T23:53:35.012+0000] {processor.py:830} INFO - Processing file /home/airflow/.local/lib/python3.12/site-packages/airflow/example_dags/example_external_task_marker_dag.py for tasks to queue
[2024-05-02T23:53:35.014+0000] {logging_mixin.py:188} INFO - [2024-05-02T23:53:35.013+0000] {dagbag.py:540} INFO - Filling up the DagBag from /home/airflow/.local/lib/python3.12/site-packages/airflow/example_dags/example_external_task_marker_dag.py
[2024-05-02T23:53:35.021+0000] {processor.py:840} INFO - DAG(s) 'example_external_task_marker_child', 'example_external_task_marker_parent' retrieved from /home/airflow/.local/lib/python3.12/site-packages/airflow/example_dags/example_external_task_marker_dag.py
[2024-05-02T23:53:35.055+0000] {logging_mixin.py:188} INFO - [2024-05-02T23:53:35.055+0000] {dag.py:3096} INFO - Sync 2 DAGs
[2024-05-02T23:53:35.072+0000] {logging_mixin.py:188} INFO - [2024-05-02T23:53:35.072+0000] {dag.py:3954} INFO - Setting next_dagrun for example_external_task_marker_child to None, run_after=None
[2024-05-02T23:53:35.077+0000] {logging_mixin.py:188} INFO - [2024-05-02T23:53:35.077+0000] {dag.py:3954} INFO - Setting next_dagrun for example_external_task_marker_parent to None, run_after=None
[2024-05-02T23:53:35.098+0000] {processor.py:183} INFO - Processing /home/airflow/.local/lib/python3.12/site-packages/airflow/example_dags/example_external_task_marker_dag.py took 0.096 seconds
[2024-05-02T23:54:05.599+0000] {processor.py:161} INFO - Started process (PID=1590) to work on /home/airflow/.local/lib/python3.12/site-packages/airflow/example_dags/example_external_task_marker_dag.py
[2024-05-02T23:54:05.601+0000] {processor.py:830} INFO - Processing file /home/airflow/.local/lib/python3.12/site-packages/airflow/example_dags/example_external_task_marker_dag.py for tasks to queue
[2024-05-02T23:54:05.602+0000] {logging_mixin.py:188} INFO - [2024-05-02T23:54:05.602+0000] {dagbag.py:540} INFO - Filling up the DagBag from /home/airflow/.local/lib/python3.12/site-packages/airflow/example_dags/example_external_task_marker_dag.py
[2024-05-02T23:54:05.610+0000] {processor.py:840} INFO - DAG(s) 'example_external_task_marker_parent', 'example_external_task_marker_child' retrieved from /home/airflow/.local/lib/python3.12/site-packages/airflow/example_dags/example_external_task_marker_dag.py
[2024-05-02T23:54:05.649+0000] {logging_mixin.py:188} INFO - [2024-05-02T23:54:05.649+0000] {dag.py:3096} INFO - Sync 2 DAGs
[2024-05-02T23:54:05.671+0000] {logging_mixin.py:188} INFO - [2024-05-02T23:54:05.670+0000] {dag.py:3954} INFO - Setting next_dagrun for example_external_task_marker_child to None, run_after=None
[2024-05-02T23:54:05.677+0000] {logging_mixin.py:188} INFO - [2024-05-02T23:54:05.676+0000] {dag.py:3954} INFO - Setting next_dagrun for example_external_task_marker_parent to None, run_after=None
[2024-05-02T23:54:05.704+0000] {processor.py:183} INFO - Processing /home/airflow/.local/lib/python3.12/site-packages/airflow/example_dags/example_external_task_marker_dag.py took 0.115 seconds
[2024-05-02T23:54:36.225+0000] {processor.py:161} INFO - Started process (PID=1648) to work on /home/airflow/.local/lib/python3.12/site-packages/airflow/example_dags/example_external_task_marker_dag.py
[2024-05-02T23:54:36.226+0000] {processor.py:830} INFO - Processing file /home/airflow/.local/lib/python3.12/site-packages/airflow/example_dags/example_external_task_marker_dag.py for tasks to queue
[2024-05-02T23:54:36.228+0000] {logging_mixin.py:188} INFO - [2024-05-02T23:54:36.227+0000] {dagbag.py:540} INFO - Filling up the DagBag from /home/airflow/.local/lib/python3.12/site-packages/airflow/example_dags/example_external_task_marker_dag.py
[2024-05-02T23:54:36.234+0000] {processor.py:840} INFO - DAG(s) 'example_external_task_marker_parent', 'example_external_task_marker_child' retrieved from /home/airflow/.local/lib/python3.12/site-packages/airflow/example_dags/example_external_task_marker_dag.py
[2024-05-02T23:54:36.264+0000] {logging_mixin.py:188} INFO - [2024-05-02T23:54:36.264+0000] {dag.py:3096} INFO - Sync 2 DAGs
[2024-05-02T23:54:36.282+0000] {logging_mixin.py:188} INFO - [2024-05-02T23:54:36.282+0000] {dag.py:3954} INFO - Setting next_dagrun for example_external_task_marker_child to None, run_after=None
[2024-05-02T23:54:36.287+0000] {logging_mixin.py:188} INFO - [2024-05-02T23:54:36.287+0000] {dag.py:3954} INFO - Setting next_dagrun for example_external_task_marker_parent to None, run_after=None
[2024-05-02T23:54:36.315+0000] {processor.py:183} INFO - Processing /home/airflow/.local/lib/python3.12/site-packages/airflow/example_dags/example_external_task_marker_dag.py took 0.097 seconds
[2024-05-02T23:55:06.836+0000] {processor.py:161} INFO - Started process (PID=1706) to work on /home/airflow/.local/lib/python3.12/site-packages/airflow/example_dags/example_external_task_marker_dag.py
[2024-05-02T23:55:06.837+0000] {processor.py:830} INFO - Processing file /home/airflow/.local/lib/python3.12/site-packages/airflow/example_dags/example_external_task_marker_dag.py for tasks to queue
[2024-05-02T23:55:06.839+0000] {logging_mixin.py:188} INFO - [2024-05-02T23:55:06.838+0000] {dagbag.py:540} INFO - Filling up the DagBag from /home/airflow/.local/lib/python3.12/site-packages/airflow/example_dags/example_external_task_marker_dag.py
[2024-05-02T23:55:06.848+0000] {processor.py:840} INFO - DAG(s) 'example_external_task_marker_child', 'example_external_task_marker_parent' retrieved from /home/airflow/.local/lib/python3.12/site-packages/airflow/example_dags/example_external_task_marker_dag.py
[2024-05-02T23:55:06.882+0000] {logging_mixin.py:188} INFO - [2024-05-02T23:55:06.881+0000] {dag.py:3096} INFO - Sync 2 DAGs
[2024-05-02T23:55:06.903+0000] {logging_mixin.py:188} INFO - [2024-05-02T23:55:06.903+0000] {dag.py:3954} INFO - Setting next_dagrun for example_external_task_marker_child to None, run_after=None
[2024-05-02T23:55:06.910+0000] {logging_mixin.py:188} INFO - [2024-05-02T23:55:06.909+0000] {dag.py:3954} INFO - Setting next_dagrun for example_external_task_marker_parent to None, run_after=None
[2024-05-02T23:55:06.933+0000] {processor.py:183} INFO - Processing /home/airflow/.local/lib/python3.12/site-packages/airflow/example_dags/example_external_task_marker_dag.py took 0.105 seconds
[2024-05-02T23:55:37.084+0000] {processor.py:161} INFO - Started process (PID=1763) to work on /home/airflow/.local/lib/python3.12/site-packages/airflow/example_dags/example_external_task_marker_dag.py
[2024-05-02T23:55:37.085+0000] {processor.py:830} INFO - Processing file /home/airflow/.local/lib/python3.12/site-packages/airflow/example_dags/example_external_task_marker_dag.py for tasks to queue
[2024-05-02T23:55:37.086+0000] {logging_mixin.py:188} INFO - [2024-05-02T23:55:37.086+0000] {dagbag.py:540} INFO - Filling up the DagBag from /home/airflow/.local/lib/python3.12/site-packages/airflow/example_dags/example_external_task_marker_dag.py
[2024-05-02T23:55:37.093+0000] {processor.py:840} INFO - DAG(s) 'example_external_task_marker_child', 'example_external_task_marker_parent' retrieved from /home/airflow/.local/lib/python3.12/site-packages/airflow/example_dags/example_external_task_marker_dag.py
[2024-05-02T23:55:37.125+0000] {logging_mixin.py:188} INFO - [2024-05-02T23:55:37.124+0000] {dag.py:3096} INFO - Sync 2 DAGs
[2024-05-02T23:55:37.141+0000] {logging_mixin.py:188} INFO - [2024-05-02T23:55:37.141+0000] {dag.py:3954} INFO - Setting next_dagrun for example_external_task_marker_child to None, run_after=None
[2024-05-02T23:55:37.146+0000] {logging_mixin.py:188} INFO - [2024-05-02T23:55:37.146+0000] {dag.py:3954} INFO - Setting next_dagrun for example_external_task_marker_parent to None, run_after=None
[2024-05-02T23:55:37.171+0000] {processor.py:183} INFO - Processing /home/airflow/.local/lib/python3.12/site-packages/airflow/example_dags/example_external_task_marker_dag.py took 0.096 seconds
[2024-05-02T23:56:07.489+0000] {processor.py:161} INFO - Started process (PID=1820) to work on /home/airflow/.local/lib/python3.12/site-packages/airflow/example_dags/example_external_task_marker_dag.py
[2024-05-02T23:56:07.490+0000] {processor.py:830} INFO - Processing file /home/airflow/.local/lib/python3.12/site-packages/airflow/example_dags/example_external_task_marker_dag.py for tasks to queue
[2024-05-02T23:56:07.491+0000] {logging_mixin.py:188} INFO - [2024-05-02T23:56:07.491+0000] {dagbag.py:540} INFO - Filling up the DagBag from /home/airflow/.local/lib/python3.12/site-packages/airflow/example_dags/example_external_task_marker_dag.py
[2024-05-02T23:56:07.498+0000] {processor.py:840} INFO - DAG(s) 'example_external_task_marker_parent', 'example_external_task_marker_child' retrieved from /home/airflow/.local/lib/python3.12/site-packages/airflow/example_dags/example_external_task_marker_dag.py
[2024-05-02T23:56:07.536+0000] {logging_mixin.py:188} INFO - [2024-05-02T23:56:07.536+0000] {dag.py:3096} INFO - Sync 2 DAGs
[2024-05-02T23:56:07.554+0000] {logging_mixin.py:188} INFO - [2024-05-02T23:56:07.553+0000] {dag.py:3954} INFO - Setting next_dagrun for example_external_task_marker_child to None, run_after=None
[2024-05-02T23:56:07.559+0000] {logging_mixin.py:188} INFO - [2024-05-02T23:56:07.559+0000] {dag.py:3954} INFO - Setting next_dagrun for example_external_task_marker_parent to None, run_after=None
[2024-05-02T23:56:07.627+0000] {processor.py:183} INFO - Processing /home/airflow/.local/lib/python3.12/site-packages/airflow/example_dags/example_external_task_marker_dag.py took 0.146 seconds
[2024-05-02T23:56:38.266+0000] {processor.py:161} INFO - Started process (PID=1878) to work on /home/airflow/.local/lib/python3.12/site-packages/airflow/example_dags/example_external_task_marker_dag.py
[2024-05-02T23:56:38.267+0000] {processor.py:830} INFO - Processing file /home/airflow/.local/lib/python3.12/site-packages/airflow/example_dags/example_external_task_marker_dag.py for tasks to queue
[2024-05-02T23:56:38.269+0000] {logging_mixin.py:188} INFO - [2024-05-02T23:56:38.269+0000] {dagbag.py:540} INFO - Filling up the DagBag from /home/airflow/.local/lib/python3.12/site-packages/airflow/example_dags/example_external_task_marker_dag.py
[2024-05-02T23:56:38.281+0000] {processor.py:840} INFO - DAG(s) 'example_external_task_marker_child', 'example_external_task_marker_parent' retrieved from /home/airflow/.local/lib/python3.12/site-packages/airflow/example_dags/example_external_task_marker_dag.py
[2024-05-02T23:56:38.312+0000] {logging_mixin.py:188} INFO - [2024-05-02T23:56:38.311+0000] {dag.py:3096} INFO - Sync 2 DAGs
[2024-05-02T23:56:38.333+0000] {logging_mixin.py:188} INFO - [2024-05-02T23:56:38.333+0000] {dag.py:3954} INFO - Setting next_dagrun for example_external_task_marker_child to None, run_after=None
[2024-05-02T23:56:38.340+0000] {logging_mixin.py:188} INFO - [2024-05-02T23:56:38.339+0000] {dag.py:3954} INFO - Setting next_dagrun for example_external_task_marker_parent to None, run_after=None
[2024-05-02T23:56:38.367+0000] {processor.py:183} INFO - Processing /home/airflow/.local/lib/python3.12/site-packages/airflow/example_dags/example_external_task_marker_dag.py took 0.120 seconds
[2024-05-02T23:57:09.242+0000] {processor.py:161} INFO - Started process (PID=1936) to work on /home/airflow/.local/lib/python3.12/site-packages/airflow/example_dags/example_external_task_marker_dag.py
[2024-05-02T23:57:09.243+0000] {processor.py:830} INFO - Processing file /home/airflow/.local/lib/python3.12/site-packages/airflow/example_dags/example_external_task_marker_dag.py for tasks to queue
[2024-05-02T23:57:09.245+0000] {logging_mixin.py:188} INFO - [2024-05-02T23:57:09.244+0000] {dagbag.py:540} INFO - Filling up the DagBag from /home/airflow/.local/lib/python3.12/site-packages/airflow/example_dags/example_external_task_marker_dag.py
[2024-05-02T23:57:09.255+0000] {processor.py:840} INFO - DAG(s) 'example_external_task_marker_child', 'example_external_task_marker_parent' retrieved from /home/airflow/.local/lib/python3.12/site-packages/airflow/example_dags/example_external_task_marker_dag.py
[2024-05-02T23:57:09.292+0000] {logging_mixin.py:188} INFO - [2024-05-02T23:57:09.291+0000] {dag.py:3096} INFO - Sync 2 DAGs
[2024-05-02T23:57:09.310+0000] {logging_mixin.py:188} INFO - [2024-05-02T23:57:09.310+0000] {dag.py:3954} INFO - Setting next_dagrun for example_external_task_marker_child to None, run_after=None
[2024-05-02T23:57:09.315+0000] {logging_mixin.py:188} INFO - [2024-05-02T23:57:09.315+0000] {dag.py:3954} INFO - Setting next_dagrun for example_external_task_marker_parent to None, run_after=None
[2024-05-02T23:57:09.338+0000] {processor.py:183} INFO - Processing /home/airflow/.local/lib/python3.12/site-packages/airflow/example_dags/example_external_task_marker_dag.py took 0.103 seconds
