[2024-05-02T05:54:26.915+0000] {processor.py:161} INFO - Started process (PID=79) to work on /home/airflow/.local/lib/python3.12/site-packages/airflow/example_dags/example_bash_operator.py
[2024-05-02T05:54:26.917+0000] {processor.py:830} INFO - Processing file /home/airflow/.local/lib/python3.12/site-packages/airflow/example_dags/example_bash_operator.py for tasks to queue
[2024-05-02T05:54:26.924+0000] {logging_mixin.py:188} INFO - [2024-05-02T05:54:26.922+0000] {dagbag.py:540} INFO - Filling up the DagBag from /home/airflow/.local/lib/python3.12/site-packages/airflow/example_dags/example_bash_operator.py
[2024-05-02T05:54:26.966+0000] {processor.py:840} INFO - DAG(s) 'example_bash_operator' retrieved from /home/airflow/.local/lib/python3.12/site-packages/airflow/example_dags/example_bash_operator.py
[2024-05-02T05:54:27.483+0000] {logging_mixin.py:188} INFO - [2024-05-02T05:54:27.483+0000] {dag.py:3096} INFO - Sync 1 DAGs
[2024-05-02T05:54:27.538+0000] {logging_mixin.py:188} INFO - [2024-05-02T05:54:27.537+0000] {dag.py:3954} INFO - Setting next_dagrun for example_bash_operator to 2024-05-01 00:00:00+00:00, run_after=2024-05-02 00:00:00+00:00
[2024-05-02T05:54:27.602+0000] {processor.py:183} INFO - Processing /home/airflow/.local/lib/python3.12/site-packages/airflow/example_dags/example_bash_operator.py took 0.703 seconds
[2024-05-02T05:54:58.033+0000] {processor.py:161} INFO - Started process (PID=137) to work on /home/airflow/.local/lib/python3.12/site-packages/airflow/example_dags/example_bash_operator.py
[2024-05-02T05:54:58.045+0000] {processor.py:830} INFO - Processing file /home/airflow/.local/lib/python3.12/site-packages/airflow/example_dags/example_bash_operator.py for tasks to queue
[2024-05-02T05:54:58.050+0000] {logging_mixin.py:188} INFO - [2024-05-02T05:54:58.049+0000] {dagbag.py:540} INFO - Filling up the DagBag from /home/airflow/.local/lib/python3.12/site-packages/airflow/example_dags/example_bash_operator.py
[2024-05-02T05:54:58.167+0000] {processor.py:840} INFO - DAG(s) 'example_bash_operator' retrieved from /home/airflow/.local/lib/python3.12/site-packages/airflow/example_dags/example_bash_operator.py
[2024-05-02T05:54:58.341+0000] {logging_mixin.py:188} INFO - [2024-05-02T05:54:58.340+0000] {dag.py:3096} INFO - Sync 1 DAGs
[2024-05-02T05:54:58.392+0000] {logging_mixin.py:188} INFO - [2024-05-02T05:54:58.391+0000] {dag.py:3954} INFO - Setting next_dagrun for example_bash_operator to 2024-05-01 00:00:00+00:00, run_after=2024-05-02 00:00:00+00:00
[2024-05-02T05:54:58.516+0000] {processor.py:183} INFO - Processing /home/airflow/.local/lib/python3.12/site-packages/airflow/example_dags/example_bash_operator.py took 0.512 seconds
[2024-05-02T05:55:30.361+0000] {processor.py:161} INFO - Started process (PID=195) to work on /home/airflow/.local/lib/python3.12/site-packages/airflow/example_dags/example_bash_operator.py
[2024-05-02T05:55:30.369+0000] {processor.py:830} INFO - Processing file /home/airflow/.local/lib/python3.12/site-packages/airflow/example_dags/example_bash_operator.py for tasks to queue
[2024-05-02T05:55:30.379+0000] {logging_mixin.py:188} INFO - [2024-05-02T05:55:30.378+0000] {dagbag.py:540} INFO - Filling up the DagBag from /home/airflow/.local/lib/python3.12/site-packages/airflow/example_dags/example_bash_operator.py
[2024-05-02T05:55:30.455+0000] {processor.py:840} INFO - DAG(s) 'example_bash_operator' retrieved from /home/airflow/.local/lib/python3.12/site-packages/airflow/example_dags/example_bash_operator.py
[2024-05-02T05:55:30.624+0000] {logging_mixin.py:188} INFO - [2024-05-02T05:55:30.624+0000] {dag.py:3096} INFO - Sync 1 DAGs
[2024-05-02T05:55:30.734+0000] {logging_mixin.py:188} INFO - [2024-05-02T05:55:30.734+0000] {dag.py:3954} INFO - Setting next_dagrun for example_bash_operator to 2024-05-01 00:00:00+00:00, run_after=2024-05-02 00:00:00+00:00
[2024-05-02T05:55:30.850+0000] {processor.py:183} INFO - Processing /home/airflow/.local/lib/python3.12/site-packages/airflow/example_dags/example_bash_operator.py took 0.514 seconds
[2024-05-02T05:57:12.524+0000] {processor.py:161} INFO - Started process (PID=289) to work on /home/airflow/.local/lib/python3.12/site-packages/airflow/example_dags/example_bash_operator.py
[2024-05-02T05:57:12.541+0000] {processor.py:830} INFO - Processing file /home/airflow/.local/lib/python3.12/site-packages/airflow/example_dags/example_bash_operator.py for tasks to queue
[2024-05-02T05:57:12.556+0000] {logging_mixin.py:188} INFO - [2024-05-02T05:57:12.552+0000] {dagbag.py:540} INFO - Filling up the DagBag from /home/airflow/.local/lib/python3.12/site-packages/airflow/example_dags/example_bash_operator.py
[2024-05-02T05:57:12.711+0000] {processor.py:840} INFO - DAG(s) 'example_bash_operator' retrieved from /home/airflow/.local/lib/python3.12/site-packages/airflow/example_dags/example_bash_operator.py
[2024-05-02T05:57:13.246+0000] {logging_mixin.py:188} INFO - [2024-05-02T05:57:13.246+0000] {dag.py:3096} INFO - Sync 1 DAGs
[2024-05-02T05:57:13.497+0000] {logging_mixin.py:188} INFO - [2024-05-02T05:57:13.496+0000] {dag.py:3954} INFO - Setting next_dagrun for example_bash_operator to 2024-05-01 00:00:00+00:00, run_after=2024-05-02 00:00:00+00:00
[2024-05-02T05:57:13.661+0000] {processor.py:183} INFO - Processing /home/airflow/.local/lib/python3.12/site-packages/airflow/example_dags/example_bash_operator.py took 1.190 seconds
[2024-05-02T23:42:45.118+0000] {processor.py:161} INFO - Started process (PID=370) to work on /home/airflow/.local/lib/python3.12/site-packages/airflow/example_dags/example_bash_operator.py
[2024-05-02T23:42:45.242+0000] {processor.py:830} INFO - Processing file /home/airflow/.local/lib/python3.12/site-packages/airflow/example_dags/example_bash_operator.py for tasks to queue
[2024-05-02T23:42:45.319+0000] {logging_mixin.py:188} INFO - [2024-05-02T23:42:45.253+0000] {dagbag.py:540} INFO - Filling up the DagBag from /home/airflow/.local/lib/python3.12/site-packages/airflow/example_dags/example_bash_operator.py
[2024-05-02T23:42:45.636+0000] {processor.py:840} INFO - DAG(s) 'example_bash_operator' retrieved from /home/airflow/.local/lib/python3.12/site-packages/airflow/example_dags/example_bash_operator.py
[2024-05-02T23:42:45.905+0000] {logging_mixin.py:188} INFO - [2024-05-02T23:42:45.904+0000] {dag.py:3096} INFO - Sync 1 DAGs
[2024-05-02T23:42:46.251+0000] {logging_mixin.py:188} INFO - [2024-05-02T23:42:46.250+0000] {dag.py:3954} INFO - Setting next_dagrun for example_bash_operator to 2024-05-01 00:00:00+00:00, run_after=2024-05-02 00:00:00+00:00
[2024-05-02T23:42:46.600+0000] {processor.py:183} INFO - Processing /home/airflow/.local/lib/python3.12/site-packages/airflow/example_dags/example_bash_operator.py took 1.663 seconds
[2024-05-02T23:43:16.994+0000] {processor.py:161} INFO - Started process (PID=429) to work on /home/airflow/.local/lib/python3.12/site-packages/airflow/example_dags/example_bash_operator.py
[2024-05-02T23:43:17.021+0000] {processor.py:830} INFO - Processing file /home/airflow/.local/lib/python3.12/site-packages/airflow/example_dags/example_bash_operator.py for tasks to queue
[2024-05-02T23:43:17.025+0000] {logging_mixin.py:188} INFO - [2024-05-02T23:43:17.023+0000] {dagbag.py:540} INFO - Filling up the DagBag from /home/airflow/.local/lib/python3.12/site-packages/airflow/example_dags/example_bash_operator.py
[2024-05-02T23:43:17.177+0000] {processor.py:840} INFO - DAG(s) 'example_bash_operator' retrieved from /home/airflow/.local/lib/python3.12/site-packages/airflow/example_dags/example_bash_operator.py
[2024-05-02T23:43:17.245+0000] {logging_mixin.py:188} INFO - [2024-05-02T23:43:17.244+0000] {dag.py:3096} INFO - Sync 1 DAGs
[2024-05-02T23:43:17.596+0000] {logging_mixin.py:188} INFO - [2024-05-02T23:43:17.592+0000] {dag.py:3954} INFO - Setting next_dagrun for example_bash_operator to 2024-05-01 00:00:00+00:00, run_after=2024-05-02 00:00:00+00:00
[2024-05-02T23:43:17.817+0000] {processor.py:183} INFO - Processing /home/airflow/.local/lib/python3.12/site-packages/airflow/example_dags/example_bash_operator.py took 0.898 seconds
[2024-05-02T23:44:23.353+0000] {processor.py:161} INFO - Started process (PID=488) to work on /home/airflow/.local/lib/python3.12/site-packages/airflow/example_dags/example_bash_operator.py
[2024-05-02T23:44:23.365+0000] {processor.py:830} INFO - Processing file /home/airflow/.local/lib/python3.12/site-packages/airflow/example_dags/example_bash_operator.py for tasks to queue
[2024-05-02T23:44:23.372+0000] {logging_mixin.py:188} INFO - [2024-05-02T23:44:23.371+0000] {dagbag.py:540} INFO - Filling up the DagBag from /home/airflow/.local/lib/python3.12/site-packages/airflow/example_dags/example_bash_operator.py
[2024-05-02T23:44:23.422+0000] {processor.py:840} INFO - DAG(s) 'example_bash_operator' retrieved from /home/airflow/.local/lib/python3.12/site-packages/airflow/example_dags/example_bash_operator.py
[2024-05-02T23:44:23.758+0000] {logging_mixin.py:188} INFO - [2024-05-02T23:44:23.757+0000] {dag.py:3096} INFO - Sync 1 DAGs
[2024-05-02T23:44:23.799+0000] {logging_mixin.py:188} INFO - [2024-05-02T23:44:23.798+0000] {dag.py:3954} INFO - Setting next_dagrun for example_bash_operator to 2024-05-01 00:00:00+00:00, run_after=2024-05-02 00:00:00+00:00
[2024-05-02T23:44:23.839+0000] {processor.py:183} INFO - Processing /home/airflow/.local/lib/python3.12/site-packages/airflow/example_dags/example_bash_operator.py took 0.517 seconds
[2024-05-02T23:44:54.565+0000] {processor.py:161} INFO - Started process (PID=546) to work on /home/airflow/.local/lib/python3.12/site-packages/airflow/example_dags/example_bash_operator.py
[2024-05-02T23:44:54.570+0000] {processor.py:830} INFO - Processing file /home/airflow/.local/lib/python3.12/site-packages/airflow/example_dags/example_bash_operator.py for tasks to queue
[2024-05-02T23:44:54.572+0000] {logging_mixin.py:188} INFO - [2024-05-02T23:44:54.572+0000] {dagbag.py:540} INFO - Filling up the DagBag from /home/airflow/.local/lib/python3.12/site-packages/airflow/example_dags/example_bash_operator.py
[2024-05-02T23:44:54.601+0000] {processor.py:840} INFO - DAG(s) 'example_bash_operator' retrieved from /home/airflow/.local/lib/python3.12/site-packages/airflow/example_dags/example_bash_operator.py
[2024-05-02T23:44:54.706+0000] {logging_mixin.py:188} INFO - [2024-05-02T23:44:54.705+0000] {dag.py:3096} INFO - Sync 1 DAGs
[2024-05-02T23:44:54.750+0000] {logging_mixin.py:188} INFO - [2024-05-02T23:44:54.749+0000] {dag.py:3954} INFO - Setting next_dagrun for example_bash_operator to 2024-05-01 00:00:00+00:00, run_after=2024-05-02 00:00:00+00:00
[2024-05-02T23:44:54.786+0000] {processor.py:183} INFO - Processing /home/airflow/.local/lib/python3.12/site-packages/airflow/example_dags/example_bash_operator.py took 0.235 seconds
[2024-05-02T23:45:27.081+0000] {processor.py:161} INFO - Started process (PID=610) to work on /home/airflow/.local/lib/python3.12/site-packages/airflow/example_dags/example_bash_operator.py
[2024-05-02T23:45:27.083+0000] {processor.py:830} INFO - Processing file /home/airflow/.local/lib/python3.12/site-packages/airflow/example_dags/example_bash_operator.py for tasks to queue
[2024-05-02T23:45:27.086+0000] {logging_mixin.py:188} INFO - [2024-05-02T23:45:27.085+0000] {dagbag.py:540} INFO - Filling up the DagBag from /home/airflow/.local/lib/python3.12/site-packages/airflow/example_dags/example_bash_operator.py
[2024-05-02T23:45:27.118+0000] {processor.py:840} INFO - DAG(s) 'example_bash_operator' retrieved from /home/airflow/.local/lib/python3.12/site-packages/airflow/example_dags/example_bash_operator.py
[2024-05-02T23:45:27.207+0000] {logging_mixin.py:188} INFO - [2024-05-02T23:45:27.206+0000] {dag.py:3096} INFO - Sync 1 DAGs
[2024-05-02T23:45:27.302+0000] {logging_mixin.py:188} INFO - [2024-05-02T23:45:27.301+0000] {dag.py:3954} INFO - Setting next_dagrun for example_bash_operator to 2024-05-01 00:00:00+00:00, run_after=2024-05-02 00:00:00+00:00
[2024-05-02T23:45:27.367+0000] {processor.py:183} INFO - Processing /home/airflow/.local/lib/python3.12/site-packages/airflow/example_dags/example_bash_operator.py took 0.298 seconds
[2024-05-02T23:45:57.875+0000] {processor.py:161} INFO - Started process (PID=668) to work on /home/airflow/.local/lib/python3.12/site-packages/airflow/example_dags/example_bash_operator.py
[2024-05-02T23:45:57.876+0000] {processor.py:830} INFO - Processing file /home/airflow/.local/lib/python3.12/site-packages/airflow/example_dags/example_bash_operator.py for tasks to queue
[2024-05-02T23:45:57.877+0000] {logging_mixin.py:188} INFO - [2024-05-02T23:45:57.877+0000] {dagbag.py:540} INFO - Filling up the DagBag from /home/airflow/.local/lib/python3.12/site-packages/airflow/example_dags/example_bash_operator.py
[2024-05-02T23:45:57.892+0000] {processor.py:840} INFO - DAG(s) 'example_bash_operator' retrieved from /home/airflow/.local/lib/python3.12/site-packages/airflow/example_dags/example_bash_operator.py
[2024-05-02T23:45:57.947+0000] {logging_mixin.py:188} INFO - [2024-05-02T23:45:57.947+0000] {dag.py:3096} INFO - Sync 1 DAGs
[2024-05-02T23:45:57.986+0000] {logging_mixin.py:188} INFO - [2024-05-02T23:45:57.986+0000] {dag.py:3954} INFO - Setting next_dagrun for example_bash_operator to 2024-05-01 00:00:00+00:00, run_after=2024-05-02 00:00:00+00:00
[2024-05-02T23:45:58.017+0000] {processor.py:183} INFO - Processing /home/airflow/.local/lib/python3.12/site-packages/airflow/example_dags/example_bash_operator.py took 0.151 seconds
[2024-05-02T23:46:28.113+0000] {processor.py:161} INFO - Started process (PID=726) to work on /home/airflow/.local/lib/python3.12/site-packages/airflow/example_dags/example_bash_operator.py
[2024-05-02T23:46:28.114+0000] {processor.py:830} INFO - Processing file /home/airflow/.local/lib/python3.12/site-packages/airflow/example_dags/example_bash_operator.py for tasks to queue
[2024-05-02T23:46:28.116+0000] {logging_mixin.py:188} INFO - [2024-05-02T23:46:28.115+0000] {dagbag.py:540} INFO - Filling up the DagBag from /home/airflow/.local/lib/python3.12/site-packages/airflow/example_dags/example_bash_operator.py
[2024-05-02T23:46:28.136+0000] {processor.py:840} INFO - DAG(s) 'example_bash_operator' retrieved from /home/airflow/.local/lib/python3.12/site-packages/airflow/example_dags/example_bash_operator.py
[2024-05-02T23:46:28.180+0000] {logging_mixin.py:188} INFO - [2024-05-02T23:46:28.180+0000] {dag.py:3096} INFO - Sync 1 DAGs
[2024-05-02T23:46:28.214+0000] {logging_mixin.py:188} INFO - [2024-05-02T23:46:28.213+0000] {dag.py:3954} INFO - Setting next_dagrun for example_bash_operator to 2024-05-01 00:00:00+00:00, run_after=2024-05-02 00:00:00+00:00
[2024-05-02T23:46:28.237+0000] {processor.py:183} INFO - Processing /home/airflow/.local/lib/python3.12/site-packages/airflow/example_dags/example_bash_operator.py took 0.133 seconds
[2024-05-02T23:46:59.150+0000] {processor.py:161} INFO - Started process (PID=784) to work on /home/airflow/.local/lib/python3.12/site-packages/airflow/example_dags/example_bash_operator.py
[2024-05-02T23:46:59.151+0000] {processor.py:830} INFO - Processing file /home/airflow/.local/lib/python3.12/site-packages/airflow/example_dags/example_bash_operator.py for tasks to queue
[2024-05-02T23:46:59.152+0000] {logging_mixin.py:188} INFO - [2024-05-02T23:46:59.152+0000] {dagbag.py:540} INFO - Filling up the DagBag from /home/airflow/.local/lib/python3.12/site-packages/airflow/example_dags/example_bash_operator.py
[2024-05-02T23:46:59.168+0000] {processor.py:840} INFO - DAG(s) 'example_bash_operator' retrieved from /home/airflow/.local/lib/python3.12/site-packages/airflow/example_dags/example_bash_operator.py
[2024-05-02T23:46:59.202+0000] {logging_mixin.py:188} INFO - [2024-05-02T23:46:59.202+0000] {dag.py:3096} INFO - Sync 1 DAGs
[2024-05-02T23:46:59.234+0000] {logging_mixin.py:188} INFO - [2024-05-02T23:46:59.234+0000] {dag.py:3954} INFO - Setting next_dagrun for example_bash_operator to 2024-05-01 00:00:00+00:00, run_after=2024-05-02 00:00:00+00:00
[2024-05-02T23:46:59.263+0000] {processor.py:183} INFO - Processing /home/airflow/.local/lib/python3.12/site-packages/airflow/example_dags/example_bash_operator.py took 0.123 seconds
[2024-05-02T23:47:29.611+0000] {processor.py:161} INFO - Started process (PID=842) to work on /home/airflow/.local/lib/python3.12/site-packages/airflow/example_dags/example_bash_operator.py
[2024-05-02T23:47:29.612+0000] {processor.py:830} INFO - Processing file /home/airflow/.local/lib/python3.12/site-packages/airflow/example_dags/example_bash_operator.py for tasks to queue
[2024-05-02T23:47:29.614+0000] {logging_mixin.py:188} INFO - [2024-05-02T23:47:29.613+0000] {dagbag.py:540} INFO - Filling up the DagBag from /home/airflow/.local/lib/python3.12/site-packages/airflow/example_dags/example_bash_operator.py
[2024-05-02T23:47:29.629+0000] {processor.py:840} INFO - DAG(s) 'example_bash_operator' retrieved from /home/airflow/.local/lib/python3.12/site-packages/airflow/example_dags/example_bash_operator.py
[2024-05-02T23:47:29.665+0000] {logging_mixin.py:188} INFO - [2024-05-02T23:47:29.665+0000] {dag.py:3096} INFO - Sync 1 DAGs
[2024-05-02T23:47:29.701+0000] {logging_mixin.py:188} INFO - [2024-05-02T23:47:29.700+0000] {dag.py:3954} INFO - Setting next_dagrun for example_bash_operator to 2024-05-01 00:00:00+00:00, run_after=2024-05-02 00:00:00+00:00
[2024-05-02T23:47:29.727+0000] {processor.py:183} INFO - Processing /home/airflow/.local/lib/python3.12/site-packages/airflow/example_dags/example_bash_operator.py took 0.126 seconds
[2024-05-02T23:48:00.009+0000] {processor.py:161} INFO - Started process (PID=900) to work on /home/airflow/.local/lib/python3.12/site-packages/airflow/example_dags/example_bash_operator.py
[2024-05-02T23:48:00.011+0000] {processor.py:830} INFO - Processing file /home/airflow/.local/lib/python3.12/site-packages/airflow/example_dags/example_bash_operator.py for tasks to queue
[2024-05-02T23:48:00.013+0000] {logging_mixin.py:188} INFO - [2024-05-02T23:48:00.012+0000] {dagbag.py:540} INFO - Filling up the DagBag from /home/airflow/.local/lib/python3.12/site-packages/airflow/example_dags/example_bash_operator.py
[2024-05-02T23:48:00.032+0000] {processor.py:840} INFO - DAG(s) 'example_bash_operator' retrieved from /home/airflow/.local/lib/python3.12/site-packages/airflow/example_dags/example_bash_operator.py
[2024-05-02T23:48:00.078+0000] {logging_mixin.py:188} INFO - [2024-05-02T23:48:00.077+0000] {dag.py:3096} INFO - Sync 1 DAGs
[2024-05-02T23:48:00.112+0000] {logging_mixin.py:188} INFO - [2024-05-02T23:48:00.112+0000] {dag.py:3954} INFO - Setting next_dagrun for example_bash_operator to 2024-05-01 00:00:00+00:00, run_after=2024-05-02 00:00:00+00:00
[2024-05-02T23:48:00.137+0000] {processor.py:183} INFO - Processing /home/airflow/.local/lib/python3.12/site-packages/airflow/example_dags/example_bash_operator.py took 0.138 seconds
[2024-05-02T23:48:30.350+0000] {processor.py:161} INFO - Started process (PID=958) to work on /home/airflow/.local/lib/python3.12/site-packages/airflow/example_dags/example_bash_operator.py
[2024-05-02T23:48:30.351+0000] {processor.py:830} INFO - Processing file /home/airflow/.local/lib/python3.12/site-packages/airflow/example_dags/example_bash_operator.py for tasks to queue
[2024-05-02T23:48:30.353+0000] {logging_mixin.py:188} INFO - [2024-05-02T23:48:30.352+0000] {dagbag.py:540} INFO - Filling up the DagBag from /home/airflow/.local/lib/python3.12/site-packages/airflow/example_dags/example_bash_operator.py
[2024-05-02T23:48:30.366+0000] {processor.py:840} INFO - DAG(s) 'example_bash_operator' retrieved from /home/airflow/.local/lib/python3.12/site-packages/airflow/example_dags/example_bash_operator.py
[2024-05-02T23:48:30.409+0000] {logging_mixin.py:188} INFO - [2024-05-02T23:48:30.409+0000] {dag.py:3096} INFO - Sync 1 DAGs
[2024-05-02T23:48:30.440+0000] {logging_mixin.py:188} INFO - [2024-05-02T23:48:30.440+0000] {dag.py:3954} INFO - Setting next_dagrun for example_bash_operator to 2024-05-01 00:00:00+00:00, run_after=2024-05-02 00:00:00+00:00
[2024-05-02T23:48:30.463+0000] {processor.py:183} INFO - Processing /home/airflow/.local/lib/python3.12/site-packages/airflow/example_dags/example_bash_operator.py took 0.120 seconds
[2024-05-02T23:49:00.827+0000] {processor.py:161} INFO - Started process (PID=1016) to work on /home/airflow/.local/lib/python3.12/site-packages/airflow/example_dags/example_bash_operator.py
[2024-05-02T23:49:00.828+0000] {processor.py:830} INFO - Processing file /home/airflow/.local/lib/python3.12/site-packages/airflow/example_dags/example_bash_operator.py for tasks to queue
[2024-05-02T23:49:00.830+0000] {logging_mixin.py:188} INFO - [2024-05-02T23:49:00.829+0000] {dagbag.py:540} INFO - Filling up the DagBag from /home/airflow/.local/lib/python3.12/site-packages/airflow/example_dags/example_bash_operator.py
[2024-05-02T23:49:00.844+0000] {processor.py:840} INFO - DAG(s) 'example_bash_operator' retrieved from /home/airflow/.local/lib/python3.12/site-packages/airflow/example_dags/example_bash_operator.py
[2024-05-02T23:49:00.887+0000] {logging_mixin.py:188} INFO - [2024-05-02T23:49:00.886+0000] {dag.py:3096} INFO - Sync 1 DAGs
[2024-05-02T23:49:00.924+0000] {logging_mixin.py:188} INFO - [2024-05-02T23:49:00.923+0000] {dag.py:3954} INFO - Setting next_dagrun for example_bash_operator to 2024-05-01 00:00:00+00:00, run_after=2024-05-02 00:00:00+00:00
[2024-05-02T23:49:00.950+0000] {processor.py:183} INFO - Processing /home/airflow/.local/lib/python3.12/site-packages/airflow/example_dags/example_bash_operator.py took 0.130 seconds
[2024-05-02T23:49:32.117+0000] {processor.py:161} INFO - Started process (PID=1073) to work on /home/airflow/.local/lib/python3.12/site-packages/airflow/example_dags/example_bash_operator.py
[2024-05-02T23:49:32.118+0000] {processor.py:830} INFO - Processing file /home/airflow/.local/lib/python3.12/site-packages/airflow/example_dags/example_bash_operator.py for tasks to queue
[2024-05-02T23:49:32.119+0000] {logging_mixin.py:188} INFO - [2024-05-02T23:49:32.119+0000] {dagbag.py:540} INFO - Filling up the DagBag from /home/airflow/.local/lib/python3.12/site-packages/airflow/example_dags/example_bash_operator.py
[2024-05-02T23:49:32.134+0000] {processor.py:840} INFO - DAG(s) 'example_bash_operator' retrieved from /home/airflow/.local/lib/python3.12/site-packages/airflow/example_dags/example_bash_operator.py
[2024-05-02T23:49:32.380+0000] {logging_mixin.py:188} INFO - [2024-05-02T23:49:32.379+0000] {dag.py:3096} INFO - Sync 1 DAGs
[2024-05-02T23:49:32.418+0000] {logging_mixin.py:188} INFO - [2024-05-02T23:49:32.418+0000] {dag.py:3954} INFO - Setting next_dagrun for example_bash_operator to 2024-05-01 00:00:00+00:00, run_after=2024-05-02 00:00:00+00:00
[2024-05-02T23:49:32.449+0000] {processor.py:183} INFO - Processing /home/airflow/.local/lib/python3.12/site-packages/airflow/example_dags/example_bash_operator.py took 0.342 seconds
[2024-05-02T23:50:02.839+0000] {processor.py:161} INFO - Started process (PID=1131) to work on /home/airflow/.local/lib/python3.12/site-packages/airflow/example_dags/example_bash_operator.py
[2024-05-02T23:50:02.841+0000] {processor.py:830} INFO - Processing file /home/airflow/.local/lib/python3.12/site-packages/airflow/example_dags/example_bash_operator.py for tasks to queue
[2024-05-02T23:50:02.842+0000] {logging_mixin.py:188} INFO - [2024-05-02T23:50:02.842+0000] {dagbag.py:540} INFO - Filling up the DagBag from /home/airflow/.local/lib/python3.12/site-packages/airflow/example_dags/example_bash_operator.py
[2024-05-02T23:50:02.864+0000] {processor.py:840} INFO - DAG(s) 'example_bash_operator' retrieved from /home/airflow/.local/lib/python3.12/site-packages/airflow/example_dags/example_bash_operator.py
[2024-05-02T23:50:02.911+0000] {logging_mixin.py:188} INFO - [2024-05-02T23:50:02.911+0000] {dag.py:3096} INFO - Sync 1 DAGs
[2024-05-02T23:50:02.952+0000] {logging_mixin.py:188} INFO - [2024-05-02T23:50:02.952+0000] {dag.py:3954} INFO - Setting next_dagrun for example_bash_operator to 2024-05-01 00:00:00+00:00, run_after=2024-05-02 00:00:00+00:00
[2024-05-02T23:50:02.980+0000] {processor.py:183} INFO - Processing /home/airflow/.local/lib/python3.12/site-packages/airflow/example_dags/example_bash_operator.py took 0.150 seconds
[2024-05-02T23:50:33.014+0000] {processor.py:161} INFO - Started process (PID=1189) to work on /home/airflow/.local/lib/python3.12/site-packages/airflow/example_dags/example_bash_operator.py
[2024-05-02T23:50:33.015+0000] {processor.py:830} INFO - Processing file /home/airflow/.local/lib/python3.12/site-packages/airflow/example_dags/example_bash_operator.py for tasks to queue
[2024-05-02T23:50:33.016+0000] {logging_mixin.py:188} INFO - [2024-05-02T23:50:33.016+0000] {dagbag.py:540} INFO - Filling up the DagBag from /home/airflow/.local/lib/python3.12/site-packages/airflow/example_dags/example_bash_operator.py
[2024-05-02T23:50:33.036+0000] {processor.py:840} INFO - DAG(s) 'example_bash_operator' retrieved from /home/airflow/.local/lib/python3.12/site-packages/airflow/example_dags/example_bash_operator.py
[2024-05-02T23:50:33.080+0000] {logging_mixin.py:188} INFO - [2024-05-02T23:50:33.079+0000] {dag.py:3096} INFO - Sync 1 DAGs
[2024-05-02T23:50:33.117+0000] {logging_mixin.py:188} INFO - [2024-05-02T23:50:33.117+0000] {dag.py:3954} INFO - Setting next_dagrun for example_bash_operator to 2024-05-01 00:00:00+00:00, run_after=2024-05-02 00:00:00+00:00
[2024-05-02T23:50:33.145+0000] {processor.py:183} INFO - Processing /home/airflow/.local/lib/python3.12/site-packages/airflow/example_dags/example_bash_operator.py took 0.140 seconds
[2024-05-02T23:51:03.440+0000] {processor.py:161} INFO - Started process (PID=1247) to work on /home/airflow/.local/lib/python3.12/site-packages/airflow/example_dags/example_bash_operator.py
[2024-05-02T23:51:03.441+0000] {processor.py:830} INFO - Processing file /home/airflow/.local/lib/python3.12/site-packages/airflow/example_dags/example_bash_operator.py for tasks to queue
[2024-05-02T23:51:03.442+0000] {logging_mixin.py:188} INFO - [2024-05-02T23:51:03.442+0000] {dagbag.py:540} INFO - Filling up the DagBag from /home/airflow/.local/lib/python3.12/site-packages/airflow/example_dags/example_bash_operator.py
[2024-05-02T23:51:03.462+0000] {processor.py:840} INFO - DAG(s) 'example_bash_operator' retrieved from /home/airflow/.local/lib/python3.12/site-packages/airflow/example_dags/example_bash_operator.py
[2024-05-02T23:51:03.509+0000] {logging_mixin.py:188} INFO - [2024-05-02T23:51:03.509+0000] {dag.py:3096} INFO - Sync 1 DAGs
[2024-05-02T23:51:03.551+0000] {logging_mixin.py:188} INFO - [2024-05-02T23:51:03.550+0000] {dag.py:3954} INFO - Setting next_dagrun for example_bash_operator to 2024-05-01 00:00:00+00:00, run_after=2024-05-02 00:00:00+00:00
[2024-05-02T23:51:03.582+0000] {processor.py:183} INFO - Processing /home/airflow/.local/lib/python3.12/site-packages/airflow/example_dags/example_bash_operator.py took 0.151 seconds
[2024-05-02T23:51:33.628+0000] {processor.py:161} INFO - Started process (PID=1305) to work on /home/airflow/.local/lib/python3.12/site-packages/airflow/example_dags/example_bash_operator.py
[2024-05-02T23:51:33.630+0000] {processor.py:830} INFO - Processing file /home/airflow/.local/lib/python3.12/site-packages/airflow/example_dags/example_bash_operator.py for tasks to queue
[2024-05-02T23:51:33.631+0000] {logging_mixin.py:188} INFO - [2024-05-02T23:51:33.631+0000] {dagbag.py:540} INFO - Filling up the DagBag from /home/airflow/.local/lib/python3.12/site-packages/airflow/example_dags/example_bash_operator.py
[2024-05-02T23:51:33.649+0000] {processor.py:840} INFO - DAG(s) 'example_bash_operator' retrieved from /home/airflow/.local/lib/python3.12/site-packages/airflow/example_dags/example_bash_operator.py
[2024-05-02T23:51:33.693+0000] {logging_mixin.py:188} INFO - [2024-05-02T23:51:33.693+0000] {dag.py:3096} INFO - Sync 1 DAGs
[2024-05-02T23:51:33.730+0000] {logging_mixin.py:188} INFO - [2024-05-02T23:51:33.729+0000] {dag.py:3954} INFO - Setting next_dagrun for example_bash_operator to 2024-05-01 00:00:00+00:00, run_after=2024-05-02 00:00:00+00:00
[2024-05-02T23:51:33.761+0000] {processor.py:183} INFO - Processing /home/airflow/.local/lib/python3.12/site-packages/airflow/example_dags/example_bash_operator.py took 0.141 seconds
[2024-05-02T23:52:03.916+0000] {processor.py:161} INFO - Started process (PID=1363) to work on /home/airflow/.local/lib/python3.12/site-packages/airflow/example_dags/example_bash_operator.py
[2024-05-02T23:52:03.917+0000] {processor.py:830} INFO - Processing file /home/airflow/.local/lib/python3.12/site-packages/airflow/example_dags/example_bash_operator.py for tasks to queue
[2024-05-02T23:52:03.919+0000] {logging_mixin.py:188} INFO - [2024-05-02T23:52:03.918+0000] {dagbag.py:540} INFO - Filling up the DagBag from /home/airflow/.local/lib/python3.12/site-packages/airflow/example_dags/example_bash_operator.py
[2024-05-02T23:52:03.935+0000] {processor.py:840} INFO - DAG(s) 'example_bash_operator' retrieved from /home/airflow/.local/lib/python3.12/site-packages/airflow/example_dags/example_bash_operator.py
[2024-05-02T23:52:03.972+0000] {logging_mixin.py:188} INFO - [2024-05-02T23:52:03.971+0000] {dag.py:3096} INFO - Sync 1 DAGs
[2024-05-02T23:52:04.005+0000] {logging_mixin.py:188} INFO - [2024-05-02T23:52:04.005+0000] {dag.py:3954} INFO - Setting next_dagrun for example_bash_operator to 2024-05-01 00:00:00+00:00, run_after=2024-05-02 00:00:00+00:00
[2024-05-02T23:52:04.084+0000] {processor.py:183} INFO - Processing /home/airflow/.local/lib/python3.12/site-packages/airflow/example_dags/example_bash_operator.py took 0.178 seconds
[2024-05-02T23:52:34.552+0000] {processor.py:161} INFO - Started process (PID=1422) to work on /home/airflow/.local/lib/python3.12/site-packages/airflow/example_dags/example_bash_operator.py
[2024-05-02T23:52:34.554+0000] {processor.py:830} INFO - Processing file /home/airflow/.local/lib/python3.12/site-packages/airflow/example_dags/example_bash_operator.py for tasks to queue
[2024-05-02T23:52:34.555+0000] {logging_mixin.py:188} INFO - [2024-05-02T23:52:34.555+0000] {dagbag.py:540} INFO - Filling up the DagBag from /home/airflow/.local/lib/python3.12/site-packages/airflow/example_dags/example_bash_operator.py
[2024-05-02T23:52:34.574+0000] {processor.py:840} INFO - DAG(s) 'example_bash_operator' retrieved from /home/airflow/.local/lib/python3.12/site-packages/airflow/example_dags/example_bash_operator.py
[2024-05-02T23:52:34.622+0000] {logging_mixin.py:188} INFO - [2024-05-02T23:52:34.622+0000] {dag.py:3096} INFO - Sync 1 DAGs
[2024-05-02T23:52:34.733+0000] {logging_mixin.py:188} INFO - [2024-05-02T23:52:34.729+0000] {dag.py:3954} INFO - Setting next_dagrun for example_bash_operator to 2024-05-01 00:00:00+00:00, run_after=2024-05-02 00:00:00+00:00
[2024-05-02T23:52:34.780+0000] {processor.py:183} INFO - Processing /home/airflow/.local/lib/python3.12/site-packages/airflow/example_dags/example_bash_operator.py took 0.238 seconds
[2024-05-02T23:53:05.538+0000] {processor.py:161} INFO - Started process (PID=1480) to work on /home/airflow/.local/lib/python3.12/site-packages/airflow/example_dags/example_bash_operator.py
[2024-05-02T23:53:05.539+0000] {processor.py:830} INFO - Processing file /home/airflow/.local/lib/python3.12/site-packages/airflow/example_dags/example_bash_operator.py for tasks to queue
[2024-05-02T23:53:05.540+0000] {logging_mixin.py:188} INFO - [2024-05-02T23:53:05.539+0000] {dagbag.py:540} INFO - Filling up the DagBag from /home/airflow/.local/lib/python3.12/site-packages/airflow/example_dags/example_bash_operator.py
[2024-05-02T23:53:05.556+0000] {processor.py:840} INFO - DAG(s) 'example_bash_operator' retrieved from /home/airflow/.local/lib/python3.12/site-packages/airflow/example_dags/example_bash_operator.py
[2024-05-02T23:53:05.598+0000] {logging_mixin.py:188} INFO - [2024-05-02T23:53:05.598+0000] {dag.py:3096} INFO - Sync 1 DAGs
[2024-05-02T23:53:05.633+0000] {logging_mixin.py:188} INFO - [2024-05-02T23:53:05.633+0000] {dag.py:3954} INFO - Setting next_dagrun for example_bash_operator to 2024-05-01 00:00:00+00:00, run_after=2024-05-02 00:00:00+00:00
[2024-05-02T23:53:05.663+0000] {processor.py:183} INFO - Processing /home/airflow/.local/lib/python3.12/site-packages/airflow/example_dags/example_bash_operator.py took 0.134 seconds
[2024-05-02T23:53:36.546+0000] {processor.py:161} INFO - Started process (PID=1538) to work on /home/airflow/.local/lib/python3.12/site-packages/airflow/example_dags/example_bash_operator.py
[2024-05-02T23:53:36.547+0000] {processor.py:830} INFO - Processing file /home/airflow/.local/lib/python3.12/site-packages/airflow/example_dags/example_bash_operator.py for tasks to queue
[2024-05-02T23:53:36.549+0000] {logging_mixin.py:188} INFO - [2024-05-02T23:53:36.548+0000] {dagbag.py:540} INFO - Filling up the DagBag from /home/airflow/.local/lib/python3.12/site-packages/airflow/example_dags/example_bash_operator.py
[2024-05-02T23:53:36.567+0000] {processor.py:840} INFO - DAG(s) 'example_bash_operator' retrieved from /home/airflow/.local/lib/python3.12/site-packages/airflow/example_dags/example_bash_operator.py
[2024-05-02T23:53:36.606+0000] {logging_mixin.py:188} INFO - [2024-05-02T23:53:36.606+0000] {dag.py:3096} INFO - Sync 1 DAGs
[2024-05-02T23:53:36.637+0000] {logging_mixin.py:188} INFO - [2024-05-02T23:53:36.637+0000] {dag.py:3954} INFO - Setting next_dagrun for example_bash_operator to 2024-05-01 00:00:00+00:00, run_after=2024-05-02 00:00:00+00:00
[2024-05-02T23:53:36.664+0000] {processor.py:183} INFO - Processing /home/airflow/.local/lib/python3.12/site-packages/airflow/example_dags/example_bash_operator.py took 0.126 seconds
[2024-05-02T23:54:07.110+0000] {processor.py:161} INFO - Started process (PID=1596) to work on /home/airflow/.local/lib/python3.12/site-packages/airflow/example_dags/example_bash_operator.py
[2024-05-02T23:54:07.112+0000] {processor.py:830} INFO - Processing file /home/airflow/.local/lib/python3.12/site-packages/airflow/example_dags/example_bash_operator.py for tasks to queue
[2024-05-02T23:54:07.113+0000] {logging_mixin.py:188} INFO - [2024-05-02T23:54:07.113+0000] {dagbag.py:540} INFO - Filling up the DagBag from /home/airflow/.local/lib/python3.12/site-packages/airflow/example_dags/example_bash_operator.py
[2024-05-02T23:54:07.133+0000] {processor.py:840} INFO - DAG(s) 'example_bash_operator' retrieved from /home/airflow/.local/lib/python3.12/site-packages/airflow/example_dags/example_bash_operator.py
[2024-05-02T23:54:07.190+0000] {logging_mixin.py:188} INFO - [2024-05-02T23:54:07.190+0000] {dag.py:3096} INFO - Sync 1 DAGs
[2024-05-02T23:54:07.272+0000] {logging_mixin.py:188} INFO - [2024-05-02T23:54:07.272+0000] {dag.py:3954} INFO - Setting next_dagrun for example_bash_operator to 2024-05-01 00:00:00+00:00, run_after=2024-05-02 00:00:00+00:00
[2024-05-02T23:54:07.314+0000] {processor.py:183} INFO - Processing /home/airflow/.local/lib/python3.12/site-packages/airflow/example_dags/example_bash_operator.py took 0.215 seconds
[2024-05-02T23:54:37.658+0000] {processor.py:161} INFO - Started process (PID=1654) to work on /home/airflow/.local/lib/python3.12/site-packages/airflow/example_dags/example_bash_operator.py
[2024-05-02T23:54:37.659+0000] {processor.py:830} INFO - Processing file /home/airflow/.local/lib/python3.12/site-packages/airflow/example_dags/example_bash_operator.py for tasks to queue
[2024-05-02T23:54:37.661+0000] {logging_mixin.py:188} INFO - [2024-05-02T23:54:37.660+0000] {dagbag.py:540} INFO - Filling up the DagBag from /home/airflow/.local/lib/python3.12/site-packages/airflow/example_dags/example_bash_operator.py
[2024-05-02T23:54:37.674+0000] {processor.py:840} INFO - DAG(s) 'example_bash_operator' retrieved from /home/airflow/.local/lib/python3.12/site-packages/airflow/example_dags/example_bash_operator.py
[2024-05-02T23:54:37.752+0000] {logging_mixin.py:188} INFO - [2024-05-02T23:54:37.752+0000] {dag.py:3096} INFO - Sync 1 DAGs
[2024-05-02T23:54:37.787+0000] {logging_mixin.py:188} INFO - [2024-05-02T23:54:37.786+0000] {dag.py:3954} INFO - Setting next_dagrun for example_bash_operator to 2024-05-01 00:00:00+00:00, run_after=2024-05-02 00:00:00+00:00
[2024-05-02T23:54:37.816+0000] {processor.py:183} INFO - Processing /home/airflow/.local/lib/python3.12/site-packages/airflow/example_dags/example_bash_operator.py took 0.169 seconds
[2024-05-02T23:55:08.301+0000] {processor.py:161} INFO - Started process (PID=1712) to work on /home/airflow/.local/lib/python3.12/site-packages/airflow/example_dags/example_bash_operator.py
[2024-05-02T23:55:08.302+0000] {processor.py:830} INFO - Processing file /home/airflow/.local/lib/python3.12/site-packages/airflow/example_dags/example_bash_operator.py for tasks to queue
[2024-05-02T23:55:08.303+0000] {logging_mixin.py:188} INFO - [2024-05-02T23:55:08.303+0000] {dagbag.py:540} INFO - Filling up the DagBag from /home/airflow/.local/lib/python3.12/site-packages/airflow/example_dags/example_bash_operator.py
[2024-05-02T23:55:08.317+0000] {processor.py:840} INFO - DAG(s) 'example_bash_operator' retrieved from /home/airflow/.local/lib/python3.12/site-packages/airflow/example_dags/example_bash_operator.py
[2024-05-02T23:55:08.357+0000] {logging_mixin.py:188} INFO - [2024-05-02T23:55:08.357+0000] {dag.py:3096} INFO - Sync 1 DAGs
[2024-05-02T23:55:08.393+0000] {logging_mixin.py:188} INFO - [2024-05-02T23:55:08.392+0000] {dag.py:3954} INFO - Setting next_dagrun for example_bash_operator to 2024-05-01 00:00:00+00:00, run_after=2024-05-02 00:00:00+00:00
[2024-05-02T23:55:08.419+0000] {processor.py:183} INFO - Processing /home/airflow/.local/lib/python3.12/site-packages/airflow/example_dags/example_bash_operator.py took 0.126 seconds
[2024-05-02T23:55:38.528+0000] {processor.py:161} INFO - Started process (PID=1769) to work on /home/airflow/.local/lib/python3.12/site-packages/airflow/example_dags/example_bash_operator.py
[2024-05-02T23:55:38.529+0000] {processor.py:830} INFO - Processing file /home/airflow/.local/lib/python3.12/site-packages/airflow/example_dags/example_bash_operator.py for tasks to queue
[2024-05-02T23:55:38.530+0000] {logging_mixin.py:188} INFO - [2024-05-02T23:55:38.530+0000] {dagbag.py:540} INFO - Filling up the DagBag from /home/airflow/.local/lib/python3.12/site-packages/airflow/example_dags/example_bash_operator.py
[2024-05-02T23:55:38.544+0000] {processor.py:840} INFO - DAG(s) 'example_bash_operator' retrieved from /home/airflow/.local/lib/python3.12/site-packages/airflow/example_dags/example_bash_operator.py
[2024-05-02T23:55:38.579+0000] {logging_mixin.py:188} INFO - [2024-05-02T23:55:38.579+0000] {dag.py:3096} INFO - Sync 1 DAGs
[2024-05-02T23:55:38.615+0000] {logging_mixin.py:188} INFO - [2024-05-02T23:55:38.614+0000] {dag.py:3954} INFO - Setting next_dagrun for example_bash_operator to 2024-05-01 00:00:00+00:00, run_after=2024-05-02 00:00:00+00:00
[2024-05-02T23:55:38.641+0000] {processor.py:183} INFO - Processing /home/airflow/.local/lib/python3.12/site-packages/airflow/example_dags/example_bash_operator.py took 0.123 seconds
[2024-05-02T23:56:09.030+0000] {processor.py:161} INFO - Started process (PID=1826) to work on /home/airflow/.local/lib/python3.12/site-packages/airflow/example_dags/example_bash_operator.py
[2024-05-02T23:56:09.031+0000] {processor.py:830} INFO - Processing file /home/airflow/.local/lib/python3.12/site-packages/airflow/example_dags/example_bash_operator.py for tasks to queue
[2024-05-02T23:56:09.033+0000] {logging_mixin.py:188} INFO - [2024-05-02T23:56:09.032+0000] {dagbag.py:540} INFO - Filling up the DagBag from /home/airflow/.local/lib/python3.12/site-packages/airflow/example_dags/example_bash_operator.py
[2024-05-02T23:56:09.053+0000] {processor.py:840} INFO - DAG(s) 'example_bash_operator' retrieved from /home/airflow/.local/lib/python3.12/site-packages/airflow/example_dags/example_bash_operator.py
[2024-05-02T23:56:09.101+0000] {logging_mixin.py:188} INFO - [2024-05-02T23:56:09.101+0000] {dag.py:3096} INFO - Sync 1 DAGs
[2024-05-02T23:56:09.138+0000] {logging_mixin.py:188} INFO - [2024-05-02T23:56:09.138+0000] {dag.py:3954} INFO - Setting next_dagrun for example_bash_operator to 2024-05-01 00:00:00+00:00, run_after=2024-05-02 00:00:00+00:00
[2024-05-02T23:56:09.167+0000] {processor.py:183} INFO - Processing /home/airflow/.local/lib/python3.12/site-packages/airflow/example_dags/example_bash_operator.py took 0.148 seconds
[2024-05-02T23:56:39.777+0000] {processor.py:161} INFO - Started process (PID=1884) to work on /home/airflow/.local/lib/python3.12/site-packages/airflow/example_dags/example_bash_operator.py
[2024-05-02T23:56:39.779+0000] {processor.py:830} INFO - Processing file /home/airflow/.local/lib/python3.12/site-packages/airflow/example_dags/example_bash_operator.py for tasks to queue
[2024-05-02T23:56:39.781+0000] {logging_mixin.py:188} INFO - [2024-05-02T23:56:39.780+0000] {dagbag.py:540} INFO - Filling up the DagBag from /home/airflow/.local/lib/python3.12/site-packages/airflow/example_dags/example_bash_operator.py
[2024-05-02T23:56:39.811+0000] {processor.py:840} INFO - DAG(s) 'example_bash_operator' retrieved from /home/airflow/.local/lib/python3.12/site-packages/airflow/example_dags/example_bash_operator.py
[2024-05-02T23:56:39.849+0000] {logging_mixin.py:188} INFO - [2024-05-02T23:56:39.849+0000] {dag.py:3096} INFO - Sync 1 DAGs
[2024-05-02T23:56:39.884+0000] {logging_mixin.py:188} INFO - [2024-05-02T23:56:39.883+0000] {dag.py:3954} INFO - Setting next_dagrun for example_bash_operator to 2024-05-01 00:00:00+00:00, run_after=2024-05-02 00:00:00+00:00
[2024-05-02T23:56:39.909+0000] {processor.py:183} INFO - Processing /home/airflow/.local/lib/python3.12/site-packages/airflow/example_dags/example_bash_operator.py took 0.142 seconds
[2024-05-02T23:57:10.701+0000] {processor.py:161} INFO - Started process (PID=1942) to work on /home/airflow/.local/lib/python3.12/site-packages/airflow/example_dags/example_bash_operator.py
[2024-05-02T23:57:10.702+0000] {processor.py:830} INFO - Processing file /home/airflow/.local/lib/python3.12/site-packages/airflow/example_dags/example_bash_operator.py for tasks to queue
[2024-05-02T23:57:10.704+0000] {logging_mixin.py:188} INFO - [2024-05-02T23:57:10.703+0000] {dagbag.py:540} INFO - Filling up the DagBag from /home/airflow/.local/lib/python3.12/site-packages/airflow/example_dags/example_bash_operator.py
[2024-05-02T23:57:10.724+0000] {processor.py:840} INFO - DAG(s) 'example_bash_operator' retrieved from /home/airflow/.local/lib/python3.12/site-packages/airflow/example_dags/example_bash_operator.py
[2024-05-02T23:57:10.771+0000] {logging_mixin.py:188} INFO - [2024-05-02T23:57:10.770+0000] {dag.py:3096} INFO - Sync 1 DAGs
[2024-05-02T23:57:10.805+0000] {logging_mixin.py:188} INFO - [2024-05-02T23:57:10.804+0000] {dag.py:3954} INFO - Setting next_dagrun for example_bash_operator to 2024-05-01 00:00:00+00:00, run_after=2024-05-02 00:00:00+00:00
[2024-05-02T23:57:10.836+0000] {processor.py:183} INFO - Processing /home/airflow/.local/lib/python3.12/site-packages/airflow/example_dags/example_bash_operator.py took 0.146 seconds
