[2024-05-02T05:54:15.615+0000] {processor.py:161} INFO - Started process (PID=57) to work on /home/airflow/.local/lib/python3.12/site-packages/airflow/example_dags/example_branch_labels.py
[2024-05-02T05:54:15.620+0000] {processor.py:830} INFO - Processing file /home/airflow/.local/lib/python3.12/site-packages/airflow/example_dags/example_branch_labels.py for tasks to queue
[2024-05-02T05:54:15.635+0000] {logging_mixin.py:188} INFO - [2024-05-02T05:54:15.632+0000] {dagbag.py:540} INFO - Filling up the DagBag from /home/airflow/.local/lib/python3.12/site-packages/airflow/example_dags/example_branch_labels.py
[2024-05-02T05:54:15.692+0000] {processor.py:840} INFO - DAG(s) 'example_branch_labels' retrieved from /home/airflow/.local/lib/python3.12/site-packages/airflow/example_dags/example_branch_labels.py
[2024-05-02T05:54:16.160+0000] {logging_mixin.py:188} INFO - [2024-05-02T05:54:16.159+0000] {dag.py:3096} INFO - Sync 1 DAGs
[2024-05-02T05:54:16.336+0000] {logging_mixin.py:188} INFO - [2024-05-02T05:54:16.335+0000] {dag.py:3954} INFO - Setting next_dagrun for example_branch_labels to 2024-05-01 00:00:00+00:00, run_after=2024-05-02 00:00:00+00:00
[2024-05-02T05:54:16.450+0000] {processor.py:183} INFO - Processing /home/airflow/.local/lib/python3.12/site-packages/airflow/example_dags/example_branch_labels.py took 0.860 seconds
[2024-05-02T05:54:46.722+0000] {processor.py:161} INFO - Started process (PID=115) to work on /home/airflow/.local/lib/python3.12/site-packages/airflow/example_dags/example_branch_labels.py
[2024-05-02T05:54:46.729+0000] {processor.py:830} INFO - Processing file /home/airflow/.local/lib/python3.12/site-packages/airflow/example_dags/example_branch_labels.py for tasks to queue
[2024-05-02T05:54:46.732+0000] {logging_mixin.py:188} INFO - [2024-05-02T05:54:46.732+0000] {dagbag.py:540} INFO - Filling up the DagBag from /home/airflow/.local/lib/python3.12/site-packages/airflow/example_dags/example_branch_labels.py
[2024-05-02T05:54:46.745+0000] {processor.py:840} INFO - DAG(s) 'example_branch_labels' retrieved from /home/airflow/.local/lib/python3.12/site-packages/airflow/example_dags/example_branch_labels.py
[2024-05-02T05:54:46.797+0000] {logging_mixin.py:188} INFO - [2024-05-02T05:54:46.796+0000] {dag.py:3096} INFO - Sync 1 DAGs
[2024-05-02T05:54:46.840+0000] {logging_mixin.py:188} INFO - [2024-05-02T05:54:46.839+0000] {dag.py:3954} INFO - Setting next_dagrun for example_branch_labels to 2024-05-01 00:00:00+00:00, run_after=2024-05-02 00:00:00+00:00
[2024-05-02T05:54:46.946+0000] {processor.py:183} INFO - Processing /home/airflow/.local/lib/python3.12/site-packages/airflow/example_dags/example_branch_labels.py took 0.233 seconds
[2024-05-02T05:55:18.198+0000] {processor.py:161} INFO - Started process (PID=173) to work on /home/airflow/.local/lib/python3.12/site-packages/airflow/example_dags/example_branch_labels.py
[2024-05-02T05:55:18.208+0000] {processor.py:830} INFO - Processing file /home/airflow/.local/lib/python3.12/site-packages/airflow/example_dags/example_branch_labels.py for tasks to queue
[2024-05-02T05:55:18.219+0000] {logging_mixin.py:188} INFO - [2024-05-02T05:55:18.219+0000] {dagbag.py:540} INFO - Filling up the DagBag from /home/airflow/.local/lib/python3.12/site-packages/airflow/example_dags/example_branch_labels.py
[2024-05-02T05:55:18.252+0000] {processor.py:840} INFO - DAG(s) 'example_branch_labels' retrieved from /home/airflow/.local/lib/python3.12/site-packages/airflow/example_dags/example_branch_labels.py
[2024-05-02T05:55:18.378+0000] {logging_mixin.py:188} INFO - [2024-05-02T05:55:18.378+0000] {dag.py:3096} INFO - Sync 1 DAGs
[2024-05-02T05:55:18.509+0000] {logging_mixin.py:188} INFO - [2024-05-02T05:55:18.508+0000] {dag.py:3954} INFO - Setting next_dagrun for example_branch_labels to 2024-05-01 00:00:00+00:00, run_after=2024-05-02 00:00:00+00:00
[2024-05-02T05:55:18.605+0000] {processor.py:183} INFO - Processing /home/airflow/.local/lib/python3.12/site-packages/airflow/example_dags/example_branch_labels.py took 0.452 seconds
[2024-05-02T05:56:14.967+0000] {processor.py:161} INFO - Started process (PID=237) to work on /home/airflow/.local/lib/python3.12/site-packages/airflow/example_dags/example_branch_labels.py
[2024-05-02T05:56:15.011+0000] {processor.py:830} INFO - Processing file /home/airflow/.local/lib/python3.12/site-packages/airflow/example_dags/example_branch_labels.py for tasks to queue
[2024-05-02T05:56:15.053+0000] {logging_mixin.py:188} INFO - [2024-05-02T05:56:15.051+0000] {dagbag.py:540} INFO - Filling up the DagBag from /home/airflow/.local/lib/python3.12/site-packages/airflow/example_dags/example_branch_labels.py
[2024-05-02T05:56:15.697+0000] {processor.py:840} INFO - DAG(s) 'example_branch_labels' retrieved from /home/airflow/.local/lib/python3.12/site-packages/airflow/example_dags/example_branch_labels.py
[2024-05-02T05:56:16.137+0000] {logging_mixin.py:188} INFO - [2024-05-02T05:56:16.137+0000] {dag.py:3096} INFO - Sync 1 DAGs
[2024-05-02T05:56:16.658+0000] {logging_mixin.py:188} INFO - [2024-05-02T05:56:16.657+0000] {dag.py:3954} INFO - Setting next_dagrun for example_branch_labels to 2024-05-01 00:00:00+00:00, run_after=2024-05-02 00:00:00+00:00
[2024-05-02T05:56:16.970+0000] {processor.py:183} INFO - Processing /home/airflow/.local/lib/python3.12/site-packages/airflow/example_dags/example_branch_labels.py took 2.413 seconds
[2024-05-02T05:58:18.684+0000] {processor.py:161} INFO - Started process (PID=324) to work on /home/airflow/.local/lib/python3.12/site-packages/airflow/example_dags/example_branch_labels.py
[2024-05-02T05:58:18.700+0000] {processor.py:830} INFO - Processing file /home/airflow/.local/lib/python3.12/site-packages/airflow/example_dags/example_branch_labels.py for tasks to queue
[2024-05-02T05:58:18.717+0000] {logging_mixin.py:188} INFO - [2024-05-02T05:58:18.716+0000] {dagbag.py:540} INFO - Filling up the DagBag from /home/airflow/.local/lib/python3.12/site-packages/airflow/example_dags/example_branch_labels.py
[2024-05-02T05:58:18.766+0000] {processor.py:840} INFO - DAG(s) 'example_branch_labels' retrieved from /home/airflow/.local/lib/python3.12/site-packages/airflow/example_dags/example_branch_labels.py
[2024-05-02T05:58:18.856+0000] {logging_mixin.py:188} INFO - [2024-05-02T05:58:18.855+0000] {dag.py:3096} INFO - Sync 1 DAGs
[2024-05-02T05:58:19.018+0000] {logging_mixin.py:188} INFO - [2024-05-02T05:58:19.018+0000] {dag.py:3954} INFO - Setting next_dagrun for example_branch_labels to 2024-05-01 00:00:00+00:00, run_after=2024-05-02 00:00:00+00:00
[2024-05-02T05:58:19.176+0000] {processor.py:183} INFO - Processing /home/airflow/.local/lib/python3.12/site-packages/airflow/example_dags/example_branch_labels.py took 0.604 seconds
[2024-05-02T23:42:56.553+0000] {processor.py:161} INFO - Started process (PID=392) to work on /home/airflow/.local/lib/python3.12/site-packages/airflow/example_dags/example_branch_labels.py
[2024-05-02T23:42:56.563+0000] {processor.py:830} INFO - Processing file /home/airflow/.local/lib/python3.12/site-packages/airflow/example_dags/example_branch_labels.py for tasks to queue
[2024-05-02T23:42:56.565+0000] {logging_mixin.py:188} INFO - [2024-05-02T23:42:56.564+0000] {dagbag.py:540} INFO - Filling up the DagBag from /home/airflow/.local/lib/python3.12/site-packages/airflow/example_dags/example_branch_labels.py
[2024-05-02T23:42:56.609+0000] {processor.py:840} INFO - DAG(s) 'example_branch_labels' retrieved from /home/airflow/.local/lib/python3.12/site-packages/airflow/example_dags/example_branch_labels.py
[2024-05-02T23:42:56.701+0000] {logging_mixin.py:188} INFO - [2024-05-02T23:42:56.700+0000] {dag.py:3096} INFO - Sync 1 DAGs
[2024-05-02T23:42:56.902+0000] {logging_mixin.py:188} INFO - [2024-05-02T23:42:56.901+0000] {dag.py:3954} INFO - Setting next_dagrun for example_branch_labels to 2024-05-01 00:00:00+00:00, run_after=2024-05-02 00:00:00+00:00
[2024-05-02T23:42:57.677+0000] {processor.py:183} INFO - Processing /home/airflow/.local/lib/python3.12/site-packages/airflow/example_dags/example_branch_labels.py took 1.172 seconds
[2024-05-02T23:44:12.975+0000] {processor.py:161} INFO - Started process (PID=456) to work on /home/airflow/.local/lib/python3.12/site-packages/airflow/example_dags/example_branch_labels.py
[2024-05-02T23:44:13.013+0000] {processor.py:830} INFO - Processing file /home/airflow/.local/lib/python3.12/site-packages/airflow/example_dags/example_branch_labels.py for tasks to queue
[2024-05-02T23:44:13.057+0000] {logging_mixin.py:188} INFO - [2024-05-02T23:44:13.057+0000] {dagbag.py:540} INFO - Filling up the DagBag from /home/airflow/.local/lib/python3.12/site-packages/airflow/example_dags/example_branch_labels.py
[2024-05-02T23:44:13.127+0000] {processor.py:840} INFO - DAG(s) 'example_branch_labels' retrieved from /home/airflow/.local/lib/python3.12/site-packages/airflow/example_dags/example_branch_labels.py
[2024-05-02T23:44:13.595+0000] {logging_mixin.py:188} INFO - [2024-05-02T23:44:13.592+0000] {dag.py:3096} INFO - Sync 1 DAGs
[2024-05-02T23:44:14.256+0000] {logging_mixin.py:188} INFO - [2024-05-02T23:44:14.256+0000] {dag.py:3954} INFO - Setting next_dagrun for example_branch_labels to 2024-05-01 00:00:00+00:00, run_after=2024-05-02 00:00:00+00:00
[2024-05-02T23:44:14.381+0000] {processor.py:183} INFO - Processing /home/airflow/.local/lib/python3.12/site-packages/airflow/example_dags/example_branch_labels.py took 1.437 seconds
[2024-05-02T23:44:44.787+0000] {processor.py:161} INFO - Started process (PID=514) to work on /home/airflow/.local/lib/python3.12/site-packages/airflow/example_dags/example_branch_labels.py
[2024-05-02T23:44:44.790+0000] {processor.py:830} INFO - Processing file /home/airflow/.local/lib/python3.12/site-packages/airflow/example_dags/example_branch_labels.py for tasks to queue
[2024-05-02T23:44:44.804+0000] {logging_mixin.py:188} INFO - [2024-05-02T23:44:44.803+0000] {dagbag.py:540} INFO - Filling up the DagBag from /home/airflow/.local/lib/python3.12/site-packages/airflow/example_dags/example_branch_labels.py
[2024-05-02T23:44:44.855+0000] {processor.py:840} INFO - DAG(s) 'example_branch_labels' retrieved from /home/airflow/.local/lib/python3.12/site-packages/airflow/example_dags/example_branch_labels.py
[2024-05-02T23:44:44.977+0000] {logging_mixin.py:188} INFO - [2024-05-02T23:44:44.977+0000] {dag.py:3096} INFO - Sync 1 DAGs
[2024-05-02T23:44:45.090+0000] {logging_mixin.py:188} INFO - [2024-05-02T23:44:45.089+0000] {dag.py:3954} INFO - Setting next_dagrun for example_branch_labels to 2024-05-01 00:00:00+00:00, run_after=2024-05-02 00:00:00+00:00
[2024-05-02T23:44:45.181+0000] {processor.py:183} INFO - Processing /home/airflow/.local/lib/python3.12/site-packages/airflow/example_dags/example_branch_labels.py took 0.429 seconds
[2024-05-02T23:45:16.056+0000] {processor.py:161} INFO - Started process (PID=572) to work on /home/airflow/.local/lib/python3.12/site-packages/airflow/example_dags/example_branch_labels.py
[2024-05-02T23:45:16.059+0000] {processor.py:830} INFO - Processing file /home/airflow/.local/lib/python3.12/site-packages/airflow/example_dags/example_branch_labels.py for tasks to queue
[2024-05-02T23:45:16.061+0000] {logging_mixin.py:188} INFO - [2024-05-02T23:45:16.060+0000] {dagbag.py:540} INFO - Filling up the DagBag from /home/airflow/.local/lib/python3.12/site-packages/airflow/example_dags/example_branch_labels.py
[2024-05-02T23:45:16.080+0000] {processor.py:840} INFO - DAG(s) 'example_branch_labels' retrieved from /home/airflow/.local/lib/python3.12/site-packages/airflow/example_dags/example_branch_labels.py
[2024-05-02T23:45:16.127+0000] {logging_mixin.py:188} INFO - [2024-05-02T23:45:16.127+0000] {dag.py:3096} INFO - Sync 1 DAGs
[2024-05-02T23:45:16.180+0000] {logging_mixin.py:188} INFO - [2024-05-02T23:45:16.180+0000] {dag.py:3954} INFO - Setting next_dagrun for example_branch_labels to 2024-05-01 00:00:00+00:00, run_after=2024-05-02 00:00:00+00:00
[2024-05-02T23:45:16.219+0000] {processor.py:183} INFO - Processing /home/airflow/.local/lib/python3.12/site-packages/airflow/example_dags/example_branch_labels.py took 0.178 seconds
[2024-05-02T23:45:46.410+0000] {processor.py:161} INFO - Started process (PID=630) to work on /home/airflow/.local/lib/python3.12/site-packages/airflow/example_dags/example_branch_labels.py
[2024-05-02T23:45:46.411+0000] {processor.py:830} INFO - Processing file /home/airflow/.local/lib/python3.12/site-packages/airflow/example_dags/example_branch_labels.py for tasks to queue
[2024-05-02T23:45:46.413+0000] {logging_mixin.py:188} INFO - [2024-05-02T23:45:46.412+0000] {dagbag.py:540} INFO - Filling up the DagBag from /home/airflow/.local/lib/python3.12/site-packages/airflow/example_dags/example_branch_labels.py
[2024-05-02T23:45:46.424+0000] {processor.py:840} INFO - DAG(s) 'example_branch_labels' retrieved from /home/airflow/.local/lib/python3.12/site-packages/airflow/example_dags/example_branch_labels.py
[2024-05-02T23:45:46.455+0000] {logging_mixin.py:188} INFO - [2024-05-02T23:45:46.454+0000] {dag.py:3096} INFO - Sync 1 DAGs
[2024-05-02T23:45:46.487+0000] {logging_mixin.py:188} INFO - [2024-05-02T23:45:46.487+0000] {dag.py:3954} INFO - Setting next_dagrun for example_branch_labels to 2024-05-01 00:00:00+00:00, run_after=2024-05-02 00:00:00+00:00
[2024-05-02T23:45:46.513+0000] {processor.py:183} INFO - Processing /home/airflow/.local/lib/python3.12/site-packages/airflow/example_dags/example_branch_labels.py took 0.111 seconds
[2024-05-02T23:46:16.761+0000] {processor.py:161} INFO - Started process (PID=688) to work on /home/airflow/.local/lib/python3.12/site-packages/airflow/example_dags/example_branch_labels.py
[2024-05-02T23:46:16.763+0000] {processor.py:830} INFO - Processing file /home/airflow/.local/lib/python3.12/site-packages/airflow/example_dags/example_branch_labels.py for tasks to queue
[2024-05-02T23:46:16.764+0000] {logging_mixin.py:188} INFO - [2024-05-02T23:46:16.764+0000] {dagbag.py:540} INFO - Filling up the DagBag from /home/airflow/.local/lib/python3.12/site-packages/airflow/example_dags/example_branch_labels.py
[2024-05-02T23:46:16.779+0000] {processor.py:840} INFO - DAG(s) 'example_branch_labels' retrieved from /home/airflow/.local/lib/python3.12/site-packages/airflow/example_dags/example_branch_labels.py
[2024-05-02T23:46:16.810+0000] {logging_mixin.py:188} INFO - [2024-05-02T23:46:16.809+0000] {dag.py:3096} INFO - Sync 1 DAGs
[2024-05-02T23:46:16.847+0000] {logging_mixin.py:188} INFO - [2024-05-02T23:46:16.847+0000] {dag.py:3954} INFO - Setting next_dagrun for example_branch_labels to 2024-05-01 00:00:00+00:00, run_after=2024-05-02 00:00:00+00:00
[2024-05-02T23:46:16.887+0000] {processor.py:183} INFO - Processing /home/airflow/.local/lib/python3.12/site-packages/airflow/example_dags/example_branch_labels.py took 0.133 seconds
[2024-05-02T23:46:47.055+0000] {processor.py:161} INFO - Started process (PID=746) to work on /home/airflow/.local/lib/python3.12/site-packages/airflow/example_dags/example_branch_labels.py
[2024-05-02T23:46:47.057+0000] {processor.py:830} INFO - Processing file /home/airflow/.local/lib/python3.12/site-packages/airflow/example_dags/example_branch_labels.py for tasks to queue
[2024-05-02T23:46:47.059+0000] {logging_mixin.py:188} INFO - [2024-05-02T23:46:47.058+0000] {dagbag.py:540} INFO - Filling up the DagBag from /home/airflow/.local/lib/python3.12/site-packages/airflow/example_dags/example_branch_labels.py
[2024-05-02T23:46:47.073+0000] {processor.py:840} INFO - DAG(s) 'example_branch_labels' retrieved from /home/airflow/.local/lib/python3.12/site-packages/airflow/example_dags/example_branch_labels.py
[2024-05-02T23:46:47.101+0000] {logging_mixin.py:188} INFO - [2024-05-02T23:46:47.100+0000] {dag.py:3096} INFO - Sync 1 DAGs
[2024-05-02T23:46:47.136+0000] {logging_mixin.py:188} INFO - [2024-05-02T23:46:47.136+0000] {dag.py:3954} INFO - Setting next_dagrun for example_branch_labels to 2024-05-01 00:00:00+00:00, run_after=2024-05-02 00:00:00+00:00
[2024-05-02T23:46:47.159+0000] {processor.py:183} INFO - Processing /home/airflow/.local/lib/python3.12/site-packages/airflow/example_dags/example_branch_labels.py took 0.116 seconds
[2024-05-02T23:47:17.316+0000] {processor.py:161} INFO - Started process (PID=804) to work on /home/airflow/.local/lib/python3.12/site-packages/airflow/example_dags/example_branch_labels.py
[2024-05-02T23:47:17.318+0000] {processor.py:830} INFO - Processing file /home/airflow/.local/lib/python3.12/site-packages/airflow/example_dags/example_branch_labels.py for tasks to queue
[2024-05-02T23:47:17.319+0000] {logging_mixin.py:188} INFO - [2024-05-02T23:47:17.319+0000] {dagbag.py:540} INFO - Filling up the DagBag from /home/airflow/.local/lib/python3.12/site-packages/airflow/example_dags/example_branch_labels.py
[2024-05-02T23:47:17.332+0000] {processor.py:840} INFO - DAG(s) 'example_branch_labels' retrieved from /home/airflow/.local/lib/python3.12/site-packages/airflow/example_dags/example_branch_labels.py
[2024-05-02T23:47:17.357+0000] {logging_mixin.py:188} INFO - [2024-05-02T23:47:17.356+0000] {dag.py:3096} INFO - Sync 1 DAGs
[2024-05-02T23:47:17.385+0000] {logging_mixin.py:188} INFO - [2024-05-02T23:47:17.385+0000] {dag.py:3954} INFO - Setting next_dagrun for example_branch_labels to 2024-05-01 00:00:00+00:00, run_after=2024-05-02 00:00:00+00:00
[2024-05-02T23:47:17.407+0000] {processor.py:183} INFO - Processing /home/airflow/.local/lib/python3.12/site-packages/airflow/example_dags/example_branch_labels.py took 0.101 seconds
[2024-05-02T23:47:47.531+0000] {processor.py:161} INFO - Started process (PID=862) to work on /home/airflow/.local/lib/python3.12/site-packages/airflow/example_dags/example_branch_labels.py
[2024-05-02T23:47:47.532+0000] {processor.py:830} INFO - Processing file /home/airflow/.local/lib/python3.12/site-packages/airflow/example_dags/example_branch_labels.py for tasks to queue
[2024-05-02T23:47:47.534+0000] {logging_mixin.py:188} INFO - [2024-05-02T23:47:47.533+0000] {dagbag.py:540} INFO - Filling up the DagBag from /home/airflow/.local/lib/python3.12/site-packages/airflow/example_dags/example_branch_labels.py
[2024-05-02T23:47:47.543+0000] {processor.py:840} INFO - DAG(s) 'example_branch_labels' retrieved from /home/airflow/.local/lib/python3.12/site-packages/airflow/example_dags/example_branch_labels.py
[2024-05-02T23:47:47.568+0000] {logging_mixin.py:188} INFO - [2024-05-02T23:47:47.568+0000] {dag.py:3096} INFO - Sync 1 DAGs
[2024-05-02T23:47:47.596+0000] {logging_mixin.py:188} INFO - [2024-05-02T23:47:47.595+0000] {dag.py:3954} INFO - Setting next_dagrun for example_branch_labels to 2024-05-01 00:00:00+00:00, run_after=2024-05-02 00:00:00+00:00
[2024-05-02T23:47:47.620+0000] {processor.py:183} INFO - Processing /home/airflow/.local/lib/python3.12/site-packages/airflow/example_dags/example_branch_labels.py took 0.098 seconds
[2024-05-02T23:48:17.998+0000] {processor.py:161} INFO - Started process (PID=920) to work on /home/airflow/.local/lib/python3.12/site-packages/airflow/example_dags/example_branch_labels.py
[2024-05-02T23:48:18.000+0000] {processor.py:830} INFO - Processing file /home/airflow/.local/lib/python3.12/site-packages/airflow/example_dags/example_branch_labels.py for tasks to queue
[2024-05-02T23:48:18.001+0000] {logging_mixin.py:188} INFO - [2024-05-02T23:48:18.001+0000] {dagbag.py:540} INFO - Filling up the DagBag from /home/airflow/.local/lib/python3.12/site-packages/airflow/example_dags/example_branch_labels.py
[2024-05-02T23:48:18.013+0000] {processor.py:840} INFO - DAG(s) 'example_branch_labels' retrieved from /home/airflow/.local/lib/python3.12/site-packages/airflow/example_dags/example_branch_labels.py
[2024-05-02T23:48:18.046+0000] {logging_mixin.py:188} INFO - [2024-05-02T23:48:18.045+0000] {dag.py:3096} INFO - Sync 1 DAGs
[2024-05-02T23:48:18.084+0000] {logging_mixin.py:188} INFO - [2024-05-02T23:48:18.084+0000] {dag.py:3954} INFO - Setting next_dagrun for example_branch_labels to 2024-05-01 00:00:00+00:00, run_after=2024-05-02 00:00:00+00:00
[2024-05-02T23:48:18.110+0000] {processor.py:183} INFO - Processing /home/airflow/.local/lib/python3.12/site-packages/airflow/example_dags/example_branch_labels.py took 0.122 seconds
[2024-05-02T23:48:48.420+0000] {processor.py:161} INFO - Started process (PID=978) to work on /home/airflow/.local/lib/python3.12/site-packages/airflow/example_dags/example_branch_labels.py
[2024-05-02T23:48:48.422+0000] {processor.py:830} INFO - Processing file /home/airflow/.local/lib/python3.12/site-packages/airflow/example_dags/example_branch_labels.py for tasks to queue
[2024-05-02T23:48:48.424+0000] {logging_mixin.py:188} INFO - [2024-05-02T23:48:48.423+0000] {dagbag.py:540} INFO - Filling up the DagBag from /home/airflow/.local/lib/python3.12/site-packages/airflow/example_dags/example_branch_labels.py
[2024-05-02T23:48:48.437+0000] {processor.py:840} INFO - DAG(s) 'example_branch_labels' retrieved from /home/airflow/.local/lib/python3.12/site-packages/airflow/example_dags/example_branch_labels.py
[2024-05-02T23:48:48.469+0000] {logging_mixin.py:188} INFO - [2024-05-02T23:48:48.469+0000] {dag.py:3096} INFO - Sync 1 DAGs
[2024-05-02T23:48:48.507+0000] {logging_mixin.py:188} INFO - [2024-05-02T23:48:48.507+0000] {dag.py:3954} INFO - Setting next_dagrun for example_branch_labels to 2024-05-01 00:00:00+00:00, run_after=2024-05-02 00:00:00+00:00
[2024-05-02T23:48:48.729+0000] {processor.py:183} INFO - Processing /home/airflow/.local/lib/python3.12/site-packages/airflow/example_dags/example_branch_labels.py took 0.319 seconds
[2024-05-02T23:49:19.276+0000] {processor.py:161} INFO - Started process (PID=1036) to work on /home/airflow/.local/lib/python3.12/site-packages/airflow/example_dags/example_branch_labels.py
[2024-05-02T23:49:19.277+0000] {processor.py:830} INFO - Processing file /home/airflow/.local/lib/python3.12/site-packages/airflow/example_dags/example_branch_labels.py for tasks to queue
[2024-05-02T23:49:19.279+0000] {logging_mixin.py:188} INFO - [2024-05-02T23:49:19.278+0000] {dagbag.py:540} INFO - Filling up the DagBag from /home/airflow/.local/lib/python3.12/site-packages/airflow/example_dags/example_branch_labels.py
[2024-05-02T23:49:19.288+0000] {processor.py:840} INFO - DAG(s) 'example_branch_labels' retrieved from /home/airflow/.local/lib/python3.12/site-packages/airflow/example_dags/example_branch_labels.py
[2024-05-02T23:49:19.322+0000] {logging_mixin.py:188} INFO - [2024-05-02T23:49:19.321+0000] {dag.py:3096} INFO - Sync 1 DAGs
[2024-05-02T23:49:19.354+0000] {logging_mixin.py:188} INFO - [2024-05-02T23:49:19.354+0000] {dag.py:3954} INFO - Setting next_dagrun for example_branch_labels to 2024-05-01 00:00:00+00:00, run_after=2024-05-02 00:00:00+00:00
[2024-05-02T23:49:19.405+0000] {processor.py:183} INFO - Processing /home/airflow/.local/lib/python3.12/site-packages/airflow/example_dags/example_branch_labels.py took 0.136 seconds
[2024-05-02T23:49:49.597+0000] {processor.py:161} INFO - Started process (PID=1093) to work on /home/airflow/.local/lib/python3.12/site-packages/airflow/example_dags/example_branch_labels.py
[2024-05-02T23:49:49.598+0000] {processor.py:830} INFO - Processing file /home/airflow/.local/lib/python3.12/site-packages/airflow/example_dags/example_branch_labels.py for tasks to queue
[2024-05-02T23:49:49.600+0000] {logging_mixin.py:188} INFO - [2024-05-02T23:49:49.599+0000] {dagbag.py:540} INFO - Filling up the DagBag from /home/airflow/.local/lib/python3.12/site-packages/airflow/example_dags/example_branch_labels.py
[2024-05-02T23:49:49.610+0000] {processor.py:840} INFO - DAG(s) 'example_branch_labels' retrieved from /home/airflow/.local/lib/python3.12/site-packages/airflow/example_dags/example_branch_labels.py
[2024-05-02T23:49:49.638+0000] {logging_mixin.py:188} INFO - [2024-05-02T23:49:49.638+0000] {dag.py:3096} INFO - Sync 1 DAGs
[2024-05-02T23:49:49.673+0000] {logging_mixin.py:188} INFO - [2024-05-02T23:49:49.673+0000] {dag.py:3954} INFO - Setting next_dagrun for example_branch_labels to 2024-05-01 00:00:00+00:00, run_after=2024-05-02 00:00:00+00:00
[2024-05-02T23:49:49.703+0000] {processor.py:183} INFO - Processing /home/airflow/.local/lib/python3.12/site-packages/airflow/example_dags/example_branch_labels.py took 0.114 seconds
[2024-05-02T23:50:20.211+0000] {processor.py:161} INFO - Started process (PID=1151) to work on /home/airflow/.local/lib/python3.12/site-packages/airflow/example_dags/example_branch_labels.py
[2024-05-02T23:50:20.223+0000] {processor.py:830} INFO - Processing file /home/airflow/.local/lib/python3.12/site-packages/airflow/example_dags/example_branch_labels.py for tasks to queue
[2024-05-02T23:50:20.225+0000] {logging_mixin.py:188} INFO - [2024-05-02T23:50:20.225+0000] {dagbag.py:540} INFO - Filling up the DagBag from /home/airflow/.local/lib/python3.12/site-packages/airflow/example_dags/example_branch_labels.py
[2024-05-02T23:50:20.274+0000] {processor.py:840} INFO - DAG(s) 'example_branch_labels' retrieved from /home/airflow/.local/lib/python3.12/site-packages/airflow/example_dags/example_branch_labels.py
[2024-05-02T23:50:20.412+0000] {logging_mixin.py:188} INFO - [2024-05-02T23:50:20.400+0000] {dag.py:3096} INFO - Sync 1 DAGs
[2024-05-02T23:50:20.551+0000] {logging_mixin.py:188} INFO - [2024-05-02T23:50:20.551+0000] {dag.py:3954} INFO - Setting next_dagrun for example_branch_labels to 2024-05-01 00:00:00+00:00, run_after=2024-05-02 00:00:00+00:00
[2024-05-02T23:50:20.605+0000] {processor.py:183} INFO - Processing /home/airflow/.local/lib/python3.12/site-packages/airflow/example_dags/example_branch_labels.py took 0.417 seconds
[2024-05-02T23:50:50.719+0000] {processor.py:161} INFO - Started process (PID=1209) to work on /home/airflow/.local/lib/python3.12/site-packages/airflow/example_dags/example_branch_labels.py
[2024-05-02T23:50:50.721+0000] {processor.py:830} INFO - Processing file /home/airflow/.local/lib/python3.12/site-packages/airflow/example_dags/example_branch_labels.py for tasks to queue
[2024-05-02T23:50:50.722+0000] {logging_mixin.py:188} INFO - [2024-05-02T23:50:50.722+0000] {dagbag.py:540} INFO - Filling up the DagBag from /home/airflow/.local/lib/python3.12/site-packages/airflow/example_dags/example_branch_labels.py
[2024-05-02T23:50:50.733+0000] {processor.py:840} INFO - DAG(s) 'example_branch_labels' retrieved from /home/airflow/.local/lib/python3.12/site-packages/airflow/example_dags/example_branch_labels.py
[2024-05-02T23:50:50.762+0000] {logging_mixin.py:188} INFO - [2024-05-02T23:50:50.762+0000] {dag.py:3096} INFO - Sync 1 DAGs
[2024-05-02T23:50:50.795+0000] {logging_mixin.py:188} INFO - [2024-05-02T23:50:50.795+0000] {dag.py:3954} INFO - Setting next_dagrun for example_branch_labels to 2024-05-01 00:00:00+00:00, run_after=2024-05-02 00:00:00+00:00
[2024-05-02T23:50:50.819+0000] {processor.py:183} INFO - Processing /home/airflow/.local/lib/python3.12/site-packages/airflow/example_dags/example_branch_labels.py took 0.109 seconds
[2024-05-02T23:51:21.135+0000] {processor.py:161} INFO - Started process (PID=1267) to work on /home/airflow/.local/lib/python3.12/site-packages/airflow/example_dags/example_branch_labels.py
[2024-05-02T23:51:21.136+0000] {processor.py:830} INFO - Processing file /home/airflow/.local/lib/python3.12/site-packages/airflow/example_dags/example_branch_labels.py for tasks to queue
[2024-05-02T23:51:21.137+0000] {logging_mixin.py:188} INFO - [2024-05-02T23:51:21.137+0000] {dagbag.py:540} INFO - Filling up the DagBag from /home/airflow/.local/lib/python3.12/site-packages/airflow/example_dags/example_branch_labels.py
[2024-05-02T23:51:21.147+0000] {processor.py:840} INFO - DAG(s) 'example_branch_labels' retrieved from /home/airflow/.local/lib/python3.12/site-packages/airflow/example_dags/example_branch_labels.py
[2024-05-02T23:51:21.176+0000] {logging_mixin.py:188} INFO - [2024-05-02T23:51:21.176+0000] {dag.py:3096} INFO - Sync 1 DAGs
[2024-05-02T23:51:21.207+0000] {logging_mixin.py:188} INFO - [2024-05-02T23:51:21.207+0000] {dag.py:3954} INFO - Setting next_dagrun for example_branch_labels to 2024-05-01 00:00:00+00:00, run_after=2024-05-02 00:00:00+00:00
[2024-05-02T23:51:21.242+0000] {processor.py:183} INFO - Processing /home/airflow/.local/lib/python3.12/site-packages/airflow/example_dags/example_branch_labels.py took 0.117 seconds
[2024-05-02T23:51:51.391+0000] {processor.py:161} INFO - Started process (PID=1325) to work on /home/airflow/.local/lib/python3.12/site-packages/airflow/example_dags/example_branch_labels.py
[2024-05-02T23:51:51.392+0000] {processor.py:830} INFO - Processing file /home/airflow/.local/lib/python3.12/site-packages/airflow/example_dags/example_branch_labels.py for tasks to queue
[2024-05-02T23:51:51.394+0000] {logging_mixin.py:188} INFO - [2024-05-02T23:51:51.393+0000] {dagbag.py:540} INFO - Filling up the DagBag from /home/airflow/.local/lib/python3.12/site-packages/airflow/example_dags/example_branch_labels.py
[2024-05-02T23:51:51.403+0000] {processor.py:840} INFO - DAG(s) 'example_branch_labels' retrieved from /home/airflow/.local/lib/python3.12/site-packages/airflow/example_dags/example_branch_labels.py
[2024-05-02T23:51:51.436+0000] {logging_mixin.py:188} INFO - [2024-05-02T23:51:51.435+0000] {dag.py:3096} INFO - Sync 1 DAGs
[2024-05-02T23:51:51.470+0000] {logging_mixin.py:188} INFO - [2024-05-02T23:51:51.470+0000] {dag.py:3954} INFO - Setting next_dagrun for example_branch_labels to 2024-05-01 00:00:00+00:00, run_after=2024-05-02 00:00:00+00:00
[2024-05-02T23:51:51.491+0000] {processor.py:183} INFO - Processing /home/airflow/.local/lib/python3.12/site-packages/airflow/example_dags/example_branch_labels.py took 0.108 seconds
[2024-05-02T23:52:21.821+0000] {processor.py:161} INFO - Started process (PID=1383) to work on /home/airflow/.local/lib/python3.12/site-packages/airflow/example_dags/example_branch_labels.py
[2024-05-02T23:52:21.822+0000] {processor.py:830} INFO - Processing file /home/airflow/.local/lib/python3.12/site-packages/airflow/example_dags/example_branch_labels.py for tasks to queue
[2024-05-02T23:52:21.824+0000] {logging_mixin.py:188} INFO - [2024-05-02T23:52:21.823+0000] {dagbag.py:540} INFO - Filling up the DagBag from /home/airflow/.local/lib/python3.12/site-packages/airflow/example_dags/example_branch_labels.py
[2024-05-02T23:52:21.835+0000] {processor.py:840} INFO - DAG(s) 'example_branch_labels' retrieved from /home/airflow/.local/lib/python3.12/site-packages/airflow/example_dags/example_branch_labels.py
[2024-05-02T23:52:21.868+0000] {logging_mixin.py:188} INFO - [2024-05-02T23:52:21.867+0000] {dag.py:3096} INFO - Sync 1 DAGs
[2024-05-02T23:52:21.902+0000] {logging_mixin.py:188} INFO - [2024-05-02T23:52:21.901+0000] {dag.py:3954} INFO - Setting next_dagrun for example_branch_labels to 2024-05-01 00:00:00+00:00, run_after=2024-05-02 00:00:00+00:00
[2024-05-02T23:52:21.924+0000] {processor.py:183} INFO - Processing /home/airflow/.local/lib/python3.12/site-packages/airflow/example_dags/example_branch_labels.py took 0.111 seconds
[2024-05-02T23:52:52.262+0000] {processor.py:161} INFO - Started process (PID=1442) to work on /home/airflow/.local/lib/python3.12/site-packages/airflow/example_dags/example_branch_labels.py
[2024-05-02T23:52:52.264+0000] {processor.py:830} INFO - Processing file /home/airflow/.local/lib/python3.12/site-packages/airflow/example_dags/example_branch_labels.py for tasks to queue
[2024-05-02T23:52:52.265+0000] {logging_mixin.py:188} INFO - [2024-05-02T23:52:52.264+0000] {dagbag.py:540} INFO - Filling up the DagBag from /home/airflow/.local/lib/python3.12/site-packages/airflow/example_dags/example_branch_labels.py
[2024-05-02T23:52:52.275+0000] {processor.py:840} INFO - DAG(s) 'example_branch_labels' retrieved from /home/airflow/.local/lib/python3.12/site-packages/airflow/example_dags/example_branch_labels.py
[2024-05-02T23:52:52.308+0000] {logging_mixin.py:188} INFO - [2024-05-02T23:52:52.308+0000] {dag.py:3096} INFO - Sync 1 DAGs
[2024-05-02T23:52:52.340+0000] {logging_mixin.py:188} INFO - [2024-05-02T23:52:52.339+0000] {dag.py:3954} INFO - Setting next_dagrun for example_branch_labels to 2024-05-01 00:00:00+00:00, run_after=2024-05-02 00:00:00+00:00
[2024-05-02T23:52:52.362+0000] {processor.py:183} INFO - Processing /home/airflow/.local/lib/python3.12/site-packages/airflow/example_dags/example_branch_labels.py took 0.108 seconds
[2024-05-02T23:53:23.123+0000] {processor.py:161} INFO - Started process (PID=1500) to work on /home/airflow/.local/lib/python3.12/site-packages/airflow/example_dags/example_branch_labels.py
[2024-05-02T23:53:23.124+0000] {processor.py:830} INFO - Processing file /home/airflow/.local/lib/python3.12/site-packages/airflow/example_dags/example_branch_labels.py for tasks to queue
[2024-05-02T23:53:23.125+0000] {logging_mixin.py:188} INFO - [2024-05-02T23:53:23.125+0000] {dagbag.py:540} INFO - Filling up the DagBag from /home/airflow/.local/lib/python3.12/site-packages/airflow/example_dags/example_branch_labels.py
[2024-05-02T23:53:23.135+0000] {processor.py:840} INFO - DAG(s) 'example_branch_labels' retrieved from /home/airflow/.local/lib/python3.12/site-packages/airflow/example_dags/example_branch_labels.py
[2024-05-02T23:53:23.165+0000] {logging_mixin.py:188} INFO - [2024-05-02T23:53:23.165+0000] {dag.py:3096} INFO - Sync 1 DAGs
[2024-05-02T23:53:23.197+0000] {logging_mixin.py:188} INFO - [2024-05-02T23:53:23.197+0000] {dag.py:3954} INFO - Setting next_dagrun for example_branch_labels to 2024-05-01 00:00:00+00:00, run_after=2024-05-02 00:00:00+00:00
[2024-05-02T23:53:23.222+0000] {processor.py:183} INFO - Processing /home/airflow/.local/lib/python3.12/site-packages/airflow/example_dags/example_branch_labels.py took 0.111 seconds
[2024-05-02T23:53:53.520+0000] {processor.py:161} INFO - Started process (PID=1558) to work on /home/airflow/.local/lib/python3.12/site-packages/airflow/example_dags/example_branch_labels.py
[2024-05-02T23:53:53.522+0000] {processor.py:830} INFO - Processing file /home/airflow/.local/lib/python3.12/site-packages/airflow/example_dags/example_branch_labels.py for tasks to queue
[2024-05-02T23:53:53.524+0000] {logging_mixin.py:188} INFO - [2024-05-02T23:53:53.523+0000] {dagbag.py:540} INFO - Filling up the DagBag from /home/airflow/.local/lib/python3.12/site-packages/airflow/example_dags/example_branch_labels.py
[2024-05-02T23:53:53.542+0000] {processor.py:840} INFO - DAG(s) 'example_branch_labels' retrieved from /home/airflow/.local/lib/python3.12/site-packages/airflow/example_dags/example_branch_labels.py
[2024-05-02T23:53:53.590+0000] {logging_mixin.py:188} INFO - [2024-05-02T23:53:53.590+0000] {dag.py:3096} INFO - Sync 1 DAGs
[2024-05-02T23:53:53.637+0000] {logging_mixin.py:188} INFO - [2024-05-02T23:53:53.636+0000] {dag.py:3954} INFO - Setting next_dagrun for example_branch_labels to 2024-05-01 00:00:00+00:00, run_after=2024-05-02 00:00:00+00:00
[2024-05-02T23:53:53.672+0000] {processor.py:183} INFO - Processing /home/airflow/.local/lib/python3.12/site-packages/airflow/example_dags/example_branch_labels.py took 0.164 seconds
[2024-05-02T23:54:24.466+0000] {processor.py:161} INFO - Started process (PID=1616) to work on /home/airflow/.local/lib/python3.12/site-packages/airflow/example_dags/example_branch_labels.py
[2024-05-02T23:54:24.467+0000] {processor.py:830} INFO - Processing file /home/airflow/.local/lib/python3.12/site-packages/airflow/example_dags/example_branch_labels.py for tasks to queue
[2024-05-02T23:54:24.468+0000] {logging_mixin.py:188} INFO - [2024-05-02T23:54:24.468+0000] {dagbag.py:540} INFO - Filling up the DagBag from /home/airflow/.local/lib/python3.12/site-packages/airflow/example_dags/example_branch_labels.py
[2024-05-02T23:54:24.479+0000] {processor.py:840} INFO - DAG(s) 'example_branch_labels' retrieved from /home/airflow/.local/lib/python3.12/site-packages/airflow/example_dags/example_branch_labels.py
[2024-05-02T23:54:24.505+0000] {logging_mixin.py:188} INFO - [2024-05-02T23:54:24.504+0000] {dag.py:3096} INFO - Sync 1 DAGs
[2024-05-02T23:54:24.545+0000] {logging_mixin.py:188} INFO - [2024-05-02T23:54:24.544+0000] {dag.py:3954} INFO - Setting next_dagrun for example_branch_labels to 2024-05-01 00:00:00+00:00, run_after=2024-05-02 00:00:00+00:00
[2024-05-02T23:54:24.600+0000] {processor.py:183} INFO - Processing /home/airflow/.local/lib/python3.12/site-packages/airflow/example_dags/example_branch_labels.py took 0.142 seconds
[2024-05-02T23:54:54.758+0000] {processor.py:161} INFO - Started process (PID=1674) to work on /home/airflow/.local/lib/python3.12/site-packages/airflow/example_dags/example_branch_labels.py
[2024-05-02T23:54:54.759+0000] {processor.py:830} INFO - Processing file /home/airflow/.local/lib/python3.12/site-packages/airflow/example_dags/example_branch_labels.py for tasks to queue
[2024-05-02T23:54:54.761+0000] {logging_mixin.py:188} INFO - [2024-05-02T23:54:54.761+0000] {dagbag.py:540} INFO - Filling up the DagBag from /home/airflow/.local/lib/python3.12/site-packages/airflow/example_dags/example_branch_labels.py
[2024-05-02T23:54:54.776+0000] {processor.py:840} INFO - DAG(s) 'example_branch_labels' retrieved from /home/airflow/.local/lib/python3.12/site-packages/airflow/example_dags/example_branch_labels.py
[2024-05-02T23:54:54.819+0000] {logging_mixin.py:188} INFO - [2024-05-02T23:54:54.818+0000] {dag.py:3096} INFO - Sync 1 DAGs
[2024-05-02T23:54:54.857+0000] {logging_mixin.py:188} INFO - [2024-05-02T23:54:54.857+0000] {dag.py:3954} INFO - Setting next_dagrun for example_branch_labels to 2024-05-01 00:00:00+00:00, run_after=2024-05-02 00:00:00+00:00
[2024-05-02T23:54:54.893+0000] {processor.py:183} INFO - Processing /home/airflow/.local/lib/python3.12/site-packages/airflow/example_dags/example_branch_labels.py took 0.149 seconds
[2024-05-02T23:55:25.089+0000] {processor.py:161} INFO - Started process (PID=1732) to work on /home/airflow/.local/lib/python3.12/site-packages/airflow/example_dags/example_branch_labels.py
[2024-05-02T23:55:25.091+0000] {processor.py:830} INFO - Processing file /home/airflow/.local/lib/python3.12/site-packages/airflow/example_dags/example_branch_labels.py for tasks to queue
[2024-05-02T23:55:25.092+0000] {logging_mixin.py:188} INFO - [2024-05-02T23:55:25.091+0000] {dagbag.py:540} INFO - Filling up the DagBag from /home/airflow/.local/lib/python3.12/site-packages/airflow/example_dags/example_branch_labels.py
[2024-05-02T23:55:25.105+0000] {processor.py:840} INFO - DAG(s) 'example_branch_labels' retrieved from /home/airflow/.local/lib/python3.12/site-packages/airflow/example_dags/example_branch_labels.py
[2024-05-02T23:55:25.134+0000] {logging_mixin.py:188} INFO - [2024-05-02T23:55:25.134+0000] {dag.py:3096} INFO - Sync 1 DAGs
[2024-05-02T23:55:25.173+0000] {logging_mixin.py:188} INFO - [2024-05-02T23:55:25.173+0000] {dag.py:3954} INFO - Setting next_dagrun for example_branch_labels to 2024-05-01 00:00:00+00:00, run_after=2024-05-02 00:00:00+00:00
[2024-05-02T23:55:25.200+0000] {processor.py:183} INFO - Processing /home/airflow/.local/lib/python3.12/site-packages/airflow/example_dags/example_branch_labels.py took 0.118 seconds
[2024-05-02T23:55:55.343+0000] {processor.py:161} INFO - Started process (PID=1789) to work on /home/airflow/.local/lib/python3.12/site-packages/airflow/example_dags/example_branch_labels.py
[2024-05-02T23:55:55.344+0000] {processor.py:830} INFO - Processing file /home/airflow/.local/lib/python3.12/site-packages/airflow/example_dags/example_branch_labels.py for tasks to queue
[2024-05-02T23:55:55.346+0000] {logging_mixin.py:188} INFO - [2024-05-02T23:55:55.345+0000] {dagbag.py:540} INFO - Filling up the DagBag from /home/airflow/.local/lib/python3.12/site-packages/airflow/example_dags/example_branch_labels.py
[2024-05-02T23:55:55.355+0000] {processor.py:840} INFO - DAG(s) 'example_branch_labels' retrieved from /home/airflow/.local/lib/python3.12/site-packages/airflow/example_dags/example_branch_labels.py
[2024-05-02T23:55:55.383+0000] {logging_mixin.py:188} INFO - [2024-05-02T23:55:55.383+0000] {dag.py:3096} INFO - Sync 1 DAGs
[2024-05-02T23:55:55.410+0000] {logging_mixin.py:188} INFO - [2024-05-02T23:55:55.410+0000] {dag.py:3954} INFO - Setting next_dagrun for example_branch_labels to 2024-05-01 00:00:00+00:00, run_after=2024-05-02 00:00:00+00:00
[2024-05-02T23:55:55.445+0000] {processor.py:183} INFO - Processing /home/airflow/.local/lib/python3.12/site-packages/airflow/example_dags/example_branch_labels.py took 0.110 seconds
[2024-05-02T23:56:25.647+0000] {processor.py:161} INFO - Started process (PID=1846) to work on /home/airflow/.local/lib/python3.12/site-packages/airflow/example_dags/example_branch_labels.py
[2024-05-02T23:56:25.648+0000] {processor.py:830} INFO - Processing file /home/airflow/.local/lib/python3.12/site-packages/airflow/example_dags/example_branch_labels.py for tasks to queue
[2024-05-02T23:56:25.650+0000] {logging_mixin.py:188} INFO - [2024-05-02T23:56:25.649+0000] {dagbag.py:540} INFO - Filling up the DagBag from /home/airflow/.local/lib/python3.12/site-packages/airflow/example_dags/example_branch_labels.py
[2024-05-02T23:56:25.659+0000] {processor.py:840} INFO - DAG(s) 'example_branch_labels' retrieved from /home/airflow/.local/lib/python3.12/site-packages/airflow/example_dags/example_branch_labels.py
[2024-05-02T23:56:25.683+0000] {logging_mixin.py:188} INFO - [2024-05-02T23:56:25.682+0000] {dag.py:3096} INFO - Sync 1 DAGs
[2024-05-02T23:56:25.710+0000] {logging_mixin.py:188} INFO - [2024-05-02T23:56:25.709+0000] {dag.py:3954} INFO - Setting next_dagrun for example_branch_labels to 2024-05-01 00:00:00+00:00, run_after=2024-05-02 00:00:00+00:00
[2024-05-02T23:56:25.742+0000] {processor.py:183} INFO - Processing /home/airflow/.local/lib/python3.12/site-packages/airflow/example_dags/example_branch_labels.py took 0.102 seconds
[2024-05-02T23:56:56.408+0000] {processor.py:161} INFO - Started process (PID=1904) to work on /home/airflow/.local/lib/python3.12/site-packages/airflow/example_dags/example_branch_labels.py
[2024-05-02T23:56:56.410+0000] {processor.py:830} INFO - Processing file /home/airflow/.local/lib/python3.12/site-packages/airflow/example_dags/example_branch_labels.py for tasks to queue
[2024-05-02T23:56:56.411+0000] {logging_mixin.py:188} INFO - [2024-05-02T23:56:56.410+0000] {dagbag.py:540} INFO - Filling up the DagBag from /home/airflow/.local/lib/python3.12/site-packages/airflow/example_dags/example_branch_labels.py
[2024-05-02T23:56:56.420+0000] {processor.py:840} INFO - DAG(s) 'example_branch_labels' retrieved from /home/airflow/.local/lib/python3.12/site-packages/airflow/example_dags/example_branch_labels.py
[2024-05-02T23:56:56.448+0000] {logging_mixin.py:188} INFO - [2024-05-02T23:56:56.448+0000] {dag.py:3096} INFO - Sync 1 DAGs
[2024-05-02T23:56:56.477+0000] {logging_mixin.py:188} INFO - [2024-05-02T23:56:56.477+0000] {dag.py:3954} INFO - Setting next_dagrun for example_branch_labels to 2024-05-01 00:00:00+00:00, run_after=2024-05-02 00:00:00+00:00
[2024-05-02T23:56:56.501+0000] {processor.py:183} INFO - Processing /home/airflow/.local/lib/python3.12/site-packages/airflow/example_dags/example_branch_labels.py took 0.100 seconds
