[2024-05-02T05:54:16.522+0000] {processor.py:161} INFO - Started process (PID=59) to work on /home/airflow/.local/lib/python3.12/site-packages/airflow/example_dags/example_display_name.py
[2024-05-02T05:54:16.523+0000] {processor.py:830} INFO - Processing file /home/airflow/.local/lib/python3.12/site-packages/airflow/example_dags/example_display_name.py for tasks to queue
[2024-05-02T05:54:16.533+0000] {logging_mixin.py:188} INFO - [2024-05-02T05:54:16.531+0000] {dagbag.py:540} INFO - Filling up the DagBag from /home/airflow/.local/lib/python3.12/site-packages/airflow/example_dags/example_display_name.py
[2024-05-02T05:54:16.586+0000] {processor.py:840} INFO - DAG(s) 'example_display_name' retrieved from /home/airflow/.local/lib/python3.12/site-packages/airflow/example_dags/example_display_name.py
[2024-05-02T05:54:18.034+0000] {logging_mixin.py:188} INFO - [2024-05-02T05:54:18.034+0000] {dag.py:3096} INFO - Sync 1 DAGs
[2024-05-02T05:54:18.139+0000] {logging_mixin.py:188} INFO - [2024-05-02T05:54:18.137+0000] {dag.py:3954} INFO - Setting next_dagrun for example_display_name to None, run_after=None
[2024-05-02T05:54:18.419+0000] {processor.py:183} INFO - Processing /home/airflow/.local/lib/python3.12/site-packages/airflow/example_dags/example_display_name.py took 1.907 seconds
[2024-05-02T05:54:49.072+0000] {processor.py:161} INFO - Started process (PID=117) to work on /home/airflow/.local/lib/python3.12/site-packages/airflow/example_dags/example_display_name.py
[2024-05-02T05:54:49.079+0000] {processor.py:830} INFO - Processing file /home/airflow/.local/lib/python3.12/site-packages/airflow/example_dags/example_display_name.py for tasks to queue
[2024-05-02T05:54:49.086+0000] {logging_mixin.py:188} INFO - [2024-05-02T05:54:49.085+0000] {dagbag.py:540} INFO - Filling up the DagBag from /home/airflow/.local/lib/python3.12/site-packages/airflow/example_dags/example_display_name.py
[2024-05-02T05:54:49.103+0000] {processor.py:840} INFO - DAG(s) 'example_display_name' retrieved from /home/airflow/.local/lib/python3.12/site-packages/airflow/example_dags/example_display_name.py
[2024-05-02T05:54:49.134+0000] {logging_mixin.py:188} INFO - [2024-05-02T05:54:49.133+0000] {dag.py:3096} INFO - Sync 1 DAGs
[2024-05-02T05:54:49.158+0000] {logging_mixin.py:188} INFO - [2024-05-02T05:54:49.157+0000] {dag.py:3954} INFO - Setting next_dagrun for example_display_name to None, run_after=None
[2024-05-02T05:54:49.211+0000] {processor.py:183} INFO - Processing /home/airflow/.local/lib/python3.12/site-packages/airflow/example_dags/example_display_name.py took 0.149 seconds
[2024-05-02T05:55:19.366+0000] {processor.py:161} INFO - Started process (PID=175) to work on /home/airflow/.local/lib/python3.12/site-packages/airflow/example_dags/example_display_name.py
[2024-05-02T05:55:19.373+0000] {processor.py:830} INFO - Processing file /home/airflow/.local/lib/python3.12/site-packages/airflow/example_dags/example_display_name.py for tasks to queue
[2024-05-02T05:55:19.376+0000] {logging_mixin.py:188} INFO - [2024-05-02T05:55:19.376+0000] {dagbag.py:540} INFO - Filling up the DagBag from /home/airflow/.local/lib/python3.12/site-packages/airflow/example_dags/example_display_name.py
[2024-05-02T05:55:19.390+0000] {processor.py:840} INFO - DAG(s) 'example_display_name' retrieved from /home/airflow/.local/lib/python3.12/site-packages/airflow/example_dags/example_display_name.py
[2024-05-02T05:55:19.428+0000] {logging_mixin.py:188} INFO - [2024-05-02T05:55:19.428+0000] {dag.py:3096} INFO - Sync 1 DAGs
[2024-05-02T05:55:19.456+0000] {logging_mixin.py:188} INFO - [2024-05-02T05:55:19.456+0000] {dag.py:3954} INFO - Setting next_dagrun for example_display_name to None, run_after=None
[2024-05-02T05:55:19.505+0000] {processor.py:183} INFO - Processing /home/airflow/.local/lib/python3.12/site-packages/airflow/example_dags/example_display_name.py took 0.155 seconds
[2024-05-02T05:56:17.495+0000] {processor.py:161} INFO - Started process (PID=239) to work on /home/airflow/.local/lib/python3.12/site-packages/airflow/example_dags/example_display_name.py
[2024-05-02T05:56:17.508+0000] {processor.py:830} INFO - Processing file /home/airflow/.local/lib/python3.12/site-packages/airflow/example_dags/example_display_name.py for tasks to queue
[2024-05-02T05:56:17.515+0000] {logging_mixin.py:188} INFO - [2024-05-02T05:56:17.514+0000] {dagbag.py:540} INFO - Filling up the DagBag from /home/airflow/.local/lib/python3.12/site-packages/airflow/example_dags/example_display_name.py
[2024-05-02T05:56:17.553+0000] {processor.py:840} INFO - DAG(s) 'example_display_name' retrieved from /home/airflow/.local/lib/python3.12/site-packages/airflow/example_dags/example_display_name.py
[2024-05-02T05:56:17.699+0000] {logging_mixin.py:188} INFO - [2024-05-02T05:56:17.698+0000] {dag.py:3096} INFO - Sync 1 DAGs
[2024-05-02T05:56:17.793+0000] {logging_mixin.py:188} INFO - [2024-05-02T05:56:17.793+0000] {dag.py:3954} INFO - Setting next_dagrun for example_display_name to None, run_after=None
[2024-05-02T05:56:18.005+0000] {processor.py:183} INFO - Processing /home/airflow/.local/lib/python3.12/site-packages/airflow/example_dags/example_display_name.py took 0.529 seconds
[2024-05-02T05:58:19.609+0000] {processor.py:161} INFO - Started process (PID=326) to work on /home/airflow/.local/lib/python3.12/site-packages/airflow/example_dags/example_display_name.py
[2024-05-02T05:58:19.641+0000] {processor.py:830} INFO - Processing file /home/airflow/.local/lib/python3.12/site-packages/airflow/example_dags/example_display_name.py for tasks to queue
[2024-05-02T05:58:19.653+0000] {logging_mixin.py:188} INFO - [2024-05-02T05:58:19.652+0000] {dagbag.py:540} INFO - Filling up the DagBag from /home/airflow/.local/lib/python3.12/site-packages/airflow/example_dags/example_display_name.py
[2024-05-02T05:58:19.716+0000] {processor.py:840} INFO - DAG(s) 'example_display_name' retrieved from /home/airflow/.local/lib/python3.12/site-packages/airflow/example_dags/example_display_name.py
[2024-05-02T05:58:19.872+0000] {logging_mixin.py:188} INFO - [2024-05-02T05:58:19.871+0000] {dag.py:3096} INFO - Sync 1 DAGs
[2024-05-02T05:58:20.045+0000] {logging_mixin.py:188} INFO - [2024-05-02T05:58:20.044+0000] {dag.py:3954} INFO - Setting next_dagrun for example_display_name to None, run_after=None
[2024-05-02T05:58:20.160+0000] {processor.py:183} INFO - Processing /home/airflow/.local/lib/python3.12/site-packages/airflow/example_dags/example_display_name.py took 0.624 seconds
[2024-05-02T23:42:57.877+0000] {processor.py:161} INFO - Started process (PID=394) to work on /home/airflow/.local/lib/python3.12/site-packages/airflow/example_dags/example_display_name.py
[2024-05-02T23:42:57.879+0000] {processor.py:830} INFO - Processing file /home/airflow/.local/lib/python3.12/site-packages/airflow/example_dags/example_display_name.py for tasks to queue
[2024-05-02T23:42:57.881+0000] {logging_mixin.py:188} INFO - [2024-05-02T23:42:57.880+0000] {dagbag.py:540} INFO - Filling up the DagBag from /home/airflow/.local/lib/python3.12/site-packages/airflow/example_dags/example_display_name.py
[2024-05-02T23:42:57.901+0000] {processor.py:840} INFO - DAG(s) 'example_display_name' retrieved from /home/airflow/.local/lib/python3.12/site-packages/airflow/example_dags/example_display_name.py
[2024-05-02T23:42:58.017+0000] {logging_mixin.py:188} INFO - [2024-05-02T23:42:58.017+0000] {dag.py:3096} INFO - Sync 1 DAGs
[2024-05-02T23:42:58.091+0000] {logging_mixin.py:188} INFO - [2024-05-02T23:42:58.091+0000] {dag.py:3954} INFO - Setting next_dagrun for example_display_name to None, run_after=None
[2024-05-02T23:42:58.170+0000] {processor.py:183} INFO - Processing /home/airflow/.local/lib/python3.12/site-packages/airflow/example_dags/example_display_name.py took 0.318 seconds
[2024-05-02T23:44:14.592+0000] {processor.py:161} INFO - Started process (PID=458) to work on /home/airflow/.local/lib/python3.12/site-packages/airflow/example_dags/example_display_name.py
[2024-05-02T23:44:14.595+0000] {processor.py:830} INFO - Processing file /home/airflow/.local/lib/python3.12/site-packages/airflow/example_dags/example_display_name.py for tasks to queue
[2024-05-02T23:44:14.597+0000] {logging_mixin.py:188} INFO - [2024-05-02T23:44:14.596+0000] {dagbag.py:540} INFO - Filling up the DagBag from /home/airflow/.local/lib/python3.12/site-packages/airflow/example_dags/example_display_name.py
[2024-05-02T23:44:14.609+0000] {processor.py:840} INFO - DAG(s) 'example_display_name' retrieved from /home/airflow/.local/lib/python3.12/site-packages/airflow/example_dags/example_display_name.py
[2024-05-02T23:44:15.120+0000] {logging_mixin.py:188} INFO - [2024-05-02T23:44:15.120+0000] {dag.py:3096} INFO - Sync 1 DAGs
[2024-05-02T23:44:15.161+0000] {logging_mixin.py:188} INFO - [2024-05-02T23:44:15.161+0000] {dag.py:3954} INFO - Setting next_dagrun for example_display_name to None, run_after=None
[2024-05-02T23:44:16.254+0000] {processor.py:183} INFO - Processing /home/airflow/.local/lib/python3.12/site-packages/airflow/example_dags/example_display_name.py took 1.677 seconds
[2024-05-02T23:44:46.833+0000] {processor.py:161} INFO - Started process (PID=516) to work on /home/airflow/.local/lib/python3.12/site-packages/airflow/example_dags/example_display_name.py
[2024-05-02T23:44:46.845+0000] {processor.py:830} INFO - Processing file /home/airflow/.local/lib/python3.12/site-packages/airflow/example_dags/example_display_name.py for tasks to queue
[2024-05-02T23:44:46.848+0000] {logging_mixin.py:188} INFO - [2024-05-02T23:44:46.847+0000] {dagbag.py:540} INFO - Filling up the DagBag from /home/airflow/.local/lib/python3.12/site-packages/airflow/example_dags/example_display_name.py
[2024-05-02T23:44:46.873+0000] {processor.py:840} INFO - DAG(s) 'example_display_name' retrieved from /home/airflow/.local/lib/python3.12/site-packages/airflow/example_dags/example_display_name.py
[2024-05-02T23:44:46.959+0000] {logging_mixin.py:188} INFO - [2024-05-02T23:44:46.959+0000] {dag.py:3096} INFO - Sync 1 DAGs
[2024-05-02T23:44:47.020+0000] {logging_mixin.py:188} INFO - [2024-05-02T23:44:47.019+0000] {dag.py:3954} INFO - Setting next_dagrun for example_display_name to None, run_after=None
[2024-05-02T23:44:47.113+0000] {processor.py:183} INFO - Processing /home/airflow/.local/lib/python3.12/site-packages/airflow/example_dags/example_display_name.py took 0.303 seconds
[2024-05-02T23:45:17.363+0000] {processor.py:161} INFO - Started process (PID=574) to work on /home/airflow/.local/lib/python3.12/site-packages/airflow/example_dags/example_display_name.py
[2024-05-02T23:45:17.370+0000] {processor.py:830} INFO - Processing file /home/airflow/.local/lib/python3.12/site-packages/airflow/example_dags/example_display_name.py for tasks to queue
[2024-05-02T23:45:17.373+0000] {logging_mixin.py:188} INFO - [2024-05-02T23:45:17.372+0000] {dagbag.py:540} INFO - Filling up the DagBag from /home/airflow/.local/lib/python3.12/site-packages/airflow/example_dags/example_display_name.py
[2024-05-02T23:45:17.392+0000] {processor.py:840} INFO - DAG(s) 'example_display_name' retrieved from /home/airflow/.local/lib/python3.12/site-packages/airflow/example_dags/example_display_name.py
[2024-05-02T23:45:17.457+0000] {logging_mixin.py:188} INFO - [2024-05-02T23:45:17.453+0000] {dag.py:3096} INFO - Sync 1 DAGs
[2024-05-02T23:45:17.508+0000] {logging_mixin.py:188} INFO - [2024-05-02T23:45:17.508+0000] {dag.py:3954} INFO - Setting next_dagrun for example_display_name to None, run_after=None
[2024-05-02T23:45:17.574+0000] {processor.py:183} INFO - Processing /home/airflow/.local/lib/python3.12/site-packages/airflow/example_dags/example_display_name.py took 0.227 seconds
[2024-05-02T23:45:48.435+0000] {processor.py:161} INFO - Started process (PID=632) to work on /home/airflow/.local/lib/python3.12/site-packages/airflow/example_dags/example_display_name.py
[2024-05-02T23:45:48.436+0000] {processor.py:830} INFO - Processing file /home/airflow/.local/lib/python3.12/site-packages/airflow/example_dags/example_display_name.py for tasks to queue
[2024-05-02T23:45:48.437+0000] {logging_mixin.py:188} INFO - [2024-05-02T23:45:48.437+0000] {dagbag.py:540} INFO - Filling up the DagBag from /home/airflow/.local/lib/python3.12/site-packages/airflow/example_dags/example_display_name.py
[2024-05-02T23:45:48.446+0000] {processor.py:840} INFO - DAG(s) 'example_display_name' retrieved from /home/airflow/.local/lib/python3.12/site-packages/airflow/example_dags/example_display_name.py
[2024-05-02T23:45:48.477+0000] {logging_mixin.py:188} INFO - [2024-05-02T23:45:48.477+0000] {dag.py:3096} INFO - Sync 1 DAGs
[2024-05-02T23:45:48.496+0000] {logging_mixin.py:188} INFO - [2024-05-02T23:45:48.496+0000] {dag.py:3954} INFO - Setting next_dagrun for example_display_name to None, run_after=None
[2024-05-02T23:45:48.529+0000] {processor.py:183} INFO - Processing /home/airflow/.local/lib/python3.12/site-packages/airflow/example_dags/example_display_name.py took 0.101 seconds
[2024-05-02T23:46:18.811+0000] {processor.py:161} INFO - Started process (PID=690) to work on /home/airflow/.local/lib/python3.12/site-packages/airflow/example_dags/example_display_name.py
[2024-05-02T23:46:18.813+0000] {processor.py:830} INFO - Processing file /home/airflow/.local/lib/python3.12/site-packages/airflow/example_dags/example_display_name.py for tasks to queue
[2024-05-02T23:46:18.814+0000] {logging_mixin.py:188} INFO - [2024-05-02T23:46:18.813+0000] {dagbag.py:540} INFO - Filling up the DagBag from /home/airflow/.local/lib/python3.12/site-packages/airflow/example_dags/example_display_name.py
[2024-05-02T23:46:18.821+0000] {processor.py:840} INFO - DAG(s) 'example_display_name' retrieved from /home/airflow/.local/lib/python3.12/site-packages/airflow/example_dags/example_display_name.py
[2024-05-02T23:46:18.845+0000] {logging_mixin.py:188} INFO - [2024-05-02T23:46:18.845+0000] {dag.py:3096} INFO - Sync 1 DAGs
[2024-05-02T23:46:18.864+0000] {logging_mixin.py:188} INFO - [2024-05-02T23:46:18.864+0000] {dag.py:3954} INFO - Setting next_dagrun for example_display_name to None, run_after=None
[2024-05-02T23:46:18.889+0000] {processor.py:183} INFO - Processing /home/airflow/.local/lib/python3.12/site-packages/airflow/example_dags/example_display_name.py took 0.085 seconds
[2024-05-02T23:46:49.106+0000] {processor.py:161} INFO - Started process (PID=748) to work on /home/airflow/.local/lib/python3.12/site-packages/airflow/example_dags/example_display_name.py
[2024-05-02T23:46:49.108+0000] {processor.py:830} INFO - Processing file /home/airflow/.local/lib/python3.12/site-packages/airflow/example_dags/example_display_name.py for tasks to queue
[2024-05-02T23:46:49.109+0000] {logging_mixin.py:188} INFO - [2024-05-02T23:46:49.109+0000] {dagbag.py:540} INFO - Filling up the DagBag from /home/airflow/.local/lib/python3.12/site-packages/airflow/example_dags/example_display_name.py
[2024-05-02T23:46:49.117+0000] {processor.py:840} INFO - DAG(s) 'example_display_name' retrieved from /home/airflow/.local/lib/python3.12/site-packages/airflow/example_dags/example_display_name.py
[2024-05-02T23:46:49.146+0000] {logging_mixin.py:188} INFO - [2024-05-02T23:46:49.146+0000] {dag.py:3096} INFO - Sync 1 DAGs
[2024-05-02T23:46:49.162+0000] {logging_mixin.py:188} INFO - [2024-05-02T23:46:49.162+0000] {dag.py:3954} INFO - Setting next_dagrun for example_display_name to None, run_after=None
[2024-05-02T23:46:49.191+0000] {processor.py:183} INFO - Processing /home/airflow/.local/lib/python3.12/site-packages/airflow/example_dags/example_display_name.py took 0.095 seconds
[2024-05-02T23:47:19.345+0000] {processor.py:161} INFO - Started process (PID=806) to work on /home/airflow/.local/lib/python3.12/site-packages/airflow/example_dags/example_display_name.py
[2024-05-02T23:47:19.347+0000] {processor.py:830} INFO - Processing file /home/airflow/.local/lib/python3.12/site-packages/airflow/example_dags/example_display_name.py for tasks to queue
[2024-05-02T23:47:19.348+0000] {logging_mixin.py:188} INFO - [2024-05-02T23:47:19.348+0000] {dagbag.py:540} INFO - Filling up the DagBag from /home/airflow/.local/lib/python3.12/site-packages/airflow/example_dags/example_display_name.py
[2024-05-02T23:47:19.356+0000] {processor.py:840} INFO - DAG(s) 'example_display_name' retrieved from /home/airflow/.local/lib/python3.12/site-packages/airflow/example_dags/example_display_name.py
[2024-05-02T23:47:19.381+0000] {logging_mixin.py:188} INFO - [2024-05-02T23:47:19.380+0000] {dag.py:3096} INFO - Sync 1 DAGs
[2024-05-02T23:47:19.397+0000] {logging_mixin.py:188} INFO - [2024-05-02T23:47:19.397+0000] {dag.py:3954} INFO - Setting next_dagrun for example_display_name to None, run_after=None
[2024-05-02T23:47:19.420+0000] {processor.py:183} INFO - Processing /home/airflow/.local/lib/python3.12/site-packages/airflow/example_dags/example_display_name.py took 0.084 seconds
[2024-05-02T23:47:49.579+0000] {processor.py:161} INFO - Started process (PID=864) to work on /home/airflow/.local/lib/python3.12/site-packages/airflow/example_dags/example_display_name.py
[2024-05-02T23:47:49.580+0000] {processor.py:830} INFO - Processing file /home/airflow/.local/lib/python3.12/site-packages/airflow/example_dags/example_display_name.py for tasks to queue
[2024-05-02T23:47:49.582+0000] {logging_mixin.py:188} INFO - [2024-05-02T23:47:49.581+0000] {dagbag.py:540} INFO - Filling up the DagBag from /home/airflow/.local/lib/python3.12/site-packages/airflow/example_dags/example_display_name.py
[2024-05-02T23:47:49.589+0000] {processor.py:840} INFO - DAG(s) 'example_display_name' retrieved from /home/airflow/.local/lib/python3.12/site-packages/airflow/example_dags/example_display_name.py
[2024-05-02T23:47:49.615+0000] {logging_mixin.py:188} INFO - [2024-05-02T23:47:49.615+0000] {dag.py:3096} INFO - Sync 1 DAGs
[2024-05-02T23:47:49.632+0000] {logging_mixin.py:188} INFO - [2024-05-02T23:47:49.631+0000] {dag.py:3954} INFO - Setting next_dagrun for example_display_name to None, run_after=None
[2024-05-02T23:47:49.660+0000] {processor.py:183} INFO - Processing /home/airflow/.local/lib/python3.12/site-packages/airflow/example_dags/example_display_name.py took 0.089 seconds
[2024-05-02T23:48:20.069+0000] {processor.py:161} INFO - Started process (PID=922) to work on /home/airflow/.local/lib/python3.12/site-packages/airflow/example_dags/example_display_name.py
[2024-05-02T23:48:20.070+0000] {processor.py:830} INFO - Processing file /home/airflow/.local/lib/python3.12/site-packages/airflow/example_dags/example_display_name.py for tasks to queue
[2024-05-02T23:48:20.071+0000] {logging_mixin.py:188} INFO - [2024-05-02T23:48:20.070+0000] {dagbag.py:540} INFO - Filling up the DagBag from /home/airflow/.local/lib/python3.12/site-packages/airflow/example_dags/example_display_name.py
[2024-05-02T23:48:20.078+0000] {processor.py:840} INFO - DAG(s) 'example_display_name' retrieved from /home/airflow/.local/lib/python3.12/site-packages/airflow/example_dags/example_display_name.py
[2024-05-02T23:48:20.109+0000] {logging_mixin.py:188} INFO - [2024-05-02T23:48:20.109+0000] {dag.py:3096} INFO - Sync 1 DAGs
[2024-05-02T23:48:20.131+0000] {logging_mixin.py:188} INFO - [2024-05-02T23:48:20.130+0000] {dag.py:3954} INFO - Setting next_dagrun for example_display_name to None, run_after=None
[2024-05-02T23:48:20.161+0000] {processor.py:183} INFO - Processing /home/airflow/.local/lib/python3.12/site-packages/airflow/example_dags/example_display_name.py took 0.101 seconds
[2024-05-02T23:48:50.816+0000] {processor.py:161} INFO - Started process (PID=980) to work on /home/airflow/.local/lib/python3.12/site-packages/airflow/example_dags/example_display_name.py
[2024-05-02T23:48:50.817+0000] {processor.py:830} INFO - Processing file /home/airflow/.local/lib/python3.12/site-packages/airflow/example_dags/example_display_name.py for tasks to queue
[2024-05-02T23:48:50.825+0000] {logging_mixin.py:188} INFO - [2024-05-02T23:48:50.824+0000] {dagbag.py:540} INFO - Filling up the DagBag from /home/airflow/.local/lib/python3.12/site-packages/airflow/example_dags/example_display_name.py
[2024-05-02T23:48:50.832+0000] {processor.py:840} INFO - DAG(s) 'example_display_name' retrieved from /home/airflow/.local/lib/python3.12/site-packages/airflow/example_dags/example_display_name.py
[2024-05-02T23:48:50.858+0000] {logging_mixin.py:188} INFO - [2024-05-02T23:48:50.857+0000] {dag.py:3096} INFO - Sync 1 DAGs
[2024-05-02T23:48:50.874+0000] {logging_mixin.py:188} INFO - [2024-05-02T23:48:50.873+0000] {dag.py:3954} INFO - Setting next_dagrun for example_display_name to None, run_after=None
[2024-05-02T23:48:50.898+0000] {processor.py:183} INFO - Processing /home/airflow/.local/lib/python3.12/site-packages/airflow/example_dags/example_display_name.py took 0.092 seconds
[2024-05-02T23:49:21.307+0000] {processor.py:161} INFO - Started process (PID=1038) to work on /home/airflow/.local/lib/python3.12/site-packages/airflow/example_dags/example_display_name.py
[2024-05-02T23:49:21.308+0000] {processor.py:830} INFO - Processing file /home/airflow/.local/lib/python3.12/site-packages/airflow/example_dags/example_display_name.py for tasks to queue
[2024-05-02T23:49:21.310+0000] {logging_mixin.py:188} INFO - [2024-05-02T23:49:21.309+0000] {dagbag.py:540} INFO - Filling up the DagBag from /home/airflow/.local/lib/python3.12/site-packages/airflow/example_dags/example_display_name.py
[2024-05-02T23:49:21.319+0000] {processor.py:840} INFO - DAG(s) 'example_display_name' retrieved from /home/airflow/.local/lib/python3.12/site-packages/airflow/example_dags/example_display_name.py
[2024-05-02T23:49:21.353+0000] {logging_mixin.py:188} INFO - [2024-05-02T23:49:21.352+0000] {dag.py:3096} INFO - Sync 1 DAGs
[2024-05-02T23:49:21.377+0000] {logging_mixin.py:188} INFO - [2024-05-02T23:49:21.377+0000] {dag.py:3954} INFO - Setting next_dagrun for example_display_name to None, run_after=None
[2024-05-02T23:49:21.403+0000] {processor.py:183} INFO - Processing /home/airflow/.local/lib/python3.12/site-packages/airflow/example_dags/example_display_name.py took 0.105 seconds
[2024-05-02T23:49:51.619+0000] {processor.py:161} INFO - Started process (PID=1094) to work on /home/airflow/.local/lib/python3.12/site-packages/airflow/example_dags/example_display_name.py
[2024-05-02T23:49:51.620+0000] {processor.py:830} INFO - Processing file /home/airflow/.local/lib/python3.12/site-packages/airflow/example_dags/example_display_name.py for tasks to queue
[2024-05-02T23:49:51.621+0000] {logging_mixin.py:188} INFO - [2024-05-02T23:49:51.621+0000] {dagbag.py:540} INFO - Filling up the DagBag from /home/airflow/.local/lib/python3.12/site-packages/airflow/example_dags/example_display_name.py
[2024-05-02T23:49:51.628+0000] {processor.py:840} INFO - DAG(s) 'example_display_name' retrieved from /home/airflow/.local/lib/python3.12/site-packages/airflow/example_dags/example_display_name.py
[2024-05-02T23:49:51.653+0000] {logging_mixin.py:188} INFO - [2024-05-02T23:49:51.653+0000] {dag.py:3096} INFO - Sync 1 DAGs
[2024-05-02T23:49:51.669+0000] {logging_mixin.py:188} INFO - [2024-05-02T23:49:51.668+0000] {dag.py:3954} INFO - Setting next_dagrun for example_display_name to None, run_after=None
[2024-05-02T23:49:51.694+0000] {processor.py:183} INFO - Processing /home/airflow/.local/lib/python3.12/site-packages/airflow/example_dags/example_display_name.py took 0.083 seconds
[2024-05-02T23:50:22.639+0000] {processor.py:161} INFO - Started process (PID=1153) to work on /home/airflow/.local/lib/python3.12/site-packages/airflow/example_dags/example_display_name.py
[2024-05-02T23:50:22.641+0000] {processor.py:830} INFO - Processing file /home/airflow/.local/lib/python3.12/site-packages/airflow/example_dags/example_display_name.py for tasks to queue
[2024-05-02T23:50:22.642+0000] {logging_mixin.py:188} INFO - [2024-05-02T23:50:22.642+0000] {dagbag.py:540} INFO - Filling up the DagBag from /home/airflow/.local/lib/python3.12/site-packages/airflow/example_dags/example_display_name.py
[2024-05-02T23:50:22.655+0000] {processor.py:840} INFO - DAG(s) 'example_display_name' retrieved from /home/airflow/.local/lib/python3.12/site-packages/airflow/example_dags/example_display_name.py
[2024-05-02T23:50:22.680+0000] {logging_mixin.py:188} INFO - [2024-05-02T23:50:22.680+0000] {dag.py:3096} INFO - Sync 1 DAGs
[2024-05-02T23:50:22.703+0000] {logging_mixin.py:188} INFO - [2024-05-02T23:50:22.703+0000] {dag.py:3954} INFO - Setting next_dagrun for example_display_name to None, run_after=None
[2024-05-02T23:50:22.732+0000] {processor.py:183} INFO - Processing /home/airflow/.local/lib/python3.12/site-packages/airflow/example_dags/example_display_name.py took 0.104 seconds
[2024-05-02T23:50:52.856+0000] {processor.py:161} INFO - Started process (PID=1211) to work on /home/airflow/.local/lib/python3.12/site-packages/airflow/example_dags/example_display_name.py
[2024-05-02T23:50:52.857+0000] {processor.py:830} INFO - Processing file /home/airflow/.local/lib/python3.12/site-packages/airflow/example_dags/example_display_name.py for tasks to queue
[2024-05-02T23:50:52.858+0000] {logging_mixin.py:188} INFO - [2024-05-02T23:50:52.858+0000] {dagbag.py:540} INFO - Filling up the DagBag from /home/airflow/.local/lib/python3.12/site-packages/airflow/example_dags/example_display_name.py
[2024-05-02T23:50:52.865+0000] {processor.py:840} INFO - DAG(s) 'example_display_name' retrieved from /home/airflow/.local/lib/python3.12/site-packages/airflow/example_dags/example_display_name.py
[2024-05-02T23:50:52.895+0000] {logging_mixin.py:188} INFO - [2024-05-02T23:50:52.895+0000] {dag.py:3096} INFO - Sync 1 DAGs
[2024-05-02T23:50:52.912+0000] {logging_mixin.py:188} INFO - [2024-05-02T23:50:52.911+0000] {dag.py:3954} INFO - Setting next_dagrun for example_display_name to None, run_after=None
[2024-05-02T23:50:52.940+0000] {processor.py:183} INFO - Processing /home/airflow/.local/lib/python3.12/site-packages/airflow/example_dags/example_display_name.py took 0.093 seconds
[2024-05-02T23:51:23.295+0000] {processor.py:161} INFO - Started process (PID=1269) to work on /home/airflow/.local/lib/python3.12/site-packages/airflow/example_dags/example_display_name.py
[2024-05-02T23:51:23.296+0000] {processor.py:830} INFO - Processing file /home/airflow/.local/lib/python3.12/site-packages/airflow/example_dags/example_display_name.py for tasks to queue
[2024-05-02T23:51:23.298+0000] {logging_mixin.py:188} INFO - [2024-05-02T23:51:23.297+0000] {dagbag.py:540} INFO - Filling up the DagBag from /home/airflow/.local/lib/python3.12/site-packages/airflow/example_dags/example_display_name.py
[2024-05-02T23:51:23.307+0000] {processor.py:840} INFO - DAG(s) 'example_display_name' retrieved from /home/airflow/.local/lib/python3.12/site-packages/airflow/example_dags/example_display_name.py
[2024-05-02T23:51:23.334+0000] {logging_mixin.py:188} INFO - [2024-05-02T23:51:23.333+0000] {dag.py:3096} INFO - Sync 1 DAGs
[2024-05-02T23:51:23.351+0000] {logging_mixin.py:188} INFO - [2024-05-02T23:51:23.350+0000] {dag.py:3954} INFO - Setting next_dagrun for example_display_name to None, run_after=None
[2024-05-02T23:51:23.376+0000] {processor.py:183} INFO - Processing /home/airflow/.local/lib/python3.12/site-packages/airflow/example_dags/example_display_name.py took 0.089 seconds
[2024-05-02T23:51:53.521+0000] {processor.py:161} INFO - Started process (PID=1327) to work on /home/airflow/.local/lib/python3.12/site-packages/airflow/example_dags/example_display_name.py
[2024-05-02T23:51:53.523+0000] {processor.py:830} INFO - Processing file /home/airflow/.local/lib/python3.12/site-packages/airflow/example_dags/example_display_name.py for tasks to queue
[2024-05-02T23:51:53.524+0000] {logging_mixin.py:188} INFO - [2024-05-02T23:51:53.524+0000] {dagbag.py:540} INFO - Filling up the DagBag from /home/airflow/.local/lib/python3.12/site-packages/airflow/example_dags/example_display_name.py
[2024-05-02T23:51:53.534+0000] {processor.py:840} INFO - DAG(s) 'example_display_name' retrieved from /home/airflow/.local/lib/python3.12/site-packages/airflow/example_dags/example_display_name.py
[2024-05-02T23:51:53.559+0000] {logging_mixin.py:188} INFO - [2024-05-02T23:51:53.559+0000] {dag.py:3096} INFO - Sync 1 DAGs
[2024-05-02T23:51:53.579+0000] {logging_mixin.py:188} INFO - [2024-05-02T23:51:53.579+0000] {dag.py:3954} INFO - Setting next_dagrun for example_display_name to None, run_after=None
[2024-05-02T23:51:53.604+0000] {processor.py:183} INFO - Processing /home/airflow/.local/lib/python3.12/site-packages/airflow/example_dags/example_display_name.py took 0.090 seconds
[2024-05-02T23:52:23.967+0000] {processor.py:161} INFO - Started process (PID=1385) to work on /home/airflow/.local/lib/python3.12/site-packages/airflow/example_dags/example_display_name.py
[2024-05-02T23:52:23.969+0000] {processor.py:830} INFO - Processing file /home/airflow/.local/lib/python3.12/site-packages/airflow/example_dags/example_display_name.py for tasks to queue
[2024-05-02T23:52:23.970+0000] {logging_mixin.py:188} INFO - [2024-05-02T23:52:23.969+0000] {dagbag.py:540} INFO - Filling up the DagBag from /home/airflow/.local/lib/python3.12/site-packages/airflow/example_dags/example_display_name.py
[2024-05-02T23:52:23.978+0000] {processor.py:840} INFO - DAG(s) 'example_display_name' retrieved from /home/airflow/.local/lib/python3.12/site-packages/airflow/example_dags/example_display_name.py
[2024-05-02T23:52:24.003+0000] {logging_mixin.py:188} INFO - [2024-05-02T23:52:24.002+0000] {dag.py:3096} INFO - Sync 1 DAGs
[2024-05-02T23:52:24.019+0000] {logging_mixin.py:188} INFO - [2024-05-02T23:52:24.018+0000] {dag.py:3954} INFO - Setting next_dagrun for example_display_name to None, run_after=None
[2024-05-02T23:52:24.043+0000] {processor.py:183} INFO - Processing /home/airflow/.local/lib/python3.12/site-packages/airflow/example_dags/example_display_name.py took 0.085 seconds
[2024-05-02T23:52:54.410+0000] {processor.py:161} INFO - Started process (PID=1444) to work on /home/airflow/.local/lib/python3.12/site-packages/airflow/example_dags/example_display_name.py
[2024-05-02T23:52:54.412+0000] {processor.py:830} INFO - Processing file /home/airflow/.local/lib/python3.12/site-packages/airflow/example_dags/example_display_name.py for tasks to queue
[2024-05-02T23:52:54.413+0000] {logging_mixin.py:188} INFO - [2024-05-02T23:52:54.413+0000] {dagbag.py:540} INFO - Filling up the DagBag from /home/airflow/.local/lib/python3.12/site-packages/airflow/example_dags/example_display_name.py
[2024-05-02T23:52:54.420+0000] {processor.py:840} INFO - DAG(s) 'example_display_name' retrieved from /home/airflow/.local/lib/python3.12/site-packages/airflow/example_dags/example_display_name.py
[2024-05-02T23:52:54.444+0000] {logging_mixin.py:188} INFO - [2024-05-02T23:52:54.444+0000] {dag.py:3096} INFO - Sync 1 DAGs
[2024-05-02T23:52:54.460+0000] {logging_mixin.py:188} INFO - [2024-05-02T23:52:54.460+0000] {dag.py:3954} INFO - Setting next_dagrun for example_display_name to None, run_after=None
[2024-05-02T23:52:54.515+0000] {processor.py:183} INFO - Processing /home/airflow/.local/lib/python3.12/site-packages/airflow/example_dags/example_display_name.py took 0.115 seconds
[2024-05-02T23:53:25.276+0000] {processor.py:161} INFO - Started process (PID=1502) to work on /home/airflow/.local/lib/python3.12/site-packages/airflow/example_dags/example_display_name.py
[2024-05-02T23:53:25.277+0000] {processor.py:830} INFO - Processing file /home/airflow/.local/lib/python3.12/site-packages/airflow/example_dags/example_display_name.py for tasks to queue
[2024-05-02T23:53:25.278+0000] {logging_mixin.py:188} INFO - [2024-05-02T23:53:25.278+0000] {dagbag.py:540} INFO - Filling up the DagBag from /home/airflow/.local/lib/python3.12/site-packages/airflow/example_dags/example_display_name.py
[2024-05-02T23:53:25.285+0000] {processor.py:840} INFO - DAG(s) 'example_display_name' retrieved from /home/airflow/.local/lib/python3.12/site-packages/airflow/example_dags/example_display_name.py
[2024-05-02T23:53:25.310+0000] {logging_mixin.py:188} INFO - [2024-05-02T23:53:25.310+0000] {dag.py:3096} INFO - Sync 1 DAGs
[2024-05-02T23:53:25.326+0000] {logging_mixin.py:188} INFO - [2024-05-02T23:53:25.326+0000] {dag.py:3954} INFO - Setting next_dagrun for example_display_name to None, run_after=None
[2024-05-02T23:53:25.351+0000] {processor.py:183} INFO - Processing /home/airflow/.local/lib/python3.12/site-packages/airflow/example_dags/example_display_name.py took 0.082 seconds
[2024-05-02T23:53:55.726+0000] {processor.py:161} INFO - Started process (PID=1560) to work on /home/airflow/.local/lib/python3.12/site-packages/airflow/example_dags/example_display_name.py
[2024-05-02T23:53:55.728+0000] {processor.py:830} INFO - Processing file /home/airflow/.local/lib/python3.12/site-packages/airflow/example_dags/example_display_name.py for tasks to queue
[2024-05-02T23:53:55.729+0000] {logging_mixin.py:188} INFO - [2024-05-02T23:53:55.729+0000] {dagbag.py:540} INFO - Filling up the DagBag from /home/airflow/.local/lib/python3.12/site-packages/airflow/example_dags/example_display_name.py
[2024-05-02T23:53:55.742+0000] {processor.py:840} INFO - DAG(s) 'example_display_name' retrieved from /home/airflow/.local/lib/python3.12/site-packages/airflow/example_dags/example_display_name.py
[2024-05-02T23:53:55.778+0000] {logging_mixin.py:188} INFO - [2024-05-02T23:53:55.777+0000] {dag.py:3096} INFO - Sync 1 DAGs
[2024-05-02T23:53:55.808+0000] {logging_mixin.py:188} INFO - [2024-05-02T23:53:55.807+0000] {dag.py:3954} INFO - Setting next_dagrun for example_display_name to None, run_after=None
[2024-05-02T23:53:55.846+0000] {processor.py:183} INFO - Processing /home/airflow/.local/lib/python3.12/site-packages/airflow/example_dags/example_display_name.py took 0.133 seconds
[2024-05-02T23:54:26.488+0000] {processor.py:161} INFO - Started process (PID=1618) to work on /home/airflow/.local/lib/python3.12/site-packages/airflow/example_dags/example_display_name.py
[2024-05-02T23:54:26.489+0000] {processor.py:830} INFO - Processing file /home/airflow/.local/lib/python3.12/site-packages/airflow/example_dags/example_display_name.py for tasks to queue
[2024-05-02T23:54:26.490+0000] {logging_mixin.py:188} INFO - [2024-05-02T23:54:26.490+0000] {dagbag.py:540} INFO - Filling up the DagBag from /home/airflow/.local/lib/python3.12/site-packages/airflow/example_dags/example_display_name.py
[2024-05-02T23:54:26.497+0000] {processor.py:840} INFO - DAG(s) 'example_display_name' retrieved from /home/airflow/.local/lib/python3.12/site-packages/airflow/example_dags/example_display_name.py
[2024-05-02T23:54:26.523+0000] {logging_mixin.py:188} INFO - [2024-05-02T23:54:26.523+0000] {dag.py:3096} INFO - Sync 1 DAGs
[2024-05-02T23:54:26.540+0000] {logging_mixin.py:188} INFO - [2024-05-02T23:54:26.540+0000] {dag.py:3954} INFO - Setting next_dagrun for example_display_name to None, run_after=None
[2024-05-02T23:54:26.569+0000] {processor.py:183} INFO - Processing /home/airflow/.local/lib/python3.12/site-packages/airflow/example_dags/example_display_name.py took 0.090 seconds
[2024-05-02T23:54:56.891+0000] {processor.py:161} INFO - Started process (PID=1676) to work on /home/airflow/.local/lib/python3.12/site-packages/airflow/example_dags/example_display_name.py
[2024-05-02T23:54:56.892+0000] {processor.py:830} INFO - Processing file /home/airflow/.local/lib/python3.12/site-packages/airflow/example_dags/example_display_name.py for tasks to queue
[2024-05-02T23:54:56.894+0000] {logging_mixin.py:188} INFO - [2024-05-02T23:54:56.893+0000] {dagbag.py:540} INFO - Filling up the DagBag from /home/airflow/.local/lib/python3.12/site-packages/airflow/example_dags/example_display_name.py
[2024-05-02T23:54:56.904+0000] {processor.py:840} INFO - DAG(s) 'example_display_name' retrieved from /home/airflow/.local/lib/python3.12/site-packages/airflow/example_dags/example_display_name.py
[2024-05-02T23:54:56.935+0000] {logging_mixin.py:188} INFO - [2024-05-02T23:54:56.934+0000] {dag.py:3096} INFO - Sync 1 DAGs
[2024-05-02T23:54:56.953+0000] {logging_mixin.py:188} INFO - [2024-05-02T23:54:56.952+0000] {dag.py:3954} INFO - Setting next_dagrun for example_display_name to None, run_after=None
[2024-05-02T23:54:56.978+0000] {processor.py:183} INFO - Processing /home/airflow/.local/lib/python3.12/site-packages/airflow/example_dags/example_display_name.py took 0.098 seconds
[2024-05-02T23:55:27.185+0000] {processor.py:161} INFO - Started process (PID=1734) to work on /home/airflow/.local/lib/python3.12/site-packages/airflow/example_dags/example_display_name.py
[2024-05-02T23:55:27.186+0000] {processor.py:830} INFO - Processing file /home/airflow/.local/lib/python3.12/site-packages/airflow/example_dags/example_display_name.py for tasks to queue
[2024-05-02T23:55:27.187+0000] {logging_mixin.py:188} INFO - [2024-05-02T23:55:27.187+0000] {dagbag.py:540} INFO - Filling up the DagBag from /home/airflow/.local/lib/python3.12/site-packages/airflow/example_dags/example_display_name.py
[2024-05-02T23:55:27.195+0000] {processor.py:840} INFO - DAG(s) 'example_display_name' retrieved from /home/airflow/.local/lib/python3.12/site-packages/airflow/example_dags/example_display_name.py
[2024-05-02T23:55:27.220+0000] {logging_mixin.py:188} INFO - [2024-05-02T23:55:27.220+0000] {dag.py:3096} INFO - Sync 1 DAGs
[2024-05-02T23:55:27.238+0000] {logging_mixin.py:188} INFO - [2024-05-02T23:55:27.238+0000] {dag.py:3954} INFO - Setting next_dagrun for example_display_name to None, run_after=None
[2024-05-02T23:55:27.266+0000] {processor.py:183} INFO - Processing /home/airflow/.local/lib/python3.12/site-packages/airflow/example_dags/example_display_name.py took 0.089 seconds
[2024-05-02T23:55:57.369+0000] {processor.py:161} INFO - Started process (PID=1791) to work on /home/airflow/.local/lib/python3.12/site-packages/airflow/example_dags/example_display_name.py
[2024-05-02T23:55:57.371+0000] {processor.py:830} INFO - Processing file /home/airflow/.local/lib/python3.12/site-packages/airflow/example_dags/example_display_name.py for tasks to queue
[2024-05-02T23:55:57.373+0000] {logging_mixin.py:188} INFO - [2024-05-02T23:55:57.372+0000] {dagbag.py:540} INFO - Filling up the DagBag from /home/airflow/.local/lib/python3.12/site-packages/airflow/example_dags/example_display_name.py
[2024-05-02T23:55:57.383+0000] {processor.py:840} INFO - DAG(s) 'example_display_name' retrieved from /home/airflow/.local/lib/python3.12/site-packages/airflow/example_dags/example_display_name.py
[2024-05-02T23:55:57.419+0000] {logging_mixin.py:188} INFO - [2024-05-02T23:55:57.419+0000] {dag.py:3096} INFO - Sync 1 DAGs
[2024-05-02T23:55:57.439+0000] {logging_mixin.py:188} INFO - [2024-05-02T23:55:57.439+0000] {dag.py:3954} INFO - Setting next_dagrun for example_display_name to None, run_after=None
[2024-05-02T23:55:57.473+0000] {processor.py:183} INFO - Processing /home/airflow/.local/lib/python3.12/site-packages/airflow/example_dags/example_display_name.py took 0.115 seconds
[2024-05-02T23:56:27.710+0000] {processor.py:161} INFO - Started process (PID=1854) to work on /home/airflow/.local/lib/python3.12/site-packages/airflow/example_dags/example_display_name.py
[2024-05-02T23:56:27.711+0000] {processor.py:830} INFO - Processing file /home/airflow/.local/lib/python3.12/site-packages/airflow/example_dags/example_display_name.py for tasks to queue
[2024-05-02T23:56:27.713+0000] {logging_mixin.py:188} INFO - [2024-05-02T23:56:27.712+0000] {dagbag.py:540} INFO - Filling up the DagBag from /home/airflow/.local/lib/python3.12/site-packages/airflow/example_dags/example_display_name.py
[2024-05-02T23:56:27.720+0000] {processor.py:840} INFO - DAG(s) 'example_display_name' retrieved from /home/airflow/.local/lib/python3.12/site-packages/airflow/example_dags/example_display_name.py
[2024-05-02T23:56:27.746+0000] {logging_mixin.py:188} INFO - [2024-05-02T23:56:27.746+0000] {dag.py:3096} INFO - Sync 1 DAGs
[2024-05-02T23:56:27.765+0000] {logging_mixin.py:188} INFO - [2024-05-02T23:56:27.764+0000] {dag.py:3954} INFO - Setting next_dagrun for example_display_name to None, run_after=None
[2024-05-02T23:56:27.793+0000] {processor.py:183} INFO - Processing /home/airflow/.local/lib/python3.12/site-packages/airflow/example_dags/example_display_name.py took 0.090 seconds
[2024-05-02T23:56:58.556+0000] {processor.py:161} INFO - Started process (PID=1912) to work on /home/airflow/.local/lib/python3.12/site-packages/airflow/example_dags/example_display_name.py
[2024-05-02T23:56:58.557+0000] {processor.py:830} INFO - Processing file /home/airflow/.local/lib/python3.12/site-packages/airflow/example_dags/example_display_name.py for tasks to queue
[2024-05-02T23:56:58.558+0000] {logging_mixin.py:188} INFO - [2024-05-02T23:56:58.558+0000] {dagbag.py:540} INFO - Filling up the DagBag from /home/airflow/.local/lib/python3.12/site-packages/airflow/example_dags/example_display_name.py
[2024-05-02T23:56:58.565+0000] {processor.py:840} INFO - DAG(s) 'example_display_name' retrieved from /home/airflow/.local/lib/python3.12/site-packages/airflow/example_dags/example_display_name.py
[2024-05-02T23:56:58.595+0000] {logging_mixin.py:188} INFO - [2024-05-02T23:56:58.595+0000] {dag.py:3096} INFO - Sync 1 DAGs
[2024-05-02T23:56:58.613+0000] {logging_mixin.py:188} INFO - [2024-05-02T23:56:58.612+0000] {dag.py:3954} INFO - Setting next_dagrun for example_display_name to None, run_after=None
[2024-05-02T23:56:58.639+0000] {processor.py:183} INFO - Processing /home/airflow/.local/lib/python3.12/site-packages/airflow/example_dags/example_display_name.py took 0.090 seconds
