[2024-05-02T05:54:26.138+0000] {processor.py:161} INFO - Started process (PID=77) to work on /home/airflow/.local/lib/python3.12/site-packages/airflow/example_dags/example_skip_dag.py
[2024-05-02T05:54:26.140+0000] {processor.py:830} INFO - Processing file /home/airflow/.local/lib/python3.12/site-packages/airflow/example_dags/example_skip_dag.py for tasks to queue
[2024-05-02T05:54:26.143+0000] {logging_mixin.py:188} INFO - [2024-05-02T05:54:26.142+0000] {dagbag.py:540} INFO - Filling up the DagBag from /home/airflow/.local/lib/python3.12/site-packages/airflow/example_dags/example_skip_dag.py
[2024-05-02T05:54:26.167+0000] {processor.py:840} INFO - DAG(s) 'example_skip_dag' retrieved from /home/airflow/.local/lib/python3.12/site-packages/airflow/example_dags/example_skip_dag.py
[2024-05-02T05:54:26.515+0000] {logging_mixin.py:188} INFO - [2024-05-02T05:54:26.515+0000] {dag.py:3096} INFO - Sync 1 DAGs
[2024-05-02T05:54:26.590+0000] {logging_mixin.py:188} INFO - [2024-05-02T05:54:26.589+0000] {dag.py:3954} INFO - Setting next_dagrun for example_skip_dag to 2024-05-01 00:00:00+00:00, run_after=2024-05-02 00:00:00+00:00
[2024-05-02T05:54:26.667+0000] {processor.py:183} INFO - Processing /home/airflow/.local/lib/python3.12/site-packages/airflow/example_dags/example_skip_dag.py took 0.537 seconds
[2024-05-02T05:54:56.725+0000] {processor.py:161} INFO - Started process (PID=134) to work on /home/airflow/.local/lib/python3.12/site-packages/airflow/example_dags/example_skip_dag.py
[2024-05-02T05:54:56.727+0000] {processor.py:830} INFO - Processing file /home/airflow/.local/lib/python3.12/site-packages/airflow/example_dags/example_skip_dag.py for tasks to queue
[2024-05-02T05:54:56.731+0000] {logging_mixin.py:188} INFO - [2024-05-02T05:54:56.730+0000] {dagbag.py:540} INFO - Filling up the DagBag from /home/airflow/.local/lib/python3.12/site-packages/airflow/example_dags/example_skip_dag.py
[2024-05-02T05:54:56.740+0000] {processor.py:840} INFO - DAG(s) 'example_skip_dag' retrieved from /home/airflow/.local/lib/python3.12/site-packages/airflow/example_dags/example_skip_dag.py
[2024-05-02T05:54:56.774+0000] {logging_mixin.py:188} INFO - [2024-05-02T05:54:56.774+0000] {dag.py:3096} INFO - Sync 1 DAGs
[2024-05-02T05:54:56.812+0000] {logging_mixin.py:188} INFO - [2024-05-02T05:54:56.812+0000] {dag.py:3954} INFO - Setting next_dagrun for example_skip_dag to 2024-05-01 00:00:00+00:00, run_after=2024-05-02 00:00:00+00:00
[2024-05-02T05:54:56.852+0000] {processor.py:183} INFO - Processing /home/airflow/.local/lib/python3.12/site-packages/airflow/example_dags/example_skip_dag.py took 0.135 seconds
[2024-05-02T05:55:29.359+0000] {processor.py:161} INFO - Started process (PID=193) to work on /home/airflow/.local/lib/python3.12/site-packages/airflow/example_dags/example_skip_dag.py
[2024-05-02T05:55:29.373+0000] {processor.py:830} INFO - Processing file /home/airflow/.local/lib/python3.12/site-packages/airflow/example_dags/example_skip_dag.py for tasks to queue
[2024-05-02T05:55:29.390+0000] {logging_mixin.py:188} INFO - [2024-05-02T05:55:29.389+0000] {dagbag.py:540} INFO - Filling up the DagBag from /home/airflow/.local/lib/python3.12/site-packages/airflow/example_dags/example_skip_dag.py
[2024-05-02T05:55:29.447+0000] {processor.py:840} INFO - DAG(s) 'example_skip_dag' retrieved from /home/airflow/.local/lib/python3.12/site-packages/airflow/example_dags/example_skip_dag.py
[2024-05-02T05:55:29.566+0000] {logging_mixin.py:188} INFO - [2024-05-02T05:55:29.566+0000] {dag.py:3096} INFO - Sync 1 DAGs
[2024-05-02T05:55:29.702+0000] {logging_mixin.py:188} INFO - [2024-05-02T05:55:29.701+0000] {dag.py:3954} INFO - Setting next_dagrun for example_skip_dag to 2024-05-01 00:00:00+00:00, run_after=2024-05-02 00:00:00+00:00
[2024-05-02T05:55:29.809+0000] {processor.py:183} INFO - Processing /home/airflow/.local/lib/python3.12/site-packages/airflow/example_dags/example_skip_dag.py took 0.504 seconds
[2024-05-02T05:57:09.207+0000] {processor.py:161} INFO - Started process (PID=281) to work on /home/airflow/.local/lib/python3.12/site-packages/airflow/example_dags/example_skip_dag.py
[2024-05-02T05:57:09.225+0000] {processor.py:830} INFO - Processing file /home/airflow/.local/lib/python3.12/site-packages/airflow/example_dags/example_skip_dag.py for tasks to queue
[2024-05-02T05:57:09.722+0000] {logging_mixin.py:188} INFO - [2024-05-02T05:57:09.720+0000] {dagbag.py:540} INFO - Filling up the DagBag from /home/airflow/.local/lib/python3.12/site-packages/airflow/example_dags/example_skip_dag.py
[2024-05-02T05:57:10.982+0000] {processor.py:840} INFO - DAG(s) 'example_skip_dag' retrieved from /home/airflow/.local/lib/python3.12/site-packages/airflow/example_dags/example_skip_dag.py
[2024-05-02T05:57:11.630+0000] {logging_mixin.py:188} INFO - [2024-05-02T05:57:11.630+0000] {dag.py:3096} INFO - Sync 1 DAGs
[2024-05-02T05:57:11.974+0000] {logging_mixin.py:188} INFO - [2024-05-02T05:57:11.973+0000] {dag.py:3954} INFO - Setting next_dagrun for example_skip_dag to 2024-05-01 00:00:00+00:00, run_after=2024-05-02 00:00:00+00:00
[2024-05-02T05:57:12.269+0000] {processor.py:183} INFO - Processing /home/airflow/.local/lib/python3.12/site-packages/airflow/example_dags/example_skip_dag.py took 3.112 seconds
[2024-05-02T23:42:42.489+0000] {processor.py:161} INFO - Started process (PID=368) to work on /home/airflow/.local/lib/python3.12/site-packages/airflow/example_dags/example_skip_dag.py
[2024-05-02T23:42:42.506+0000] {processor.py:830} INFO - Processing file /home/airflow/.local/lib/python3.12/site-packages/airflow/example_dags/example_skip_dag.py for tasks to queue
[2024-05-02T23:42:42.508+0000] {logging_mixin.py:188} INFO - [2024-05-02T23:42:42.508+0000] {dagbag.py:540} INFO - Filling up the DagBag from /home/airflow/.local/lib/python3.12/site-packages/airflow/example_dags/example_skip_dag.py
[2024-05-02T23:42:42.577+0000] {processor.py:840} INFO - DAG(s) 'example_skip_dag' retrieved from /home/airflow/.local/lib/python3.12/site-packages/airflow/example_dags/example_skip_dag.py
[2024-05-02T23:42:43.074+0000] {logging_mixin.py:188} INFO - [2024-05-02T23:42:43.073+0000] {dag.py:3096} INFO - Sync 1 DAGs
[2024-05-02T23:42:43.134+0000] {logging_mixin.py:188} INFO - [2024-05-02T23:42:43.133+0000] {dag.py:3954} INFO - Setting next_dagrun for example_skip_dag to 2024-05-01 00:00:00+00:00, run_after=2024-05-02 00:00:00+00:00
[2024-05-02T23:42:44.294+0000] {processor.py:183} INFO - Processing /home/airflow/.local/lib/python3.12/site-packages/airflow/example_dags/example_skip_dag.py took 1.901 seconds
[2024-05-02T23:43:14.963+0000] {processor.py:161} INFO - Started process (PID=427) to work on /home/airflow/.local/lib/python3.12/site-packages/airflow/example_dags/example_skip_dag.py
[2024-05-02T23:43:14.981+0000] {processor.py:830} INFO - Processing file /home/airflow/.local/lib/python3.12/site-packages/airflow/example_dags/example_skip_dag.py for tasks to queue
[2024-05-02T23:43:14.994+0000] {logging_mixin.py:188} INFO - [2024-05-02T23:43:14.993+0000] {dagbag.py:540} INFO - Filling up the DagBag from /home/airflow/.local/lib/python3.12/site-packages/airflow/example_dags/example_skip_dag.py
[2024-05-02T23:43:15.114+0000] {processor.py:840} INFO - DAG(s) 'example_skip_dag' retrieved from /home/airflow/.local/lib/python3.12/site-packages/airflow/example_dags/example_skip_dag.py
[2024-05-02T23:43:15.281+0000] {logging_mixin.py:188} INFO - [2024-05-02T23:43:15.280+0000] {dag.py:3096} INFO - Sync 1 DAGs
[2024-05-02T23:43:15.495+0000] {logging_mixin.py:188} INFO - [2024-05-02T23:43:15.494+0000] {dag.py:3954} INFO - Setting next_dagrun for example_skip_dag to 2024-05-01 00:00:00+00:00, run_after=2024-05-02 00:00:00+00:00
[2024-05-02T23:43:15.632+0000] {processor.py:183} INFO - Processing /home/airflow/.local/lib/python3.12/site-packages/airflow/example_dags/example_skip_dag.py took 0.705 seconds
[2024-05-02T23:44:22.951+0000] {processor.py:161} INFO - Started process (PID=486) to work on /home/airflow/.local/lib/python3.12/site-packages/airflow/example_dags/example_skip_dag.py
[2024-05-02T23:44:22.953+0000] {processor.py:830} INFO - Processing file /home/airflow/.local/lib/python3.12/site-packages/airflow/example_dags/example_skip_dag.py for tasks to queue
[2024-05-02T23:44:22.955+0000] {logging_mixin.py:188} INFO - [2024-05-02T23:44:22.954+0000] {dagbag.py:540} INFO - Filling up the DagBag from /home/airflow/.local/lib/python3.12/site-packages/airflow/example_dags/example_skip_dag.py
[2024-05-02T23:44:22.967+0000] {processor.py:840} INFO - DAG(s) 'example_skip_dag' retrieved from /home/airflow/.local/lib/python3.12/site-packages/airflow/example_dags/example_skip_dag.py
[2024-05-02T23:44:23.179+0000] {logging_mixin.py:188} INFO - [2024-05-02T23:44:23.178+0000] {dag.py:3096} INFO - Sync 1 DAGs
[2024-05-02T23:44:23.224+0000] {logging_mixin.py:188} INFO - [2024-05-02T23:44:23.224+0000] {dag.py:3954} INFO - Setting next_dagrun for example_skip_dag to 2024-05-01 00:00:00+00:00, run_after=2024-05-02 00:00:00+00:00
[2024-05-02T23:44:23.269+0000] {processor.py:183} INFO - Processing /home/airflow/.local/lib/python3.12/site-packages/airflow/example_dags/example_skip_dag.py took 0.329 seconds
[2024-05-02T23:44:53.531+0000] {processor.py:161} INFO - Started process (PID=544) to work on /home/airflow/.local/lib/python3.12/site-packages/airflow/example_dags/example_skip_dag.py
[2024-05-02T23:44:53.533+0000] {processor.py:830} INFO - Processing file /home/airflow/.local/lib/python3.12/site-packages/airflow/example_dags/example_skip_dag.py for tasks to queue
[2024-05-02T23:44:53.534+0000] {logging_mixin.py:188} INFO - [2024-05-02T23:44:53.534+0000] {dagbag.py:540} INFO - Filling up the DagBag from /home/airflow/.local/lib/python3.12/site-packages/airflow/example_dags/example_skip_dag.py
[2024-05-02T23:44:53.546+0000] {processor.py:840} INFO - DAG(s) 'example_skip_dag' retrieved from /home/airflow/.local/lib/python3.12/site-packages/airflow/example_dags/example_skip_dag.py
[2024-05-02T23:44:53.587+0000] {logging_mixin.py:188} INFO - [2024-05-02T23:44:53.586+0000] {dag.py:3096} INFO - Sync 1 DAGs
[2024-05-02T23:44:53.625+0000] {logging_mixin.py:188} INFO - [2024-05-02T23:44:53.624+0000] {dag.py:3954} INFO - Setting next_dagrun for example_skip_dag to 2024-05-01 00:00:00+00:00, run_after=2024-05-02 00:00:00+00:00
[2024-05-02T23:44:53.651+0000] {processor.py:183} INFO - Processing /home/airflow/.local/lib/python3.12/site-packages/airflow/example_dags/example_skip_dag.py took 0.130 seconds
[2024-05-02T23:45:26.834+0000] {processor.py:161} INFO - Started process (PID=608) to work on /home/airflow/.local/lib/python3.12/site-packages/airflow/example_dags/example_skip_dag.py
[2024-05-02T23:45:26.837+0000] {processor.py:830} INFO - Processing file /home/airflow/.local/lib/python3.12/site-packages/airflow/example_dags/example_skip_dag.py for tasks to queue
[2024-05-02T23:45:26.841+0000] {logging_mixin.py:188} INFO - [2024-05-02T23:45:26.840+0000] {dagbag.py:540} INFO - Filling up the DagBag from /home/airflow/.local/lib/python3.12/site-packages/airflow/example_dags/example_skip_dag.py
[2024-05-02T23:45:26.858+0000] {processor.py:840} INFO - DAG(s) 'example_skip_dag' retrieved from /home/airflow/.local/lib/python3.12/site-packages/airflow/example_dags/example_skip_dag.py
[2024-05-02T23:45:26.911+0000] {logging_mixin.py:188} INFO - [2024-05-02T23:45:26.911+0000] {dag.py:3096} INFO - Sync 1 DAGs
[2024-05-02T23:45:26.960+0000] {logging_mixin.py:188} INFO - [2024-05-02T23:45:26.959+0000] {dag.py:3954} INFO - Setting next_dagrun for example_skip_dag to 2024-05-01 00:00:00+00:00, run_after=2024-05-02 00:00:00+00:00
[2024-05-02T23:45:27.019+0000] {processor.py:183} INFO - Processing /home/airflow/.local/lib/python3.12/site-packages/airflow/example_dags/example_skip_dag.py took 0.198 seconds
[2024-05-02T23:45:57.695+0000] {processor.py:161} INFO - Started process (PID=666) to work on /home/airflow/.local/lib/python3.12/site-packages/airflow/example_dags/example_skip_dag.py
[2024-05-02T23:45:57.697+0000] {processor.py:830} INFO - Processing file /home/airflow/.local/lib/python3.12/site-packages/airflow/example_dags/example_skip_dag.py for tasks to queue
[2024-05-02T23:45:57.698+0000] {logging_mixin.py:188} INFO - [2024-05-02T23:45:57.698+0000] {dagbag.py:540} INFO - Filling up the DagBag from /home/airflow/.local/lib/python3.12/site-packages/airflow/example_dags/example_skip_dag.py
[2024-05-02T23:45:57.711+0000] {processor.py:840} INFO - DAG(s) 'example_skip_dag' retrieved from /home/airflow/.local/lib/python3.12/site-packages/airflow/example_dags/example_skip_dag.py
[2024-05-02T23:45:57.764+0000] {logging_mixin.py:188} INFO - [2024-05-02T23:45:57.764+0000] {dag.py:3096} INFO - Sync 1 DAGs
[2024-05-02T23:45:57.801+0000] {logging_mixin.py:188} INFO - [2024-05-02T23:45:57.800+0000] {dag.py:3954} INFO - Setting next_dagrun for example_skip_dag to 2024-05-01 00:00:00+00:00, run_after=2024-05-02 00:00:00+00:00
[2024-05-02T23:45:57.832+0000] {processor.py:183} INFO - Processing /home/airflow/.local/lib/python3.12/site-packages/airflow/example_dags/example_skip_dag.py took 0.146 seconds
[2024-05-02T23:46:27.894+0000] {processor.py:161} INFO - Started process (PID=724) to work on /home/airflow/.local/lib/python3.12/site-packages/airflow/example_dags/example_skip_dag.py
[2024-05-02T23:46:27.895+0000] {processor.py:830} INFO - Processing file /home/airflow/.local/lib/python3.12/site-packages/airflow/example_dags/example_skip_dag.py for tasks to queue
[2024-05-02T23:46:27.896+0000] {logging_mixin.py:188} INFO - [2024-05-02T23:46:27.896+0000] {dagbag.py:540} INFO - Filling up the DagBag from /home/airflow/.local/lib/python3.12/site-packages/airflow/example_dags/example_skip_dag.py
[2024-05-02T23:46:27.905+0000] {processor.py:840} INFO - DAG(s) 'example_skip_dag' retrieved from /home/airflow/.local/lib/python3.12/site-packages/airflow/example_dags/example_skip_dag.py
[2024-05-02T23:46:27.967+0000] {logging_mixin.py:188} INFO - [2024-05-02T23:46:27.967+0000] {dag.py:3096} INFO - Sync 1 DAGs
[2024-05-02T23:46:28.004+0000] {logging_mixin.py:188} INFO - [2024-05-02T23:46:28.004+0000] {dag.py:3954} INFO - Setting next_dagrun for example_skip_dag to 2024-05-01 00:00:00+00:00, run_after=2024-05-02 00:00:00+00:00
[2024-05-02T23:46:28.049+0000] {processor.py:183} INFO - Processing /home/airflow/.local/lib/python3.12/site-packages/airflow/example_dags/example_skip_dag.py took 0.163 seconds
[2024-05-02T23:46:58.965+0000] {processor.py:161} INFO - Started process (PID=782) to work on /home/airflow/.local/lib/python3.12/site-packages/airflow/example_dags/example_skip_dag.py
[2024-05-02T23:46:58.967+0000] {processor.py:830} INFO - Processing file /home/airflow/.local/lib/python3.12/site-packages/airflow/example_dags/example_skip_dag.py for tasks to queue
[2024-05-02T23:46:58.968+0000] {logging_mixin.py:188} INFO - [2024-05-02T23:46:58.968+0000] {dagbag.py:540} INFO - Filling up the DagBag from /home/airflow/.local/lib/python3.12/site-packages/airflow/example_dags/example_skip_dag.py
[2024-05-02T23:46:58.977+0000] {processor.py:840} INFO - DAG(s) 'example_skip_dag' retrieved from /home/airflow/.local/lib/python3.12/site-packages/airflow/example_dags/example_skip_dag.py
[2024-05-02T23:46:59.007+0000] {logging_mixin.py:188} INFO - [2024-05-02T23:46:59.006+0000] {dag.py:3096} INFO - Sync 1 DAGs
[2024-05-02T23:46:59.037+0000] {logging_mixin.py:188} INFO - [2024-05-02T23:46:59.037+0000] {dag.py:3954} INFO - Setting next_dagrun for example_skip_dag to 2024-05-01 00:00:00+00:00, run_after=2024-05-02 00:00:00+00:00
[2024-05-02T23:46:59.064+0000] {processor.py:183} INFO - Processing /home/airflow/.local/lib/python3.12/site-packages/airflow/example_dags/example_skip_dag.py took 0.106 seconds
[2024-05-02T23:47:29.452+0000] {processor.py:161} INFO - Started process (PID=840) to work on /home/airflow/.local/lib/python3.12/site-packages/airflow/example_dags/example_skip_dag.py
[2024-05-02T23:47:29.453+0000] {processor.py:830} INFO - Processing file /home/airflow/.local/lib/python3.12/site-packages/airflow/example_dags/example_skip_dag.py for tasks to queue
[2024-05-02T23:47:29.454+0000] {logging_mixin.py:188} INFO - [2024-05-02T23:47:29.454+0000] {dagbag.py:540} INFO - Filling up the DagBag from /home/airflow/.local/lib/python3.12/site-packages/airflow/example_dags/example_skip_dag.py
[2024-05-02T23:47:29.463+0000] {processor.py:840} INFO - DAG(s) 'example_skip_dag' retrieved from /home/airflow/.local/lib/python3.12/site-packages/airflow/example_dags/example_skip_dag.py
[2024-05-02T23:47:29.497+0000] {logging_mixin.py:188} INFO - [2024-05-02T23:47:29.496+0000] {dag.py:3096} INFO - Sync 1 DAGs
[2024-05-02T23:47:29.529+0000] {logging_mixin.py:188} INFO - [2024-05-02T23:47:29.528+0000] {dag.py:3954} INFO - Setting next_dagrun for example_skip_dag to 2024-05-01 00:00:00+00:00, run_after=2024-05-02 00:00:00+00:00
[2024-05-02T23:47:29.555+0000] {processor.py:183} INFO - Processing /home/airflow/.local/lib/python3.12/site-packages/airflow/example_dags/example_skip_dag.py took 0.111 seconds
[2024-05-02T23:47:59.844+0000] {processor.py:161} INFO - Started process (PID=898) to work on /home/airflow/.local/lib/python3.12/site-packages/airflow/example_dags/example_skip_dag.py
[2024-05-02T23:47:59.845+0000] {processor.py:830} INFO - Processing file /home/airflow/.local/lib/python3.12/site-packages/airflow/example_dags/example_skip_dag.py for tasks to queue
[2024-05-02T23:47:59.847+0000] {logging_mixin.py:188} INFO - [2024-05-02T23:47:59.846+0000] {dagbag.py:540} INFO - Filling up the DagBag from /home/airflow/.local/lib/python3.12/site-packages/airflow/example_dags/example_skip_dag.py
[2024-05-02T23:47:59.855+0000] {processor.py:840} INFO - DAG(s) 'example_skip_dag' retrieved from /home/airflow/.local/lib/python3.12/site-packages/airflow/example_dags/example_skip_dag.py
[2024-05-02T23:47:59.890+0000] {logging_mixin.py:188} INFO - [2024-05-02T23:47:59.890+0000] {dag.py:3096} INFO - Sync 1 DAGs
[2024-05-02T23:47:59.924+0000] {logging_mixin.py:188} INFO - [2024-05-02T23:47:59.923+0000] {dag.py:3954} INFO - Setting next_dagrun for example_skip_dag to 2024-05-01 00:00:00+00:00, run_after=2024-05-02 00:00:00+00:00
[2024-05-02T23:47:59.953+0000] {processor.py:183} INFO - Processing /home/airflow/.local/lib/python3.12/site-packages/airflow/example_dags/example_skip_dag.py took 0.116 seconds
[2024-05-02T23:48:30.197+0000] {processor.py:161} INFO - Started process (PID=956) to work on /home/airflow/.local/lib/python3.12/site-packages/airflow/example_dags/example_skip_dag.py
[2024-05-02T23:48:30.198+0000] {processor.py:830} INFO - Processing file /home/airflow/.local/lib/python3.12/site-packages/airflow/example_dags/example_skip_dag.py for tasks to queue
[2024-05-02T23:48:30.199+0000] {logging_mixin.py:188} INFO - [2024-05-02T23:48:30.199+0000] {dagbag.py:540} INFO - Filling up the DagBag from /home/airflow/.local/lib/python3.12/site-packages/airflow/example_dags/example_skip_dag.py
[2024-05-02T23:48:30.207+0000] {processor.py:840} INFO - DAG(s) 'example_skip_dag' retrieved from /home/airflow/.local/lib/python3.12/site-packages/airflow/example_dags/example_skip_dag.py
[2024-05-02T23:48:30.237+0000] {logging_mixin.py:188} INFO - [2024-05-02T23:48:30.237+0000] {dag.py:3096} INFO - Sync 1 DAGs
[2024-05-02T23:48:30.267+0000] {logging_mixin.py:188} INFO - [2024-05-02T23:48:30.266+0000] {dag.py:3954} INFO - Setting next_dagrun for example_skip_dag to 2024-05-01 00:00:00+00:00, run_after=2024-05-02 00:00:00+00:00
[2024-05-02T23:48:30.294+0000] {processor.py:183} INFO - Processing /home/airflow/.local/lib/python3.12/site-packages/airflow/example_dags/example_skip_dag.py took 0.106 seconds
[2024-05-02T23:49:00.680+0000] {processor.py:161} INFO - Started process (PID=1014) to work on /home/airflow/.local/lib/python3.12/site-packages/airflow/example_dags/example_skip_dag.py
[2024-05-02T23:49:00.681+0000] {processor.py:830} INFO - Processing file /home/airflow/.local/lib/python3.12/site-packages/airflow/example_dags/example_skip_dag.py for tasks to queue
[2024-05-02T23:49:00.683+0000] {logging_mixin.py:188} INFO - [2024-05-02T23:49:00.682+0000] {dagbag.py:540} INFO - Filling up the DagBag from /home/airflow/.local/lib/python3.12/site-packages/airflow/example_dags/example_skip_dag.py
[2024-05-02T23:49:00.691+0000] {processor.py:840} INFO - DAG(s) 'example_skip_dag' retrieved from /home/airflow/.local/lib/python3.12/site-packages/airflow/example_dags/example_skip_dag.py
[2024-05-02T23:49:00.720+0000] {logging_mixin.py:188} INFO - [2024-05-02T23:49:00.720+0000] {dag.py:3096} INFO - Sync 1 DAGs
[2024-05-02T23:49:00.748+0000] {logging_mixin.py:188} INFO - [2024-05-02T23:49:00.748+0000] {dag.py:3954} INFO - Setting next_dagrun for example_skip_dag to 2024-05-01 00:00:00+00:00, run_after=2024-05-02 00:00:00+00:00
[2024-05-02T23:49:00.774+0000] {processor.py:183} INFO - Processing /home/airflow/.local/lib/python3.12/site-packages/airflow/example_dags/example_skip_dag.py took 0.104 seconds
[2024-05-02T23:49:31.723+0000] {processor.py:161} INFO - Started process (PID=1071) to work on /home/airflow/.local/lib/python3.12/site-packages/airflow/example_dags/example_skip_dag.py
[2024-05-02T23:49:31.725+0000] {processor.py:830} INFO - Processing file /home/airflow/.local/lib/python3.12/site-packages/airflow/example_dags/example_skip_dag.py for tasks to queue
[2024-05-02T23:49:31.726+0000] {logging_mixin.py:188} INFO - [2024-05-02T23:49:31.726+0000] {dagbag.py:540} INFO - Filling up the DagBag from /home/airflow/.local/lib/python3.12/site-packages/airflow/example_dags/example_skip_dag.py
[2024-05-02T23:49:31.738+0000] {processor.py:840} INFO - DAG(s) 'example_skip_dag' retrieved from /home/airflow/.local/lib/python3.12/site-packages/airflow/example_dags/example_skip_dag.py
[2024-05-02T23:49:31.951+0000] {logging_mixin.py:188} INFO - [2024-05-02T23:49:31.951+0000] {dag.py:3096} INFO - Sync 1 DAGs
[2024-05-02T23:49:31.986+0000] {logging_mixin.py:188} INFO - [2024-05-02T23:49:31.986+0000] {dag.py:3954} INFO - Setting next_dagrun for example_skip_dag to 2024-05-01 00:00:00+00:00, run_after=2024-05-02 00:00:00+00:00
[2024-05-02T23:49:32.068+0000] {processor.py:183} INFO - Processing /home/airflow/.local/lib/python3.12/site-packages/airflow/example_dags/example_skip_dag.py took 0.355 seconds
[2024-05-02T23:50:02.673+0000] {processor.py:161} INFO - Started process (PID=1129) to work on /home/airflow/.local/lib/python3.12/site-packages/airflow/example_dags/example_skip_dag.py
[2024-05-02T23:50:02.674+0000] {processor.py:830} INFO - Processing file /home/airflow/.local/lib/python3.12/site-packages/airflow/example_dags/example_skip_dag.py for tasks to queue
[2024-05-02T23:50:02.676+0000] {logging_mixin.py:188} INFO - [2024-05-02T23:50:02.675+0000] {dagbag.py:540} INFO - Filling up the DagBag from /home/airflow/.local/lib/python3.12/site-packages/airflow/example_dags/example_skip_dag.py
[2024-05-02T23:50:02.688+0000] {processor.py:840} INFO - DAG(s) 'example_skip_dag' retrieved from /home/airflow/.local/lib/python3.12/site-packages/airflow/example_dags/example_skip_dag.py
[2024-05-02T23:50:02.725+0000] {logging_mixin.py:188} INFO - [2024-05-02T23:50:02.724+0000] {dag.py:3096} INFO - Sync 1 DAGs
[2024-05-02T23:50:02.766+0000] {logging_mixin.py:188} INFO - [2024-05-02T23:50:02.766+0000] {dag.py:3954} INFO - Setting next_dagrun for example_skip_dag to 2024-05-01 00:00:00+00:00, run_after=2024-05-02 00:00:00+00:00
[2024-05-02T23:50:02.797+0000] {processor.py:183} INFO - Processing /home/airflow/.local/lib/python3.12/site-packages/airflow/example_dags/example_skip_dag.py took 0.134 seconds
[2024-05-02T23:50:32.867+0000] {processor.py:161} INFO - Started process (PID=1187) to work on /home/airflow/.local/lib/python3.12/site-packages/airflow/example_dags/example_skip_dag.py
[2024-05-02T23:50:32.868+0000] {processor.py:830} INFO - Processing file /home/airflow/.local/lib/python3.12/site-packages/airflow/example_dags/example_skip_dag.py for tasks to queue
[2024-05-02T23:50:32.869+0000] {logging_mixin.py:188} INFO - [2024-05-02T23:50:32.869+0000] {dagbag.py:540} INFO - Filling up the DagBag from /home/airflow/.local/lib/python3.12/site-packages/airflow/example_dags/example_skip_dag.py
[2024-05-02T23:50:32.877+0000] {processor.py:840} INFO - DAG(s) 'example_skip_dag' retrieved from /home/airflow/.local/lib/python3.12/site-packages/airflow/example_dags/example_skip_dag.py
[2024-05-02T23:50:32.904+0000] {logging_mixin.py:188} INFO - [2024-05-02T23:50:32.903+0000] {dag.py:3096} INFO - Sync 1 DAGs
[2024-05-02T23:50:32.932+0000] {logging_mixin.py:188} INFO - [2024-05-02T23:50:32.932+0000] {dag.py:3954} INFO - Setting next_dagrun for example_skip_dag to 2024-05-01 00:00:00+00:00, run_after=2024-05-02 00:00:00+00:00
[2024-05-02T23:50:32.959+0000] {processor.py:183} INFO - Processing /home/airflow/.local/lib/python3.12/site-packages/airflow/example_dags/example_skip_dag.py took 0.103 seconds
[2024-05-02T23:51:03.280+0000] {processor.py:161} INFO - Started process (PID=1245) to work on /home/airflow/.local/lib/python3.12/site-packages/airflow/example_dags/example_skip_dag.py
[2024-05-02T23:51:03.281+0000] {processor.py:830} INFO - Processing file /home/airflow/.local/lib/python3.12/site-packages/airflow/example_dags/example_skip_dag.py for tasks to queue
[2024-05-02T23:51:03.282+0000] {logging_mixin.py:188} INFO - [2024-05-02T23:51:03.282+0000] {dagbag.py:540} INFO - Filling up the DagBag from /home/airflow/.local/lib/python3.12/site-packages/airflow/example_dags/example_skip_dag.py
[2024-05-02T23:51:03.294+0000] {processor.py:840} INFO - DAG(s) 'example_skip_dag' retrieved from /home/airflow/.local/lib/python3.12/site-packages/airflow/example_dags/example_skip_dag.py
[2024-05-02T23:51:03.328+0000] {logging_mixin.py:188} INFO - [2024-05-02T23:51:03.327+0000] {dag.py:3096} INFO - Sync 1 DAGs
[2024-05-02T23:51:03.365+0000] {logging_mixin.py:188} INFO - [2024-05-02T23:51:03.365+0000] {dag.py:3954} INFO - Setting next_dagrun for example_skip_dag to 2024-05-01 00:00:00+00:00, run_after=2024-05-02 00:00:00+00:00
[2024-05-02T23:51:03.395+0000] {processor.py:183} INFO - Processing /home/airflow/.local/lib/python3.12/site-packages/airflow/example_dags/example_skip_dag.py took 0.124 seconds
[2024-05-02T23:51:33.475+0000] {processor.py:161} INFO - Started process (PID=1303) to work on /home/airflow/.local/lib/python3.12/site-packages/airflow/example_dags/example_skip_dag.py
[2024-05-02T23:51:33.476+0000] {processor.py:830} INFO - Processing file /home/airflow/.local/lib/python3.12/site-packages/airflow/example_dags/example_skip_dag.py for tasks to queue
[2024-05-02T23:51:33.478+0000] {logging_mixin.py:188} INFO - [2024-05-02T23:51:33.477+0000] {dagbag.py:540} INFO - Filling up the DagBag from /home/airflow/.local/lib/python3.12/site-packages/airflow/example_dags/example_skip_dag.py
[2024-05-02T23:51:33.486+0000] {processor.py:840} INFO - DAG(s) 'example_skip_dag' retrieved from /home/airflow/.local/lib/python3.12/site-packages/airflow/example_dags/example_skip_dag.py
[2024-05-02T23:51:33.517+0000] {logging_mixin.py:188} INFO - [2024-05-02T23:51:33.517+0000] {dag.py:3096} INFO - Sync 1 DAGs
[2024-05-02T23:51:33.546+0000] {logging_mixin.py:188} INFO - [2024-05-02T23:51:33.546+0000] {dag.py:3954} INFO - Setting next_dagrun for example_skip_dag to 2024-05-01 00:00:00+00:00, run_after=2024-05-02 00:00:00+00:00
[2024-05-02T23:51:33.571+0000] {processor.py:183} INFO - Processing /home/airflow/.local/lib/python3.12/site-packages/airflow/example_dags/example_skip_dag.py took 0.103 seconds
[2024-05-02T23:52:03.767+0000] {processor.py:161} INFO - Started process (PID=1361) to work on /home/airflow/.local/lib/python3.12/site-packages/airflow/example_dags/example_skip_dag.py
[2024-05-02T23:52:03.769+0000] {processor.py:830} INFO - Processing file /home/airflow/.local/lib/python3.12/site-packages/airflow/example_dags/example_skip_dag.py for tasks to queue
[2024-05-02T23:52:03.770+0000] {logging_mixin.py:188} INFO - [2024-05-02T23:52:03.770+0000] {dagbag.py:540} INFO - Filling up the DagBag from /home/airflow/.local/lib/python3.12/site-packages/airflow/example_dags/example_skip_dag.py
[2024-05-02T23:52:03.781+0000] {processor.py:840} INFO - DAG(s) 'example_skip_dag' retrieved from /home/airflow/.local/lib/python3.12/site-packages/airflow/example_dags/example_skip_dag.py
[2024-05-02T23:52:03.814+0000] {logging_mixin.py:188} INFO - [2024-05-02T23:52:03.813+0000] {dag.py:3096} INFO - Sync 1 DAGs
[2024-05-02T23:52:03.848+0000] {logging_mixin.py:188} INFO - [2024-05-02T23:52:03.848+0000] {dag.py:3954} INFO - Setting next_dagrun for example_skip_dag to 2024-05-01 00:00:00+00:00, run_after=2024-05-02 00:00:00+00:00
[2024-05-02T23:52:03.876+0000] {processor.py:183} INFO - Processing /home/airflow/.local/lib/python3.12/site-packages/airflow/example_dags/example_skip_dag.py took 0.118 seconds
[2024-05-02T23:52:34.244+0000] {processor.py:161} INFO - Started process (PID=1420) to work on /home/airflow/.local/lib/python3.12/site-packages/airflow/example_dags/example_skip_dag.py
[2024-05-02T23:52:34.245+0000] {processor.py:830} INFO - Processing file /home/airflow/.local/lib/python3.12/site-packages/airflow/example_dags/example_skip_dag.py for tasks to queue
[2024-05-02T23:52:34.247+0000] {logging_mixin.py:188} INFO - [2024-05-02T23:52:34.246+0000] {dagbag.py:540} INFO - Filling up the DagBag from /home/airflow/.local/lib/python3.12/site-packages/airflow/example_dags/example_skip_dag.py
[2024-05-02T23:52:34.259+0000] {processor.py:840} INFO - DAG(s) 'example_skip_dag' retrieved from /home/airflow/.local/lib/python3.12/site-packages/airflow/example_dags/example_skip_dag.py
[2024-05-02T23:52:34.294+0000] {logging_mixin.py:188} INFO - [2024-05-02T23:52:34.294+0000] {dag.py:3096} INFO - Sync 1 DAGs
[2024-05-02T23:52:34.332+0000] {logging_mixin.py:188} INFO - [2024-05-02T23:52:34.332+0000] {dag.py:3954} INFO - Setting next_dagrun for example_skip_dag to 2024-05-01 00:00:00+00:00, run_after=2024-05-02 00:00:00+00:00
[2024-05-02T23:52:34.365+0000] {processor.py:183} INFO - Processing /home/airflow/.local/lib/python3.12/site-packages/airflow/example_dags/example_skip_dag.py took 0.131 seconds
[2024-05-02T23:53:05.380+0000] {processor.py:161} INFO - Started process (PID=1478) to work on /home/airflow/.local/lib/python3.12/site-packages/airflow/example_dags/example_skip_dag.py
[2024-05-02T23:53:05.381+0000] {processor.py:830} INFO - Processing file /home/airflow/.local/lib/python3.12/site-packages/airflow/example_dags/example_skip_dag.py for tasks to queue
[2024-05-02T23:53:05.383+0000] {logging_mixin.py:188} INFO - [2024-05-02T23:53:05.382+0000] {dagbag.py:540} INFO - Filling up the DagBag from /home/airflow/.local/lib/python3.12/site-packages/airflow/example_dags/example_skip_dag.py
[2024-05-02T23:53:05.393+0000] {processor.py:840} INFO - DAG(s) 'example_skip_dag' retrieved from /home/airflow/.local/lib/python3.12/site-packages/airflow/example_dags/example_skip_dag.py
[2024-05-02T23:53:05.423+0000] {logging_mixin.py:188} INFO - [2024-05-02T23:53:05.422+0000] {dag.py:3096} INFO - Sync 1 DAGs
[2024-05-02T23:53:05.450+0000] {logging_mixin.py:188} INFO - [2024-05-02T23:53:05.450+0000] {dag.py:3954} INFO - Setting next_dagrun for example_skip_dag to 2024-05-01 00:00:00+00:00, run_after=2024-05-02 00:00:00+00:00
[2024-05-02T23:53:05.479+0000] {processor.py:183} INFO - Processing /home/airflow/.local/lib/python3.12/site-packages/airflow/example_dags/example_skip_dag.py took 0.106 seconds
[2024-05-02T23:53:36.297+0000] {processor.py:161} INFO - Started process (PID=1536) to work on /home/airflow/.local/lib/python3.12/site-packages/airflow/example_dags/example_skip_dag.py
[2024-05-02T23:53:36.299+0000] {processor.py:830} INFO - Processing file /home/airflow/.local/lib/python3.12/site-packages/airflow/example_dags/example_skip_dag.py for tasks to queue
[2024-05-02T23:53:36.300+0000] {logging_mixin.py:188} INFO - [2024-05-02T23:53:36.300+0000] {dagbag.py:540} INFO - Filling up the DagBag from /home/airflow/.local/lib/python3.12/site-packages/airflow/example_dags/example_skip_dag.py
[2024-05-02T23:53:36.308+0000] {processor.py:840} INFO - DAG(s) 'example_skip_dag' retrieved from /home/airflow/.local/lib/python3.12/site-packages/airflow/example_dags/example_skip_dag.py
[2024-05-02T23:53:36.334+0000] {logging_mixin.py:188} INFO - [2024-05-02T23:53:36.334+0000] {dag.py:3096} INFO - Sync 1 DAGs
[2024-05-02T23:53:36.361+0000] {logging_mixin.py:188} INFO - [2024-05-02T23:53:36.361+0000] {dag.py:3954} INFO - Setting next_dagrun for example_skip_dag to 2024-05-01 00:00:00+00:00, run_after=2024-05-02 00:00:00+00:00
[2024-05-02T23:53:36.385+0000] {processor.py:183} INFO - Processing /home/airflow/.local/lib/python3.12/site-packages/airflow/example_dags/example_skip_dag.py took 0.097 seconds
[2024-05-02T23:54:06.931+0000] {processor.py:161} INFO - Started process (PID=1594) to work on /home/airflow/.local/lib/python3.12/site-packages/airflow/example_dags/example_skip_dag.py
[2024-05-02T23:54:06.933+0000] {processor.py:830} INFO - Processing file /home/airflow/.local/lib/python3.12/site-packages/airflow/example_dags/example_skip_dag.py for tasks to queue
[2024-05-02T23:54:06.935+0000] {logging_mixin.py:188} INFO - [2024-05-02T23:54:06.935+0000] {dagbag.py:540} INFO - Filling up the DagBag from /home/airflow/.local/lib/python3.12/site-packages/airflow/example_dags/example_skip_dag.py
[2024-05-02T23:54:06.947+0000] {processor.py:840} INFO - DAG(s) 'example_skip_dag' retrieved from /home/airflow/.local/lib/python3.12/site-packages/airflow/example_dags/example_skip_dag.py
[2024-05-02T23:54:06.982+0000] {logging_mixin.py:188} INFO - [2024-05-02T23:54:06.982+0000] {dag.py:3096} INFO - Sync 1 DAGs
[2024-05-02T23:54:07.020+0000] {logging_mixin.py:188} INFO - [2024-05-02T23:54:07.019+0000] {dag.py:3954} INFO - Setting next_dagrun for example_skip_dag to 2024-05-01 00:00:00+00:00, run_after=2024-05-02 00:00:00+00:00
[2024-05-02T23:54:07.049+0000] {processor.py:183} INFO - Processing /home/airflow/.local/lib/python3.12/site-packages/airflow/example_dags/example_skip_dag.py took 0.129 seconds
[2024-05-02T23:54:37.505+0000] {processor.py:161} INFO - Started process (PID=1652) to work on /home/airflow/.local/lib/python3.12/site-packages/airflow/example_dags/example_skip_dag.py
[2024-05-02T23:54:37.507+0000] {processor.py:830} INFO - Processing file /home/airflow/.local/lib/python3.12/site-packages/airflow/example_dags/example_skip_dag.py for tasks to queue
[2024-05-02T23:54:37.508+0000] {logging_mixin.py:188} INFO - [2024-05-02T23:54:37.508+0000] {dagbag.py:540} INFO - Filling up the DagBag from /home/airflow/.local/lib/python3.12/site-packages/airflow/example_dags/example_skip_dag.py
[2024-05-02T23:54:37.519+0000] {processor.py:840} INFO - DAG(s) 'example_skip_dag' retrieved from /home/airflow/.local/lib/python3.12/site-packages/airflow/example_dags/example_skip_dag.py
[2024-05-02T23:54:37.545+0000] {logging_mixin.py:188} INFO - [2024-05-02T23:54:37.545+0000] {dag.py:3096} INFO - Sync 1 DAGs
[2024-05-02T23:54:37.572+0000] {logging_mixin.py:188} INFO - [2024-05-02T23:54:37.571+0000] {dag.py:3954} INFO - Setting next_dagrun for example_skip_dag to 2024-05-01 00:00:00+00:00, run_after=2024-05-02 00:00:00+00:00
[2024-05-02T23:54:37.597+0000] {processor.py:183} INFO - Processing /home/airflow/.local/lib/python3.12/site-packages/airflow/example_dags/example_skip_dag.py took 0.101 seconds
[2024-05-02T23:55:08.151+0000] {processor.py:161} INFO - Started process (PID=1710) to work on /home/airflow/.local/lib/python3.12/site-packages/airflow/example_dags/example_skip_dag.py
[2024-05-02T23:55:08.153+0000] {processor.py:830} INFO - Processing file /home/airflow/.local/lib/python3.12/site-packages/airflow/example_dags/example_skip_dag.py for tasks to queue
[2024-05-02T23:55:08.154+0000] {logging_mixin.py:188} INFO - [2024-05-02T23:55:08.154+0000] {dagbag.py:540} INFO - Filling up the DagBag from /home/airflow/.local/lib/python3.12/site-packages/airflow/example_dags/example_skip_dag.py
[2024-05-02T23:55:08.162+0000] {processor.py:840} INFO - DAG(s) 'example_skip_dag' retrieved from /home/airflow/.local/lib/python3.12/site-packages/airflow/example_dags/example_skip_dag.py
[2024-05-02T23:55:08.188+0000] {logging_mixin.py:188} INFO - [2024-05-02T23:55:08.188+0000] {dag.py:3096} INFO - Sync 1 DAGs
[2024-05-02T23:55:08.216+0000] {logging_mixin.py:188} INFO - [2024-05-02T23:55:08.216+0000] {dag.py:3954} INFO - Setting next_dagrun for example_skip_dag to 2024-05-01 00:00:00+00:00, run_after=2024-05-02 00:00:00+00:00
[2024-05-02T23:55:08.242+0000] {processor.py:183} INFO - Processing /home/airflow/.local/lib/python3.12/site-packages/airflow/example_dags/example_skip_dag.py took 0.099 seconds
[2024-05-02T23:55:38.379+0000] {processor.py:161} INFO - Started process (PID=1767) to work on /home/airflow/.local/lib/python3.12/site-packages/airflow/example_dags/example_skip_dag.py
[2024-05-02T23:55:38.380+0000] {processor.py:830} INFO - Processing file /home/airflow/.local/lib/python3.12/site-packages/airflow/example_dags/example_skip_dag.py for tasks to queue
[2024-05-02T23:55:38.381+0000] {logging_mixin.py:188} INFO - [2024-05-02T23:55:38.380+0000] {dagbag.py:540} INFO - Filling up the DagBag from /home/airflow/.local/lib/python3.12/site-packages/airflow/example_dags/example_skip_dag.py
[2024-05-02T23:55:38.389+0000] {processor.py:840} INFO - DAG(s) 'example_skip_dag' retrieved from /home/airflow/.local/lib/python3.12/site-packages/airflow/example_dags/example_skip_dag.py
[2024-05-02T23:55:38.417+0000] {logging_mixin.py:188} INFO - [2024-05-02T23:55:38.417+0000] {dag.py:3096} INFO - Sync 1 DAGs
[2024-05-02T23:55:38.445+0000] {logging_mixin.py:188} INFO - [2024-05-02T23:55:38.445+0000] {dag.py:3954} INFO - Setting next_dagrun for example_skip_dag to 2024-05-01 00:00:00+00:00, run_after=2024-05-02 00:00:00+00:00
[2024-05-02T23:55:38.471+0000] {processor.py:183} INFO - Processing /home/airflow/.local/lib/python3.12/site-packages/airflow/example_dags/example_skip_dag.py took 0.099 seconds
[2024-05-02T23:56:08.823+0000] {processor.py:161} INFO - Started process (PID=1824) to work on /home/airflow/.local/lib/python3.12/site-packages/airflow/example_dags/example_skip_dag.py
[2024-05-02T23:56:08.836+0000] {processor.py:830} INFO - Processing file /home/airflow/.local/lib/python3.12/site-packages/airflow/example_dags/example_skip_dag.py for tasks to queue
[2024-05-02T23:56:08.838+0000] {logging_mixin.py:188} INFO - [2024-05-02T23:56:08.837+0000] {dagbag.py:540} INFO - Filling up the DagBag from /home/airflow/.local/lib/python3.12/site-packages/airflow/example_dags/example_skip_dag.py
[2024-05-02T23:56:08.852+0000] {processor.py:840} INFO - DAG(s) 'example_skip_dag' retrieved from /home/airflow/.local/lib/python3.12/site-packages/airflow/example_dags/example_skip_dag.py
[2024-05-02T23:56:08.890+0000] {logging_mixin.py:188} INFO - [2024-05-02T23:56:08.889+0000] {dag.py:3096} INFO - Sync 1 DAGs
[2024-05-02T23:56:08.928+0000] {logging_mixin.py:188} INFO - [2024-05-02T23:56:08.928+0000] {dag.py:3954} INFO - Setting next_dagrun for example_skip_dag to 2024-05-01 00:00:00+00:00, run_after=2024-05-02 00:00:00+00:00
[2024-05-02T23:56:08.954+0000] {processor.py:183} INFO - Processing /home/airflow/.local/lib/python3.12/site-packages/airflow/example_dags/example_skip_dag.py took 0.139 seconds
[2024-05-02T23:56:39.601+0000] {processor.py:161} INFO - Started process (PID=1882) to work on /home/airflow/.local/lib/python3.12/site-packages/airflow/example_dags/example_skip_dag.py
[2024-05-02T23:56:39.603+0000] {processor.py:830} INFO - Processing file /home/airflow/.local/lib/python3.12/site-packages/airflow/example_dags/example_skip_dag.py for tasks to queue
[2024-05-02T23:56:39.604+0000] {logging_mixin.py:188} INFO - [2024-05-02T23:56:39.603+0000] {dagbag.py:540} INFO - Filling up the DagBag from /home/airflow/.local/lib/python3.12/site-packages/airflow/example_dags/example_skip_dag.py
[2024-05-02T23:56:39.616+0000] {processor.py:840} INFO - DAG(s) 'example_skip_dag' retrieved from /home/airflow/.local/lib/python3.12/site-packages/airflow/example_dags/example_skip_dag.py
[2024-05-02T23:56:39.648+0000] {logging_mixin.py:188} INFO - [2024-05-02T23:56:39.648+0000] {dag.py:3096} INFO - Sync 1 DAGs
[2024-05-02T23:56:39.685+0000] {logging_mixin.py:188} INFO - [2024-05-02T23:56:39.684+0000] {dag.py:3954} INFO - Setting next_dagrun for example_skip_dag to 2024-05-01 00:00:00+00:00, run_after=2024-05-02 00:00:00+00:00
[2024-05-02T23:56:39.712+0000] {processor.py:183} INFO - Processing /home/airflow/.local/lib/python3.12/site-packages/airflow/example_dags/example_skip_dag.py took 0.119 seconds
[2024-05-02T23:57:10.532+0000] {processor.py:161} INFO - Started process (PID=1940) to work on /home/airflow/.local/lib/python3.12/site-packages/airflow/example_dags/example_skip_dag.py
[2024-05-02T23:57:10.534+0000] {processor.py:830} INFO - Processing file /home/airflow/.local/lib/python3.12/site-packages/airflow/example_dags/example_skip_dag.py for tasks to queue
[2024-05-02T23:57:10.535+0000] {logging_mixin.py:188} INFO - [2024-05-02T23:57:10.535+0000] {dagbag.py:540} INFO - Filling up the DagBag from /home/airflow/.local/lib/python3.12/site-packages/airflow/example_dags/example_skip_dag.py
[2024-05-02T23:57:10.548+0000] {processor.py:840} INFO - DAG(s) 'example_skip_dag' retrieved from /home/airflow/.local/lib/python3.12/site-packages/airflow/example_dags/example_skip_dag.py
[2024-05-02T23:57:10.580+0000] {logging_mixin.py:188} INFO - [2024-05-02T23:57:10.579+0000] {dag.py:3096} INFO - Sync 1 DAGs
[2024-05-02T23:57:10.612+0000] {logging_mixin.py:188} INFO - [2024-05-02T23:57:10.611+0000] {dag.py:3954} INFO - Setting next_dagrun for example_skip_dag to 2024-05-01 00:00:00+00:00, run_after=2024-05-02 00:00:00+00:00
[2024-05-02T23:57:10.639+0000] {processor.py:183} INFO - Processing /home/airflow/.local/lib/python3.12/site-packages/airflow/example_dags/example_skip_dag.py took 0.116 seconds
