[2024-05-02T05:54:14.292+0000] {processor.py:161} INFO - Started process (PID=55) to work on /home/airflow/.local/lib/python3.12/site-packages/airflow/example_dags/example_task_group_decorator.py
[2024-05-02T05:54:14.299+0000] {processor.py:830} INFO - Processing file /home/airflow/.local/lib/python3.12/site-packages/airflow/example_dags/example_task_group_decorator.py for tasks to queue
[2024-05-02T05:54:14.315+0000] {logging_mixin.py:188} INFO - [2024-05-02T05:54:14.313+0000] {dagbag.py:540} INFO - Filling up the DagBag from /home/airflow/.local/lib/python3.12/site-packages/airflow/example_dags/example_task_group_decorator.py
[2024-05-02T05:54:14.419+0000] {processor.py:840} INFO - DAG(s) 'example_task_group_decorator' retrieved from /home/airflow/.local/lib/python3.12/site-packages/airflow/example_dags/example_task_group_decorator.py
[2024-05-02T05:54:14.974+0000] {logging_mixin.py:188} INFO - [2024-05-02T05:54:14.974+0000] {dag.py:3096} INFO - Sync 1 DAGs
[2024-05-02T05:54:15.249+0000] {logging_mixin.py:188} INFO - [2024-05-02T05:54:15.248+0000] {dag.py:3954} INFO - Setting next_dagrun for example_task_group_decorator to 2024-05-01 00:00:00+00:00, run_after=2024-05-02 00:00:00+00:00
[2024-05-02T05:54:15.409+0000] {processor.py:183} INFO - Processing /home/airflow/.local/lib/python3.12/site-packages/airflow/example_dags/example_task_group_decorator.py took 1.164 seconds
[2024-05-02T05:54:46.354+0000] {processor.py:161} INFO - Started process (PID=113) to work on /home/airflow/.local/lib/python3.12/site-packages/airflow/example_dags/example_task_group_decorator.py
[2024-05-02T05:54:46.363+0000] {processor.py:830} INFO - Processing file /home/airflow/.local/lib/python3.12/site-packages/airflow/example_dags/example_task_group_decorator.py for tasks to queue
[2024-05-02T05:54:46.367+0000] {logging_mixin.py:188} INFO - [2024-05-02T05:54:46.366+0000] {dagbag.py:540} INFO - Filling up the DagBag from /home/airflow/.local/lib/python3.12/site-packages/airflow/example_dags/example_task_group_decorator.py
[2024-05-02T05:54:46.413+0000] {processor.py:840} INFO - DAG(s) 'example_task_group_decorator' retrieved from /home/airflow/.local/lib/python3.12/site-packages/airflow/example_dags/example_task_group_decorator.py
[2024-05-02T05:54:46.512+0000] {logging_mixin.py:188} INFO - [2024-05-02T05:54:46.512+0000] {dag.py:3096} INFO - Sync 1 DAGs
[2024-05-02T05:54:46.608+0000] {logging_mixin.py:188} INFO - [2024-05-02T05:54:46.608+0000] {dag.py:3954} INFO - Setting next_dagrun for example_task_group_decorator to 2024-05-01 00:00:00+00:00, run_after=2024-05-02 00:00:00+00:00
[2024-05-02T05:54:46.670+0000] {processor.py:183} INFO - Processing /home/airflow/.local/lib/python3.12/site-packages/airflow/example_dags/example_task_group_decorator.py took 0.333 seconds
[2024-05-02T05:55:17.701+0000] {processor.py:161} INFO - Started process (PID=171) to work on /home/airflow/.local/lib/python3.12/site-packages/airflow/example_dags/example_task_group_decorator.py
[2024-05-02T05:55:17.708+0000] {processor.py:830} INFO - Processing file /home/airflow/.local/lib/python3.12/site-packages/airflow/example_dags/example_task_group_decorator.py for tasks to queue
[2024-05-02T05:55:17.712+0000] {logging_mixin.py:188} INFO - [2024-05-02T05:55:17.712+0000] {dagbag.py:540} INFO - Filling up the DagBag from /home/airflow/.local/lib/python3.12/site-packages/airflow/example_dags/example_task_group_decorator.py
[2024-05-02T05:55:17.774+0000] {processor.py:840} INFO - DAG(s) 'example_task_group_decorator' retrieved from /home/airflow/.local/lib/python3.12/site-packages/airflow/example_dags/example_task_group_decorator.py
[2024-05-02T05:55:17.914+0000] {logging_mixin.py:188} INFO - [2024-05-02T05:55:17.913+0000] {dag.py:3096} INFO - Sync 1 DAGs
[2024-05-02T05:55:18.054+0000] {logging_mixin.py:188} INFO - [2024-05-02T05:55:18.053+0000] {dag.py:3954} INFO - Setting next_dagrun for example_task_group_decorator to 2024-05-01 00:00:00+00:00, run_after=2024-05-02 00:00:00+00:00
[2024-05-02T05:55:18.147+0000] {processor.py:183} INFO - Processing /home/airflow/.local/lib/python3.12/site-packages/airflow/example_dags/example_task_group_decorator.py took 0.459 seconds
[2024-05-02T05:56:07.889+0000] {processor.py:161} INFO - Started process (PID=229) to work on /home/airflow/.local/lib/python3.12/site-packages/airflow/example_dags/example_task_group_decorator.py
[2024-05-02T05:56:07.920+0000] {processor.py:830} INFO - Processing file /home/airflow/.local/lib/python3.12/site-packages/airflow/example_dags/example_task_group_decorator.py for tasks to queue
[2024-05-02T05:56:07.942+0000] {logging_mixin.py:188} INFO - [2024-05-02T05:56:07.941+0000] {dagbag.py:540} INFO - Filling up the DagBag from /home/airflow/.local/lib/python3.12/site-packages/airflow/example_dags/example_task_group_decorator.py
[2024-05-02T05:56:08.742+0000] {processor.py:840} INFO - DAG(s) 'example_task_group_decorator' retrieved from /home/airflow/.local/lib/python3.12/site-packages/airflow/example_dags/example_task_group_decorator.py
[2024-05-02T05:56:09.904+0000] {logging_mixin.py:188} INFO - [2024-05-02T05:56:09.904+0000] {dag.py:3096} INFO - Sync 1 DAGs
[2024-05-02T05:56:10.503+0000] {logging_mixin.py:188} INFO - [2024-05-02T05:56:10.502+0000] {dag.py:3954} INFO - Setting next_dagrun for example_task_group_decorator to 2024-05-01 00:00:00+00:00, run_after=2024-05-02 00:00:00+00:00
[2024-05-02T05:56:10.791+0000] {processor.py:183} INFO - Processing /home/airflow/.local/lib/python3.12/site-packages/airflow/example_dags/example_task_group_decorator.py took 3.310 seconds
[2024-05-02T05:57:02.210+0000] {processor.py:161} INFO - Started process (PID=274) to work on /home/airflow/.local/lib/python3.12/site-packages/airflow/example_dags/example_task_group_decorator.py
[2024-05-02T05:57:02.245+0000] {processor.py:830} INFO - Processing file /home/airflow/.local/lib/python3.12/site-packages/airflow/example_dags/example_task_group_decorator.py for tasks to queue
[2024-05-02T05:57:02.262+0000] {logging_mixin.py:188} INFO - [2024-05-02T05:57:02.261+0000] {dagbag.py:540} INFO - Filling up the DagBag from /home/airflow/.local/lib/python3.12/site-packages/airflow/example_dags/example_task_group_decorator.py
[2024-05-02T05:57:02.475+0000] {processor.py:840} INFO - DAG(s) 'example_task_group_decorator' retrieved from /home/airflow/.local/lib/python3.12/site-packages/airflow/example_dags/example_task_group_decorator.py
[2024-05-02T05:57:03.125+0000] {logging_mixin.py:188} INFO - [2024-05-02T05:57:03.112+0000] {dag.py:3096} INFO - Sync 1 DAGs
[2024-05-02T05:57:04.934+0000] {logging_mixin.py:188} INFO - [2024-05-02T05:57:04.921+0000] {dag.py:3954} INFO - Setting next_dagrun for example_task_group_decorator to 2024-05-01 00:00:00+00:00, run_after=2024-05-02 00:00:00+00:00
[2024-05-02T05:57:05.375+0000] {processor.py:183} INFO - Processing /home/airflow/.local/lib/python3.12/site-packages/airflow/example_dags/example_task_group_decorator.py took 3.210 seconds
[2024-05-02T23:42:23.753+0000] {processor.py:161} INFO - Started process (PID=355) to work on /home/airflow/.local/lib/python3.12/site-packages/airflow/example_dags/example_task_group_decorator.py
[2024-05-02T23:42:23.771+0000] {processor.py:830} INFO - Processing file /home/airflow/.local/lib/python3.12/site-packages/airflow/example_dags/example_task_group_decorator.py for tasks to queue
[2024-05-02T23:42:23.774+0000] {logging_mixin.py:188} INFO - [2024-05-02T23:42:23.773+0000] {dagbag.py:540} INFO - Filling up the DagBag from /home/airflow/.local/lib/python3.12/site-packages/airflow/example_dags/example_task_group_decorator.py
[2024-05-02T23:42:24.356+0000] {processor.py:840} INFO - DAG(s) 'example_task_group_decorator' retrieved from /home/airflow/.local/lib/python3.12/site-packages/airflow/example_dags/example_task_group_decorator.py
[2024-05-02T23:42:24.927+0000] {logging_mixin.py:188} INFO - [2024-05-02T23:42:24.927+0000] {dag.py:3096} INFO - Sync 1 DAGs
[2024-05-02T23:42:25.802+0000] {logging_mixin.py:188} INFO - [2024-05-02T23:42:25.801+0000] {dag.py:3954} INFO - Setting next_dagrun for example_task_group_decorator to 2024-05-01 00:00:00+00:00, run_after=2024-05-02 00:00:00+00:00
[2024-05-02T23:42:27.104+0000] {processor.py:183} INFO - Processing /home/airflow/.local/lib/python3.12/site-packages/airflow/example_dags/example_task_group_decorator.py took 3.478 seconds
[2024-05-02T23:43:09.517+0000] {processor.py:161} INFO - Started process (PID=413) to work on /home/airflow/.local/lib/python3.12/site-packages/airflow/example_dags/example_task_group_decorator.py
[2024-05-02T23:43:09.519+0000] {processor.py:830} INFO - Processing file /home/airflow/.local/lib/python3.12/site-packages/airflow/example_dags/example_task_group_decorator.py for tasks to queue
[2024-05-02T23:43:09.522+0000] {logging_mixin.py:188} INFO - [2024-05-02T23:43:09.521+0000] {dagbag.py:540} INFO - Filling up the DagBag from /home/airflow/.local/lib/python3.12/site-packages/airflow/example_dags/example_task_group_decorator.py
[2024-05-02T23:43:09.558+0000] {processor.py:840} INFO - DAG(s) 'example_task_group_decorator' retrieved from /home/airflow/.local/lib/python3.12/site-packages/airflow/example_dags/example_task_group_decorator.py
[2024-05-02T23:43:09.580+0000] {logging_mixin.py:188} INFO - [2024-05-02T23:43:09.580+0000] {dag.py:3096} INFO - Sync 1 DAGs
[2024-05-02T23:43:09.630+0000] {logging_mixin.py:188} INFO - [2024-05-02T23:43:09.630+0000] {dag.py:3954} INFO - Setting next_dagrun for example_task_group_decorator to 2024-05-01 00:00:00+00:00, run_after=2024-05-02 00:00:00+00:00
[2024-05-02T23:43:09.696+0000] {processor.py:183} INFO - Processing /home/airflow/.local/lib/python3.12/site-packages/airflow/example_dags/example_task_group_decorator.py took 0.191 seconds
[2024-05-02T23:44:21.629+0000] {processor.py:161} INFO - Started process (PID=479) to work on /home/airflow/.local/lib/python3.12/site-packages/airflow/example_dags/example_task_group_decorator.py
[2024-05-02T23:44:21.634+0000] {processor.py:830} INFO - Processing file /home/airflow/.local/lib/python3.12/site-packages/airflow/example_dags/example_task_group_decorator.py for tasks to queue
[2024-05-02T23:44:21.636+0000] {logging_mixin.py:188} INFO - [2024-05-02T23:44:21.635+0000] {dagbag.py:540} INFO - Filling up the DagBag from /home/airflow/.local/lib/python3.12/site-packages/airflow/example_dags/example_task_group_decorator.py
[2024-05-02T23:44:21.675+0000] {processor.py:840} INFO - DAG(s) 'example_task_group_decorator' retrieved from /home/airflow/.local/lib/python3.12/site-packages/airflow/example_dags/example_task_group_decorator.py
[2024-05-02T23:44:21.891+0000] {logging_mixin.py:188} INFO - [2024-05-02T23:44:21.891+0000] {dag.py:3096} INFO - Sync 1 DAGs
[2024-05-02T23:44:21.925+0000] {logging_mixin.py:188} INFO - [2024-05-02T23:44:21.925+0000] {dag.py:3954} INFO - Setting next_dagrun for example_task_group_decorator to 2024-05-01 00:00:00+00:00, run_after=2024-05-02 00:00:00+00:00
[2024-05-02T23:44:21.959+0000] {processor.py:183} INFO - Processing /home/airflow/.local/lib/python3.12/site-packages/airflow/example_dags/example_task_group_decorator.py took 0.340 seconds
[2024-05-02T23:44:52.343+0000] {processor.py:161} INFO - Started process (PID=537) to work on /home/airflow/.local/lib/python3.12/site-packages/airflow/example_dags/example_task_group_decorator.py
[2024-05-02T23:44:52.352+0000] {processor.py:830} INFO - Processing file /home/airflow/.local/lib/python3.12/site-packages/airflow/example_dags/example_task_group_decorator.py for tasks to queue
[2024-05-02T23:44:52.354+0000] {logging_mixin.py:188} INFO - [2024-05-02T23:44:52.354+0000] {dagbag.py:540} INFO - Filling up the DagBag from /home/airflow/.local/lib/python3.12/site-packages/airflow/example_dags/example_task_group_decorator.py
[2024-05-02T23:44:52.389+0000] {processor.py:840} INFO - DAG(s) 'example_task_group_decorator' retrieved from /home/airflow/.local/lib/python3.12/site-packages/airflow/example_dags/example_task_group_decorator.py
[2024-05-02T23:44:52.458+0000] {logging_mixin.py:188} INFO - [2024-05-02T23:44:52.458+0000] {dag.py:3096} INFO - Sync 1 DAGs
[2024-05-02T23:44:52.559+0000] {logging_mixin.py:188} INFO - [2024-05-02T23:44:52.559+0000] {dag.py:3954} INFO - Setting next_dagrun for example_task_group_decorator to 2024-05-01 00:00:00+00:00, run_after=2024-05-02 00:00:00+00:00
[2024-05-02T23:44:52.623+0000] {processor.py:183} INFO - Processing /home/airflow/.local/lib/python3.12/site-packages/airflow/example_dags/example_task_group_decorator.py took 0.291 seconds
[2024-05-02T23:45:25.485+0000] {processor.py:161} INFO - Started process (PID=595) to work on /home/airflow/.local/lib/python3.12/site-packages/airflow/example_dags/example_task_group_decorator.py
[2024-05-02T23:45:25.487+0000] {processor.py:830} INFO - Processing file /home/airflow/.local/lib/python3.12/site-packages/airflow/example_dags/example_task_group_decorator.py for tasks to queue
[2024-05-02T23:45:25.489+0000] {logging_mixin.py:188} INFO - [2024-05-02T23:45:25.488+0000] {dagbag.py:540} INFO - Filling up the DagBag from /home/airflow/.local/lib/python3.12/site-packages/airflow/example_dags/example_task_group_decorator.py
[2024-05-02T23:45:25.536+0000] {processor.py:840} INFO - DAG(s) 'example_task_group_decorator' retrieved from /home/airflow/.local/lib/python3.12/site-packages/airflow/example_dags/example_task_group_decorator.py
[2024-05-02T23:45:25.672+0000] {logging_mixin.py:188} INFO - [2024-05-02T23:45:25.672+0000] {dag.py:3096} INFO - Sync 1 DAGs
[2024-05-02T23:45:25.752+0000] {logging_mixin.py:188} INFO - [2024-05-02T23:45:25.752+0000] {dag.py:3954} INFO - Setting next_dagrun for example_task_group_decorator to 2024-05-01 00:00:00+00:00, run_after=2024-05-02 00:00:00+00:00
[2024-05-02T23:45:25.818+0000] {processor.py:183} INFO - Processing /home/airflow/.local/lib/python3.12/site-packages/airflow/example_dags/example_task_group_decorator.py took 0.347 seconds
[2024-05-02T23:45:56.137+0000] {processor.py:161} INFO - Started process (PID=659) to work on /home/airflow/.local/lib/python3.12/site-packages/airflow/example_dags/example_task_group_decorator.py
[2024-05-02T23:45:56.138+0000] {processor.py:830} INFO - Processing file /home/airflow/.local/lib/python3.12/site-packages/airflow/example_dags/example_task_group_decorator.py for tasks to queue
[2024-05-02T23:45:56.140+0000] {logging_mixin.py:188} INFO - [2024-05-02T23:45:56.139+0000] {dagbag.py:540} INFO - Filling up the DagBag from /home/airflow/.local/lib/python3.12/site-packages/airflow/example_dags/example_task_group_decorator.py
[2024-05-02T23:45:56.161+0000] {processor.py:840} INFO - DAG(s) 'example_task_group_decorator' retrieved from /home/airflow/.local/lib/python3.12/site-packages/airflow/example_dags/example_task_group_decorator.py
[2024-05-02T23:45:56.204+0000] {logging_mixin.py:188} INFO - [2024-05-02T23:45:56.203+0000] {dag.py:3096} INFO - Sync 1 DAGs
[2024-05-02T23:45:56.242+0000] {logging_mixin.py:188} INFO - [2024-05-02T23:45:56.241+0000] {dag.py:3954} INFO - Setting next_dagrun for example_task_group_decorator to 2024-05-01 00:00:00+00:00, run_after=2024-05-02 00:00:00+00:00
[2024-05-02T23:45:56.276+0000] {processor.py:183} INFO - Processing /home/airflow/.local/lib/python3.12/site-packages/airflow/example_dags/example_task_group_decorator.py took 0.148 seconds
[2024-05-02T23:46:26.334+0000] {processor.py:161} INFO - Started process (PID=717) to work on /home/airflow/.local/lib/python3.12/site-packages/airflow/example_dags/example_task_group_decorator.py
[2024-05-02T23:46:26.335+0000] {processor.py:830} INFO - Processing file /home/airflow/.local/lib/python3.12/site-packages/airflow/example_dags/example_task_group_decorator.py for tasks to queue
[2024-05-02T23:46:26.336+0000] {logging_mixin.py:188} INFO - [2024-05-02T23:46:26.336+0000] {dagbag.py:540} INFO - Filling up the DagBag from /home/airflow/.local/lib/python3.12/site-packages/airflow/example_dags/example_task_group_decorator.py
[2024-05-02T23:46:26.354+0000] {processor.py:840} INFO - DAG(s) 'example_task_group_decorator' retrieved from /home/airflow/.local/lib/python3.12/site-packages/airflow/example_dags/example_task_group_decorator.py
[2024-05-02T23:46:26.384+0000] {logging_mixin.py:188} INFO - [2024-05-02T23:46:26.384+0000] {dag.py:3096} INFO - Sync 1 DAGs
[2024-05-02T23:46:26.411+0000] {logging_mixin.py:188} INFO - [2024-05-02T23:46:26.411+0000] {dag.py:3954} INFO - Setting next_dagrun for example_task_group_decorator to 2024-05-01 00:00:00+00:00, run_after=2024-05-02 00:00:00+00:00
[2024-05-02T23:46:26.450+0000] {processor.py:183} INFO - Processing /home/airflow/.local/lib/python3.12/site-packages/airflow/example_dags/example_task_group_decorator.py took 0.123 seconds
[2024-05-02T23:46:56.628+0000] {processor.py:161} INFO - Started process (PID=775) to work on /home/airflow/.local/lib/python3.12/site-packages/airflow/example_dags/example_task_group_decorator.py
[2024-05-02T23:46:56.629+0000] {processor.py:830} INFO - Processing file /home/airflow/.local/lib/python3.12/site-packages/airflow/example_dags/example_task_group_decorator.py for tasks to queue
[2024-05-02T23:46:56.630+0000] {logging_mixin.py:188} INFO - [2024-05-02T23:46:56.630+0000] {dagbag.py:540} INFO - Filling up the DagBag from /home/airflow/.local/lib/python3.12/site-packages/airflow/example_dags/example_task_group_decorator.py
[2024-05-02T23:46:56.654+0000] {processor.py:840} INFO - DAG(s) 'example_task_group_decorator' retrieved from /home/airflow/.local/lib/python3.12/site-packages/airflow/example_dags/example_task_group_decorator.py
[2024-05-02T23:46:56.688+0000] {logging_mixin.py:188} INFO - [2024-05-02T23:46:56.687+0000] {dag.py:3096} INFO - Sync 1 DAGs
[2024-05-02T23:46:56.720+0000] {logging_mixin.py:188} INFO - [2024-05-02T23:46:56.719+0000] {dag.py:3954} INFO - Setting next_dagrun for example_task_group_decorator to 2024-05-01 00:00:00+00:00, run_after=2024-05-02 00:00:00+00:00
[2024-05-02T23:46:56.744+0000] {processor.py:183} INFO - Processing /home/airflow/.local/lib/python3.12/site-packages/airflow/example_dags/example_task_group_decorator.py took 0.126 seconds
[2024-05-02T23:47:27.110+0000] {processor.py:161} INFO - Started process (PID=833) to work on /home/airflow/.local/lib/python3.12/site-packages/airflow/example_dags/example_task_group_decorator.py
[2024-05-02T23:47:27.111+0000] {processor.py:830} INFO - Processing file /home/airflow/.local/lib/python3.12/site-packages/airflow/example_dags/example_task_group_decorator.py for tasks to queue
[2024-05-02T23:47:27.113+0000] {logging_mixin.py:188} INFO - [2024-05-02T23:47:27.112+0000] {dagbag.py:540} INFO - Filling up the DagBag from /home/airflow/.local/lib/python3.12/site-packages/airflow/example_dags/example_task_group_decorator.py
[2024-05-02T23:47:27.133+0000] {processor.py:840} INFO - DAG(s) 'example_task_group_decorator' retrieved from /home/airflow/.local/lib/python3.12/site-packages/airflow/example_dags/example_task_group_decorator.py
[2024-05-02T23:47:27.164+0000] {logging_mixin.py:188} INFO - [2024-05-02T23:47:27.164+0000] {dag.py:3096} INFO - Sync 1 DAGs
[2024-05-02T23:47:27.192+0000] {logging_mixin.py:188} INFO - [2024-05-02T23:47:27.191+0000] {dag.py:3954} INFO - Setting next_dagrun for example_task_group_decorator to 2024-05-01 00:00:00+00:00, run_after=2024-05-02 00:00:00+00:00
[2024-05-02T23:47:27.216+0000] {processor.py:183} INFO - Processing /home/airflow/.local/lib/python3.12/site-packages/airflow/example_dags/example_task_group_decorator.py took 0.114 seconds
[2024-05-02T23:47:57.318+0000] {processor.py:161} INFO - Started process (PID=891) to work on /home/airflow/.local/lib/python3.12/site-packages/airflow/example_dags/example_task_group_decorator.py
[2024-05-02T23:47:57.320+0000] {processor.py:830} INFO - Processing file /home/airflow/.local/lib/python3.12/site-packages/airflow/example_dags/example_task_group_decorator.py for tasks to queue
[2024-05-02T23:47:57.321+0000] {logging_mixin.py:188} INFO - [2024-05-02T23:47:57.320+0000] {dagbag.py:540} INFO - Filling up the DagBag from /home/airflow/.local/lib/python3.12/site-packages/airflow/example_dags/example_task_group_decorator.py
[2024-05-02T23:47:57.339+0000] {processor.py:840} INFO - DAG(s) 'example_task_group_decorator' retrieved from /home/airflow/.local/lib/python3.12/site-packages/airflow/example_dags/example_task_group_decorator.py
[2024-05-02T23:47:57.374+0000] {logging_mixin.py:188} INFO - [2024-05-02T23:47:57.373+0000] {dag.py:3096} INFO - Sync 1 DAGs
[2024-05-02T23:47:57.400+0000] {logging_mixin.py:188} INFO - [2024-05-02T23:47:57.400+0000] {dag.py:3954} INFO - Setting next_dagrun for example_task_group_decorator to 2024-05-01 00:00:00+00:00, run_after=2024-05-02 00:00:00+00:00
[2024-05-02T23:47:57.433+0000] {processor.py:183} INFO - Processing /home/airflow/.local/lib/python3.12/site-packages/airflow/example_dags/example_task_group_decorator.py took 0.121 seconds
[2024-05-02T23:48:27.680+0000] {processor.py:161} INFO - Started process (PID=949) to work on /home/airflow/.local/lib/python3.12/site-packages/airflow/example_dags/example_task_group_decorator.py
[2024-05-02T23:48:27.681+0000] {processor.py:830} INFO - Processing file /home/airflow/.local/lib/python3.12/site-packages/airflow/example_dags/example_task_group_decorator.py for tasks to queue
[2024-05-02T23:48:27.682+0000] {logging_mixin.py:188} INFO - [2024-05-02T23:48:27.682+0000] {dagbag.py:540} INFO - Filling up the DagBag from /home/airflow/.local/lib/python3.12/site-packages/airflow/example_dags/example_task_group_decorator.py
[2024-05-02T23:48:27.700+0000] {processor.py:840} INFO - DAG(s) 'example_task_group_decorator' retrieved from /home/airflow/.local/lib/python3.12/site-packages/airflow/example_dags/example_task_group_decorator.py
[2024-05-02T23:48:27.730+0000] {logging_mixin.py:188} INFO - [2024-05-02T23:48:27.730+0000] {dag.py:3096} INFO - Sync 1 DAGs
[2024-05-02T23:48:27.757+0000] {logging_mixin.py:188} INFO - [2024-05-02T23:48:27.757+0000] {dag.py:3954} INFO - Setting next_dagrun for example_task_group_decorator to 2024-05-01 00:00:00+00:00, run_after=2024-05-02 00:00:00+00:00
[2024-05-02T23:48:27.791+0000] {processor.py:183} INFO - Processing /home/airflow/.local/lib/python3.12/site-packages/airflow/example_dags/example_task_group_decorator.py took 0.120 seconds
[2024-05-02T23:48:59.151+0000] {processor.py:161} INFO - Started process (PID=1007) to work on /home/airflow/.local/lib/python3.12/site-packages/airflow/example_dags/example_task_group_decorator.py
[2024-05-02T23:48:59.152+0000] {processor.py:830} INFO - Processing file /home/airflow/.local/lib/python3.12/site-packages/airflow/example_dags/example_task_group_decorator.py for tasks to queue
[2024-05-02T23:48:59.153+0000] {logging_mixin.py:188} INFO - [2024-05-02T23:48:59.153+0000] {dagbag.py:540} INFO - Filling up the DagBag from /home/airflow/.local/lib/python3.12/site-packages/airflow/example_dags/example_task_group_decorator.py
[2024-05-02T23:48:59.171+0000] {processor.py:840} INFO - DAG(s) 'example_task_group_decorator' retrieved from /home/airflow/.local/lib/python3.12/site-packages/airflow/example_dags/example_task_group_decorator.py
[2024-05-02T23:48:59.203+0000] {logging_mixin.py:188} INFO - [2024-05-02T23:48:59.202+0000] {dag.py:3096} INFO - Sync 1 DAGs
[2024-05-02T23:48:59.259+0000] {logging_mixin.py:188} INFO - [2024-05-02T23:48:59.259+0000] {dag.py:3954} INFO - Setting next_dagrun for example_task_group_decorator to 2024-05-01 00:00:00+00:00, run_after=2024-05-02 00:00:00+00:00
[2024-05-02T23:48:59.285+0000] {processor.py:183} INFO - Processing /home/airflow/.local/lib/python3.12/site-packages/airflow/example_dags/example_task_group_decorator.py took 0.141 seconds
[2024-05-02T23:49:30.397+0000] {processor.py:161} INFO - Started process (PID=1064) to work on /home/airflow/.local/lib/python3.12/site-packages/airflow/example_dags/example_task_group_decorator.py
[2024-05-02T23:49:30.399+0000] {processor.py:830} INFO - Processing file /home/airflow/.local/lib/python3.12/site-packages/airflow/example_dags/example_task_group_decorator.py for tasks to queue
[2024-05-02T23:49:30.400+0000] {logging_mixin.py:188} INFO - [2024-05-02T23:49:30.400+0000] {dagbag.py:540} INFO - Filling up the DagBag from /home/airflow/.local/lib/python3.12/site-packages/airflow/example_dags/example_task_group_decorator.py
[2024-05-02T23:49:30.430+0000] {processor.py:840} INFO - DAG(s) 'example_task_group_decorator' retrieved from /home/airflow/.local/lib/python3.12/site-packages/airflow/example_dags/example_task_group_decorator.py
[2024-05-02T23:49:30.478+0000] {logging_mixin.py:188} INFO - [2024-05-02T23:49:30.477+0000] {dag.py:3096} INFO - Sync 1 DAGs
[2024-05-02T23:49:30.693+0000] {logging_mixin.py:188} INFO - [2024-05-02T23:49:30.692+0000] {dag.py:3954} INFO - Setting next_dagrun for example_task_group_decorator to 2024-05-01 00:00:00+00:00, run_after=2024-05-02 00:00:00+00:00
[2024-05-02T23:49:30.718+0000] {processor.py:183} INFO - Processing /home/airflow/.local/lib/python3.12/site-packages/airflow/example_dags/example_task_group_decorator.py took 0.334 seconds
[2024-05-02T23:50:01.023+0000] {processor.py:161} INFO - Started process (PID=1122) to work on /home/airflow/.local/lib/python3.12/site-packages/airflow/example_dags/example_task_group_decorator.py
[2024-05-02T23:50:01.024+0000] {processor.py:830} INFO - Processing file /home/airflow/.local/lib/python3.12/site-packages/airflow/example_dags/example_task_group_decorator.py for tasks to queue
[2024-05-02T23:50:01.025+0000] {logging_mixin.py:188} INFO - [2024-05-02T23:50:01.025+0000] {dagbag.py:540} INFO - Filling up the DagBag from /home/airflow/.local/lib/python3.12/site-packages/airflow/example_dags/example_task_group_decorator.py
[2024-05-02T23:50:01.043+0000] {processor.py:840} INFO - DAG(s) 'example_task_group_decorator' retrieved from /home/airflow/.local/lib/python3.12/site-packages/airflow/example_dags/example_task_group_decorator.py
[2024-05-02T23:50:01.082+0000] {logging_mixin.py:188} INFO - [2024-05-02T23:50:01.081+0000] {dag.py:3096} INFO - Sync 1 DAGs
[2024-05-02T23:50:01.112+0000] {logging_mixin.py:188} INFO - [2024-05-02T23:50:01.112+0000] {dag.py:3954} INFO - Setting next_dagrun for example_task_group_decorator to 2024-05-01 00:00:00+00:00, run_after=2024-05-02 00:00:00+00:00
[2024-05-02T23:50:01.138+0000] {processor.py:183} INFO - Processing /home/airflow/.local/lib/python3.12/site-packages/airflow/example_dags/example_task_group_decorator.py took 0.123 seconds
[2024-05-02T23:50:31.247+0000] {processor.py:161} INFO - Started process (PID=1180) to work on /home/airflow/.local/lib/python3.12/site-packages/airflow/example_dags/example_task_group_decorator.py
[2024-05-02T23:50:31.248+0000] {processor.py:830} INFO - Processing file /home/airflow/.local/lib/python3.12/site-packages/airflow/example_dags/example_task_group_decorator.py for tasks to queue
[2024-05-02T23:50:31.249+0000] {logging_mixin.py:188} INFO - [2024-05-02T23:50:31.249+0000] {dagbag.py:540} INFO - Filling up the DagBag from /home/airflow/.local/lib/python3.12/site-packages/airflow/example_dags/example_task_group_decorator.py
[2024-05-02T23:50:31.267+0000] {processor.py:840} INFO - DAG(s) 'example_task_group_decorator' retrieved from /home/airflow/.local/lib/python3.12/site-packages/airflow/example_dags/example_task_group_decorator.py
[2024-05-02T23:50:31.301+0000] {logging_mixin.py:188} INFO - [2024-05-02T23:50:31.301+0000] {dag.py:3096} INFO - Sync 1 DAGs
[2024-05-02T23:50:31.333+0000] {logging_mixin.py:188} INFO - [2024-05-02T23:50:31.333+0000] {dag.py:3954} INFO - Setting next_dagrun for example_task_group_decorator to 2024-05-01 00:00:00+00:00, run_after=2024-05-02 00:00:00+00:00
[2024-05-02T23:50:31.357+0000] {processor.py:183} INFO - Processing /home/airflow/.local/lib/python3.12/site-packages/airflow/example_dags/example_task_group_decorator.py took 0.118 seconds
[2024-05-02T23:51:01.796+0000] {processor.py:161} INFO - Started process (PID=1238) to work on /home/airflow/.local/lib/python3.12/site-packages/airflow/example_dags/example_task_group_decorator.py
[2024-05-02T23:51:01.797+0000] {processor.py:830} INFO - Processing file /home/airflow/.local/lib/python3.12/site-packages/airflow/example_dags/example_task_group_decorator.py for tasks to queue
[2024-05-02T23:51:01.799+0000] {logging_mixin.py:188} INFO - [2024-05-02T23:51:01.798+0000] {dagbag.py:540} INFO - Filling up the DagBag from /home/airflow/.local/lib/python3.12/site-packages/airflow/example_dags/example_task_group_decorator.py
[2024-05-02T23:51:01.826+0000] {processor.py:840} INFO - DAG(s) 'example_task_group_decorator' retrieved from /home/airflow/.local/lib/python3.12/site-packages/airflow/example_dags/example_task_group_decorator.py
[2024-05-02T23:51:01.870+0000] {logging_mixin.py:188} INFO - [2024-05-02T23:51:01.869+0000] {dag.py:3096} INFO - Sync 1 DAGs
[2024-05-02T23:51:01.907+0000] {logging_mixin.py:188} INFO - [2024-05-02T23:51:01.907+0000] {dag.py:3954} INFO - Setting next_dagrun for example_task_group_decorator to 2024-05-01 00:00:00+00:00, run_after=2024-05-02 00:00:00+00:00
[2024-05-02T23:51:01.943+0000] {processor.py:183} INFO - Processing /home/airflow/.local/lib/python3.12/site-packages/airflow/example_dags/example_task_group_decorator.py took 0.156 seconds
[2024-05-02T23:51:32.018+0000] {processor.py:161} INFO - Started process (PID=1296) to work on /home/airflow/.local/lib/python3.12/site-packages/airflow/example_dags/example_task_group_decorator.py
[2024-05-02T23:51:32.020+0000] {processor.py:830} INFO - Processing file /home/airflow/.local/lib/python3.12/site-packages/airflow/example_dags/example_task_group_decorator.py for tasks to queue
[2024-05-02T23:51:32.022+0000] {logging_mixin.py:188} INFO - [2024-05-02T23:51:32.021+0000] {dagbag.py:540} INFO - Filling up the DagBag from /home/airflow/.local/lib/python3.12/site-packages/airflow/example_dags/example_task_group_decorator.py
[2024-05-02T23:51:32.050+0000] {processor.py:840} INFO - DAG(s) 'example_task_group_decorator' retrieved from /home/airflow/.local/lib/python3.12/site-packages/airflow/example_dags/example_task_group_decorator.py
[2024-05-02T23:51:32.085+0000] {logging_mixin.py:188} INFO - [2024-05-02T23:51:32.085+0000] {dag.py:3096} INFO - Sync 1 DAGs
[2024-05-02T23:51:32.116+0000] {logging_mixin.py:188} INFO - [2024-05-02T23:51:32.116+0000] {dag.py:3954} INFO - Setting next_dagrun for example_task_group_decorator to 2024-05-01 00:00:00+00:00, run_after=2024-05-02 00:00:00+00:00
[2024-05-02T23:51:32.146+0000] {processor.py:183} INFO - Processing /home/airflow/.local/lib/python3.12/site-packages/airflow/example_dags/example_task_group_decorator.py took 0.138 seconds
[2024-05-02T23:52:02.293+0000] {processor.py:161} INFO - Started process (PID=1355) to work on /home/airflow/.local/lib/python3.12/site-packages/airflow/example_dags/example_task_group_decorator.py
[2024-05-02T23:52:02.294+0000] {processor.py:830} INFO - Processing file /home/airflow/.local/lib/python3.12/site-packages/airflow/example_dags/example_task_group_decorator.py for tasks to queue
[2024-05-02T23:52:02.296+0000] {logging_mixin.py:188} INFO - [2024-05-02T23:52:02.295+0000] {dagbag.py:540} INFO - Filling up the DagBag from /home/airflow/.local/lib/python3.12/site-packages/airflow/example_dags/example_task_group_decorator.py
[2024-05-02T23:52:02.319+0000] {processor.py:840} INFO - DAG(s) 'example_task_group_decorator' retrieved from /home/airflow/.local/lib/python3.12/site-packages/airflow/example_dags/example_task_group_decorator.py
[2024-05-02T23:52:02.351+0000] {logging_mixin.py:188} INFO - [2024-05-02T23:52:02.351+0000] {dag.py:3096} INFO - Sync 1 DAGs
[2024-05-02T23:52:02.385+0000] {logging_mixin.py:188} INFO - [2024-05-02T23:52:02.384+0000] {dag.py:3954} INFO - Setting next_dagrun for example_task_group_decorator to 2024-05-01 00:00:00+00:00, run_after=2024-05-02 00:00:00+00:00
[2024-05-02T23:52:02.411+0000] {processor.py:183} INFO - Processing /home/airflow/.local/lib/python3.12/site-packages/airflow/example_dags/example_task_group_decorator.py took 0.125 seconds
[2024-05-02T23:52:32.778+0000] {processor.py:161} INFO - Started process (PID=1414) to work on /home/airflow/.local/lib/python3.12/site-packages/airflow/example_dags/example_task_group_decorator.py
[2024-05-02T23:52:32.779+0000] {processor.py:830} INFO - Processing file /home/airflow/.local/lib/python3.12/site-packages/airflow/example_dags/example_task_group_decorator.py for tasks to queue
[2024-05-02T23:52:32.781+0000] {logging_mixin.py:188} INFO - [2024-05-02T23:52:32.780+0000] {dagbag.py:540} INFO - Filling up the DagBag from /home/airflow/.local/lib/python3.12/site-packages/airflow/example_dags/example_task_group_decorator.py
[2024-05-02T23:52:32.799+0000] {processor.py:840} INFO - DAG(s) 'example_task_group_decorator' retrieved from /home/airflow/.local/lib/python3.12/site-packages/airflow/example_dags/example_task_group_decorator.py
[2024-05-02T23:52:32.830+0000] {logging_mixin.py:188} INFO - [2024-05-02T23:52:32.829+0000] {dag.py:3096} INFO - Sync 1 DAGs
[2024-05-02T23:52:32.858+0000] {logging_mixin.py:188} INFO - [2024-05-02T23:52:32.858+0000] {dag.py:3954} INFO - Setting next_dagrun for example_task_group_decorator to 2024-05-01 00:00:00+00:00, run_after=2024-05-02 00:00:00+00:00
[2024-05-02T23:52:32.885+0000] {processor.py:183} INFO - Processing /home/airflow/.local/lib/python3.12/site-packages/airflow/example_dags/example_task_group_decorator.py took 0.114 seconds
[2024-05-02T23:53:02.977+0000] {processor.py:161} INFO - Started process (PID=1472) to work on /home/airflow/.local/lib/python3.12/site-packages/airflow/example_dags/example_task_group_decorator.py
[2024-05-02T23:53:02.978+0000] {processor.py:830} INFO - Processing file /home/airflow/.local/lib/python3.12/site-packages/airflow/example_dags/example_task_group_decorator.py for tasks to queue
[2024-05-02T23:53:02.979+0000] {logging_mixin.py:188} INFO - [2024-05-02T23:53:02.979+0000] {dagbag.py:540} INFO - Filling up the DagBag from /home/airflow/.local/lib/python3.12/site-packages/airflow/example_dags/example_task_group_decorator.py
[2024-05-02T23:53:02.997+0000] {processor.py:840} INFO - DAG(s) 'example_task_group_decorator' retrieved from /home/airflow/.local/lib/python3.12/site-packages/airflow/example_dags/example_task_group_decorator.py
[2024-05-02T23:53:03.026+0000] {logging_mixin.py:188} INFO - [2024-05-02T23:53:03.026+0000] {dag.py:3096} INFO - Sync 1 DAGs
[2024-05-02T23:53:03.054+0000] {logging_mixin.py:188} INFO - [2024-05-02T23:53:03.053+0000] {dag.py:3954} INFO - Setting next_dagrun for example_task_group_decorator to 2024-05-01 00:00:00+00:00, run_after=2024-05-02 00:00:00+00:00
[2024-05-02T23:53:03.079+0000] {processor.py:183} INFO - Processing /home/airflow/.local/lib/python3.12/site-packages/airflow/example_dags/example_task_group_decorator.py took 0.112 seconds
[2024-05-02T23:53:33.791+0000] {processor.py:161} INFO - Started process (PID=1529) to work on /home/airflow/.local/lib/python3.12/site-packages/airflow/example_dags/example_task_group_decorator.py
[2024-05-02T23:53:33.792+0000] {processor.py:830} INFO - Processing file /home/airflow/.local/lib/python3.12/site-packages/airflow/example_dags/example_task_group_decorator.py for tasks to queue
[2024-05-02T23:53:33.794+0000] {logging_mixin.py:188} INFO - [2024-05-02T23:53:33.793+0000] {dagbag.py:540} INFO - Filling up the DagBag from /home/airflow/.local/lib/python3.12/site-packages/airflow/example_dags/example_task_group_decorator.py
[2024-05-02T23:53:33.821+0000] {processor.py:840} INFO - DAG(s) 'example_task_group_decorator' retrieved from /home/airflow/.local/lib/python3.12/site-packages/airflow/example_dags/example_task_group_decorator.py
[2024-05-02T23:53:33.862+0000] {logging_mixin.py:188} INFO - [2024-05-02T23:53:33.861+0000] {dag.py:3096} INFO - Sync 1 DAGs
[2024-05-02T23:53:33.891+0000] {logging_mixin.py:188} INFO - [2024-05-02T23:53:33.890+0000] {dag.py:3954} INFO - Setting next_dagrun for example_task_group_decorator to 2024-05-01 00:00:00+00:00, run_after=2024-05-02 00:00:00+00:00
[2024-05-02T23:53:33.921+0000] {processor.py:183} INFO - Processing /home/airflow/.local/lib/python3.12/site-packages/airflow/example_dags/example_task_group_decorator.py took 0.138 seconds
[2024-05-02T23:54:04.397+0000] {processor.py:161} INFO - Started process (PID=1587) to work on /home/airflow/.local/lib/python3.12/site-packages/airflow/example_dags/example_task_group_decorator.py
[2024-05-02T23:54:04.399+0000] {processor.py:830} INFO - Processing file /home/airflow/.local/lib/python3.12/site-packages/airflow/example_dags/example_task_group_decorator.py for tasks to queue
[2024-05-02T23:54:04.400+0000] {logging_mixin.py:188} INFO - [2024-05-02T23:54:04.400+0000] {dagbag.py:540} INFO - Filling up the DagBag from /home/airflow/.local/lib/python3.12/site-packages/airflow/example_dags/example_task_group_decorator.py
[2024-05-02T23:54:04.428+0000] {processor.py:840} INFO - DAG(s) 'example_task_group_decorator' retrieved from /home/airflow/.local/lib/python3.12/site-packages/airflow/example_dags/example_task_group_decorator.py
[2024-05-02T23:54:04.470+0000] {logging_mixin.py:188} INFO - [2024-05-02T23:54:04.470+0000] {dag.py:3096} INFO - Sync 1 DAGs
[2024-05-02T23:54:04.509+0000] {logging_mixin.py:188} INFO - [2024-05-02T23:54:04.508+0000] {dag.py:3954} INFO - Setting next_dagrun for example_task_group_decorator to 2024-05-01 00:00:00+00:00, run_after=2024-05-02 00:00:00+00:00
[2024-05-02T23:54:04.538+0000] {processor.py:183} INFO - Processing /home/airflow/.local/lib/python3.12/site-packages/airflow/example_dags/example_task_group_decorator.py took 0.151 seconds
[2024-05-02T23:54:35.046+0000] {processor.py:161} INFO - Started process (PID=1645) to work on /home/airflow/.local/lib/python3.12/site-packages/airflow/example_dags/example_task_group_decorator.py
[2024-05-02T23:54:35.048+0000] {processor.py:830} INFO - Processing file /home/airflow/.local/lib/python3.12/site-packages/airflow/example_dags/example_task_group_decorator.py for tasks to queue
[2024-05-02T23:54:35.049+0000] {logging_mixin.py:188} INFO - [2024-05-02T23:54:35.048+0000] {dagbag.py:540} INFO - Filling up the DagBag from /home/airflow/.local/lib/python3.12/site-packages/airflow/example_dags/example_task_group_decorator.py
[2024-05-02T23:54:35.071+0000] {processor.py:840} INFO - DAG(s) 'example_task_group_decorator' retrieved from /home/airflow/.local/lib/python3.12/site-packages/airflow/example_dags/example_task_group_decorator.py
[2024-05-02T23:54:35.104+0000] {logging_mixin.py:188} INFO - [2024-05-02T23:54:35.104+0000] {dag.py:3096} INFO - Sync 1 DAGs
[2024-05-02T23:54:35.135+0000] {logging_mixin.py:188} INFO - [2024-05-02T23:54:35.135+0000] {dag.py:3954} INFO - Setting next_dagrun for example_task_group_decorator to 2024-05-01 00:00:00+00:00, run_after=2024-05-02 00:00:00+00:00
[2024-05-02T23:54:35.162+0000] {processor.py:183} INFO - Processing /home/airflow/.local/lib/python3.12/site-packages/airflow/example_dags/example_task_group_decorator.py took 0.125 seconds
[2024-05-02T23:55:05.632+0000] {processor.py:161} INFO - Started process (PID=1703) to work on /home/airflow/.local/lib/python3.12/site-packages/airflow/example_dags/example_task_group_decorator.py
[2024-05-02T23:55:05.633+0000] {processor.py:830} INFO - Processing file /home/airflow/.local/lib/python3.12/site-packages/airflow/example_dags/example_task_group_decorator.py for tasks to queue
[2024-05-02T23:55:05.634+0000] {logging_mixin.py:188} INFO - [2024-05-02T23:55:05.634+0000] {dagbag.py:540} INFO - Filling up the DagBag from /home/airflow/.local/lib/python3.12/site-packages/airflow/example_dags/example_task_group_decorator.py
[2024-05-02T23:55:05.658+0000] {processor.py:840} INFO - DAG(s) 'example_task_group_decorator' retrieved from /home/airflow/.local/lib/python3.12/site-packages/airflow/example_dags/example_task_group_decorator.py
[2024-05-02T23:55:05.692+0000] {logging_mixin.py:188} INFO - [2024-05-02T23:55:05.691+0000] {dag.py:3096} INFO - Sync 1 DAGs
[2024-05-02T23:55:05.719+0000] {logging_mixin.py:188} INFO - [2024-05-02T23:55:05.719+0000] {dag.py:3954} INFO - Setting next_dagrun for example_task_group_decorator to 2024-05-01 00:00:00+00:00, run_after=2024-05-02 00:00:00+00:00
[2024-05-02T23:55:05.761+0000] {processor.py:183} INFO - Processing /home/airflow/.local/lib/python3.12/site-packages/airflow/example_dags/example_task_group_decorator.py took 0.136 seconds
[2024-05-02T23:55:35.887+0000] {processor.py:161} INFO - Started process (PID=1760) to work on /home/airflow/.local/lib/python3.12/site-packages/airflow/example_dags/example_task_group_decorator.py
[2024-05-02T23:55:35.888+0000] {processor.py:830} INFO - Processing file /home/airflow/.local/lib/python3.12/site-packages/airflow/example_dags/example_task_group_decorator.py for tasks to queue
[2024-05-02T23:55:35.890+0000] {logging_mixin.py:188} INFO - [2024-05-02T23:55:35.889+0000] {dagbag.py:540} INFO - Filling up the DagBag from /home/airflow/.local/lib/python3.12/site-packages/airflow/example_dags/example_task_group_decorator.py
[2024-05-02T23:55:35.917+0000] {processor.py:840} INFO - DAG(s) 'example_task_group_decorator' retrieved from /home/airflow/.local/lib/python3.12/site-packages/airflow/example_dags/example_task_group_decorator.py
[2024-05-02T23:55:35.949+0000] {logging_mixin.py:188} INFO - [2024-05-02T23:55:35.949+0000] {dag.py:3096} INFO - Sync 1 DAGs
[2024-05-02T23:55:35.978+0000] {logging_mixin.py:188} INFO - [2024-05-02T23:55:35.978+0000] {dag.py:3954} INFO - Setting next_dagrun for example_task_group_decorator to 2024-05-01 00:00:00+00:00, run_after=2024-05-02 00:00:00+00:00
[2024-05-02T23:55:36.004+0000] {processor.py:183} INFO - Processing /home/airflow/.local/lib/python3.12/site-packages/airflow/example_dags/example_task_group_decorator.py took 0.125 seconds
[2024-05-02T23:56:06.254+0000] {processor.py:161} INFO - Started process (PID=1817) to work on /home/airflow/.local/lib/python3.12/site-packages/airflow/example_dags/example_task_group_decorator.py
[2024-05-02T23:56:06.255+0000] {processor.py:830} INFO - Processing file /home/airflow/.local/lib/python3.12/site-packages/airflow/example_dags/example_task_group_decorator.py for tasks to queue
[2024-05-02T23:56:06.257+0000] {logging_mixin.py:188} INFO - [2024-05-02T23:56:06.256+0000] {dagbag.py:540} INFO - Filling up the DagBag from /home/airflow/.local/lib/python3.12/site-packages/airflow/example_dags/example_task_group_decorator.py
[2024-05-02T23:56:06.285+0000] {processor.py:840} INFO - DAG(s) 'example_task_group_decorator' retrieved from /home/airflow/.local/lib/python3.12/site-packages/airflow/example_dags/example_task_group_decorator.py
[2024-05-02T23:56:06.332+0000] {logging_mixin.py:188} INFO - [2024-05-02T23:56:06.332+0000] {dag.py:3096} INFO - Sync 1 DAGs
[2024-05-02T23:56:06.381+0000] {logging_mixin.py:188} INFO - [2024-05-02T23:56:06.381+0000] {dag.py:3954} INFO - Setting next_dagrun for example_task_group_decorator to 2024-05-01 00:00:00+00:00, run_after=2024-05-02 00:00:00+00:00
[2024-05-02T23:56:06.428+0000] {processor.py:183} INFO - Processing /home/airflow/.local/lib/python3.12/site-packages/airflow/example_dags/example_task_group_decorator.py took 0.184 seconds
[2024-05-02T23:56:37.200+0000] {processor.py:161} INFO - Started process (PID=1875) to work on /home/airflow/.local/lib/python3.12/site-packages/airflow/example_dags/example_task_group_decorator.py
[2024-05-02T23:56:37.202+0000] {processor.py:830} INFO - Processing file /home/airflow/.local/lib/python3.12/site-packages/airflow/example_dags/example_task_group_decorator.py for tasks to queue
[2024-05-02T23:56:37.204+0000] {logging_mixin.py:188} INFO - [2024-05-02T23:56:37.203+0000] {dagbag.py:540} INFO - Filling up the DagBag from /home/airflow/.local/lib/python3.12/site-packages/airflow/example_dags/example_task_group_decorator.py
[2024-05-02T23:56:37.231+0000] {processor.py:840} INFO - DAG(s) 'example_task_group_decorator' retrieved from /home/airflow/.local/lib/python3.12/site-packages/airflow/example_dags/example_task_group_decorator.py
[2024-05-02T23:56:37.276+0000] {logging_mixin.py:188} INFO - [2024-05-02T23:56:37.275+0000] {dag.py:3096} INFO - Sync 1 DAGs
[2024-05-02T23:56:37.311+0000] {logging_mixin.py:188} INFO - [2024-05-02T23:56:37.311+0000] {dag.py:3954} INFO - Setting next_dagrun for example_task_group_decorator to 2024-05-01 00:00:00+00:00, run_after=2024-05-02 00:00:00+00:00
[2024-05-02T23:56:37.341+0000] {processor.py:183} INFO - Processing /home/airflow/.local/lib/python3.12/site-packages/airflow/example_dags/example_task_group_decorator.py took 0.149 seconds
[2024-05-02T23:57:08.045+0000] {processor.py:161} INFO - Started process (PID=1933) to work on /home/airflow/.local/lib/python3.12/site-packages/airflow/example_dags/example_task_group_decorator.py
[2024-05-02T23:57:08.046+0000] {processor.py:830} INFO - Processing file /home/airflow/.local/lib/python3.12/site-packages/airflow/example_dags/example_task_group_decorator.py for tasks to queue
[2024-05-02T23:57:08.048+0000] {logging_mixin.py:188} INFO - [2024-05-02T23:57:08.047+0000] {dagbag.py:540} INFO - Filling up the DagBag from /home/airflow/.local/lib/python3.12/site-packages/airflow/example_dags/example_task_group_decorator.py
[2024-05-02T23:57:08.073+0000] {processor.py:840} INFO - DAG(s) 'example_task_group_decorator' retrieved from /home/airflow/.local/lib/python3.12/site-packages/airflow/example_dags/example_task_group_decorator.py
[2024-05-02T23:57:08.107+0000] {logging_mixin.py:188} INFO - [2024-05-02T23:57:08.106+0000] {dag.py:3096} INFO - Sync 1 DAGs
[2024-05-02T23:57:08.138+0000] {logging_mixin.py:188} INFO - [2024-05-02T23:57:08.137+0000] {dag.py:3954} INFO - Setting next_dagrun for example_task_group_decorator to 2024-05-01 00:00:00+00:00, run_after=2024-05-02 00:00:00+00:00
[2024-05-02T23:57:08.166+0000] {processor.py:183} INFO - Processing /home/airflow/.local/lib/python3.12/site-packages/airflow/example_dags/example_task_group_decorator.py took 0.130 seconds
