[2024-05-02T05:54:14.883+0000] {processor.py:161} INFO - Started process (PID=56) to work on /home/airflow/.local/lib/python3.12/site-packages/airflow/example_dags/tutorial.py
[2024-05-02T05:54:14.903+0000] {processor.py:830} INFO - Processing file /home/airflow/.local/lib/python3.12/site-packages/airflow/example_dags/tutorial.py for tasks to queue
[2024-05-02T05:54:14.918+0000] {logging_mixin.py:188} INFO - [2024-05-02T05:54:14.917+0000] {dagbag.py:540} INFO - Filling up the DagBag from /home/airflow/.local/lib/python3.12/site-packages/airflow/example_dags/tutorial.py
[2024-05-02T05:54:15.069+0000] {processor.py:840} INFO - DAG(s) 'tutorial' retrieved from /home/airflow/.local/lib/python3.12/site-packages/airflow/example_dags/tutorial.py
[2024-05-02T05:54:15.640+0000] {logging_mixin.py:188} INFO - [2024-05-02T05:54:15.640+0000] {dag.py:3096} INFO - Sync 1 DAGs
[2024-05-02T05:54:15.759+0000] {logging_mixin.py:188} INFO - [2024-05-02T05:54:15.759+0000] {dag.py:3954} INFO - Setting next_dagrun for tutorial to 2024-05-01 00:00:00+00:00, run_after=2024-05-02 00:00:00+00:00
[2024-05-02T05:54:15.845+0000] {processor.py:183} INFO - Processing /home/airflow/.local/lib/python3.12/site-packages/airflow/example_dags/tutorial.py took 1.038 seconds
[2024-05-02T05:54:46.364+0000] {processor.py:161} INFO - Started process (PID=114) to work on /home/airflow/.local/lib/python3.12/site-packages/airflow/example_dags/tutorial.py
[2024-05-02T05:54:46.366+0000] {processor.py:830} INFO - Processing file /home/airflow/.local/lib/python3.12/site-packages/airflow/example_dags/tutorial.py for tasks to queue
[2024-05-02T05:54:46.375+0000] {logging_mixin.py:188} INFO - [2024-05-02T05:54:46.375+0000] {dagbag.py:540} INFO - Filling up the DagBag from /home/airflow/.local/lib/python3.12/site-packages/airflow/example_dags/tutorial.py
[2024-05-02T05:54:46.397+0000] {processor.py:840} INFO - DAG(s) 'tutorial' retrieved from /home/airflow/.local/lib/python3.12/site-packages/airflow/example_dags/tutorial.py
[2024-05-02T05:54:46.512+0000] {logging_mixin.py:188} INFO - [2024-05-02T05:54:46.511+0000] {dag.py:3096} INFO - Sync 1 DAGs
[2024-05-02T05:54:46.603+0000] {logging_mixin.py:188} INFO - [2024-05-02T05:54:46.602+0000] {dag.py:3954} INFO - Setting next_dagrun for tutorial to 2024-05-01 00:00:00+00:00, run_after=2024-05-02 00:00:00+00:00
[2024-05-02T05:54:46.656+0000] {processor.py:183} INFO - Processing /home/airflow/.local/lib/python3.12/site-packages/airflow/example_dags/tutorial.py took 0.303 seconds
[2024-05-02T05:55:17.746+0000] {processor.py:161} INFO - Started process (PID=172) to work on /home/airflow/.local/lib/python3.12/site-packages/airflow/example_dags/tutorial.py
[2024-05-02T05:55:17.749+0000] {processor.py:830} INFO - Processing file /home/airflow/.local/lib/python3.12/site-packages/airflow/example_dags/tutorial.py for tasks to queue
[2024-05-02T05:55:17.756+0000] {logging_mixin.py:188} INFO - [2024-05-02T05:55:17.754+0000] {dagbag.py:540} INFO - Filling up the DagBag from /home/airflow/.local/lib/python3.12/site-packages/airflow/example_dags/tutorial.py
[2024-05-02T05:55:17.777+0000] {processor.py:840} INFO - DAG(s) 'tutorial' retrieved from /home/airflow/.local/lib/python3.12/site-packages/airflow/example_dags/tutorial.py
[2024-05-02T05:55:17.849+0000] {logging_mixin.py:188} INFO - [2024-05-02T05:55:17.849+0000] {dag.py:3096} INFO - Sync 1 DAGs
[2024-05-02T05:55:17.959+0000] {logging_mixin.py:188} INFO - [2024-05-02T05:55:17.958+0000] {dag.py:3954} INFO - Setting next_dagrun for tutorial to 2024-05-01 00:00:00+00:00, run_after=2024-05-02 00:00:00+00:00
[2024-05-02T05:55:18.075+0000] {processor.py:183} INFO - Processing /home/airflow/.local/lib/python3.12/site-packages/airflow/example_dags/tutorial.py took 0.342 seconds
[2024-05-02T05:56:11.518+0000] {processor.py:161} INFO - Started process (PID=236) to work on /home/airflow/.local/lib/python3.12/site-packages/airflow/example_dags/tutorial.py
[2024-05-02T05:56:11.532+0000] {processor.py:830} INFO - Processing file /home/airflow/.local/lib/python3.12/site-packages/airflow/example_dags/tutorial.py for tasks to queue
[2024-05-02T05:56:11.571+0000] {logging_mixin.py:188} INFO - [2024-05-02T05:56:11.565+0000] {dagbag.py:540} INFO - Filling up the DagBag from /home/airflow/.local/lib/python3.12/site-packages/airflow/example_dags/tutorial.py
[2024-05-02T05:56:11.722+0000] {processor.py:840} INFO - DAG(s) 'tutorial' retrieved from /home/airflow/.local/lib/python3.12/site-packages/airflow/example_dags/tutorial.py
[2024-05-02T05:56:12.277+0000] {logging_mixin.py:188} INFO - [2024-05-02T05:56:12.272+0000] {dag.py:3096} INFO - Sync 1 DAGs
[2024-05-02T05:56:13.030+0000] {logging_mixin.py:188} INFO - [2024-05-02T05:56:13.027+0000] {dag.py:3954} INFO - Setting next_dagrun for tutorial to 2024-05-01 00:00:00+00:00, run_after=2024-05-02 00:00:00+00:00
[2024-05-02T05:56:13.532+0000] {processor.py:183} INFO - Processing /home/airflow/.local/lib/python3.12/site-packages/airflow/example_dags/tutorial.py took 2.318 seconds
[2024-05-02T05:57:02.563+0000] {processor.py:161} INFO - Started process (PID=275) to work on /home/airflow/.local/lib/python3.12/site-packages/airflow/example_dags/tutorial.py
[2024-05-02T05:57:02.573+0000] {processor.py:830} INFO - Processing file /home/airflow/.local/lib/python3.12/site-packages/airflow/example_dags/tutorial.py for tasks to queue
[2024-05-02T05:57:02.606+0000] {logging_mixin.py:188} INFO - [2024-05-02T05:57:02.598+0000] {dagbag.py:540} INFO - Filling up the DagBag from /home/airflow/.local/lib/python3.12/site-packages/airflow/example_dags/tutorial.py
[2024-05-02T05:57:02.693+0000] {processor.py:840} INFO - DAG(s) 'tutorial' retrieved from /home/airflow/.local/lib/python3.12/site-packages/airflow/example_dags/tutorial.py
[2024-05-02T05:57:03.314+0000] {logging_mixin.py:188} INFO - [2024-05-02T05:57:03.313+0000] {dag.py:3096} INFO - Sync 1 DAGs
[2024-05-02T05:57:04.692+0000] {logging_mixin.py:188} INFO - [2024-05-02T05:57:04.690+0000] {dag.py:3954} INFO - Setting next_dagrun for tutorial to 2024-05-01 00:00:00+00:00, run_after=2024-05-02 00:00:00+00:00
[2024-05-02T05:57:05.430+0000] {processor.py:183} INFO - Processing /home/airflow/.local/lib/python3.12/site-packages/airflow/example_dags/tutorial.py took 2.978 seconds
[2024-05-02T23:42:27.744+0000] {processor.py:161} INFO - Started process (PID=356) to work on /home/airflow/.local/lib/python3.12/site-packages/airflow/example_dags/tutorial.py
[2024-05-02T23:42:27.757+0000] {processor.py:830} INFO - Processing file /home/airflow/.local/lib/python3.12/site-packages/airflow/example_dags/tutorial.py for tasks to queue
[2024-05-02T23:42:27.760+0000] {logging_mixin.py:188} INFO - [2024-05-02T23:42:27.759+0000] {dagbag.py:540} INFO - Filling up the DagBag from /home/airflow/.local/lib/python3.12/site-packages/airflow/example_dags/tutorial.py
[2024-05-02T23:42:27.842+0000] {processor.py:840} INFO - DAG(s) 'tutorial' retrieved from /home/airflow/.local/lib/python3.12/site-packages/airflow/example_dags/tutorial.py
[2024-05-02T23:42:29.089+0000] {logging_mixin.py:188} INFO - [2024-05-02T23:42:29.088+0000] {dag.py:3096} INFO - Sync 1 DAGs
[2024-05-02T23:42:31.952+0000] {logging_mixin.py:188} INFO - [2024-05-02T23:42:31.948+0000] {dag.py:3954} INFO - Setting next_dagrun for tutorial to 2024-05-01 00:00:00+00:00, run_after=2024-05-02 00:00:00+00:00
[2024-05-02T23:42:33.246+0000] {processor.py:183} INFO - Processing /home/airflow/.local/lib/python3.12/site-packages/airflow/example_dags/tutorial.py took 5.663 seconds
[2024-05-02T23:43:09.546+0000] {processor.py:161} INFO - Started process (PID=414) to work on /home/airflow/.local/lib/python3.12/site-packages/airflow/example_dags/tutorial.py
[2024-05-02T23:43:09.548+0000] {processor.py:830} INFO - Processing file /home/airflow/.local/lib/python3.12/site-packages/airflow/example_dags/tutorial.py for tasks to queue
[2024-05-02T23:43:09.550+0000] {logging_mixin.py:188} INFO - [2024-05-02T23:43:09.550+0000] {dagbag.py:540} INFO - Filling up the DagBag from /home/airflow/.local/lib/python3.12/site-packages/airflow/example_dags/tutorial.py
[2024-05-02T23:43:09.563+0000] {processor.py:840} INFO - DAG(s) 'tutorial' retrieved from /home/airflow/.local/lib/python3.12/site-packages/airflow/example_dags/tutorial.py
[2024-05-02T23:43:09.586+0000] {logging_mixin.py:188} INFO - [2024-05-02T23:43:09.586+0000] {dag.py:3096} INFO - Sync 1 DAGs
[2024-05-02T23:43:09.639+0000] {logging_mixin.py:188} INFO - [2024-05-02T23:43:09.637+0000] {dag.py:3954} INFO - Setting next_dagrun for tutorial to 2024-05-01 00:00:00+00:00, run_after=2024-05-02 00:00:00+00:00
[2024-05-02T23:43:09.716+0000] {processor.py:183} INFO - Processing /home/airflow/.local/lib/python3.12/site-packages/airflow/example_dags/tutorial.py took 0.181 seconds
[2024-05-02T23:44:21.872+0000] {processor.py:161} INFO - Started process (PID=480) to work on /home/airflow/.local/lib/python3.12/site-packages/airflow/example_dags/tutorial.py
[2024-05-02T23:44:21.873+0000] {processor.py:830} INFO - Processing file /home/airflow/.local/lib/python3.12/site-packages/airflow/example_dags/tutorial.py for tasks to queue
[2024-05-02T23:44:21.875+0000] {logging_mixin.py:188} INFO - [2024-05-02T23:44:21.875+0000] {dagbag.py:540} INFO - Filling up the DagBag from /home/airflow/.local/lib/python3.12/site-packages/airflow/example_dags/tutorial.py
[2024-05-02T23:44:21.891+0000] {processor.py:840} INFO - DAG(s) 'tutorial' retrieved from /home/airflow/.local/lib/python3.12/site-packages/airflow/example_dags/tutorial.py
[2024-05-02T23:44:22.079+0000] {logging_mixin.py:188} INFO - [2024-05-02T23:44:22.079+0000] {dag.py:3096} INFO - Sync 1 DAGs
[2024-05-02T23:44:22.117+0000] {logging_mixin.py:188} INFO - [2024-05-02T23:44:22.116+0000] {dag.py:3954} INFO - Setting next_dagrun for tutorial to 2024-05-01 00:00:00+00:00, run_after=2024-05-02 00:00:00+00:00
[2024-05-02T23:44:22.151+0000] {processor.py:183} INFO - Processing /home/airflow/.local/lib/python3.12/site-packages/airflow/example_dags/tutorial.py took 0.290 seconds
[2024-05-02T23:44:52.387+0000] {processor.py:161} INFO - Started process (PID=538) to work on /home/airflow/.local/lib/python3.12/site-packages/airflow/example_dags/tutorial.py
[2024-05-02T23:44:52.389+0000] {processor.py:830} INFO - Processing file /home/airflow/.local/lib/python3.12/site-packages/airflow/example_dags/tutorial.py for tasks to queue
[2024-05-02T23:44:52.391+0000] {logging_mixin.py:188} INFO - [2024-05-02T23:44:52.390+0000] {dagbag.py:540} INFO - Filling up the DagBag from /home/airflow/.local/lib/python3.12/site-packages/airflow/example_dags/tutorial.py
[2024-05-02T23:44:52.406+0000] {processor.py:840} INFO - DAG(s) 'tutorial' retrieved from /home/airflow/.local/lib/python3.12/site-packages/airflow/example_dags/tutorial.py
[2024-05-02T23:44:52.454+0000] {logging_mixin.py:188} INFO - [2024-05-02T23:44:52.453+0000] {dag.py:3096} INFO - Sync 1 DAGs
[2024-05-02T23:44:52.556+0000] {logging_mixin.py:188} INFO - [2024-05-02T23:44:52.555+0000] {dag.py:3954} INFO - Setting next_dagrun for tutorial to 2024-05-01 00:00:00+00:00, run_after=2024-05-02 00:00:00+00:00
[2024-05-02T23:44:52.626+0000] {processor.py:183} INFO - Processing /home/airflow/.local/lib/python3.12/site-packages/airflow/example_dags/tutorial.py took 0.250 seconds
[2024-05-02T23:45:25.526+0000] {processor.py:161} INFO - Started process (PID=596) to work on /home/airflow/.local/lib/python3.12/site-packages/airflow/example_dags/tutorial.py
[2024-05-02T23:45:25.530+0000] {processor.py:830} INFO - Processing file /home/airflow/.local/lib/python3.12/site-packages/airflow/example_dags/tutorial.py for tasks to queue
[2024-05-02T23:45:25.532+0000] {logging_mixin.py:188} INFO - [2024-05-02T23:45:25.532+0000] {dagbag.py:540} INFO - Filling up the DagBag from /home/airflow/.local/lib/python3.12/site-packages/airflow/example_dags/tutorial.py
[2024-05-02T23:45:25.555+0000] {processor.py:840} INFO - DAG(s) 'tutorial' retrieved from /home/airflow/.local/lib/python3.12/site-packages/airflow/example_dags/tutorial.py
[2024-05-02T23:45:25.613+0000] {logging_mixin.py:188} INFO - [2024-05-02T23:45:25.613+0000] {dag.py:3096} INFO - Sync 1 DAGs
[2024-05-02T23:45:25.732+0000] {logging_mixin.py:188} INFO - [2024-05-02T23:45:25.731+0000] {dag.py:3954} INFO - Setting next_dagrun for tutorial to 2024-05-01 00:00:00+00:00, run_after=2024-05-02 00:00:00+00:00
[2024-05-02T23:45:25.808+0000] {processor.py:183} INFO - Processing /home/airflow/.local/lib/python3.12/site-packages/airflow/example_dags/tutorial.py took 0.294 seconds
[2024-05-02T23:45:56.182+0000] {processor.py:161} INFO - Started process (PID=660) to work on /home/airflow/.local/lib/python3.12/site-packages/airflow/example_dags/tutorial.py
[2024-05-02T23:45:56.183+0000] {processor.py:830} INFO - Processing file /home/airflow/.local/lib/python3.12/site-packages/airflow/example_dags/tutorial.py for tasks to queue
[2024-05-02T23:45:56.184+0000] {logging_mixin.py:188} INFO - [2024-05-02T23:45:56.184+0000] {dagbag.py:540} INFO - Filling up the DagBag from /home/airflow/.local/lib/python3.12/site-packages/airflow/example_dags/tutorial.py
[2024-05-02T23:45:56.192+0000] {processor.py:840} INFO - DAG(s) 'tutorial' retrieved from /home/airflow/.local/lib/python3.12/site-packages/airflow/example_dags/tutorial.py
[2024-05-02T23:45:56.220+0000] {logging_mixin.py:188} INFO - [2024-05-02T23:45:56.219+0000] {dag.py:3096} INFO - Sync 1 DAGs
[2024-05-02T23:45:56.266+0000] {logging_mixin.py:188} INFO - [2024-05-02T23:45:56.266+0000] {dag.py:3954} INFO - Setting next_dagrun for tutorial to 2024-05-01 00:00:00+00:00, run_after=2024-05-02 00:00:00+00:00
[2024-05-02T23:45:56.302+0000] {processor.py:183} INFO - Processing /home/airflow/.local/lib/python3.12/site-packages/airflow/example_dags/tutorial.py took 0.128 seconds
[2024-05-02T23:46:26.489+0000] {processor.py:161} INFO - Started process (PID=718) to work on /home/airflow/.local/lib/python3.12/site-packages/airflow/example_dags/tutorial.py
[2024-05-02T23:46:26.490+0000] {processor.py:830} INFO - Processing file /home/airflow/.local/lib/python3.12/site-packages/airflow/example_dags/tutorial.py for tasks to queue
[2024-05-02T23:46:26.491+0000] {logging_mixin.py:188} INFO - [2024-05-02T23:46:26.491+0000] {dagbag.py:540} INFO - Filling up the DagBag from /home/airflow/.local/lib/python3.12/site-packages/airflow/example_dags/tutorial.py
[2024-05-02T23:46:26.499+0000] {processor.py:840} INFO - DAG(s) 'tutorial' retrieved from /home/airflow/.local/lib/python3.12/site-packages/airflow/example_dags/tutorial.py
[2024-05-02T23:46:26.524+0000] {logging_mixin.py:188} INFO - [2024-05-02T23:46:26.524+0000] {dag.py:3096} INFO - Sync 1 DAGs
[2024-05-02T23:46:26.550+0000] {logging_mixin.py:188} INFO - [2024-05-02T23:46:26.550+0000] {dag.py:3954} INFO - Setting next_dagrun for tutorial to 2024-05-01 00:00:00+00:00, run_after=2024-05-02 00:00:00+00:00
[2024-05-02T23:46:26.574+0000] {processor.py:183} INFO - Processing /home/airflow/.local/lib/python3.12/site-packages/airflow/example_dags/tutorial.py took 0.092 seconds
[2024-05-02T23:46:56.647+0000] {processor.py:161} INFO - Started process (PID=776) to work on /home/airflow/.local/lib/python3.12/site-packages/airflow/example_dags/tutorial.py
[2024-05-02T23:46:56.648+0000] {processor.py:830} INFO - Processing file /home/airflow/.local/lib/python3.12/site-packages/airflow/example_dags/tutorial.py for tasks to queue
[2024-05-02T23:46:56.649+0000] {logging_mixin.py:188} INFO - [2024-05-02T23:46:56.649+0000] {dagbag.py:540} INFO - Filling up the DagBag from /home/airflow/.local/lib/python3.12/site-packages/airflow/example_dags/tutorial.py
[2024-05-02T23:46:56.657+0000] {processor.py:840} INFO - DAG(s) 'tutorial' retrieved from /home/airflow/.local/lib/python3.12/site-packages/airflow/example_dags/tutorial.py
[2024-05-02T23:46:56.683+0000] {logging_mixin.py:188} INFO - [2024-05-02T23:46:56.683+0000] {dag.py:3096} INFO - Sync 1 DAGs
[2024-05-02T23:46:56.715+0000] {logging_mixin.py:188} INFO - [2024-05-02T23:46:56.715+0000] {dag.py:3954} INFO - Setting next_dagrun for tutorial to 2024-05-01 00:00:00+00:00, run_after=2024-05-02 00:00:00+00:00
[2024-05-02T23:46:56.741+0000] {processor.py:183} INFO - Processing /home/airflow/.local/lib/python3.12/site-packages/airflow/example_dags/tutorial.py took 0.104 seconds
[2024-05-02T23:47:27.118+0000] {processor.py:161} INFO - Started process (PID=834) to work on /home/airflow/.local/lib/python3.12/site-packages/airflow/example_dags/tutorial.py
[2024-05-02T23:47:27.119+0000] {processor.py:830} INFO - Processing file /home/airflow/.local/lib/python3.12/site-packages/airflow/example_dags/tutorial.py for tasks to queue
[2024-05-02T23:47:27.120+0000] {logging_mixin.py:188} INFO - [2024-05-02T23:47:27.120+0000] {dagbag.py:540} INFO - Filling up the DagBag from /home/airflow/.local/lib/python3.12/site-packages/airflow/example_dags/tutorial.py
[2024-05-02T23:47:27.129+0000] {processor.py:840} INFO - DAG(s) 'tutorial' retrieved from /home/airflow/.local/lib/python3.12/site-packages/airflow/example_dags/tutorial.py
[2024-05-02T23:47:27.155+0000] {logging_mixin.py:188} INFO - [2024-05-02T23:47:27.154+0000] {dag.py:3096} INFO - Sync 1 DAGs
[2024-05-02T23:47:27.183+0000] {logging_mixin.py:188} INFO - [2024-05-02T23:47:27.182+0000] {dag.py:3954} INFO - Setting next_dagrun for tutorial to 2024-05-01 00:00:00+00:00, run_after=2024-05-02 00:00:00+00:00
[2024-05-02T23:47:27.206+0000] {processor.py:183} INFO - Processing /home/airflow/.local/lib/python3.12/site-packages/airflow/example_dags/tutorial.py took 0.096 seconds
[2024-05-02T23:47:57.470+0000] {processor.py:161} INFO - Started process (PID=892) to work on /home/airflow/.local/lib/python3.12/site-packages/airflow/example_dags/tutorial.py
[2024-05-02T23:47:57.472+0000] {processor.py:830} INFO - Processing file /home/airflow/.local/lib/python3.12/site-packages/airflow/example_dags/tutorial.py for tasks to queue
[2024-05-02T23:47:57.473+0000] {logging_mixin.py:188} INFO - [2024-05-02T23:47:57.472+0000] {dagbag.py:540} INFO - Filling up the DagBag from /home/airflow/.local/lib/python3.12/site-packages/airflow/example_dags/tutorial.py
[2024-05-02T23:47:57.481+0000] {processor.py:840} INFO - DAG(s) 'tutorial' retrieved from /home/airflow/.local/lib/python3.12/site-packages/airflow/example_dags/tutorial.py
[2024-05-02T23:47:57.505+0000] {logging_mixin.py:188} INFO - [2024-05-02T23:47:57.505+0000] {dag.py:3096} INFO - Sync 1 DAGs
[2024-05-02T23:47:57.532+0000] {logging_mixin.py:188} INFO - [2024-05-02T23:47:57.532+0000] {dag.py:3954} INFO - Setting next_dagrun for tutorial to 2024-05-01 00:00:00+00:00, run_after=2024-05-02 00:00:00+00:00
[2024-05-02T23:47:57.558+0000] {processor.py:183} INFO - Processing /home/airflow/.local/lib/python3.12/site-packages/airflow/example_dags/tutorial.py took 0.095 seconds
[2024-05-02T23:48:27.836+0000] {processor.py:161} INFO - Started process (PID=950) to work on /home/airflow/.local/lib/python3.12/site-packages/airflow/example_dags/tutorial.py
[2024-05-02T23:48:27.837+0000] {processor.py:830} INFO - Processing file /home/airflow/.local/lib/python3.12/site-packages/airflow/example_dags/tutorial.py for tasks to queue
[2024-05-02T23:48:27.838+0000] {logging_mixin.py:188} INFO - [2024-05-02T23:48:27.838+0000] {dagbag.py:540} INFO - Filling up the DagBag from /home/airflow/.local/lib/python3.12/site-packages/airflow/example_dags/tutorial.py
[2024-05-02T23:48:27.846+0000] {processor.py:840} INFO - DAG(s) 'tutorial' retrieved from /home/airflow/.local/lib/python3.12/site-packages/airflow/example_dags/tutorial.py
[2024-05-02T23:48:27.874+0000] {logging_mixin.py:188} INFO - [2024-05-02T23:48:27.874+0000] {dag.py:3096} INFO - Sync 1 DAGs
[2024-05-02T23:48:27.903+0000] {logging_mixin.py:188} INFO - [2024-05-02T23:48:27.903+0000] {dag.py:3954} INFO - Setting next_dagrun for tutorial to 2024-05-01 00:00:00+00:00, run_after=2024-05-02 00:00:00+00:00
[2024-05-02T23:48:27.934+0000] {processor.py:183} INFO - Processing /home/airflow/.local/lib/python3.12/site-packages/airflow/example_dags/tutorial.py took 0.106 seconds
[2024-05-02T23:48:59.331+0000] {processor.py:161} INFO - Started process (PID=1008) to work on /home/airflow/.local/lib/python3.12/site-packages/airflow/example_dags/tutorial.py
[2024-05-02T23:48:59.332+0000] {processor.py:830} INFO - Processing file /home/airflow/.local/lib/python3.12/site-packages/airflow/example_dags/tutorial.py for tasks to queue
[2024-05-02T23:48:59.333+0000] {logging_mixin.py:188} INFO - [2024-05-02T23:48:59.333+0000] {dagbag.py:540} INFO - Filling up the DagBag from /home/airflow/.local/lib/python3.12/site-packages/airflow/example_dags/tutorial.py
[2024-05-02T23:48:59.342+0000] {processor.py:840} INFO - DAG(s) 'tutorial' retrieved from /home/airflow/.local/lib/python3.12/site-packages/airflow/example_dags/tutorial.py
[2024-05-02T23:48:59.368+0000] {logging_mixin.py:188} INFO - [2024-05-02T23:48:59.368+0000] {dag.py:3096} INFO - Sync 1 DAGs
[2024-05-02T23:48:59.396+0000] {logging_mixin.py:188} INFO - [2024-05-02T23:48:59.396+0000] {dag.py:3954} INFO - Setting next_dagrun for tutorial to 2024-05-01 00:00:00+00:00, run_after=2024-05-02 00:00:00+00:00
[2024-05-02T23:48:59.421+0000] {processor.py:183} INFO - Processing /home/airflow/.local/lib/python3.12/site-packages/airflow/example_dags/tutorial.py took 0.097 seconds
[2024-05-02T23:49:30.764+0000] {processor.py:161} INFO - Started process (PID=1065) to work on /home/airflow/.local/lib/python3.12/site-packages/airflow/example_dags/tutorial.py
[2024-05-02T23:49:30.765+0000] {processor.py:830} INFO - Processing file /home/airflow/.local/lib/python3.12/site-packages/airflow/example_dags/tutorial.py for tasks to queue
[2024-05-02T23:49:30.766+0000] {logging_mixin.py:188} INFO - [2024-05-02T23:49:30.766+0000] {dagbag.py:540} INFO - Filling up the DagBag from /home/airflow/.local/lib/python3.12/site-packages/airflow/example_dags/tutorial.py
[2024-05-02T23:49:30.775+0000] {processor.py:840} INFO - DAG(s) 'tutorial' retrieved from /home/airflow/.local/lib/python3.12/site-packages/airflow/example_dags/tutorial.py
[2024-05-02T23:49:30.806+0000] {logging_mixin.py:188} INFO - [2024-05-02T23:49:30.805+0000] {dag.py:3096} INFO - Sync 1 DAGs
[2024-05-02T23:49:31.024+0000] {logging_mixin.py:188} INFO - [2024-05-02T23:49:31.024+0000] {dag.py:3954} INFO - Setting next_dagrun for tutorial to 2024-05-01 00:00:00+00:00, run_after=2024-05-02 00:00:00+00:00
[2024-05-02T23:49:31.048+0000] {processor.py:183} INFO - Processing /home/airflow/.local/lib/python3.12/site-packages/airflow/example_dags/tutorial.py took 0.294 seconds
[2024-05-02T23:50:01.179+0000] {processor.py:161} INFO - Started process (PID=1123) to work on /home/airflow/.local/lib/python3.12/site-packages/airflow/example_dags/tutorial.py
[2024-05-02T23:50:01.180+0000] {processor.py:830} INFO - Processing file /home/airflow/.local/lib/python3.12/site-packages/airflow/example_dags/tutorial.py for tasks to queue
[2024-05-02T23:50:01.181+0000] {logging_mixin.py:188} INFO - [2024-05-02T23:50:01.181+0000] {dagbag.py:540} INFO - Filling up the DagBag from /home/airflow/.local/lib/python3.12/site-packages/airflow/example_dags/tutorial.py
[2024-05-02T23:50:01.189+0000] {processor.py:840} INFO - DAG(s) 'tutorial' retrieved from /home/airflow/.local/lib/python3.12/site-packages/airflow/example_dags/tutorial.py
[2024-05-02T23:50:01.216+0000] {logging_mixin.py:188} INFO - [2024-05-02T23:50:01.216+0000] {dag.py:3096} INFO - Sync 1 DAGs
[2024-05-02T23:50:01.248+0000] {logging_mixin.py:188} INFO - [2024-05-02T23:50:01.247+0000] {dag.py:3954} INFO - Setting next_dagrun for tutorial to 2024-05-01 00:00:00+00:00, run_after=2024-05-02 00:00:00+00:00
[2024-05-02T23:50:01.276+0000] {processor.py:183} INFO - Processing /home/airflow/.local/lib/python3.12/site-packages/airflow/example_dags/tutorial.py took 0.107 seconds
[2024-05-02T23:50:31.403+0000] {processor.py:161} INFO - Started process (PID=1181) to work on /home/airflow/.local/lib/python3.12/site-packages/airflow/example_dags/tutorial.py
[2024-05-02T23:50:31.405+0000] {processor.py:830} INFO - Processing file /home/airflow/.local/lib/python3.12/site-packages/airflow/example_dags/tutorial.py for tasks to queue
[2024-05-02T23:50:31.407+0000] {logging_mixin.py:188} INFO - [2024-05-02T23:50:31.406+0000] {dagbag.py:540} INFO - Filling up the DagBag from /home/airflow/.local/lib/python3.12/site-packages/airflow/example_dags/tutorial.py
[2024-05-02T23:50:31.417+0000] {processor.py:840} INFO - DAG(s) 'tutorial' retrieved from /home/airflow/.local/lib/python3.12/site-packages/airflow/example_dags/tutorial.py
[2024-05-02T23:50:31.448+0000] {logging_mixin.py:188} INFO - [2024-05-02T23:50:31.448+0000] {dag.py:3096} INFO - Sync 1 DAGs
[2024-05-02T23:50:31.482+0000] {logging_mixin.py:188} INFO - [2024-05-02T23:50:31.482+0000] {dag.py:3954} INFO - Setting next_dagrun for tutorial to 2024-05-01 00:00:00+00:00, run_after=2024-05-02 00:00:00+00:00
[2024-05-02T23:50:31.515+0000] {processor.py:183} INFO - Processing /home/airflow/.local/lib/python3.12/site-packages/airflow/example_dags/tutorial.py took 0.121 seconds
[2024-05-02T23:51:01.801+0000] {processor.py:161} INFO - Started process (PID=1239) to work on /home/airflow/.local/lib/python3.12/site-packages/airflow/example_dags/tutorial.py
[2024-05-02T23:51:01.803+0000] {processor.py:830} INFO - Processing file /home/airflow/.local/lib/python3.12/site-packages/airflow/example_dags/tutorial.py for tasks to queue
[2024-05-02T23:51:01.804+0000] {logging_mixin.py:188} INFO - [2024-05-02T23:51:01.803+0000] {dagbag.py:540} INFO - Filling up the DagBag from /home/airflow/.local/lib/python3.12/site-packages/airflow/example_dags/tutorial.py
[2024-05-02T23:51:01.812+0000] {processor.py:840} INFO - DAG(s) 'tutorial' retrieved from /home/airflow/.local/lib/python3.12/site-packages/airflow/example_dags/tutorial.py
[2024-05-02T23:51:01.843+0000] {logging_mixin.py:188} INFO - [2024-05-02T23:51:01.843+0000] {dag.py:3096} INFO - Sync 1 DAGs
[2024-05-02T23:51:01.877+0000] {logging_mixin.py:188} INFO - [2024-05-02T23:51:01.876+0000] {dag.py:3954} INFO - Setting next_dagrun for tutorial to 2024-05-01 00:00:00+00:00, run_after=2024-05-02 00:00:00+00:00
[2024-05-02T23:51:01.909+0000] {processor.py:183} INFO - Processing /home/airflow/.local/lib/python3.12/site-packages/airflow/example_dags/tutorial.py took 0.116 seconds
[2024-05-02T23:51:32.024+0000] {processor.py:161} INFO - Started process (PID=1297) to work on /home/airflow/.local/lib/python3.12/site-packages/airflow/example_dags/tutorial.py
[2024-05-02T23:51:32.026+0000] {processor.py:830} INFO - Processing file /home/airflow/.local/lib/python3.12/site-packages/airflow/example_dags/tutorial.py for tasks to queue
[2024-05-02T23:51:32.028+0000] {logging_mixin.py:188} INFO - [2024-05-02T23:51:32.027+0000] {dagbag.py:540} INFO - Filling up the DagBag from /home/airflow/.local/lib/python3.12/site-packages/airflow/example_dags/tutorial.py
[2024-05-02T23:51:32.039+0000] {processor.py:840} INFO - DAG(s) 'tutorial' retrieved from /home/airflow/.local/lib/python3.12/site-packages/airflow/example_dags/tutorial.py
[2024-05-02T23:51:32.069+0000] {logging_mixin.py:188} INFO - [2024-05-02T23:51:32.069+0000] {dag.py:3096} INFO - Sync 1 DAGs
[2024-05-02T23:51:32.099+0000] {logging_mixin.py:188} INFO - [2024-05-02T23:51:32.099+0000] {dag.py:3954} INFO - Setting next_dagrun for tutorial to 2024-05-01 00:00:00+00:00, run_after=2024-05-02 00:00:00+00:00
[2024-05-02T23:51:32.126+0000] {processor.py:183} INFO - Processing /home/airflow/.local/lib/python3.12/site-packages/airflow/example_dags/tutorial.py took 0.112 seconds
[2024-05-02T23:52:02.163+0000] {processor.py:161} INFO - Started process (PID=1354) to work on /home/airflow/.local/lib/python3.12/site-packages/airflow/example_dags/tutorial.py
[2024-05-02T23:52:02.164+0000] {processor.py:830} INFO - Processing file /home/airflow/.local/lib/python3.12/site-packages/airflow/example_dags/tutorial.py for tasks to queue
[2024-05-02T23:52:02.166+0000] {logging_mixin.py:188} INFO - [2024-05-02T23:52:02.165+0000] {dagbag.py:540} INFO - Filling up the DagBag from /home/airflow/.local/lib/python3.12/site-packages/airflow/example_dags/tutorial.py
[2024-05-02T23:52:02.173+0000] {processor.py:840} INFO - DAG(s) 'tutorial' retrieved from /home/airflow/.local/lib/python3.12/site-packages/airflow/example_dags/tutorial.py
[2024-05-02T23:52:02.197+0000] {logging_mixin.py:188} INFO - [2024-05-02T23:52:02.197+0000] {dag.py:3096} INFO - Sync 1 DAGs
[2024-05-02T23:52:02.225+0000] {logging_mixin.py:188} INFO - [2024-05-02T23:52:02.225+0000] {dag.py:3954} INFO - Setting next_dagrun for tutorial to 2024-05-01 00:00:00+00:00, run_after=2024-05-02 00:00:00+00:00
[2024-05-02T23:52:02.251+0000] {processor.py:183} INFO - Processing /home/airflow/.local/lib/python3.12/site-packages/airflow/example_dags/tutorial.py took 0.096 seconds
[2024-05-02T23:52:32.646+0000] {processor.py:161} INFO - Started process (PID=1413) to work on /home/airflow/.local/lib/python3.12/site-packages/airflow/example_dags/tutorial.py
[2024-05-02T23:52:32.648+0000] {processor.py:830} INFO - Processing file /home/airflow/.local/lib/python3.12/site-packages/airflow/example_dags/tutorial.py for tasks to queue
[2024-05-02T23:52:32.649+0000] {logging_mixin.py:188} INFO - [2024-05-02T23:52:32.649+0000] {dagbag.py:540} INFO - Filling up the DagBag from /home/airflow/.local/lib/python3.12/site-packages/airflow/example_dags/tutorial.py
[2024-05-02T23:52:32.659+0000] {processor.py:840} INFO - DAG(s) 'tutorial' retrieved from /home/airflow/.local/lib/python3.12/site-packages/airflow/example_dags/tutorial.py
[2024-05-02T23:52:32.690+0000] {logging_mixin.py:188} INFO - [2024-05-02T23:52:32.689+0000] {dag.py:3096} INFO - Sync 1 DAGs
[2024-05-02T23:52:32.722+0000] {logging_mixin.py:188} INFO - [2024-05-02T23:52:32.721+0000] {dag.py:3954} INFO - Setting next_dagrun for tutorial to 2024-05-01 00:00:00+00:00, run_after=2024-05-02 00:00:00+00:00
[2024-05-02T23:52:32.750+0000] {processor.py:183} INFO - Processing /home/airflow/.local/lib/python3.12/site-packages/airflow/example_dags/tutorial.py took 0.113 seconds
[2024-05-02T23:53:02.853+0000] {processor.py:161} INFO - Started process (PID=1471) to work on /home/airflow/.local/lib/python3.12/site-packages/airflow/example_dags/tutorial.py
[2024-05-02T23:53:02.855+0000] {processor.py:830} INFO - Processing file /home/airflow/.local/lib/python3.12/site-packages/airflow/example_dags/tutorial.py for tasks to queue
[2024-05-02T23:53:02.856+0000] {logging_mixin.py:188} INFO - [2024-05-02T23:53:02.855+0000] {dagbag.py:540} INFO - Filling up the DagBag from /home/airflow/.local/lib/python3.12/site-packages/airflow/example_dags/tutorial.py
[2024-05-02T23:53:02.865+0000] {processor.py:840} INFO - DAG(s) 'tutorial' retrieved from /home/airflow/.local/lib/python3.12/site-packages/airflow/example_dags/tutorial.py
[2024-05-02T23:53:02.894+0000] {logging_mixin.py:188} INFO - [2024-05-02T23:53:02.894+0000] {dag.py:3096} INFO - Sync 1 DAGs
[2024-05-02T23:53:02.928+0000] {logging_mixin.py:188} INFO - [2024-05-02T23:53:02.928+0000] {dag.py:3954} INFO - Setting next_dagrun for tutorial to 2024-05-01 00:00:00+00:00, run_after=2024-05-02 00:00:00+00:00
[2024-05-02T23:53:02.958+0000] {processor.py:183} INFO - Processing /home/airflow/.local/lib/python3.12/site-packages/airflow/example_dags/tutorial.py took 0.114 seconds
[2024-05-02T23:53:33.915+0000] {processor.py:161} INFO - Started process (PID=1530) to work on /home/airflow/.local/lib/python3.12/site-packages/airflow/example_dags/tutorial.py
[2024-05-02T23:53:33.917+0000] {processor.py:830} INFO - Processing file /home/airflow/.local/lib/python3.12/site-packages/airflow/example_dags/tutorial.py for tasks to queue
[2024-05-02T23:53:33.918+0000] {logging_mixin.py:188} INFO - [2024-05-02T23:53:33.918+0000] {dagbag.py:540} INFO - Filling up the DagBag from /home/airflow/.local/lib/python3.12/site-packages/airflow/example_dags/tutorial.py
[2024-05-02T23:53:33.928+0000] {processor.py:840} INFO - DAG(s) 'tutorial' retrieved from /home/airflow/.local/lib/python3.12/site-packages/airflow/example_dags/tutorial.py
[2024-05-02T23:53:33.952+0000] {logging_mixin.py:188} INFO - [2024-05-02T23:53:33.952+0000] {dag.py:3096} INFO - Sync 1 DAGs
[2024-05-02T23:53:33.978+0000] {logging_mixin.py:188} INFO - [2024-05-02T23:53:33.977+0000] {dag.py:3954} INFO - Setting next_dagrun for tutorial to 2024-05-01 00:00:00+00:00, run_after=2024-05-02 00:00:00+00:00
[2024-05-02T23:53:34.010+0000] {processor.py:183} INFO - Processing /home/airflow/.local/lib/python3.12/site-packages/airflow/example_dags/tutorial.py took 0.104 seconds
[2024-05-02T23:54:04.522+0000] {processor.py:161} INFO - Started process (PID=1588) to work on /home/airflow/.local/lib/python3.12/site-packages/airflow/example_dags/tutorial.py
[2024-05-02T23:54:04.523+0000] {processor.py:830} INFO - Processing file /home/airflow/.local/lib/python3.12/site-packages/airflow/example_dags/tutorial.py for tasks to queue
[2024-05-02T23:54:04.525+0000] {logging_mixin.py:188} INFO - [2024-05-02T23:54:04.524+0000] {dagbag.py:540} INFO - Filling up the DagBag from /home/airflow/.local/lib/python3.12/site-packages/airflow/example_dags/tutorial.py
[2024-05-02T23:54:04.535+0000] {processor.py:840} INFO - DAG(s) 'tutorial' retrieved from /home/airflow/.local/lib/python3.12/site-packages/airflow/example_dags/tutorial.py
[2024-05-02T23:54:04.562+0000] {logging_mixin.py:188} INFO - [2024-05-02T23:54:04.562+0000] {dag.py:3096} INFO - Sync 1 DAGs
[2024-05-02T23:54:04.590+0000] {logging_mixin.py:188} INFO - [2024-05-02T23:54:04.590+0000] {dag.py:3954} INFO - Setting next_dagrun for tutorial to 2024-05-01 00:00:00+00:00, run_after=2024-05-02 00:00:00+00:00
[2024-05-02T23:54:04.616+0000] {processor.py:183} INFO - Processing /home/airflow/.local/lib/python3.12/site-packages/airflow/example_dags/tutorial.py took 0.103 seconds
[2024-05-02T23:54:35.155+0000] {processor.py:161} INFO - Started process (PID=1646) to work on /home/airflow/.local/lib/python3.12/site-packages/airflow/example_dags/tutorial.py
[2024-05-02T23:54:35.156+0000] {processor.py:830} INFO - Processing file /home/airflow/.local/lib/python3.12/site-packages/airflow/example_dags/tutorial.py for tasks to queue
[2024-05-02T23:54:35.157+0000] {logging_mixin.py:188} INFO - [2024-05-02T23:54:35.157+0000] {dagbag.py:540} INFO - Filling up the DagBag from /home/airflow/.local/lib/python3.12/site-packages/airflow/example_dags/tutorial.py
[2024-05-02T23:54:35.167+0000] {processor.py:840} INFO - DAG(s) 'tutorial' retrieved from /home/airflow/.local/lib/python3.12/site-packages/airflow/example_dags/tutorial.py
[2024-05-02T23:54:35.190+0000] {logging_mixin.py:188} INFO - [2024-05-02T23:54:35.189+0000] {dag.py:3096} INFO - Sync 1 DAGs
[2024-05-02T23:54:35.215+0000] {logging_mixin.py:188} INFO - [2024-05-02T23:54:35.215+0000] {dag.py:3954} INFO - Setting next_dagrun for tutorial to 2024-05-01 00:00:00+00:00, run_after=2024-05-02 00:00:00+00:00
[2024-05-02T23:54:35.250+0000] {processor.py:183} INFO - Processing /home/airflow/.local/lib/python3.12/site-packages/airflow/example_dags/tutorial.py took 0.103 seconds
[2024-05-02T23:55:05.802+0000] {processor.py:161} INFO - Started process (PID=1704) to work on /home/airflow/.local/lib/python3.12/site-packages/airflow/example_dags/tutorial.py
[2024-05-02T23:55:05.803+0000] {processor.py:830} INFO - Processing file /home/airflow/.local/lib/python3.12/site-packages/airflow/example_dags/tutorial.py for tasks to queue
[2024-05-02T23:55:05.804+0000] {logging_mixin.py:188} INFO - [2024-05-02T23:55:05.804+0000] {dagbag.py:540} INFO - Filling up the DagBag from /home/airflow/.local/lib/python3.12/site-packages/airflow/example_dags/tutorial.py
[2024-05-02T23:55:05.812+0000] {processor.py:840} INFO - DAG(s) 'tutorial' retrieved from /home/airflow/.local/lib/python3.12/site-packages/airflow/example_dags/tutorial.py
[2024-05-02T23:55:05.837+0000] {logging_mixin.py:188} INFO - [2024-05-02T23:55:05.837+0000] {dag.py:3096} INFO - Sync 1 DAGs
[2024-05-02T23:55:05.864+0000] {logging_mixin.py:188} INFO - [2024-05-02T23:55:05.863+0000] {dag.py:3954} INFO - Setting next_dagrun for tutorial to 2024-05-01 00:00:00+00:00, run_after=2024-05-02 00:00:00+00:00
[2024-05-02T23:55:05.891+0000] {processor.py:183} INFO - Processing /home/airflow/.local/lib/python3.12/site-packages/airflow/example_dags/tutorial.py took 0.096 seconds
[2024-05-02T23:55:36.001+0000] {processor.py:161} INFO - Started process (PID=1761) to work on /home/airflow/.local/lib/python3.12/site-packages/airflow/example_dags/tutorial.py
[2024-05-02T23:55:36.002+0000] {processor.py:830} INFO - Processing file /home/airflow/.local/lib/python3.12/site-packages/airflow/example_dags/tutorial.py for tasks to queue
[2024-05-02T23:55:36.003+0000] {logging_mixin.py:188} INFO - [2024-05-02T23:55:36.003+0000] {dagbag.py:540} INFO - Filling up the DagBag from /home/airflow/.local/lib/python3.12/site-packages/airflow/example_dags/tutorial.py
[2024-05-02T23:55:36.013+0000] {processor.py:840} INFO - DAG(s) 'tutorial' retrieved from /home/airflow/.local/lib/python3.12/site-packages/airflow/example_dags/tutorial.py
[2024-05-02T23:55:36.036+0000] {logging_mixin.py:188} INFO - [2024-05-02T23:55:36.036+0000] {dag.py:3096} INFO - Sync 1 DAGs
[2024-05-02T23:55:36.062+0000] {logging_mixin.py:188} INFO - [2024-05-02T23:55:36.062+0000] {dag.py:3954} INFO - Setting next_dagrun for tutorial to 2024-05-01 00:00:00+00:00, run_after=2024-05-02 00:00:00+00:00
[2024-05-02T23:55:36.089+0000] {processor.py:183} INFO - Processing /home/airflow/.local/lib/python3.12/site-packages/airflow/example_dags/tutorial.py took 0.097 seconds
[2024-05-02T23:56:06.398+0000] {processor.py:161} INFO - Started process (PID=1818) to work on /home/airflow/.local/lib/python3.12/site-packages/airflow/example_dags/tutorial.py
[2024-05-02T23:56:06.401+0000] {processor.py:830} INFO - Processing file /home/airflow/.local/lib/python3.12/site-packages/airflow/example_dags/tutorial.py for tasks to queue
[2024-05-02T23:56:06.403+0000] {logging_mixin.py:188} INFO - [2024-05-02T23:56:06.402+0000] {dagbag.py:540} INFO - Filling up the DagBag from /home/airflow/.local/lib/python3.12/site-packages/airflow/example_dags/tutorial.py
[2024-05-02T23:56:06.425+0000] {processor.py:840} INFO - DAG(s) 'tutorial' retrieved from /home/airflow/.local/lib/python3.12/site-packages/airflow/example_dags/tutorial.py
[2024-05-02T23:56:06.454+0000] {logging_mixin.py:188} INFO - [2024-05-02T23:56:06.453+0000] {dag.py:3096} INFO - Sync 1 DAGs
[2024-05-02T23:56:06.482+0000] {logging_mixin.py:188} INFO - [2024-05-02T23:56:06.482+0000] {dag.py:3954} INFO - Setting next_dagrun for tutorial to 2024-05-01 00:00:00+00:00, run_after=2024-05-02 00:00:00+00:00
[2024-05-02T23:56:06.509+0000] {processor.py:183} INFO - Processing /home/airflow/.local/lib/python3.12/site-packages/airflow/example_dags/tutorial.py took 0.122 seconds
[2024-05-02T23:56:37.233+0000] {processor.py:161} INFO - Started process (PID=1876) to work on /home/airflow/.local/lib/python3.12/site-packages/airflow/example_dags/tutorial.py
[2024-05-02T23:56:37.234+0000] {processor.py:830} INFO - Processing file /home/airflow/.local/lib/python3.12/site-packages/airflow/example_dags/tutorial.py for tasks to queue
[2024-05-02T23:56:37.235+0000] {logging_mixin.py:188} INFO - [2024-05-02T23:56:37.235+0000] {dagbag.py:540} INFO - Filling up the DagBag from /home/airflow/.local/lib/python3.12/site-packages/airflow/example_dags/tutorial.py
[2024-05-02T23:56:37.248+0000] {processor.py:840} INFO - DAG(s) 'tutorial' retrieved from /home/airflow/.local/lib/python3.12/site-packages/airflow/example_dags/tutorial.py
[2024-05-02T23:56:37.283+0000] {logging_mixin.py:188} INFO - [2024-05-02T23:56:37.283+0000] {dag.py:3096} INFO - Sync 1 DAGs
[2024-05-02T23:56:37.312+0000] {logging_mixin.py:188} INFO - [2024-05-02T23:56:37.312+0000] {dag.py:3954} INFO - Setting next_dagrun for tutorial to 2024-05-01 00:00:00+00:00, run_after=2024-05-02 00:00:00+00:00
[2024-05-02T23:56:37.338+0000] {processor.py:183} INFO - Processing /home/airflow/.local/lib/python3.12/site-packages/airflow/example_dags/tutorial.py took 0.115 seconds
[2024-05-02T23:57:08.160+0000] {processor.py:161} INFO - Started process (PID=1934) to work on /home/airflow/.local/lib/python3.12/site-packages/airflow/example_dags/tutorial.py
[2024-05-02T23:57:08.162+0000] {processor.py:830} INFO - Processing file /home/airflow/.local/lib/python3.12/site-packages/airflow/example_dags/tutorial.py for tasks to queue
[2024-05-02T23:57:08.163+0000] {logging_mixin.py:188} INFO - [2024-05-02T23:57:08.163+0000] {dagbag.py:540} INFO - Filling up the DagBag from /home/airflow/.local/lib/python3.12/site-packages/airflow/example_dags/tutorial.py
[2024-05-02T23:57:08.174+0000] {processor.py:840} INFO - DAG(s) 'tutorial' retrieved from /home/airflow/.local/lib/python3.12/site-packages/airflow/example_dags/tutorial.py
[2024-05-02T23:57:08.198+0000] {logging_mixin.py:188} INFO - [2024-05-02T23:57:08.198+0000] {dag.py:3096} INFO - Sync 1 DAGs
[2024-05-02T23:57:08.229+0000] {logging_mixin.py:188} INFO - [2024-05-02T23:57:08.229+0000] {dag.py:3954} INFO - Setting next_dagrun for tutorial to 2024-05-01 00:00:00+00:00, run_after=2024-05-02 00:00:00+00:00
[2024-05-02T23:57:08.286+0000] {processor.py:183} INFO - Processing /home/airflow/.local/lib/python3.12/site-packages/airflow/example_dags/tutorial.py took 0.137 seconds
