[2024-05-09T00:59:59.587+0000] {local_task_job_runner.py:120} INFO - ::group::Pre task execution logs
[2024-05-09T00:59:59.765+0000] {taskinstance.py:2073} INFO - Dependencies all met for dep_context=non-requeueable deps ti=<TaskInstance: our_first_dag_v5.first_task scheduled__2024-05-05T00:00:00+00:00 [queued]>
[2024-05-09T00:59:59.779+0000] {taskinstance.py:2073} INFO - Dependencies all met for dep_context=requeueable deps ti=<TaskInstance: our_first_dag_v5.first_task scheduled__2024-05-05T00:00:00+00:00 [queued]>
[2024-05-09T00:59:59.779+0000] {taskinstance.py:2303} INFO - Starting attempt 1 of 6
[2024-05-09T00:59:59.819+0000] {taskinstance.py:2327} INFO - Executing <Task(BashOperator): first_task> on 2024-05-05 00:00:00+00:00
[2024-05-09T00:59:59.837+0000] {warnings.py:110} WARNING - /home/***/.local/lib/python3.12/site-packages/***/task/task_runner/standard_task_runner.py:61: DeprecationWarning: This process (pid=2623) is multi-threaded, use of fork() may lead to deadlocks in the child.
  pid = os.fork()

[2024-05-09T00:59:59.841+0000] {standard_task_runner.py:63} INFO - Started process 2647 to run task
[2024-05-09T00:59:59.853+0000] {standard_task_runner.py:90} INFO - Running: ['***', 'tasks', 'run', 'our_first_dag_v5', 'first_task', 'scheduled__2024-05-05T00:00:00+00:00', '--job-id', '9', '--raw', '--subdir', 'DAGS_FOLDER/our_first_dag.py', '--cfg-path', '/tmp/tmpxmvndfl5']
[2024-05-09T00:59:59.908+0000] {standard_task_runner.py:91} INFO - Job 9: Subtask first_task
[2024-05-09T01:00:00.130+0000] {task_command.py:426} INFO - Running <TaskInstance: our_first_dag_v5.first_task scheduled__2024-05-05T00:00:00+00:00 [running]> on host 2b3626ba2b72
[2024-05-09T01:00:00.587+0000] {taskinstance.py:2644} INFO - Exporting env vars: AIRFLOW_CTX_DAG_OWNER='satyendra' AIRFLOW_CTX_DAG_ID='our_first_dag_v5' AIRFLOW_CTX_TASK_ID='first_task' AIRFLOW_CTX_EXECUTION_DATE='2024-05-05T00:00:00+00:00' AIRFLOW_CTX_TRY_NUMBER='1' AIRFLOW_CTX_DAG_RUN_ID='scheduled__2024-05-05T00:00:00+00:00'
[2024-05-09T01:00:00.630+0000] {taskinstance.py:430} INFO - ::endgroup::
[2024-05-09T01:00:00.634+0000] {subprocess.py:63} INFO - Tmp dir root location: /tmp
[2024-05-09T01:00:00.675+0000] {subprocess.py:75} INFO - Running command: ['/usr/bin/bash', '-c', 'echo hello world, this is the first task!']
[2024-05-09T01:00:00.737+0000] {subprocess.py:86} INFO - Output:
[2024-05-09T01:00:00.739+0000] {subprocess.py:93} INFO - hello world, this is the first task!
[2024-05-09T01:00:00.741+0000] {subprocess.py:97} INFO - Command exited with return code 0
[2024-05-09T01:00:00.742+0000] {taskinstance.py:441} INFO - ::group::Post task execution logs
[2024-05-09T01:00:00.812+0000] {taskinstance.py:1205} INFO - Marking task as SUCCESS. dag_id=our_first_dag_v5, task_id=first_task, execution_date=20240505T000000, start_date=20240509T005959, end_date=20240509T010000
[2024-05-09T01:00:00.885+0000] {local_task_job_runner.py:240} INFO - Task exited with return code 0
[2024-05-09T01:00:00.915+0000] {taskinstance.py:3482} INFO - 0 downstream tasks scheduled from follow-on schedule check
[2024-05-09T01:00:00.925+0000] {local_task_job_runner.py:222} INFO - ::endgroup::
