[2024-05-09T00:59:56.443+0000] {local_task_job_runner.py:120} INFO - ::group::Pre task execution logs
[2024-05-09T00:59:56.584+0000] {taskinstance.py:2073} INFO - Dependencies all met for dep_context=non-requeueable deps ti=<TaskInstance: our_first_dag_v5.first_task scheduled__2024-05-06T00:00:00+00:00 [queued]>
[2024-05-09T00:59:56.622+0000] {taskinstance.py:2073} INFO - Dependencies all met for dep_context=requeueable deps ti=<TaskInstance: our_first_dag_v5.first_task scheduled__2024-05-06T00:00:00+00:00 [queued]>
[2024-05-09T00:59:56.628+0000] {taskinstance.py:2303} INFO - Starting attempt 1 of 6
[2024-05-09T00:59:56.676+0000] {taskinstance.py:2327} INFO - Executing <Task(BashOperator): first_task> on 2024-05-06 00:00:00+00:00
[2024-05-09T00:59:56.766+0000] {warnings.py:110} WARNING - /home/***/.local/lib/python3.12/site-packages/***/task/task_runner/standard_task_runner.py:61: DeprecationWarning: This process (pid=2620) is multi-threaded, use of fork() may lead to deadlocks in the child.
  pid = os.fork()

[2024-05-09T00:59:56.777+0000] {standard_task_runner.py:63} INFO - Started process 2645 to run task
[2024-05-09T00:59:56.769+0000] {standard_task_runner.py:90} INFO - Running: ['***', 'tasks', 'run', 'our_first_dag_v5', 'first_task', 'scheduled__2024-05-06T00:00:00+00:00', '--job-id', '8', '--raw', '--subdir', 'DAGS_FOLDER/our_first_dag.py', '--cfg-path', '/tmp/tmpzr8l78s4']
[2024-05-09T00:59:56.798+0000] {standard_task_runner.py:91} INFO - Job 8: Subtask first_task
[2024-05-09T00:59:57.081+0000] {task_command.py:426} INFO - Running <TaskInstance: our_first_dag_v5.first_task scheduled__2024-05-06T00:00:00+00:00 [running]> on host 2b3626ba2b72
[2024-05-09T00:59:58.117+0000] {taskinstance.py:2644} INFO - Exporting env vars: AIRFLOW_CTX_DAG_OWNER='satyendra' AIRFLOW_CTX_DAG_ID='our_first_dag_v5' AIRFLOW_CTX_TASK_ID='first_task' AIRFLOW_CTX_EXECUTION_DATE='2024-05-06T00:00:00+00:00' AIRFLOW_CTX_TRY_NUMBER='1' AIRFLOW_CTX_DAG_RUN_ID='scheduled__2024-05-06T00:00:00+00:00'
[2024-05-09T00:59:58.133+0000] {taskinstance.py:430} INFO - ::endgroup::
[2024-05-09T00:59:58.149+0000] {subprocess.py:63} INFO - Tmp dir root location: /tmp
[2024-05-09T00:59:58.162+0000] {subprocess.py:75} INFO - Running command: ['/usr/bin/bash', '-c', 'echo hello world, this is the first task!']
[2024-05-09T00:59:58.253+0000] {subprocess.py:86} INFO - Output:
[2024-05-09T00:59:58.312+0000] {subprocess.py:93} INFO - hello world, this is the first task!
[2024-05-09T00:59:58.352+0000] {subprocess.py:97} INFO - Command exited with return code 0
[2024-05-09T00:59:58.384+0000] {taskinstance.py:441} INFO - ::group::Post task execution logs
[2024-05-09T00:59:58.574+0000] {taskinstance.py:1205} INFO - Marking task as SUCCESS. dag_id=our_first_dag_v5, task_id=first_task, execution_date=20240506T000000, start_date=20240509T005956, end_date=20240509T005958
[2024-05-09T00:59:58.766+0000] {local_task_job_runner.py:240} INFO - Task exited with return code 0
[2024-05-09T00:59:58.831+0000] {taskinstance.py:3482} INFO - 0 downstream tasks scheduled from follow-on schedule check
[2024-05-09T00:59:58.837+0000] {local_task_job_runner.py:222} INFO - ::endgroup::
