[2024-05-09T02:05:22.243+0000] {local_task_job_runner.py:120} INFO - ::group::Pre task execution logs
[2024-05-09T02:05:22.317+0000] {taskinstance.py:2073} INFO - Dependencies all met for dep_context=non-requeueable deps ti=<TaskInstance: my_dag_v1.accurate scheduled__2024-05-08T00:00:00+00:00 [queued]>
[2024-05-09T02:05:22.343+0000] {taskinstance.py:2073} INFO - Dependencies all met for dep_context=requeueable deps ti=<TaskInstance: my_dag_v1.accurate scheduled__2024-05-08T00:00:00+00:00 [queued]>
[2024-05-09T02:05:22.348+0000] {taskinstance.py:2303} INFO - Starting attempt 1 of 6
[2024-05-09T02:05:22.370+0000] {taskinstance.py:2327} INFO - Executing <Task(BashOperator): accurate> on 2024-05-08 00:00:00+00:00
[2024-05-09T02:05:22.384+0000] {warnings.py:110} WARNING - /home/***/.local/lib/python3.12/site-packages/***/task/task_runner/standard_task_runner.py:61: DeprecationWarning: This process (pid=3354) is multi-threaded, use of fork() may lead to deadlocks in the child.
  pid = os.fork()

[2024-05-09T02:05:22.387+0000] {standard_task_runner.py:63} INFO - Started process 3356 to run task
[2024-05-09T02:05:22.387+0000] {standard_task_runner.py:90} INFO - Running: ['***', 'tasks', 'run', 'my_dag_v1', 'accurate', 'scheduled__2024-05-08T00:00:00+00:00', '--job-id', '30', '--raw', '--subdir', 'DAGS_FOLDER/my_dag.py', '--cfg-path', '/tmp/tmpdccu6kcv']
[2024-05-09T02:05:22.391+0000] {standard_task_runner.py:91} INFO - Job 30: Subtask accurate
[2024-05-09T02:05:22.461+0000] {task_command.py:426} INFO - Running <TaskInstance: my_dag_v1.accurate scheduled__2024-05-08T00:00:00+00:00 [running]> on host 2b3626ba2b72
[2024-05-09T02:05:22.748+0000] {taskinstance.py:2644} INFO - Exporting env vars: AIRFLOW_CTX_DAG_OWNER='satyendra' AIRFLOW_CTX_DAG_ID='my_dag_v1' AIRFLOW_CTX_TASK_ID='accurate' AIRFLOW_CTX_EXECUTION_DATE='2024-05-08T00:00:00+00:00' AIRFLOW_CTX_TRY_NUMBER='1' AIRFLOW_CTX_DAG_RUN_ID='scheduled__2024-05-08T00:00:00+00:00'
[2024-05-09T02:05:22.758+0000] {taskinstance.py:430} INFO - ::endgroup::
[2024-05-09T02:05:22.774+0000] {subprocess.py:63} INFO - Tmp dir root location: /tmp
[2024-05-09T02:05:22.780+0000] {subprocess.py:75} INFO - Running command: ['/usr/bin/bash', '-c', "echo 'accurate'"]
[2024-05-09T02:05:22.834+0000] {subprocess.py:86} INFO - Output:
[2024-05-09T02:05:22.898+0000] {subprocess.py:93} INFO - accurate
[2024-05-09T02:05:22.920+0000] {subprocess.py:97} INFO - Command exited with return code 0
[2024-05-09T02:05:22.924+0000] {taskinstance.py:441} INFO - ::group::Post task execution logs
[2024-05-09T02:05:23.099+0000] {taskinstance.py:1205} INFO - Marking task as SUCCESS. dag_id=my_dag_v1, task_id=accurate, execution_date=20240508T000000, start_date=20240509T020522, end_date=20240509T020523
[2024-05-09T02:05:23.159+0000] {local_task_job_runner.py:240} INFO - Task exited with return code 0
[2024-05-09T02:05:23.185+0000] {taskinstance.py:3482} INFO - 0 downstream tasks scheduled from follow-on schedule check
[2024-05-09T02:05:23.188+0000] {local_task_job_runner.py:222} INFO - ::endgroup::
