[2024-05-03T01:39:40.935+0000] {local_task_job_runner.py:120} INFO - ::group::Pre task execution logs
[2024-05-03T01:39:40.998+0000] {taskinstance.py:2073} INFO - Dependencies all met for dep_context=non-requeueable deps ti=<TaskInstance: our_first_dag_v5.first_task scheduled__2024-05-02T00:00:00+00:00 [queued]>
[2024-05-03T01:39:41.016+0000] {taskinstance.py:2073} INFO - Dependencies all met for dep_context=requeueable deps ti=<TaskInstance: our_first_dag_v5.first_task scheduled__2024-05-02T00:00:00+00:00 [queued]>
[2024-05-03T01:39:41.017+0000] {taskinstance.py:2303} INFO - Starting attempt 1 of 6
[2024-05-03T01:39:41.066+0000] {taskinstance.py:2327} INFO - Executing <Task(BashOperator): first_task> on 2024-05-02 00:00:00+00:00
[2024-05-03T01:39:41.091+0000] {warnings.py:110} WARNING - /home/***/.local/lib/python3.12/site-packages/***/task/task_runner/standard_task_runner.py:61: DeprecationWarning: This process (pid=874) is multi-threaded, use of fork() may lead to deadlocks in the child.
  pid = os.fork()

[2024-05-03T01:39:41.095+0000] {standard_task_runner.py:63} INFO - Started process 876 to run task
[2024-05-03T01:39:41.099+0000] {standard_task_runner.py:90} INFO - Running: ['***', 'tasks', 'run', 'our_first_dag_v5', 'first_task', 'scheduled__2024-05-02T00:00:00+00:00', '--job-id', '3', '--raw', '--subdir', 'DAGS_FOLDER/our_first_dag.py', '--cfg-path', '/tmp/tmpi1c0yzes']
[2024-05-03T01:39:41.104+0000] {standard_task_runner.py:91} INFO - Job 3: Subtask first_task
[2024-05-03T01:39:41.212+0000] {task_command.py:426} INFO - Running <TaskInstance: our_first_dag_v5.first_task scheduled__2024-05-02T00:00:00+00:00 [running]> on host 2b3626ba2b72
[2024-05-03T01:39:41.360+0000] {taskinstance.py:2644} INFO - Exporting env vars: AIRFLOW_CTX_DAG_OWNER='satyendra' AIRFLOW_CTX_DAG_ID='our_first_dag_v5' AIRFLOW_CTX_TASK_ID='first_task' AIRFLOW_CTX_EXECUTION_DATE='2024-05-02T00:00:00+00:00' AIRFLOW_CTX_TRY_NUMBER='1' AIRFLOW_CTX_DAG_RUN_ID='scheduled__2024-05-02T00:00:00+00:00'
[2024-05-03T01:39:41.363+0000] {taskinstance.py:430} INFO - ::endgroup::
[2024-05-03T01:39:41.367+0000] {subprocess.py:63} INFO - Tmp dir root location: /tmp
[2024-05-03T01:39:41.368+0000] {subprocess.py:75} INFO - Running command: ['/usr/bin/bash', '-c', 'echo hello world, this is the first task!']
[2024-05-03T01:39:41.391+0000] {subprocess.py:86} INFO - Output:
[2024-05-03T01:39:41.432+0000] {subprocess.py:93} INFO - hello world, this is the first task!
[2024-05-03T01:39:41.434+0000] {subprocess.py:97} INFO - Command exited with return code 0
[2024-05-03T01:39:41.437+0000] {taskinstance.py:441} INFO - ::group::Post task execution logs
[2024-05-03T01:39:41.474+0000] {taskinstance.py:1205} INFO - Marking task as SUCCESS. dag_id=our_first_dag_v5, task_id=first_task, execution_date=20240502T000000, start_date=20240503T013940, end_date=20240503T013941
[2024-05-03T01:39:41.515+0000] {local_task_job_runner.py:240} INFO - Task exited with return code 0
[2024-05-03T01:39:41.563+0000] {taskinstance.py:3482} INFO - 0 downstream tasks scheduled from follow-on schedule check
[2024-05-03T01:39:41.569+0000] {local_task_job_runner.py:222} INFO - ::endgroup::
